2026-03-28 12:40:35,840 [INFO] Activator:176 - 


2026-03-28 12:40:35,844 [INFO] Activator:177 - !SESSION log4j initialized
2026-03-28 12:40:40,280 [INFO] LogOutputStream:77 - [STDOUT_REDIRECT] 
2026-03-28 12:40:46,283 [INFO] ApplicationProperties:184 - Using Application install path: C:\ST\STM32CubeIDE_1.13.0\STM32CubeIDE\plugins\com.st.stm32cube.common.mx_6.10.0.202311202037
2026-03-28 12:40:46,297 [INFO] DbMcusXml:78 - Set database path to: C:\ST\STM32CubeIDE_1.13.0\STM32CubeIDE\plugins\com.st.stm32cube.common.mx_6.10.0.202311202037\\db\/mcu/
2026-03-28 12:40:46,297 [INFO] ApiDb:274 - Set plugin database path to: C:\ST\STM32CubeIDE_1.13.0\STM32CubeIDE\plugins\com.st.stm32cube.common.mx_6.10.0.202311202037\\db\/plugins/boardmanager/
2026-03-28 12:40:46,298 [WARN] ApiDb:259 - Overriding images path with different value:  => C:\ST\STM32CubeIDE_1.13.0\STM32CubeIDE\plugins\com.st.stm32cube.common.mx_6.10.0.202311202037\\db\/plugins/mcufinder/images/
2026-03-28 12:40:46,310 [INFO] ApiDb:250 - Set database path to: C:\Users\Xavi\.stmcufinder\plugins\mcufinder//mcu/
2026-03-28 12:40:46,311 [INFO] DbMcusAds:125 - Set database path to: C:\Users\Xavi\.stmcufinder\plugins\mcufinder//mcu/
2026-03-28 12:40:46,313 [INFO] CrossReferenceDbSqlite:203 - Set database path to: C:\Users\Xavi\.stmcufinder\plugins\mcufinder//mcu/cs/
2026-03-28 12:40:46,415 [INFO] RulesReader:64 - Compatibility file has been processed (297 Rules)
2026-03-28 12:40:46,510 [INFO] DbMcusXml:78 - Set database path to: C:\ST\STM32CubeIDE_1.13.0\STM32CubeIDE\plugins\com.st.stm32cube.common.mx_6.10.0.202311202037\\db\/mcu/
2026-03-28 12:40:46,511 [INFO] ApiDb:274 - Set plugin database path to: C:\ST\STM32CubeIDE_1.13.0\STM32CubeIDE\plugins\com.st.stm32cube.common.mx_6.10.0.202311202037\\db\/plugins/boardmanager/
2026-03-28 12:40:46,511 [INFO] ApiDb:261 - Set plugin images path to: C:\ST\STM32CubeIDE_1.13.0\STM32CubeIDE\plugins\com.st.stm32cube.common.mx_6.10.0.202311202037\\db\/plugins/mcufinder/images/
2026-03-28 12:40:46,511 [WARN] DbFile:41 - Overriding database path with different value: C:\Users\Xavi\.stmcufinder\plugins\mcufinder/ => C:\Users\Xavi\.stmcufinder\plugins\mcufinder
2026-03-28 12:40:46,511 [INFO] ApiDb:250 - Set database path to: C:\Users\Xavi\.stmcufinder\plugins\mcufinder//mcu/
2026-03-28 12:40:46,511 [WARN] DbFile:41 - Overriding database path with different value: C:\Users\Xavi\.stmcufinder\plugins\mcufinder/ => C:\Users\Xavi\.stmcufinder\plugins\mcufinder
2026-03-28 12:40:46,512 [INFO] DbMcusAds:125 - Set database path to: C:\Users\Xavi\.stmcufinder\plugins\mcufinder//mcu/
2026-03-28 12:40:46,512 [WARN] DbFile:41 - Overriding database path with different value: C:\Users\Xavi\.stmcufinder\plugins\mcufinder/ => C:\Users\Xavi\.stmcufinder\plugins\mcufinder
2026-03-28 12:40:46,512 [WARN] DbFile:41 - Overriding database path with different value: C:\Users\Xavi\.stmcufinder\plugins\mcufinder/ => C:\Users\Xavi\.stmcufinder\plugins\mcufinder
2026-03-28 12:40:46,512 [INFO] CrossReferenceDbSqlite:203 - Set database path to: C:\Users\Xavi\.stmcufinder\plugins\mcufinder//mcu/cs/
2026-03-28 12:40:46,571 [INFO] MainPanel:264 - HeapMemory: 268435456
2026-03-28 12:40:46,637 [INFO] DbMcusXml:78 - Set database path to: C:\ST\STM32CubeIDE_1.13.0\STM32CubeIDE\plugins\com.st.stm32cube.common.mx_6.10.0.202311202037\\db\/mcu/
2026-03-28 12:40:46,637 [INFO] ApiDb:274 - Set plugin database path to: C:\ST\STM32CubeIDE_1.13.0\STM32CubeIDE\plugins\com.st.stm32cube.common.mx_6.10.0.202311202037\\db\/plugins/boardmanager/
2026-03-28 12:40:46,637 [INFO] ApiDb:261 - Set plugin images path to: C:\ST\STM32CubeIDE_1.13.0\STM32CubeIDE\plugins\com.st.stm32cube.common.mx_6.10.0.202311202037\\db\/plugins/mcufinder/images/
2026-03-28 12:40:46,637 [WARN] DbFile:41 - Overriding database path with different value: C:\Users\Xavi\.stmcufinder\plugins\mcufinder/ => C:\Users\Xavi\.stmcufinder\plugins\mcufinder
2026-03-28 12:40:46,637 [INFO] ApiDb:250 - Set database path to: C:\Users\Xavi\.stmcufinder\plugins\mcufinder//mcu/
2026-03-28 12:40:46,637 [WARN] DbFile:41 - Overriding database path with different value: C:\Users\Xavi\.stmcufinder\plugins\mcufinder/ => C:\Users\Xavi\.stmcufinder\plugins\mcufinder
2026-03-28 12:40:46,638 [INFO] DbMcusAds:125 - Set database path to: C:\Users\Xavi\.stmcufinder\plugins\mcufinder//mcu/
2026-03-28 12:40:46,638 [WARN] DbFile:41 - Overriding database path with different value: C:\Users\Xavi\.stmcufinder\plugins\mcufinder/ => C:\Users\Xavi\.stmcufinder\plugins\mcufinder
2026-03-28 12:40:46,638 [WARN] DbFile:41 - Overriding database path with different value: C:\Users\Xavi\.stmcufinder\plugins\mcufinder/ => C:\Users\Xavi\.stmcufinder\plugins\mcufinder
2026-03-28 12:40:46,638 [INFO] CrossReferenceDbSqlite:203 - Set database path to: C:\Users\Xavi\.stmcufinder\plugins\mcufinder//mcu/cs/
2026-03-28 12:40:46,651 [INFO] ApplicationProperties:184 - Using Application install path: C:\ST\STM32CubeIDE_1.13.0\STM32CubeIDE\plugins\com.st.stm32cube.common.mx_6.10.0.202311202037
2026-03-28 12:40:46,653 [INFO] PluginManage:196 - Search for loadable plugins [exclusion list=, ]
2026-03-28 12:40:46,654 [INFO] PluginManage:310 - Check plugin analytics
2026-03-28 12:40:51,763 [INFO] AnalyticsPlugin:253 - Accepted Software Licenses: STM32CubeMX.6.9.0
2026-03-28 12:40:51,764 [INFO] AnalyticsPlugin:255 - Accepted CMSIS Pack Licenses: 
2026-03-28 12:40:51,764 [INFO] AnalyticsPlugin:257 - Accepted Firmware Licenses: FW.F4.1.27.0,FW.H5.1.1.0
2026-03-28 12:40:51,766 [INFO] PluginManage:359 - Loaded plugin analytics (category:tool,tabindex:-1)
2026-03-28 12:40:51,767 [INFO] PluginManage:310 - Check plugin cadmodel
2026-03-28 12:40:51,779 [INFO] CADModel:105 - Init CAD model plugin
2026-03-28 12:40:51,779 [INFO] PluginManage:359 - Loaded plugin cadmodel (category:power,tabindex:5)
2026-03-28 12:40:51,779 [INFO] PluginManage:310 - Check plugin clock
2026-03-28 12:40:51,793 [INFO] PluginManage:359 - Loaded plugin clock (category:base,tabindex:2)
2026-03-28 12:40:51,793 [INFO] PluginManage:310 - Check plugin ddr
2026-03-28 12:40:51,794 [INFO] PluginManage:359 - Loaded plugin ddr (category:tool,tabindex:6)
2026-03-28 12:40:51,795 [INFO] PluginManage:310 - Check plugin filemanager
2026-03-28 12:40:51,874 [INFO] PluginManage:359 - Loaded plugin filemanager (category:base,tabindex:10)
2026-03-28 12:40:51,874 [INFO] PluginManage:310 - Check plugin ipmanager
2026-03-28 12:40:51,878 [INFO] PluginManage:359 - Loaded plugin ipmanager (category:base,tabindex:5)
2026-03-28 12:40:51,878 [INFO] PluginManage:310 - Check plugin lpbam
2026-03-28 12:40:51,890 [INFO] PluginManage:359 - Loaded plugin lpbam (category:base,tabindex:0)
2026-03-28 12:40:51,890 [INFO] PluginManage:310 - Check plugin memorymap
2026-03-28 12:40:51,906 [INFO] PluginManage:359 - Loaded plugin memorymap (category:base,tabindex:4)
2026-03-28 12:40:51,906 [INFO] PluginManage:310 - Check plugin pinoutandconfiguration
2026-03-28 12:40:51,917 [INFO] PluginManage:359 - Loaded plugin pinoutandconfiguration (category:base,tabindex:1)
2026-03-28 12:40:51,918 [INFO] PluginManage:310 - Check plugin pinoutconfig
2026-03-28 12:40:51,978 [WARN] SupportedApi:132 - Cannot load RTOS API schema: s4s-elt-must-match.1: The content of 'definitions' must match (annotation?, (simpleType | complexType)?, (unique | key | keyref)*)). A problem was found starting at: attribute.
2026-03-28 12:40:52,060 [INFO] PluginManage:359 - Loaded plugin pinoutconfig (category:base,tabindex:0)
2026-03-28 12:40:52,060 [INFO] PluginManage:310 - Check plugin power
2026-03-28 12:40:52,074 [INFO] PluginManage:359 - Loaded plugin power (category:power,tabindex:4)
2026-03-28 12:40:52,074 [INFO] PluginManage:310 - Check plugin projectmanager
2026-03-28 12:40:52,085 [INFO] PluginManage:359 - Loaded plugin projectmanager (category:projectmanager,tabindex:3)
2026-03-28 12:40:52,085 [INFO] PluginManage:310 - Check plugin thirdparty
2026-03-28 12:40:52,260 [INFO] PluginManage:359 - Loaded plugin thirdparty (category:base,tabindex:-1)
2026-03-28 12:40:52,260 [INFO] PluginManage:310 - Check plugin tools
2026-03-28 12:40:52,260 [WARN] IntegrityCheckThread:84 - waiting for thirdparty lock release [integrity check]
2026-03-28 12:40:52,260 [INFO] IntegrityCheckThread:86 - entering critical section [integrity check]
2026-03-28 12:40:52,261 [INFO] ThirdPartyUpdaterWithRetryManager:70 - Updater plugin not ready yet. [1/15]
2026-03-28 12:40:52,282 [INFO] PluginManage:359 - Loaded plugin tools (category:base,tabindex:7)
2026-03-28 12:40:52,282 [INFO] PluginManage:310 - Check plugin tutovideos
2026-03-28 12:40:52,408 [INFO] PluginManage:359 - Loaded plugin tutovideos (category:base,tabindex:-1)
2026-03-28 12:40:52,408 [INFO] PluginManage:310 - Check plugin updater
2026-03-28 12:40:52,416 [INFO] PluginManage:359 - Loaded plugin updater (category:base,tabindex:12)
2026-03-28 12:40:52,416 [INFO] PluginManage:310 - Check plugin userauth
2026-03-28 12:40:52,421 [INFO] UserAuth:114 - Init User Auth plugin
2026-03-28 12:40:52,421 [INFO] PluginManage:359 - Loaded plugin userauth (category:base,tabindex:14)
2026-03-28 12:40:52,421 [INFO] PluginManage:283 - PluginManage : Loaded plugins [17]
2026-03-28 12:40:52,547 [INFO] PinOutPanel:1499 - setPackage(No Configuration,No Configuration)
2026-03-28 12:40:52,592 [INFO] CADModel:165 - CPN selected for project level
2026-03-28 12:40:52,593 [INFO] CADModel:114 - Register for checkConnection events
2026-03-28 12:40:52,611 [INFO] IPUIPlugin:80 - create IPUIPlugin
2026-03-28 12:40:52,611 [INFO] PluginManager:220 - loadIPPluginJar : add adc
2026-03-28 12:40:52,635 [INFO] IPUIPlugin:80 - create IPUIPlugin
2026-03-28 12:40:52,636 [INFO] PluginManager:220 - loadIPPluginJar : add aes
2026-03-28 12:40:52,662 [INFO] IPUIPlugin:80 - create IPUIPlugin
2026-03-28 12:40:52,662 [INFO] PluginManager:220 - loadIPPluginJar : add can
2026-03-28 12:40:52,678 [INFO] IPUIPlugin:80 - create IPUIPlugin
2026-03-28 12:40:52,678 [INFO] PluginManager:220 - loadIPPluginJar : add comp
2026-03-28 12:40:52,699 [INFO] IPUIPlugin:80 - create IPUIPlugin
2026-03-28 12:40:52,699 [INFO] PluginManager:220 - loadIPPluginJar : add cryp
2026-03-28 12:40:52,716 [INFO] IPUIPlugin:80 - create IPUIPlugin
2026-03-28 12:40:52,716 [INFO] PluginManager:220 - loadIPPluginJar : add dfsdm
2026-03-28 12:40:52,724 [INFO] IPUIPlugin:80 - create IPUIPlugin
2026-03-28 12:40:52,725 [INFO] PluginManager:220 - loadIPPluginJar : add dma
2026-03-28 12:40:52,751 [INFO] IPUIPlugin:80 - create IPUIPlugin
2026-03-28 12:40:52,752 [INFO] PluginManager:220 - loadIPPluginJar : add dma3
2026-03-28 12:40:52,764 [INFO] IPUIPlugin:80 - create IPUIPlugin
2026-03-28 12:40:52,764 [INFO] PluginManager:220 - loadIPPluginJar : add fatfs
2026-03-28 12:40:52,795 [INFO] IPUIPlugin:80 - create IPUIPlugin
2026-03-28 12:40:52,795 [INFO] PluginManager:220 - loadIPPluginJar : add fmc
2026-03-28 12:40:52,805 [INFO] IPUIPlugin:80 - create IPUIPlugin
2026-03-28 12:40:52,805 [INFO] PluginManager:220 - loadIPPluginJar : add freertos
2026-03-28 12:40:52,817 [INFO] IPUIPlugin:80 - create IPUIPlugin
2026-03-28 12:40:52,818 [INFO] PluginManager:220 - loadIPPluginJar : add genericplugin
2026-03-28 12:40:52,875 [INFO] IPUIPlugin:80 - create IPUIPlugin
2026-03-28 12:40:52,875 [INFO] PluginManager:220 - loadIPPluginJar : add gfxmmu
2026-03-28 12:40:52,956 [INFO] IPUIPlugin:80 - create IPUIPlugin
2026-03-28 12:40:52,956 [INFO] PluginManager:220 - loadIPPluginJar : add gic
2026-03-28 12:40:52,963 [INFO] IPUIPlugin:80 - create IPUIPlugin
2026-03-28 12:40:52,963 [INFO] PluginManager:220 - loadIPPluginJar : add gpio
2026-03-28 12:40:53,028 [INFO] IPUIPlugin:80 - create IPUIPlugin
2026-03-28 12:40:53,028 [INFO] PluginManager:220 - loadIPPluginJar : add gtzc
2026-03-28 12:40:53,048 [INFO] IPUIPlugin:80 - create IPUIPlugin
2026-03-28 12:40:53,048 [INFO] PluginManager:220 - loadIPPluginJar : add hash
2026-03-28 12:40:53,080 [INFO] IPUIPlugin:80 - create IPUIPlugin
2026-03-28 12:40:53,080 [INFO] PluginManager:220 - loadIPPluginJar : add i2c
2026-03-28 12:40:53,104 [INFO] IPUIPlugin:80 - create IPUIPlugin
2026-03-28 12:40:53,104 [INFO] PluginManager:220 - loadIPPluginJar : add i2s
2026-03-28 12:40:53,129 [INFO] IPUIPlugin:80 - create IPUIPlugin
2026-03-28 12:40:53,129 [INFO] PluginManager:220 - loadIPPluginJar : add i3c
2026-03-28 12:40:53,202 [INFO] IPUIPlugin:80 - create IPUIPlugin
2026-03-28 12:40:53,202 [INFO] PluginManager:220 - loadIPPluginJar : add ipddr
2026-03-28 12:40:53,261 [INFO] IPUIPlugin:80 - create IPUIPlugin
2026-03-28 12:40:53,261 [INFO] PluginManager:220 - loadIPPluginJar : add linkedlist
2026-03-28 12:40:53,284 [INFO] IPUIPlugin:80 - create IPUIPlugin
2026-03-28 12:40:53,284 [INFO] PluginManager:220 - loadIPPluginJar : add lorawan
2026-03-28 12:40:53,308 [INFO] IPUIPlugin:80 - create IPUIPlugin
2026-03-28 12:40:53,308 [INFO] PluginManager:220 - loadIPPluginJar : add ltdc
2026-03-28 12:40:53,316 [INFO] IPUIPlugin:80 - create IPUIPlugin
2026-03-28 12:40:53,316 [INFO] PluginManager:220 - loadIPPluginJar : add mdma
2026-03-28 12:40:53,324 [INFO] IPUIPlugin:80 - create IPUIPlugin
2026-03-28 12:40:53,324 [INFO] PluginManager:220 - loadIPPluginJar : add nvic
2026-03-28 12:40:53,349 [INFO] IPUIPlugin:80 - create IPUIPlugin
2026-03-28 12:40:53,349 [INFO] PluginManager:220 - loadIPPluginJar : add opamp
2026-03-28 12:40:53,387 [INFO] IPUIPlugin:80 - create IPUIPlugin
2026-03-28 12:40:53,387 [INFO] PluginManager:220 - loadIPPluginJar : add openamp
2026-03-28 12:40:53,413 [INFO] IPUIPlugin:80 - create IPUIPlugin
2026-03-28 12:40:53,413 [INFO] PluginManager:220 - loadIPPluginJar : add pdm2pcm
2026-03-28 12:40:53,423 [INFO] IPUIPlugin:80 - create IPUIPlugin
2026-03-28 12:40:53,425 [INFO] PluginManager:220 - loadIPPluginJar : add plateformsettings
2026-03-28 12:40:53,441 [INFO] IPUIPlugin:80 - create IPUIPlugin
2026-03-28 12:40:53,441 [INFO] PluginManager:220 - loadIPPluginJar : add quadspi
2026-03-28 12:40:53,451 [INFO] IPUIPlugin:80 - create IPUIPlugin
2026-03-28 12:40:53,451 [INFO] PluginManager:220 - loadIPPluginJar : add resmgrutility
2026-03-28 12:40:53,484 [INFO] IPUIPlugin:80 - create IPUIPlugin
2026-03-28 12:40:53,484 [INFO] PluginManager:220 - loadIPPluginJar : add sai
2026-03-28 12:40:53,509 [INFO] IPUIPlugin:80 - create IPUIPlugin
2026-03-28 12:40:53,509 [INFO] PluginManager:220 - loadIPPluginJar : add spi
2026-03-28 12:40:53,558 [INFO] IPUIPlugin:80 - create IPUIPlugin
2026-03-28 12:40:53,558 [INFO] PluginManager:220 - loadIPPluginJar : add stm32_wpan
2026-03-28 12:40:53,575 [INFO] IPUIPlugin:80 - create IPUIPlugin
2026-03-28 12:40:53,575 [INFO] PluginManager:220 - loadIPPluginJar : add tim
2026-03-28 12:40:53,611 [INFO] IPUIPlugin:80 - create IPUIPlugin
2026-03-28 12:40:53,611 [INFO] PluginManager:220 - loadIPPluginJar : add touchsensing
2026-03-28 12:40:53,624 [INFO] IPUIPlugin:80 - create IPUIPlugin
2026-03-28 12:40:53,625 [INFO] PluginManager:220 - loadIPPluginJar : add tracer_emb
2026-03-28 12:40:53,640 [INFO] IPUIPlugin:80 - create IPUIPlugin
2026-03-28 12:40:53,640 [INFO] PluginManager:220 - loadIPPluginJar : add ts
2026-03-28 12:40:53,653 [INFO] IPUIPlugin:80 - create IPUIPlugin
2026-03-28 12:40:53,654 [INFO] PluginManager:220 - loadIPPluginJar : add tsc
2026-03-28 12:40:53,667 [INFO] IPUIPlugin:80 - create IPUIPlugin
2026-03-28 12:40:53,667 [INFO] PluginManager:220 - loadIPPluginJar : add ucpd
2026-03-28 12:40:53,695 [INFO] IPUIPlugin:80 - create IPUIPlugin
2026-03-28 12:40:53,695 [INFO] PluginManager:220 - loadIPPluginJar : add usart
2026-03-28 12:40:53,723 [INFO] IPUIPlugin:80 - create IPUIPlugin
2026-03-28 12:40:53,723 [INFO] PluginManager:220 - loadIPPluginJar : add usbx
2026-03-28 12:40:53,827 [INFO] CADModel:165 - CPN selected for project level
2026-03-28 12:40:53,828 [INFO] CADModel:114 - Register for checkConnection events
2026-03-28 12:40:53,828 [FATAL] Updater:308 - Updater called before beeing initialized
2026-03-28 12:40:53,828 [ERROR] CADModel:125 - Updater not yet initialized, retry later 
2026-03-28 12:40:53,909 [INFO] CADModel:165 - CPN selected for project level
2026-03-28 12:40:53,909 [INFO] CADModel:114 - Register for checkConnection events
2026-03-28 12:40:53,909 [FATAL] Updater:308 - Updater called before beeing initialized
2026-03-28 12:40:53,909 [ERROR] CADModel:125 - Updater not yet initialized, retry later 
2026-03-28 12:40:53,911 [FATAL] Updater:308 - Updater called before beeing initialized
2026-03-28 12:40:53,971 [FATAL] Updater:308 - Updater called before beeing initialized
2026-03-28 12:40:53,981 [INFO] DbMcusAds:53 - JSON generation date=Thu Mar 05 15:32:52 CET 2026 (1772721172890)
2026-03-28 12:40:53,981 [FATAL] Updater:308 - Updater called before beeing initialized
2026-03-28 12:40:54,031 [WARN] DetailPanel:346 - Failed to get advertising image, set to default
2026-03-28 12:40:54,094 [FATAL] Updater:308 - Updater called before beeing initialized
2026-03-28 12:40:54,095 [FATAL] Updater:308 - Updater called before beeing initialized
2026-03-28 12:40:54,095 [FATAL] Updater:308 - Updater called before beeing initialized
2026-03-28 12:40:54,095 [WARN] DetailPanel:346 - Failed to get advertising image, set to default
2026-03-28 12:40:54,095 [FATAL] Updater:308 - Updater called before beeing initialized
2026-03-28 12:40:54,135 [ERROR] Updater:1120 - MainUpdater not yet initialized. External WinMGr cannot be set.
2026-03-28 12:40:54,143 [INFO] Updater:1056 - Updater Version found : 6.10.0
2026-03-28 12:40:54,156 [INFO] ApplicationProperties:184 - Using Application install path: C:\ST\STM32CubeIDE_1.13.0\STM32CubeIDE\plugins\com.st.stm32cube.common.mx_6.10.0.202311202037
2026-03-28 12:40:54,643 [INFO] MainUpdater:2873 - connection check result : 10
2026-03-28 12:40:54,644 [INFO] MainUpdater:290 - Updater Check For Update Now.
2026-03-28 12:40:54,644 [INFO] MicroXplorer:498 - Change Database Version : DB.6.0.100
2026-03-28 12:40:54,654 [INFO] McuFinderGlobals:63 - Set McuFinder mode to 2 (CubeIDE integrated)
2026-03-28 12:40:54,662 [INFO] UserAuth:404 - Internet connection configuration mode: 1
2026-03-28 12:40:54,690 [INFO] JxBrowserEngine:152 - Initiate JxBrowser Engine with user profile folder
2026-03-28 12:40:54,844 [INFO] CheckServerUpdateThread:120 - End of CheckServer Thread
2026-03-28 12:40:55,523 [WARN] PackLoader:240 - Cannot read IP mode file for STMicroelectronics.X-CUBE-AZRTOS-H7.3.5.0
2026-03-28 12:40:55,538 [WARN] PackLoader:240 - Cannot read IP mode file for STMicroelectronics.FP-SNS-MOTENVWB1.1.4.0
2026-03-28 12:40:55,548 [WARN] PackLoader:240 - Cannot read IP mode file for STMicroelectronics.FP-ATR-ASTRA1.2.0.2
2026-03-28 12:40:55,563 [WARN] PackLoader:240 - Cannot read IP mode file for STMicroelectronics.FP-ATR-ASTRA1.2.0.1
2026-03-28 12:40:55,588 [WARN] PackLoader:240 - Cannot read IP mode file for STMicroelectronics.X-CUBE-SMBUS.2.1.0
2026-03-28 12:40:55,599 [WARN] PackLoader:240 - Cannot read IP mode file for STMicroelectronics.X-CUBE-WB05N.1.1.0
2026-03-28 12:40:55,607 [ERROR] Engine:466 - C:\Users\Xavi\.stm32cubemx\thirdparties\pdsc\STMicroelectronics.X-CUBE-ST60.1.0.0.pdsc: PDSC version is not supported
2026-03-28 12:40:55,615 [WARN] PackLoader:240 - Cannot read IP mode file for STMicroelectronics.X-CUBE-TOUCHGFX.4.23.0
2026-03-28 12:40:55,638 [WARN] PackLoader:240 - Cannot read IP mode file for STMicroelectronics.X-CUBE-AZRTOS-F7.1.1.0
2026-03-28 12:40:55,649 [WARN] PackLoader:240 - Cannot read IP mode file for STMicroelectronics.FP-SNS-MOTENV1.4.3.2
2026-03-28 12:40:55,685 [WARN] PackLoader:240 - Cannot read IP mode file for STMicroelectronics.X-CUBE-MEMS1.11.0.0
2026-03-28 12:40:55,795 [WARN] PackLoader:240 - Cannot read IP mode file for STMicroelectronics.X-CUBE-BLE1.6.2.4
2026-03-28 12:40:55,802 [ERROR] Engine:466 - C:\Users\Xavi\.stm32cubemx\thirdparties\pdsc\STMicroelectronics.FP-SNS-MOTENV1.5.1.0.pdsc: PDSC version is not supported
2026-03-28 12:40:55,809 [WARN] PackLoader:240 - Cannot read IP mode file for STMicroelectronics.FP-SNS-FLIGHT1.5.0.2
2026-03-28 12:40:55,827 [WARN] PackLoader:240 - Cannot read IP mode file for STMicroelectronics.X-CUBE-AZRTOS-H7.3.4.0
2026-03-28 12:40:55,837 [WARN] PackLoader:240 - Cannot read IP mode file for STMicroelectronics.X-CUBE-DISPLAY.3.0.0
2026-03-28 12:40:55,846 [ERROR] Engine:466 - C:\Users\Xavi\.stm32cubemx\thirdparties\pdsc\STMicroelectronics.FP-SNS-MOTENVWB1.1.5.0.pdsc: PDSC version is not supported
2026-03-28 12:40:55,853 [WARN] PackLoader:240 - Cannot read IP mode file for STMicroelectronics.X-CUBE-BLE1.7.0.0
2026-03-28 12:40:55,861 [WARN] PackLoader:240 - Cannot read IP mode file for STMicroelectronics.X-CUBE-NFC10.1.0.0
2026-03-28 12:40:55,872 [WARN] PackLoader:240 - Cannot read IP mode file for STMicroelectronics.X-CUBE-BLEMGR.4.0.0
2026-03-28 12:40:55,880 [ERROR] Engine:466 - C:\Users\Xavi\.stm32cubemx\thirdparties\pdsc\STMicroelectronics.X-CUBE-ST60.1.1.0.pdsc: PDSC version is not supported
2026-03-28 12:40:55,888 [WARN] PackLoader:240 - Cannot read IP mode file for emotas.I-CUBE-CANOPEN.1.3.0
2026-03-28 12:40:55,895 [WARN] PackLoader:240 - Cannot read IP mode file for STMicroelectronics.X-CUBE-TOUCHGFX.4.22.0
2026-03-28 12:40:55,903 [WARN] PackLoader:240 - Cannot read IP mode file for STMicroelectronics.X-CUBE-GNSS1.7.1.0
2026-03-28 12:40:55,910 [WARN] PackLoader:240 - Cannot read IP mode file for STMicroelectronics.X-CUBE-TOUCHGFX.4.22.1
2026-03-28 12:40:55,919 [WARN] PackLoader:240 - Cannot read IP mode file for STMicroelectronics.X-CUBE-BLEMGR.3.1.0
2026-03-28 12:40:55,927 [WARN] PackLoader:240 - Cannot read IP mode file for STMicroelectronics.X-CUBE-AI.10.0.0
2026-03-28 12:40:55,934 [ERROR] Engine:466 - C:\Users\Xavi\.stm32cubemx\thirdparties\pdsc\STMicroelectronics.FP-SNS-STBOX1.2.1.0.pdsc: PDSC version is not supported
2026-03-28 12:40:55,941 [WARN] PackLoader:240 - Cannot read IP mode file for STMicroelectronics.FP-SNS-SMARTAG2.1.2.0
2026-03-28 12:40:55,947 [ERROR] Engine:466 - C:\Users\Xavi\.stm32cubemx\thirdparties\pdsc\STMicroelectronics.FP-SNS-FLIGHT1.5.1.0.pdsc: PDSC version is not supported
2026-03-28 12:40:55,982 [WARN] PackLoader:240 - Cannot read IP mode file for STMicroelectronics.X-CUBE-MEMS1.11.1.0
2026-03-28 12:40:56,084 [INFO] LogOutputStream:77 - [STDOUT_REDIRECT] 1 : Invalid condition id : UX_CORESTACK_Condition cause : null
2026-03-28 12:40:56,084 [INFO] LogOutputStream:77 - [STDOUT_REDIRECT] 1 : Invalid condition id : UX_CORESTACK_Condition cause : null
2026-03-28 12:40:56,085 [INFO] LogOutputStream:77 - [STDOUT_REDIRECT] 1 : Invalid condition id : UX_CORESTACK_Condition cause : null
2026-03-28 12:40:56,086 [INFO] LogOutputStream:77 - [STDOUT_REDIRECT] 1 : Invalid condition id : UX_CORESTACK_Condition cause : null
2026-03-28 12:40:56,087 [INFO] LogOutputStream:77 - [STDOUT_REDIRECT] 1 : Invalid condition id : UX_CORESTACK_Condition cause : null
2026-03-28 12:40:56,089 [WARN] PackLoader:240 - Cannot read IP mode file for STMicroelectronics.X-CUBE-AZRTOS-WL.2.0.0
2026-03-28 12:40:56,098 [WARN] PackLoader:240 - Cannot read IP mode file for STMicroelectronics.FP-SNS-MOTENV1.5.0.0
2026-03-28 12:40:56,117 [WARN] PackLoader:240 - Cannot read IP mode file for STMicroelectronics.X-CUBE-AZRTOS-H7RS.1.2.0
2026-03-28 12:40:56,126 [WARN] PackLoader:240 - Cannot read IP mode file for wolfSSL.I-CUBE-wolfMQTT.1.19.0
2026-03-28 12:40:56,137 [WARN] PackLoader:240 - Cannot read IP mode file for WES.I-CUBE-Cesium.1.3.0
2026-03-28 12:40:56,145 [WARN] PackLoader:240 - Cannot read IP mode file for STMicroelectronics.X-CUBE-BLE2.3.3.0
2026-03-28 12:40:56,151 [ERROR] Engine:466 - C:\Users\Xavi\.stm32cubemx\thirdparties\pdsc\Avnet-IOTCONNECT.X-CUBE-iotc-st67-sdk.1.0.0.pdsc: PDSC version is not supported
2026-03-28 12:40:56,160 [WARN] PackLoader:240 - Cannot read IP mode file for STMicroelectronics.X-CUBE-NFC9.1.0.0
2026-03-28 12:40:56,167 [WARN] PackLoader:240 - Cannot read IP mode file for STMicroelectronics.X-CUBE-BLE1.7.1.0
2026-03-28 12:40:56,175 [WARN] PackLoader:240 - Cannot read IP mode file for STMicroelectronics.X-CUBE-TCPP.4.1.0
2026-03-28 12:40:56,182 [ERROR] Engine:466 - C:\Users\Xavi\.stm32cubemx\thirdparties\pdsc\STMicroelectronics.X-CUBE-FREERTOS.1.4.0.pdsc: PDSC version is not supported
2026-03-28 12:40:56,190 [WARN] PackLoader:240 - Cannot read IP mode file for STMicroelectronics.X-CUBE-EEPRMA1.5.2.0
2026-03-28 12:40:56,197 [ERROR] Engine:466 - C:\Users\Xavi\.stm32cubemx\thirdparties\pdsc\STMicroelectronics.X-CUBE-ST67W61.1.1.0.pdsc: PDSC version is not supported
2026-03-28 12:40:56,204 [WARN] PackLoader:240 - Cannot read IP mode file for STMicroelectronics.X-CUBE-AI.10.1.0
2026-03-28 12:40:56,234 [WARN] PackLoader:240 - Cannot read IP mode file for STMicroelectronics.X-CUBE-MEMS1.12.0.0
2026-03-28 12:40:56,292 [WARN] PackLoader:240 - Cannot read IP mode file for STMicroelectronics.X-CUBE-ALGOBUILD.1.3.0
2026-03-28 12:40:56,310 [WARN] PackLoader:240 - Cannot read IP mode file for STMicroelectronics.X-CUBE-AZRTOS-G0.1.1.0
2026-03-28 12:40:56,322 [WARN] PackLoader:240 - Cannot read IP mode file for STMicroelectronics.X-CUBE-SAFEA1.1.2.2
2026-03-28 12:40:56,331 [WARN] PackLoader:240 - Cannot read IP mode file for STMicroelectronics.X-CUBE-NFC4.3.0.0
2026-03-28 12:40:56,343 [WARN] PackLoader:240 - Cannot read IP mode file for EmbeddedOffice.I-CUBE-FS-RTOS.1.0.1
2026-03-28 12:40:56,343 [ERROR] ConditionMgr:805 - Attr not supported : Dmpu
2026-03-28 12:40:56,343 [ERROR] ConditionMgr:805 - Attr not supported : Dmpu
2026-03-28 12:40:56,343 [ERROR] ConditionMgr:805 - Attr not supported : Dmpu
2026-03-28 12:40:56,343 [ERROR] ConditionMgr:805 - Attr not supported : Dmpu
2026-03-28 12:40:56,343 [ERROR] ConditionMgr:805 - Attr not supported : Dmpu
2026-03-28 12:40:56,343 [ERROR] ConditionMgr:805 - Attr not supported : Dmpu
2026-03-28 12:40:56,344 [ERROR] ConditionMgr:805 - Attr not supported : Dmpu
2026-03-28 12:40:56,344 [ERROR] ConditionMgr:805 - Attr not supported : Dmpu
2026-03-28 12:40:56,344 [ERROR] ConditionMgr:805 - Attr not supported : Dmpu
2026-03-28 12:40:56,344 [ERROR] ConditionMgr:805 - Attr not supported : Dmpu
2026-03-28 12:40:56,344 [ERROR] ConditionMgr:805 - Attr not supported : Dmpu
2026-03-28 12:40:56,344 [ERROR] ConditionMgr:805 - Attr not supported : Dmpu
2026-03-28 12:40:56,344 [ERROR] ConditionMgr:805 - Attr not supported : Dmpu
2026-03-28 12:40:56,344 [ERROR] ConditionMgr:805 - Attr not supported : Dmpu
2026-03-28 12:40:56,344 [ERROR] ConditionMgr:805 - Attr not supported : Dmpu
2026-03-28 12:40:56,344 [ERROR] ConditionMgr:805 - Attr not supported : Dmpu
2026-03-28 12:40:56,344 [ERROR] ConditionMgr:805 - Attr not supported : Dmpu
2026-03-28 12:40:56,344 [ERROR] ConditionMgr:805 - Attr not supported : Dmpu
2026-03-28 12:40:56,344 [ERROR] ConditionMgr:805 - Attr not supported : Dmpu
2026-03-28 12:40:56,344 [ERROR] ConditionMgr:805 - Attr not supported : Dmpu
2026-03-28 12:40:56,344 [ERROR] ConditionMgr:805 - Attr not supported : Dmpu
2026-03-28 12:40:56,344 [ERROR] ConditionMgr:805 - Attr not supported : Dmpu
2026-03-28 12:40:56,344 [ERROR] ConditionMgr:805 - Attr not supported : Dmpu
2026-03-28 12:40:56,344 [ERROR] ConditionMgr:805 - Attr not supported : Dmpu
2026-03-28 12:40:56,344 [ERROR] ConditionMgr:805 - Attr not supported : Dmpu
2026-03-28 12:40:56,344 [ERROR] ConditionMgr:805 - Attr not supported : Dmpu
2026-03-28 12:40:56,344 [ERROR] ConditionMgr:805 - Attr not supported : Dmpu
2026-03-28 12:40:56,344 [ERROR] ConditionMgr:805 - Attr not supported : Dmpu
2026-03-28 12:40:56,344 [ERROR] ConditionMgr:805 - Attr not supported : Dmpu
2026-03-28 12:40:56,344 [ERROR] ConditionMgr:805 - Attr not supported : Dmpu
2026-03-28 12:40:56,344 [ERROR] ConditionMgr:805 - Attr not supported : Dmpu
2026-03-28 12:40:56,344 [ERROR] ConditionMgr:805 - Attr not supported : Dmpu
2026-03-28 12:40:56,344 [ERROR] ConditionMgr:805 - Attr not supported : Dmpu
2026-03-28 12:40:56,344 [ERROR] ConditionMgr:805 - Attr not supported : Dmpu
2026-03-28 12:40:56,344 [ERROR] ConditionMgr:805 - Attr not supported : Dmpu
2026-03-28 12:40:56,344 [ERROR] ConditionMgr:805 - Attr not supported : Dmpu
2026-03-28 12:40:56,345 [ERROR] ConditionMgr:805 - Attr not supported : Dmpu
2026-03-28 12:40:56,345 [ERROR] ConditionMgr:805 - Attr not supported : Dmpu
2026-03-28 12:40:56,345 [ERROR] ConditionMgr:805 - Attr not supported : Dmpu
2026-03-28 12:40:56,345 [ERROR] ConditionMgr:805 - Attr not supported : Dmpu
2026-03-28 12:40:56,345 [ERROR] ConditionMgr:805 - Attr not supported : Dmpu
2026-03-28 12:40:56,345 [ERROR] ConditionMgr:805 - Attr not supported : Dmpu
2026-03-28 12:40:56,345 [ERROR] ConditionMgr:805 - Attr not supported : Dmpu
2026-03-28 12:40:56,345 [ERROR] ConditionMgr:805 - Attr not supported : Dmpu
2026-03-28 12:40:56,345 [ERROR] ConditionMgr:805 - Attr not supported : Dmpu
2026-03-28 12:40:56,345 [ERROR] ConditionMgr:805 - Attr not supported : Dmpu
2026-03-28 12:40:56,345 [ERROR] ConditionMgr:805 - Attr not supported : Dmpu
2026-03-28 12:40:56,345 [ERROR] ConditionMgr:805 - Attr not supported : Dmpu
2026-03-28 12:40:56,345 [ERROR] ConditionMgr:805 - Attr not supported : Dmpu
2026-03-28 12:40:56,345 [ERROR] ConditionMgr:805 - Attr not supported : Dmpu
2026-03-28 12:40:56,345 [ERROR] ConditionMgr:805 - Attr not supported : Dmpu
2026-03-28 12:40:56,345 [ERROR] ConditionMgr:805 - Attr not supported : Dmpu
2026-03-28 12:40:56,345 [ERROR] ConditionMgr:805 - Attr not supported : Dmpu
2026-03-28 12:40:56,345 [ERROR] ConditionMgr:805 - Attr not supported : Dmpu
2026-03-28 12:40:56,345 [ERROR] ConditionMgr:805 - Attr not supported : Dmpu
2026-03-28 12:40:56,345 [ERROR] ConditionMgr:805 - Attr not supported : Dmpu
2026-03-28 12:40:56,345 [ERROR] ConditionMgr:805 - Attr not supported : Dmpu
2026-03-28 12:40:56,345 [ERROR] ConditionMgr:805 - Attr not supported : Dmpu
2026-03-28 12:40:56,345 [ERROR] ConditionMgr:805 - Attr not supported : Dmpu
2026-03-28 12:40:56,345 [ERROR] ConditionMgr:805 - Attr not supported : Dmpu
2026-03-28 12:40:56,345 [ERROR] ConditionMgr:805 - Attr not supported : Dmpu
2026-03-28 12:40:56,345 [ERROR] ConditionMgr:805 - Attr not supported : Dmpu
2026-03-28 12:40:56,346 [ERROR] ConditionMgr:805 - Attr not supported : Dmpu
2026-03-28 12:40:56,346 [ERROR] ConditionMgr:805 - Attr not supported : Dmpu
2026-03-28 12:40:56,353 [WARN] PackLoader:240 - Cannot read IP mode file for STMicroelectronics.X-CUBE-WB05N.2.0.0
2026-03-28 12:40:56,363 [WARN] PackLoader:240 - Cannot read IP mode file for STMicroelectronics.X-CUBE-BLEMGR.3.0.0
2026-03-28 12:40:56,370 [ERROR] Engine:466 - C:\Users\Xavi\.stm32cubemx\thirdparties\pdsc\STMicroelectronics.X-CUBE-TCPP.4.2.0.pdsc: PDSC version is not supported
2026-03-28 12:40:56,379 [WARN] PackLoader:240 - Cannot read IP mode file for RealThread.X-CUBE-RT-Thread_Nano.4.1.1
2026-03-28 12:40:56,388 [WARN] PackLoader:240 - Cannot read IP mode file for STMicroelectronics.FP-ATR-SIGFOX1.3.2.0
2026-03-28 12:40:56,397 [WARN] ConditionMgr:438 - getConditionDescription Invalid condition id : Cortex-A Device cause : null
2026-03-28 12:40:56,413 [WARN] ConditionMgr:1039 - genDependencies : Invalid condition id : Cortex-A Device cause : null
2026-03-28 12:40:56,413 [WARN] ConditionMgr:1039 - genDependencies : Invalid condition id : Cortex-A Device cause : null
2026-03-28 12:40:56,413 [WARN] ConditionMgr:1039 - genDependencies : Invalid condition id : Cortex-A Device cause : null
2026-03-28 12:40:56,434 [WARN] PackLoader:240 - Cannot read IP mode file for STMicroelectronics.X-CUBE-EEPRMA1.5.1.0
2026-03-28 12:40:56,443 [ERROR] Engine:466 - C:\Users\Xavi\.stm32cubemx\thirdparties\pdsc\STMicroelectronics.X-CUBE-FREERTOS.1.5.0.pdsc: PDSC version is not supported
2026-03-28 12:40:56,451 [WARN] PackLoader:240 - Cannot read IP mode file for STMicroelectronics.X-CUBE-NFC6.3.2.0
2026-03-28 12:40:56,459 [ERROR] Engine:466 - C:\Users\Xavi\.stm32cubemx\thirdparties\pdsc\STMicroelectronics.X-CUBE-ST67W61.1.0.0.pdsc: PDSC version is not supported
2026-03-28 12:40:56,466 [WARN] PackLoader:240 - Cannot read IP mode file for STMicroelectronics.X-CUBE-AI.10.2.0
2026-03-28 12:40:56,516 [WARN] PackLoader:240 - Cannot read IP mode file for SEGGER.I-CUBE-embOS.1.3.1
2026-03-28 12:40:56,546 [WARN] PackLoader:240 - Cannot read IP mode file for STMicroelectronics.X-CUBE-ALGOBUILD.1.4.0
2026-03-28 12:40:56,581 [WARN] PackLoader:240 - Cannot read IP mode file for STMicroelectronics.X-CUBE-MEMS1.11.3.0
2026-03-28 12:40:56,686 [WARN] PackLoader:240 - Cannot read IP mode file for STMicroelectronics.X-CUBE-PM33A1.1.0.0
2026-03-28 12:40:56,693 [WARN] PackLoader:240 - Cannot read IP mode file for STMicroelectronics.X-CUBE-GNSS1.6.0.0
2026-03-28 12:40:56,710 [WARN] PackLoader:240 - Cannot read IP mode file for STMicroelectronics.X-CUBE-AZRTOS-F4.1.1.0
2026-03-28 12:40:56,719 [WARN] PackLoader:240 - Cannot read IP mode file for wolfSSL.I-CUBE-wolfSSL.5.6.3
2026-03-28 12:40:56,727 [ERROR] Engine:466 - C:\Users\Xavi\.stm32cubemx\thirdparties\pdsc\Avnet-IotConnect.X-CUBE-IoTC-DA16k-PMOD.1.0.0.pdsc: PDSC version is not supported
2026-03-28 12:40:56,735 [WARN] PackLoader:240 - Cannot read IP mode file for STMicroelectronics.X-CUBE-ISPU.2.1.0
2026-03-28 12:40:56,744 [ERROR] Engine:466 - C:\Users\Xavi\.stm32cubemx\thirdparties\pdsc\STMicroelectronics.X-CUBE-IPS.3.2.0.pdsc: PDSC version is not supported
2026-03-28 12:40:56,752 [WARN] PackLoader:240 - Cannot read IP mode file for STMicroelectronics.X-CUBE-FREERTOS.1.2.0
2026-03-28 12:40:56,761 [WARN] PackLoader:240 - Cannot read IP mode file for STMicroelectronics.X-CUBE-NFC12.1.0.0
2026-03-28 12:40:56,780 [WARN] PackLoader:240 - Cannot read IP mode file for STMicroelectronics.X-CUBE-AZRTOS-L5.2.0.0
2026-03-28 12:40:56,815 [WARN] PackLoader:240 - Cannot read IP mode file for STMicroelectronics.X-CUBE-MEMS1.9.6.0
2026-03-28 12:40:56,895 [WARN] PackLoader:240 - Cannot read IP mode file for STMicroelectronics.X-CUBE-EEPRMA1.4.2.0
2026-03-28 12:40:56,904 [WARN] PackLoader:240 - Cannot read IP mode file for STMicroelectronics.X-CUBE-NFC6.3.1.0
2026-03-28 12:40:56,914 [WARN] PackLoader:240 - Cannot read IP mode file for ITTIA_DB.I-CUBE-ITTIADB.8.8.0
2026-03-28 12:40:56,922 [WARN] PackLoader:240 - Cannot read IP mode file for STMicroelectronics.X-CUBE-BLEMGR.2.0.0
2026-03-28 12:40:56,931 [WARN] PackLoader:240 - Cannot read IP mode file for STMicroelectronics.X-CUBE-DPower.1.2.0
2026-03-28 12:40:56,938 [WARN] PackLoader:240 - Cannot read IP mode file for STMicroelectronics.X-CUBE-AI.9.0.0
2026-03-28 12:40:56,968 [WARN] ConditionMgr:438 - getConditionDescription Invalid condition id : UX DEVICE CLASS RTOS Condition cause : null
2026-03-28 12:40:56,968 [WARN] ConditionMgr:438 - getConditionDescription Invalid condition id : UX DEVICE CLASS RTOS Condition cause : null
2026-03-28 12:40:56,969 [WARN] PackLoader:240 - Cannot read IP mode file for STMicroelectronics.X-CUBE-AZRTOS-H7.3.1.0
2026-03-28 12:40:56,970 [WARN] ConditionMgr:1039 - genDependencies : Invalid condition id : UX DEVICE CLASS RTOS Condition cause : null
2026-03-28 12:40:56,970 [WARN] ConditionMgr:1039 - genDependencies : Invalid condition id : UX DEVICE CLASS RTOS Condition cause : null
2026-03-28 12:40:56,970 [WARN] ConditionMgr:1039 - genDependencies : Invalid condition id : UX DEVICE CLASS RTOS Condition cause : null
2026-03-28 12:40:56,970 [WARN] ConditionMgr:1039 - genDependencies : Invalid condition id : UX DEVICE CLASS RTOS Condition cause : null
2026-03-28 12:40:56,970 [WARN] ConditionMgr:1039 - genDependencies : Invalid condition id : UX DEVICE CLASS RTOS Condition cause : null
2026-03-28 12:40:56,971 [INFO] WebApp:161 - Instantiating new browser for Auth
2026-03-28 12:40:56,981 [WARN] PackLoader:240 - Cannot read IP mode file for STMicroelectronics.X-CUBE-FREERTOS.1.3.1
2026-03-28 12:40:56,993 [WARN] PackLoader:240 - Cannot read IP mode file for STMicroelectronics.X-CUBE-FREERTOS.1.3.0
2026-03-28 12:40:57,006 [WARN] PackLoader:240 - Cannot read IP mode file for STMicroelectronics.X-CUBE-NFC7.1.0.1
2026-03-28 12:40:57,015 [WARN] PackLoader:240 - Cannot read IP mode file for wolfSSL.I-CUBE-wolfTPM.3.2.0
2026-03-28 12:40:57,023 [WARN] PackLoader:240 - Cannot read IP mode file for STMicroelectronics.X-CUBE-TOUCHGFX.4.26.0
2026-03-28 12:40:57,034 [WARN] PackLoader:240 - Cannot read IP mode file for STMicroelectronics.X-CUBE-NFC6.3.0.0
2026-03-28 12:40:57,049 [WARN] PackLoader:240 - Cannot read IP mode file for STMicroelectronics.X-CUBE-TOUCHGFX.4.26.1
2026-03-28 12:40:57,057 [WARN] PackLoader:240 - Cannot read IP mode file for STMicroelectronics.X-CUBE-EEPRMA1.4.1.0
2026-03-28 12:40:57,065 [ERROR] Engine:466 - C:\Users\Xavi\.stm32cubemx\thirdparties\pdsc\STMicroelectronics.FP-SNS-STAIOTCFT.1.0.0.pdsc: PDSC version is not supported
2026-03-28 12:40:57,072 [WARN] PackLoader:240 - Cannot read IP mode file for STMicroelectronics.X-CUBE-DPower.1.3.0
2026-03-28 12:40:57,079 [WARN] PackLoader:240 - Cannot read IP mode file for STMicroelectronics.X-CUBE-AI.8.1.0
2026-03-28 12:40:57,096 [WARN] ConditionMgr:438 - getConditionDescription Invalid condition id : LAN8742 Phy interface Condition cause : null
2026-03-28 12:40:57,096 [WARN] PackLoader:240 - Cannot read IP mode file for STMicroelectronics.X-CUBE-AZRTOS-L4.2.0.0
2026-03-28 12:40:57,096 [WARN] ConditionMgr:1039 - genDependencies : Invalid condition id : LAN8742 Phy interface Condition cause : null
2026-03-28 12:40:57,097 [WARN] ConditionMgr:1039 - genDependencies : Invalid condition id : LAN8742 Phy interface Condition cause : null
2026-03-28 12:40:57,097 [WARN] ConditionMgr:1039 - genDependencies : Invalid condition id : LAN8742 Phy interface Condition cause : null
2026-03-28 12:40:57,106 [WARN] PackLoader:240 - Cannot read IP mode file for STMicroelectronics.X-CUBE-SFXS2LP1.4.0.0
2026-03-28 12:40:57,114 [ERROR] Engine:466 - C:\Users\Xavi\.stm32cubemx\thirdparties\pdsc\STMicroelectronics.X-CUBE-ST67W61.1.2.0.pdsc: PDSC version is not supported
2026-03-28 12:40:57,122 [WARN] PackLoader:240 - Cannot read IP mode file for STMicroelectronics.X-CUBE-ISPU.1.1.0
2026-03-28 12:40:57,139 [WARN] PackLoader:240 - Cannot read IP mode file for STMicroelectronics.X-CUBE-AZRTOS-H7.3.3.0
2026-03-28 12:40:57,148 [ERROR] Engine:466 - C:\Users\Xavi\.stm32cubemx\thirdparties\pdsc\STMicroelectronics.X-CUBE-BLEMGR.4.1.0.pdsc: PDSC version is not supported
2026-03-28 12:40:57,162 [WARN] ConditionMgr:438 - getConditionDescription Invalid condition id : UX DEVICE CLASS RTOS Condition cause : null
2026-03-28 12:40:57,162 [WARN] ConditionMgr:438 - getConditionDescription Invalid condition id : UX DEVICE CLASS RTOS Condition cause : null
2026-03-28 12:40:57,162 [WARN] PackLoader:240 - Cannot read IP mode file for STMicroelectronics.X-CUBE-AZRTOS-WB.2.0.0
2026-03-28 12:40:57,163 [WARN] ConditionMgr:1039 - genDependencies : Invalid condition id : UX DEVICE CLASS RTOS Condition cause : null
2026-03-28 12:40:57,163 [WARN] ConditionMgr:1039 - genDependencies : Invalid condition id : UX DEVICE CLASS RTOS Condition cause : null
2026-03-28 12:40:57,163 [WARN] ConditionMgr:1039 - genDependencies : Invalid condition id : UX DEVICE CLASS RTOS Condition cause : null
2026-03-28 12:40:57,163 [WARN] ConditionMgr:1039 - genDependencies : Invalid condition id : UX DEVICE CLASS RTOS Condition cause : null
2026-03-28 12:40:57,163 [WARN] ConditionMgr:1039 - genDependencies : Invalid condition id : UX DEVICE CLASS RTOS Condition cause : null
2026-03-28 12:40:57,171 [WARN] PackLoader:240 - Cannot read IP mode file for STMicroelectronics.X-CUBE-FREERTOS.1.0.1
2026-03-28 12:40:57,178 [WARN] PackLoader:240 - Cannot read IP mode file for STMicroelectronics.X-CUBE-GNSS1.7.0.0
2026-03-28 12:40:57,185 [WARN] PackLoader:240 - Cannot read IP mode file for STMicroelectronics.X-CUBE-GNSS1.7.0.1
2026-03-28 12:40:57,192 [WARN] PackLoader:240 - Cannot read IP mode file for STMicroelectronics.X-CUBE-TOUCHGFX.4.25.0
2026-03-28 12:40:57,200 [WARN] PackLoader:240 - Cannot read IP mode file for STMicroelectronics.FP-SNS-STBOX1.2.0.0
2026-03-28 12:40:57,211 [WARN] PackLoader:240 - Cannot read IP mode file for STMicroelectronics.X-CUBE-STSE01.2.0.0
2026-03-28 12:40:57,226 [WARN] PackLoader:240 - Cannot read IP mode file for STMicroelectronics.X-CUBE-AZRTOS-L5.1.1.0
2026-03-28 12:40:57,234 [WARN] PackLoader:240 - Cannot read IP mode file for STMicroelectronics.X-CUBE-AI.8.0.1
2026-03-28 12:40:57,245 [WARN] PackLoader:240 - Cannot read IP mode file for STMicroelectronics.X-CUBE-SUBG2.5.0.0
2026-03-28 12:40:57,265 [WARN] PackLoader:240 - Cannot read IP mode file for STMicroelectronics.X-CUBE-AZRTOS-H7RS.1.1.0
2026-03-28 12:40:57,274 [WARN] PackLoader:240 - Cannot read IP mode file for Cesanta.I-CUBE-Mongoose.7.13.0
2026-03-28 12:40:57,284 [WARN] PackLoader:240 - Cannot read IP mode file for STMicroelectronics.X-CUBE-TOF1.3.3.1
2026-03-28 12:40:57,301 [WARN] PackLoader:240 - Cannot read IP mode file for STMicroelectronics.X-CUBE-AZRTOS-G4.2.0.0
2026-03-28 12:40:57,315 [WARN] PackLoader:240 - Cannot read IP mode file for Infineon.AIROC-Wi-Fi-Bluetooth-STM32.1.5.1
2026-03-28 12:40:57,325 [WARN] PackLoader:240 - Cannot read IP mode file for STMicroelectronics.FP-SNS-MOTENVWB1.1.3.0
2026-03-28 12:40:57,332 [WARN] PackLoader:240 - Cannot read IP mode file for STMicroelectronics.X-CUBE-NFC7.2.0.0
2026-03-28 12:40:57,339 [WARN] PackLoader:240 - Cannot read IP mode file for STMicroelectronics.FP-SNS-MOTENVWB1.1.3.1
2026-03-28 12:40:57,347 [WARN] PackLoader:240 - Cannot read IP mode file for STMicroelectronics.X-CUBE-ISPU.2.0.0
2026-03-28 12:40:57,355 [ERROR] Engine:466 - C:\Users\Xavi\.stm32cubemx\thirdparties\pdsc\STMicroelectronics.X-CUBE-IPS.3.1.0.pdsc: PDSC version is not supported
2026-03-28 12:40:57,363 [WARN] PackLoader:240 - Cannot read IP mode file for STMicroelectronics.X-CUBE-ALS.1.0.2
2026-03-28 12:40:57,386 [WARN] PackLoader:240 - Cannot read IP mode file for STMicroelectronics.X-CUBE-MEMS1.10.0.0
2026-03-28 12:40:57,458 [WARN] PackLoader:240 - Cannot read IP mode file for STMicroelectronics.X-CUBE-FREERTOS.1.1.0
2026-03-28 12:40:57,466 [WARN] PackLoader:240 - Cannot read IP mode file for STMicroelectronics.X-CUBE-TOUCHGFX.4.24.0
2026-03-28 12:40:57,470 [INFO] WebApp:780 - Register for checkConnection events
2026-03-28 12:40:57,470 [INFO] WebApp:414 - Apply proxy settings
2026-03-28 12:40:57,470 [INFO] WebApp:499 - Chromium requires no authentication
2026-03-28 12:40:57,473 [WARN] PackLoader:240 - Cannot read IP mode file for STMicroelectronics.X-CUBE-TOUCHGFX.4.24.2
2026-03-28 12:40:57,477 [INFO] WebApp:442 - Direct internet connection detected
2026-03-28 12:40:57,480 [WARN] PackLoader:240 - Cannot read IP mode file for STMicroelectronics.X-CUBE-TOUCHGFX.4.24.1
2026-03-28 12:40:57,488 [WARN] PackLoader:240 - Cannot read IP mode file for STMicroelectronics.X-CUBE-STSE01.1.0.0
2026-03-28 12:40:57,499 [WARN] PackLoader:240 - Cannot read IP mode file for portGmbH.I-Cube-SoM-uGOAL.1.1.0
2026-03-28 12:40:57,506 [WARN] PackLoader:240 - Cannot read IP mode file for STMicroelectronics.X-CUBE-ALS.1.0.1
2026-03-28 12:40:57,518 [WARN] PackLoader:240 - Cannot read IP mode file for STMicroelectronics.X-CUBE-AZRTOS-WB.1.1.0
2026-03-28 12:40:57,536 [WARN] PackLoader:240 - Cannot read IP mode file for STMicroelectronics.X-CUBE-AZRTOS-H7RS.1.0.0
2026-03-28 12:40:57,544 [WARN] PackLoader:240 - Cannot read IP mode file for STMicroelectronics.FP-ATR-ASTRA1.2.0.0
2026-03-28 12:40:57,555 [WARN] PackLoader:240 - Cannot read IP mode file for STMicroelectronics.X-CUBE-TOF1.3.4.2
2026-03-28 12:40:57,569 [ERROR] Engine:466 - C:\Users\Xavi\.stm32cubemx\thirdparties\pdsc\STMicroelectronics.X-CUBE-TOF1.3.4.3.pdsc: PDSC version is not supported
2026-03-28 12:40:57,581 [WARN] PackLoader:240 - Cannot read IP mode file for STMicroelectronics.X-CUBE-TOF1.3.4.0
2026-03-28 12:40:57,597 [WARN] PackLoader:240 - Cannot read IP mode file for STMicroelectronics.X-CUBE-TOF1.3.4.1
2026-03-28 12:40:57,616 [WARN] PackLoader:240 - Cannot read IP mode file for STMicroelectronics.X-CUBE-AZRTOS-H7.3.2.0
2026-03-28 12:40:57,622 [INFO] WebApp:192 - Starting web application
2026-03-28 12:40:57,623 [INFO] WebApp:544 - Web application path used C:\ST\STM32CubeIDE_1.13.0\STM32CubeIDE\plugins\com.st.stm32cube.common.mx_6.10.0.202311202037\db\plugins\mcufinder\reactClient1\index.html
2026-03-28 12:40:57,625 [WARN] PackLoader:240 - Cannot read IP mode file for wolfSSL.I-CUBE-wolfSSH.1.4.17
2026-03-28 12:40:57,626 [INFO] ThirdParty:978 - Integrity check success = true
2026-03-28 12:40:57,626 [INFO] IntegrityCheckThread:100 - exiting critical section [integrity check]
2026-03-28 12:40:57,626 [INFO] IntegrityCheckThread:103 - End integrity checks thread
2026-03-28 12:41:18,324 [ERROR] LogOutputStream:75 - [STDERR_REDIRECT] SLF4J: Failed to load class "org.slf4j.impl.StaticLoggerBinder".
2026-03-28 12:41:18,324 [ERROR] LogOutputStream:75 - [STDERR_REDIRECT] SLF4J: Defaulting to no-operation (NOP) logger implementation
2026-03-28 12:41:18,325 [ERROR] LogOutputStream:75 - [STDERR_REDIRECT] SLF4J: See http://www.slf4j.org/codes.html#StaticLoggerBinder for further details.
