2026-03-18 19:51:53,711 [INFO] Activator:176 - 


2026-03-18 19:51:53,715 [INFO] Activator:177 - !SESSION log4j initialized
2026-03-18 19:51:57,778 [INFO] LogOutputStream:77 - [STDOUT_REDIRECT] 
2026-03-18 19:52:03,591 [INFO] ApplicationProperties:184 - Using Application install path: C:\ST\STM32CubeIDE_1.13.0\STM32CubeIDE\plugins\com.st.stm32cube.common.mx_6.10.0.202311202037
2026-03-18 19:52:03,604 [INFO] DbMcusXml:78 - Set database path to: C:\ST\STM32CubeIDE_1.13.0\STM32CubeIDE\plugins\com.st.stm32cube.common.mx_6.10.0.202311202037\\db\/mcu/
2026-03-18 19:52:03,604 [INFO] ApiDb:274 - Set plugin database path to: C:\ST\STM32CubeIDE_1.13.0\STM32CubeIDE\plugins\com.st.stm32cube.common.mx_6.10.0.202311202037\\db\/plugins/boardmanager/
2026-03-18 19:52:03,604 [WARN] ApiDb:259 - Overriding images path with different value:  => C:\ST\STM32CubeIDE_1.13.0\STM32CubeIDE\plugins\com.st.stm32cube.common.mx_6.10.0.202311202037\\db\/plugins/mcufinder/images/
2026-03-18 19:52:03,614 [INFO] ApiDb:250 - Set database path to: C:\Users\Xavi\.stmcufinder\plugins\mcufinder//mcu/
2026-03-18 19:52:03,615 [INFO] DbMcusAds:125 - Set database path to: C:\Users\Xavi\.stmcufinder\plugins\mcufinder//mcu/
2026-03-18 19:52:03,616 [INFO] CrossReferenceDbSqlite:203 - Set database path to: C:\Users\Xavi\.stmcufinder\plugins\mcufinder//mcu/cs/
2026-03-18 19:52:03,683 [INFO] RulesReader:64 - Compatibility file has been processed (297 Rules)
2026-03-18 19:52:03,753 [INFO] DbMcusXml:78 - Set database path to: C:\ST\STM32CubeIDE_1.13.0\STM32CubeIDE\plugins\com.st.stm32cube.common.mx_6.10.0.202311202037\\db\/mcu/
2026-03-18 19:52:03,753 [INFO] ApiDb:274 - Set plugin database path to: C:\ST\STM32CubeIDE_1.13.0\STM32CubeIDE\plugins\com.st.stm32cube.common.mx_6.10.0.202311202037\\db\/plugins/boardmanager/
2026-03-18 19:52:03,753 [INFO] ApiDb:261 - Set plugin images path to: C:\ST\STM32CubeIDE_1.13.0\STM32CubeIDE\plugins\com.st.stm32cube.common.mx_6.10.0.202311202037\\db\/plugins/mcufinder/images/
2026-03-18 19:52:03,753 [WARN] DbFile:41 - Overriding database path with different value: C:\Users\Xavi\.stmcufinder\plugins\mcufinder/ => C:\Users\Xavi\.stmcufinder\plugins\mcufinder
2026-03-18 19:52:03,753 [INFO] ApiDb:250 - Set database path to: C:\Users\Xavi\.stmcufinder\plugins\mcufinder//mcu/
2026-03-18 19:52:03,753 [WARN] DbFile:41 - Overriding database path with different value: C:\Users\Xavi\.stmcufinder\plugins\mcufinder/ => C:\Users\Xavi\.stmcufinder\plugins\mcufinder
2026-03-18 19:52:03,754 [INFO] DbMcusAds:125 - Set database path to: C:\Users\Xavi\.stmcufinder\plugins\mcufinder//mcu/
2026-03-18 19:52:03,754 [WARN] DbFile:41 - Overriding database path with different value: C:\Users\Xavi\.stmcufinder\plugins\mcufinder/ => C:\Users\Xavi\.stmcufinder\plugins\mcufinder
2026-03-18 19:52:03,754 [WARN] DbFile:41 - Overriding database path with different value: C:\Users\Xavi\.stmcufinder\plugins\mcufinder/ => C:\Users\Xavi\.stmcufinder\plugins\mcufinder
2026-03-18 19:52:03,754 [INFO] CrossReferenceDbSqlite:203 - Set database path to: C:\Users\Xavi\.stmcufinder\plugins\mcufinder//mcu/cs/
2026-03-18 19:52:03,809 [INFO] MainPanel:264 - HeapMemory: 268435456
2026-03-18 19:52:03,870 [INFO] DbMcusXml:78 - Set database path to: C:\ST\STM32CubeIDE_1.13.0\STM32CubeIDE\plugins\com.st.stm32cube.common.mx_6.10.0.202311202037\\db\/mcu/
2026-03-18 19:52:03,870 [INFO] ApiDb:274 - Set plugin database path to: C:\ST\STM32CubeIDE_1.13.0\STM32CubeIDE\plugins\com.st.stm32cube.common.mx_6.10.0.202311202037\\db\/plugins/boardmanager/
2026-03-18 19:52:03,871 [INFO] ApiDb:261 - Set plugin images path to: C:\ST\STM32CubeIDE_1.13.0\STM32CubeIDE\plugins\com.st.stm32cube.common.mx_6.10.0.202311202037\\db\/plugins/mcufinder/images/
2026-03-18 19:52:03,871 [WARN] DbFile:41 - Overriding database path with different value: C:\Users\Xavi\.stmcufinder\plugins\mcufinder/ => C:\Users\Xavi\.stmcufinder\plugins\mcufinder
2026-03-18 19:52:03,871 [INFO] ApiDb:250 - Set database path to: C:\Users\Xavi\.stmcufinder\plugins\mcufinder//mcu/
2026-03-18 19:52:03,871 [WARN] DbFile:41 - Overriding database path with different value: C:\Users\Xavi\.stmcufinder\plugins\mcufinder/ => C:\Users\Xavi\.stmcufinder\plugins\mcufinder
2026-03-18 19:52:03,871 [INFO] DbMcusAds:125 - Set database path to: C:\Users\Xavi\.stmcufinder\plugins\mcufinder//mcu/
2026-03-18 19:52:03,871 [WARN] DbFile:41 - Overriding database path with different value: C:\Users\Xavi\.stmcufinder\plugins\mcufinder/ => C:\Users\Xavi\.stmcufinder\plugins\mcufinder
2026-03-18 19:52:03,871 [WARN] DbFile:41 - Overriding database path with different value: C:\Users\Xavi\.stmcufinder\plugins\mcufinder/ => C:\Users\Xavi\.stmcufinder\plugins\mcufinder
2026-03-18 19:52:03,871 [INFO] CrossReferenceDbSqlite:203 - Set database path to: C:\Users\Xavi\.stmcufinder\plugins\mcufinder//mcu/cs/
2026-03-18 19:52:03,884 [INFO] ApplicationProperties:184 - Using Application install path: C:\ST\STM32CubeIDE_1.13.0\STM32CubeIDE\plugins\com.st.stm32cube.common.mx_6.10.0.202311202037
2026-03-18 19:52:03,885 [INFO] PluginManage:196 - Search for loadable plugins [exclusion list=, ]
2026-03-18 19:52:03,885 [INFO] PluginManage:310 - Check plugin analytics
2026-03-18 19:52:08,555 [INFO] AnalyticsPlugin:253 - Accepted Software Licenses: STM32CubeMX.6.9.0
2026-03-18 19:52:08,555 [INFO] AnalyticsPlugin:255 - Accepted CMSIS Pack Licenses: 
2026-03-18 19:52:08,555 [INFO] AnalyticsPlugin:257 - Accepted Firmware Licenses: FW.F4.1.27.0,FW.H5.1.1.0
2026-03-18 19:52:08,557 [INFO] PluginManage:359 - Loaded plugin analytics (category:tool,tabindex:-1)
2026-03-18 19:52:08,558 [INFO] PluginManage:310 - Check plugin cadmodel
2026-03-18 19:52:08,569 [INFO] CADModel:105 - Init CAD model plugin
2026-03-18 19:52:08,569 [INFO] PluginManage:359 - Loaded plugin cadmodel (category:power,tabindex:5)
2026-03-18 19:52:08,569 [INFO] PluginManage:310 - Check plugin clock
2026-03-18 19:52:08,584 [INFO] PluginManage:359 - Loaded plugin clock (category:base,tabindex:2)
2026-03-18 19:52:08,584 [INFO] PluginManage:310 - Check plugin ddr
2026-03-18 19:52:08,585 [INFO] PluginManage:359 - Loaded plugin ddr (category:tool,tabindex:6)
2026-03-18 19:52:08,585 [INFO] PluginManage:310 - Check plugin filemanager
2026-03-18 19:52:08,666 [INFO] PluginManage:359 - Loaded plugin filemanager (category:base,tabindex:10)
2026-03-18 19:52:08,666 [INFO] PluginManage:310 - Check plugin ipmanager
2026-03-18 19:52:08,671 [INFO] PluginManage:359 - Loaded plugin ipmanager (category:base,tabindex:5)
2026-03-18 19:52:08,671 [INFO] PluginManage:310 - Check plugin lpbam
2026-03-18 19:52:08,683 [INFO] PluginManage:359 - Loaded plugin lpbam (category:base,tabindex:0)
2026-03-18 19:52:08,683 [INFO] PluginManage:310 - Check plugin memorymap
2026-03-18 19:52:08,699 [INFO] PluginManage:359 - Loaded plugin memorymap (category:base,tabindex:4)
2026-03-18 19:52:08,699 [INFO] PluginManage:310 - Check plugin pinoutandconfiguration
2026-03-18 19:52:08,710 [INFO] PluginManage:359 - Loaded plugin pinoutandconfiguration (category:base,tabindex:1)
2026-03-18 19:52:08,710 [INFO] PluginManage:310 - Check plugin pinoutconfig
2026-03-18 19:52:08,768 [WARN] SupportedApi:132 - Cannot load RTOS API schema: s4s-elt-must-match.1: The content of 'definitions' must match (annotation?, (simpleType | complexType)?, (unique | key | keyref)*)). A problem was found starting at: attribute.
2026-03-18 19:52:08,850 [INFO] PluginManage:359 - Loaded plugin pinoutconfig (category:base,tabindex:0)
2026-03-18 19:52:08,850 [INFO] PluginManage:310 - Check plugin power
2026-03-18 19:52:08,865 [INFO] PluginManage:359 - Loaded plugin power (category:power,tabindex:4)
2026-03-18 19:52:08,865 [INFO] PluginManage:310 - Check plugin projectmanager
2026-03-18 19:52:08,876 [INFO] PluginManage:359 - Loaded plugin projectmanager (category:projectmanager,tabindex:3)
2026-03-18 19:52:08,877 [INFO] PluginManage:310 - Check plugin thirdparty
2026-03-18 19:52:09,060 [INFO] PluginManage:359 - Loaded plugin thirdparty (category:base,tabindex:-1)
2026-03-18 19:52:09,061 [INFO] PluginManage:310 - Check plugin tools
2026-03-18 19:52:09,060 [WARN] IntegrityCheckThread:84 - waiting for thirdparty lock release [integrity check]
2026-03-18 19:52:09,061 [INFO] IntegrityCheckThread:86 - entering critical section [integrity check]
2026-03-18 19:52:09,061 [INFO] ThirdPartyUpdaterWithRetryManager:70 - Updater plugin not ready yet. [1/15]
2026-03-18 19:52:09,083 [INFO] PluginManage:359 - Loaded plugin tools (category:base,tabindex:7)
2026-03-18 19:52:09,083 [INFO] PluginManage:310 - Check plugin tutovideos
2026-03-18 19:52:09,199 [INFO] PluginManage:359 - Loaded plugin tutovideos (category:base,tabindex:-1)
2026-03-18 19:52:09,199 [INFO] PluginManage:310 - Check plugin updater
2026-03-18 19:52:09,206 [INFO] PluginManage:359 - Loaded plugin updater (category:base,tabindex:12)
2026-03-18 19:52:09,207 [INFO] PluginManage:310 - Check plugin userauth
2026-03-18 19:52:09,210 [INFO] UserAuth:114 - Init User Auth plugin
2026-03-18 19:52:09,210 [INFO] PluginManage:359 - Loaded plugin userauth (category:base,tabindex:14)
2026-03-18 19:52:09,211 [INFO] PluginManage:283 - PluginManage : Loaded plugins [17]
2026-03-18 19:52:09,346 [INFO] PinOutPanel:1499 - setPackage(No Configuration,No Configuration)
2026-03-18 19:52:09,397 [INFO] CADModel:165 - CPN selected for project level
2026-03-18 19:52:09,397 [INFO] CADModel:114 - Register for checkConnection events
2026-03-18 19:52:09,417 [INFO] IPUIPlugin:80 - create IPUIPlugin
2026-03-18 19:52:09,417 [INFO] PluginManager:220 - loadIPPluginJar : add adc
2026-03-18 19:52:09,442 [INFO] IPUIPlugin:80 - create IPUIPlugin
2026-03-18 19:52:09,442 [INFO] PluginManager:220 - loadIPPluginJar : add aes
2026-03-18 19:52:09,469 [INFO] IPUIPlugin:80 - create IPUIPlugin
2026-03-18 19:52:09,469 [INFO] PluginManager:220 - loadIPPluginJar : add can
2026-03-18 19:52:09,486 [INFO] IPUIPlugin:80 - create IPUIPlugin
2026-03-18 19:52:09,486 [INFO] PluginManager:220 - loadIPPluginJar : add comp
2026-03-18 19:52:09,508 [INFO] IPUIPlugin:80 - create IPUIPlugin
2026-03-18 19:52:09,508 [INFO] PluginManager:220 - loadIPPluginJar : add cryp
2026-03-18 19:52:09,527 [INFO] IPUIPlugin:80 - create IPUIPlugin
2026-03-18 19:52:09,527 [INFO] PluginManager:220 - loadIPPluginJar : add dfsdm
2026-03-18 19:52:09,536 [INFO] IPUIPlugin:80 - create IPUIPlugin
2026-03-18 19:52:09,536 [INFO] PluginManager:220 - loadIPPluginJar : add dma
2026-03-18 19:52:09,565 [INFO] IPUIPlugin:80 - create IPUIPlugin
2026-03-18 19:52:09,565 [INFO] PluginManager:220 - loadIPPluginJar : add dma3
2026-03-18 19:52:09,578 [INFO] IPUIPlugin:80 - create IPUIPlugin
2026-03-18 19:52:09,578 [INFO] PluginManager:220 - loadIPPluginJar : add fatfs
2026-03-18 19:52:09,612 [INFO] IPUIPlugin:80 - create IPUIPlugin
2026-03-18 19:52:09,613 [INFO] PluginManager:220 - loadIPPluginJar : add fmc
2026-03-18 19:52:09,626 [INFO] IPUIPlugin:80 - create IPUIPlugin
2026-03-18 19:52:09,626 [INFO] PluginManager:220 - loadIPPluginJar : add freertos
2026-03-18 19:52:09,640 [INFO] IPUIPlugin:80 - create IPUIPlugin
2026-03-18 19:52:09,640 [INFO] PluginManager:220 - loadIPPluginJar : add genericplugin
2026-03-18 19:52:09,701 [INFO] IPUIPlugin:80 - create IPUIPlugin
2026-03-18 19:52:09,701 [INFO] PluginManager:220 - loadIPPluginJar : add gfxmmu
2026-03-18 19:52:09,784 [INFO] IPUIPlugin:80 - create IPUIPlugin
2026-03-18 19:52:09,784 [INFO] PluginManager:220 - loadIPPluginJar : add gic
2026-03-18 19:52:09,793 [INFO] IPUIPlugin:80 - create IPUIPlugin
2026-03-18 19:52:09,793 [INFO] PluginManager:220 - loadIPPluginJar : add gpio
2026-03-18 19:52:09,857 [INFO] IPUIPlugin:80 - create IPUIPlugin
2026-03-18 19:52:09,857 [INFO] PluginManager:220 - loadIPPluginJar : add gtzc
2026-03-18 19:52:09,878 [INFO] IPUIPlugin:80 - create IPUIPlugin
2026-03-18 19:52:09,878 [INFO] PluginManager:220 - loadIPPluginJar : add hash
2026-03-18 19:52:09,911 [INFO] IPUIPlugin:80 - create IPUIPlugin
2026-03-18 19:52:09,912 [INFO] PluginManager:220 - loadIPPluginJar : add i2c
2026-03-18 19:52:09,937 [INFO] IPUIPlugin:80 - create IPUIPlugin
2026-03-18 19:52:09,937 [INFO] PluginManager:220 - loadIPPluginJar : add i2s
2026-03-18 19:52:09,965 [INFO] IPUIPlugin:80 - create IPUIPlugin
2026-03-18 19:52:09,965 [INFO] PluginManager:220 - loadIPPluginJar : add i3c
2026-03-18 19:52:10,037 [INFO] IPUIPlugin:80 - create IPUIPlugin
2026-03-18 19:52:10,037 [INFO] PluginManager:220 - loadIPPluginJar : add ipddr
2026-03-18 19:52:10,098 [INFO] IPUIPlugin:80 - create IPUIPlugin
2026-03-18 19:52:10,098 [INFO] PluginManager:220 - loadIPPluginJar : add linkedlist
2026-03-18 19:52:10,121 [INFO] IPUIPlugin:80 - create IPUIPlugin
2026-03-18 19:52:10,121 [INFO] PluginManager:220 - loadIPPluginJar : add lorawan
2026-03-18 19:52:10,146 [INFO] IPUIPlugin:80 - create IPUIPlugin
2026-03-18 19:52:10,146 [INFO] PluginManager:220 - loadIPPluginJar : add ltdc
2026-03-18 19:52:10,156 [INFO] IPUIPlugin:80 - create IPUIPlugin
2026-03-18 19:52:10,157 [INFO] PluginManager:220 - loadIPPluginJar : add mdma
2026-03-18 19:52:10,165 [INFO] IPUIPlugin:80 - create IPUIPlugin
2026-03-18 19:52:10,165 [INFO] PluginManager:220 - loadIPPluginJar : add nvic
2026-03-18 19:52:10,193 [INFO] IPUIPlugin:80 - create IPUIPlugin
2026-03-18 19:52:10,193 [INFO] PluginManager:220 - loadIPPluginJar : add opamp
2026-03-18 19:52:10,238 [INFO] IPUIPlugin:80 - create IPUIPlugin
2026-03-18 19:52:10,238 [INFO] PluginManager:220 - loadIPPluginJar : add openamp
2026-03-18 19:52:10,266 [INFO] IPUIPlugin:80 - create IPUIPlugin
2026-03-18 19:52:10,266 [INFO] PluginManager:220 - loadIPPluginJar : add pdm2pcm
2026-03-18 19:52:10,276 [INFO] IPUIPlugin:80 - create IPUIPlugin
2026-03-18 19:52:10,277 [INFO] PluginManager:220 - loadIPPluginJar : add plateformsettings
2026-03-18 19:52:10,293 [INFO] IPUIPlugin:80 - create IPUIPlugin
2026-03-18 19:52:10,293 [INFO] PluginManager:220 - loadIPPluginJar : add quadspi
2026-03-18 19:52:10,303 [INFO] IPUIPlugin:80 - create IPUIPlugin
2026-03-18 19:52:10,303 [INFO] PluginManager:220 - loadIPPluginJar : add resmgrutility
2026-03-18 19:52:10,337 [INFO] IPUIPlugin:80 - create IPUIPlugin
2026-03-18 19:52:10,337 [INFO] PluginManager:220 - loadIPPluginJar : add sai
2026-03-18 19:52:10,360 [INFO] IPUIPlugin:80 - create IPUIPlugin
2026-03-18 19:52:10,360 [INFO] PluginManager:220 - loadIPPluginJar : add spi
2026-03-18 19:52:10,403 [INFO] IPUIPlugin:80 - create IPUIPlugin
2026-03-18 19:52:10,404 [INFO] PluginManager:220 - loadIPPluginJar : add stm32_wpan
2026-03-18 19:52:10,420 [INFO] IPUIPlugin:80 - create IPUIPlugin
2026-03-18 19:52:10,420 [INFO] PluginManager:220 - loadIPPluginJar : add tim
2026-03-18 19:52:10,454 [INFO] IPUIPlugin:80 - create IPUIPlugin
2026-03-18 19:52:10,454 [INFO] PluginManager:220 - loadIPPluginJar : add touchsensing
2026-03-18 19:52:10,469 [INFO] IPUIPlugin:80 - create IPUIPlugin
2026-03-18 19:52:10,469 [INFO] PluginManager:220 - loadIPPluginJar : add tracer_emb
2026-03-18 19:52:10,485 [INFO] IPUIPlugin:80 - create IPUIPlugin
2026-03-18 19:52:10,485 [INFO] PluginManager:220 - loadIPPluginJar : add ts
2026-03-18 19:52:10,499 [INFO] IPUIPlugin:80 - create IPUIPlugin
2026-03-18 19:52:10,499 [INFO] PluginManager:220 - loadIPPluginJar : add tsc
2026-03-18 19:52:10,512 [INFO] IPUIPlugin:80 - create IPUIPlugin
2026-03-18 19:52:10,512 [INFO] PluginManager:220 - loadIPPluginJar : add ucpd
2026-03-18 19:52:10,542 [INFO] IPUIPlugin:80 - create IPUIPlugin
2026-03-18 19:52:10,542 [INFO] PluginManager:220 - loadIPPluginJar : add usart
2026-03-18 19:52:10,570 [INFO] IPUIPlugin:80 - create IPUIPlugin
2026-03-18 19:52:10,570 [INFO] PluginManager:220 - loadIPPluginJar : add usbx
2026-03-18 19:52:10,681 [INFO] CADModel:165 - CPN selected for project level
2026-03-18 19:52:10,681 [INFO] CADModel:114 - Register for checkConnection events
2026-03-18 19:52:10,681 [FATAL] Updater:308 - Updater called before beeing initialized
2026-03-18 19:52:10,681 [ERROR] CADModel:125 - Updater not yet initialized, retry later 
2026-03-18 19:52:10,774 [INFO] CADModel:165 - CPN selected for project level
2026-03-18 19:52:10,774 [INFO] CADModel:114 - Register for checkConnection events
2026-03-18 19:52:10,774 [FATAL] Updater:308 - Updater called before beeing initialized
2026-03-18 19:52:10,774 [ERROR] CADModel:125 - Updater not yet initialized, retry later 
2026-03-18 19:52:10,775 [FATAL] Updater:308 - Updater called before beeing initialized
2026-03-18 19:52:10,845 [FATAL] Updater:308 - Updater called before beeing initialized
2026-03-18 19:52:10,854 [INFO] DbMcusAds:53 - JSON generation date=Thu Mar 05 15:32:53 CET 2026 (1772721173050)
2026-03-18 19:52:10,854 [FATAL] Updater:308 - Updater called before beeing initialized
2026-03-18 19:52:10,913 [WARN] DetailPanel:346 - Failed to get advertising image, set to default
2026-03-18 19:52:10,976 [FATAL] Updater:308 - Updater called before beeing initialized
2026-03-18 19:52:10,978 [FATAL] Updater:308 - Updater called before beeing initialized
2026-03-18 19:52:10,978 [FATAL] Updater:308 - Updater called before beeing initialized
2026-03-18 19:52:10,978 [WARN] DetailPanel:346 - Failed to get advertising image, set to default
2026-03-18 19:52:10,978 [FATAL] Updater:308 - Updater called before beeing initialized
2026-03-18 19:52:11,016 [ERROR] Updater:1120 - MainUpdater not yet initialized. External WinMGr cannot be set.
2026-03-18 19:52:11,023 [INFO] Updater:1056 - Updater Version found : 6.10.0
2026-03-18 19:52:11,037 [INFO] ApplicationProperties:184 - Using Application install path: C:\ST\STM32CubeIDE_1.13.0\STM32CubeIDE\plugins\com.st.stm32cube.common.mx_6.10.0.202311202037
2026-03-18 19:52:11,518 [INFO] MainUpdater:2873 - connection check result : 10
2026-03-18 19:52:11,518 [INFO] MainUpdater:3567 - Updater definition file requires update
2026-03-18 19:52:11,518 [INFO] MainUpdater:290 - Updater Check For Update Now.
2026-03-18 19:52:11,518 [INFO] MicroXplorer:498 - Change Database Version : DB.6.0.100
2026-03-18 19:52:11,531 [INFO] McuFinderGlobals:63 - Set McuFinder mode to 2 (CubeIDE integrated)
2026-03-18 19:52:11,538 [INFO] UserAuth:404 - Internet connection configuration mode: 1
2026-03-18 19:52:11,555 [INFO] JxBrowserEngine:152 - Initiate JxBrowser Engine with user profile folder
2026-03-18 19:52:11,623 [INFO] ServerAccessManage:473 - Download File updaters.zip
2026-03-18 19:52:11,791 [INFO] FileExtend:240 - Unzip File : updaters.zip
2026-03-18 19:52:11,791 [INFO] FileExtend:255 - Standard Zip Deflate
2026-03-18 19:52:12,062 [WARN] MainUpdater:1194 - Updater busy. Cannot search thirdparties
2026-03-18 19:52:12,062 [INFO] ThirdPartyUpdaterWithRetryManager:96 - Updater plugin is busy. [1/15]
2026-03-18 19:52:12,144 [INFO] ServerAccessManage:473 - Download File PacksControlFlags.xml
2026-03-18 19:52:12,213 [INFO] ServerAccessManage:473 - Download File cubemx.pidx
2026-03-18 19:52:12,291 [INFO] LoadServerUpdatesThread:375 - End of LoadServerUpdate Thread
2026-03-18 19:52:12,443 [INFO] CheckServerUpdateThread:120 - End of CheckServer Thread
2026-03-18 19:52:13,606 [INFO] WebApp:161 - Instantiating new browser for Auth
2026-03-18 19:52:13,998 [INFO] WebApp:780 - Register for checkConnection events
2026-03-18 19:52:13,998 [INFO] WebApp:414 - Apply proxy settings
2026-03-18 19:52:13,998 [INFO] WebApp:499 - Chromium requires no authentication
2026-03-18 19:52:14,003 [INFO] WebApp:442 - Direct internet connection detected
2026-03-18 19:52:14,117 [INFO] WebApp:192 - Starting web application
2026-03-18 19:52:14,117 [INFO] WebApp:544 - Web application path used C:\ST\STM32CubeIDE_1.13.0\STM32CubeIDE\plugins\com.st.stm32cube.common.mx_6.10.0.202311202037\db\plugins\mcufinder\reactClient1\index.html
2026-03-18 19:52:15,329 [WARN] PackLoader:240 - Cannot read IP mode file for STMicroelectronics.X-CUBE-AZRTOS-H7.3.5.0
2026-03-18 19:52:15,345 [WARN] PackLoader:240 - Cannot read IP mode file for STMicroelectronics.FP-SNS-MOTENVWB1.1.4.0
2026-03-18 19:52:15,356 [WARN] PackLoader:240 - Cannot read IP mode file for STMicroelectronics.FP-ATR-ASTRA1.2.0.2
2026-03-18 19:52:15,365 [WARN] PackLoader:240 - Cannot read IP mode file for STMicroelectronics.FP-ATR-ASTRA1.2.0.1
2026-03-18 19:52:15,383 [WARN] PackLoader:240 - Cannot read IP mode file for STMicroelectronics.X-CUBE-SMBUS.2.1.0
2026-03-18 19:52:15,398 [WARN] PackLoader:240 - Cannot read IP mode file for STMicroelectronics.X-CUBE-WB05N.1.1.0
2026-03-18 19:52:15,407 [ERROR] Engine:466 - C:\Users\Xavi\.stm32cubemx\thirdparties\pdsc\STMicroelectronics.X-CUBE-ST60.1.0.0.pdsc: PDSC version is not supported
2026-03-18 19:52:15,416 [WARN] PackLoader:240 - Cannot read IP mode file for STMicroelectronics.X-CUBE-TOUCHGFX.4.23.0
2026-03-18 19:52:15,445 [WARN] PackLoader:240 - Cannot read IP mode file for STMicroelectronics.X-CUBE-AZRTOS-F7.1.1.0
2026-03-18 19:52:15,462 [WARN] PackLoader:240 - Cannot read IP mode file for STMicroelectronics.FP-SNS-MOTENV1.4.3.2
2026-03-18 19:52:15,504 [WARN] PackLoader:240 - Cannot read IP mode file for STMicroelectronics.X-CUBE-MEMS1.11.0.0
2026-03-18 19:52:15,606 [WARN] PackLoader:240 - Cannot read IP mode file for STMicroelectronics.X-CUBE-BLE1.6.2.4
2026-03-18 19:52:15,614 [ERROR] Engine:466 - C:\Users\Xavi\.stm32cubemx\thirdparties\pdsc\STMicroelectronics.FP-SNS-MOTENV1.5.1.0.pdsc: PDSC version is not supported
2026-03-18 19:52:15,622 [WARN] PackLoader:240 - Cannot read IP mode file for STMicroelectronics.FP-SNS-FLIGHT1.5.0.2
2026-03-18 19:52:15,643 [WARN] PackLoader:240 - Cannot read IP mode file for STMicroelectronics.X-CUBE-AZRTOS-H7.3.4.0
2026-03-18 19:52:15,656 [WARN] PackLoader:240 - Cannot read IP mode file for STMicroelectronics.X-CUBE-DISPLAY.3.0.0
2026-03-18 19:52:15,666 [ERROR] Engine:466 - C:\Users\Xavi\.stm32cubemx\thirdparties\pdsc\STMicroelectronics.FP-SNS-MOTENVWB1.1.5.0.pdsc: PDSC version is not supported
2026-03-18 19:52:15,674 [WARN] PackLoader:240 - Cannot read IP mode file for STMicroelectronics.X-CUBE-BLE1.7.0.0
2026-03-18 19:52:15,685 [WARN] PackLoader:240 - Cannot read IP mode file for STMicroelectronics.X-CUBE-NFC10.1.0.0
2026-03-18 19:52:15,698 [WARN] PackLoader:240 - Cannot read IP mode file for STMicroelectronics.X-CUBE-BLEMGR.4.0.0
2026-03-18 19:52:15,708 [ERROR] Engine:466 - C:\Users\Xavi\.stm32cubemx\thirdparties\pdsc\STMicroelectronics.X-CUBE-ST60.1.1.0.pdsc: PDSC version is not supported
2026-03-18 19:52:15,718 [WARN] PackLoader:240 - Cannot read IP mode file for emotas.I-CUBE-CANOPEN.1.3.0
2026-03-18 19:52:15,727 [WARN] PackLoader:240 - Cannot read IP mode file for STMicroelectronics.X-CUBE-TOUCHGFX.4.22.0
2026-03-18 19:52:15,736 [WARN] PackLoader:240 - Cannot read IP mode file for STMicroelectronics.X-CUBE-GNSS1.7.1.0
2026-03-18 19:52:15,746 [WARN] PackLoader:240 - Cannot read IP mode file for STMicroelectronics.X-CUBE-TOUCHGFX.4.22.1
2026-03-18 19:52:15,757 [WARN] PackLoader:240 - Cannot read IP mode file for STMicroelectronics.X-CUBE-BLEMGR.3.1.0
2026-03-18 19:52:15,766 [WARN] PackLoader:240 - Cannot read IP mode file for STMicroelectronics.X-CUBE-AI.10.0.0
2026-03-18 19:52:15,775 [ERROR] Engine:466 - C:\Users\Xavi\.stm32cubemx\thirdparties\pdsc\STMicroelectronics.FP-SNS-STBOX1.2.1.0.pdsc: PDSC version is not supported
2026-03-18 19:52:15,785 [WARN] PackLoader:240 - Cannot read IP mode file for STMicroelectronics.FP-SNS-SMARTAG2.1.2.0
2026-03-18 19:52:15,793 [ERROR] Engine:466 - C:\Users\Xavi\.stm32cubemx\thirdparties\pdsc\STMicroelectronics.FP-SNS-FLIGHT1.5.1.0.pdsc: PDSC version is not supported
2026-03-18 19:52:15,833 [WARN] PackLoader:240 - Cannot read IP mode file for STMicroelectronics.X-CUBE-MEMS1.11.1.0
2026-03-18 19:52:15,920 [INFO] LogOutputStream:77 - [STDOUT_REDIRECT] 1 : Invalid condition id : UX_CORESTACK_Condition cause : null
2026-03-18 19:52:15,921 [INFO] LogOutputStream:77 - [STDOUT_REDIRECT] 1 : Invalid condition id : UX_CORESTACK_Condition cause : null
2026-03-18 19:52:15,922 [INFO] LogOutputStream:77 - [STDOUT_REDIRECT] 1 : Invalid condition id : UX_CORESTACK_Condition cause : null
2026-03-18 19:52:15,923 [INFO] LogOutputStream:77 - [STDOUT_REDIRECT] 1 : Invalid condition id : UX_CORESTACK_Condition cause : null
2026-03-18 19:52:15,924 [INFO] LogOutputStream:77 - [STDOUT_REDIRECT] 1 : Invalid condition id : UX_CORESTACK_Condition cause : null
2026-03-18 19:52:15,926 [WARN] PackLoader:240 - Cannot read IP mode file for STMicroelectronics.X-CUBE-AZRTOS-WL.2.0.0
2026-03-18 19:52:15,936 [WARN] PackLoader:240 - Cannot read IP mode file for STMicroelectronics.FP-SNS-MOTENV1.5.0.0
2026-03-18 19:52:15,957 [WARN] PackLoader:240 - Cannot read IP mode file for STMicroelectronics.X-CUBE-AZRTOS-H7RS.1.2.0
2026-03-18 19:52:15,967 [WARN] PackLoader:240 - Cannot read IP mode file for wolfSSL.I-CUBE-wolfMQTT.1.19.0
2026-03-18 19:52:15,978 [WARN] PackLoader:240 - Cannot read IP mode file for WES.I-CUBE-Cesium.1.3.0
2026-03-18 19:52:15,987 [WARN] PackLoader:240 - Cannot read IP mode file for STMicroelectronics.X-CUBE-BLE2.3.3.0
2026-03-18 19:52:15,994 [ERROR] Engine:466 - C:\Users\Xavi\.stm32cubemx\thirdparties\pdsc\Avnet-IOTCONNECT.X-CUBE-iotc-st67-sdk.1.0.0.pdsc: PDSC version is not supported
2026-03-18 19:52:16,003 [WARN] PackLoader:240 - Cannot read IP mode file for STMicroelectronics.X-CUBE-NFC9.1.0.0
2026-03-18 19:52:16,014 [WARN] PackLoader:240 - Cannot read IP mode file for STMicroelectronics.X-CUBE-BLE1.7.1.0
2026-03-18 19:52:16,025 [WARN] PackLoader:240 - Cannot read IP mode file for STMicroelectronics.X-CUBE-TCPP.4.1.0
2026-03-18 19:52:16,033 [ERROR] Engine:466 - C:\Users\Xavi\.stm32cubemx\thirdparties\pdsc\STMicroelectronics.X-CUBE-FREERTOS.1.4.0.pdsc: PDSC version is not supported
2026-03-18 19:52:16,042 [WARN] PackLoader:240 - Cannot read IP mode file for STMicroelectronics.X-CUBE-EEPRMA1.5.2.0
2026-03-18 19:52:16,051 [ERROR] Engine:466 - C:\Users\Xavi\.stm32cubemx\thirdparties\pdsc\STMicroelectronics.X-CUBE-ST67W61.1.1.0.pdsc: PDSC version is not supported
2026-03-18 19:52:16,060 [WARN] PackLoader:240 - Cannot read IP mode file for STMicroelectronics.X-CUBE-AI.10.1.0
2026-03-18 19:52:16,093 [WARN] PackLoader:240 - Cannot read IP mode file for STMicroelectronics.X-CUBE-MEMS1.12.0.0
2026-03-18 19:52:16,147 [WARN] PackLoader:240 - Cannot read IP mode file for STMicroelectronics.X-CUBE-ALGOBUILD.1.3.0
2026-03-18 19:52:16,165 [WARN] PackLoader:240 - Cannot read IP mode file for STMicroelectronics.X-CUBE-AZRTOS-G0.1.1.0
2026-03-18 19:52:16,176 [WARN] PackLoader:240 - Cannot read IP mode file for STMicroelectronics.X-CUBE-SAFEA1.1.2.2
2026-03-18 19:52:16,186 [WARN] PackLoader:240 - Cannot read IP mode file for STMicroelectronics.X-CUBE-NFC4.3.0.0
2026-03-18 19:52:16,197 [WARN] PackLoader:240 - Cannot read IP mode file for EmbeddedOffice.I-CUBE-FS-RTOS.1.0.1
2026-03-18 19:52:16,198 [ERROR] ConditionMgr:805 - Attr not supported : Dmpu
2026-03-18 19:52:16,198 [ERROR] ConditionMgr:805 - Attr not supported : Dmpu
2026-03-18 19:52:16,198 [ERROR] ConditionMgr:805 - Attr not supported : Dmpu
2026-03-18 19:52:16,198 [ERROR] ConditionMgr:805 - Attr not supported : Dmpu
2026-03-18 19:52:16,198 [ERROR] ConditionMgr:805 - Attr not supported : Dmpu
2026-03-18 19:52:16,198 [ERROR] ConditionMgr:805 - Attr not supported : Dmpu
2026-03-18 19:52:16,198 [ERROR] ConditionMgr:805 - Attr not supported : Dmpu
2026-03-18 19:52:16,198 [ERROR] ConditionMgr:805 - Attr not supported : Dmpu
2026-03-18 19:52:16,198 [ERROR] ConditionMgr:805 - Attr not supported : Dmpu
2026-03-18 19:52:16,198 [ERROR] ConditionMgr:805 - Attr not supported : Dmpu
2026-03-18 19:52:16,198 [ERROR] ConditionMgr:805 - Attr not supported : Dmpu
2026-03-18 19:52:16,198 [ERROR] ConditionMgr:805 - Attr not supported : Dmpu
2026-03-18 19:52:16,198 [ERROR] ConditionMgr:805 - Attr not supported : Dmpu
2026-03-18 19:52:16,198 [ERROR] ConditionMgr:805 - Attr not supported : Dmpu
2026-03-18 19:52:16,198 [ERROR] ConditionMgr:805 - Attr not supported : Dmpu
2026-03-18 19:52:16,198 [ERROR] ConditionMgr:805 - Attr not supported : Dmpu
2026-03-18 19:52:16,198 [ERROR] ConditionMgr:805 - Attr not supported : Dmpu
2026-03-18 19:52:16,198 [ERROR] ConditionMgr:805 - Attr not supported : Dmpu
2026-03-18 19:52:16,198 [ERROR] ConditionMgr:805 - Attr not supported : Dmpu
2026-03-18 19:52:16,198 [ERROR] ConditionMgr:805 - Attr not supported : Dmpu
2026-03-18 19:52:16,198 [ERROR] ConditionMgr:805 - Attr not supported : Dmpu
2026-03-18 19:52:16,198 [ERROR] ConditionMgr:805 - Attr not supported : Dmpu
2026-03-18 19:52:16,199 [ERROR] ConditionMgr:805 - Attr not supported : Dmpu
2026-03-18 19:52:16,199 [ERROR] ConditionMgr:805 - Attr not supported : Dmpu
2026-03-18 19:52:16,199 [ERROR] ConditionMgr:805 - Attr not supported : Dmpu
2026-03-18 19:52:16,199 [ERROR] ConditionMgr:805 - Attr not supported : Dmpu
2026-03-18 19:52:16,199 [ERROR] ConditionMgr:805 - Attr not supported : Dmpu
2026-03-18 19:52:16,199 [ERROR] ConditionMgr:805 - Attr not supported : Dmpu
2026-03-18 19:52:16,199 [ERROR] ConditionMgr:805 - Attr not supported : Dmpu
2026-03-18 19:52:16,199 [ERROR] ConditionMgr:805 - Attr not supported : Dmpu
2026-03-18 19:52:16,199 [ERROR] ConditionMgr:805 - Attr not supported : Dmpu
2026-03-18 19:52:16,199 [ERROR] ConditionMgr:805 - Attr not supported : Dmpu
2026-03-18 19:52:16,199 [ERROR] ConditionMgr:805 - Attr not supported : Dmpu
2026-03-18 19:52:16,199 [ERROR] ConditionMgr:805 - Attr not supported : Dmpu
2026-03-18 19:52:16,199 [ERROR] ConditionMgr:805 - Attr not supported : Dmpu
2026-03-18 19:52:16,199 [ERROR] ConditionMgr:805 - Attr not supported : Dmpu
2026-03-18 19:52:16,199 [ERROR] ConditionMgr:805 - Attr not supported : Dmpu
2026-03-18 19:52:16,199 [ERROR] ConditionMgr:805 - Attr not supported : Dmpu
2026-03-18 19:52:16,199 [ERROR] ConditionMgr:805 - Attr not supported : Dmpu
2026-03-18 19:52:16,199 [ERROR] ConditionMgr:805 - Attr not supported : Dmpu
2026-03-18 19:52:16,199 [ERROR] ConditionMgr:805 - Attr not supported : Dmpu
2026-03-18 19:52:16,199 [ERROR] ConditionMgr:805 - Attr not supported : Dmpu
2026-03-18 19:52:16,199 [ERROR] ConditionMgr:805 - Attr not supported : Dmpu
2026-03-18 19:52:16,199 [ERROR] ConditionMgr:805 - Attr not supported : Dmpu
2026-03-18 19:52:16,199 [ERROR] ConditionMgr:805 - Attr not supported : Dmpu
2026-03-18 19:52:16,199 [ERROR] ConditionMgr:805 - Attr not supported : Dmpu
2026-03-18 19:52:16,199 [ERROR] ConditionMgr:805 - Attr not supported : Dmpu
2026-03-18 19:52:16,199 [ERROR] ConditionMgr:805 - Attr not supported : Dmpu
2026-03-18 19:52:16,199 [ERROR] ConditionMgr:805 - Attr not supported : Dmpu
2026-03-18 19:52:16,199 [ERROR] ConditionMgr:805 - Attr not supported : Dmpu
2026-03-18 19:52:16,199 [ERROR] ConditionMgr:805 - Attr not supported : Dmpu
2026-03-18 19:52:16,200 [ERROR] ConditionMgr:805 - Attr not supported : Dmpu
2026-03-18 19:52:16,200 [ERROR] ConditionMgr:805 - Attr not supported : Dmpu
2026-03-18 19:52:16,200 [ERROR] ConditionMgr:805 - Attr not supported : Dmpu
2026-03-18 19:52:16,200 [ERROR] ConditionMgr:805 - Attr not supported : Dmpu
2026-03-18 19:52:16,200 [ERROR] ConditionMgr:805 - Attr not supported : Dmpu
2026-03-18 19:52:16,200 [ERROR] ConditionMgr:805 - Attr not supported : Dmpu
2026-03-18 19:52:16,200 [ERROR] ConditionMgr:805 - Attr not supported : Dmpu
2026-03-18 19:52:16,200 [ERROR] ConditionMgr:805 - Attr not supported : Dmpu
2026-03-18 19:52:16,200 [ERROR] ConditionMgr:805 - Attr not supported : Dmpu
2026-03-18 19:52:16,200 [ERROR] ConditionMgr:805 - Attr not supported : Dmpu
2026-03-18 19:52:16,200 [ERROR] ConditionMgr:805 - Attr not supported : Dmpu
2026-03-18 19:52:16,200 [ERROR] ConditionMgr:805 - Attr not supported : Dmpu
2026-03-18 19:52:16,200 [ERROR] ConditionMgr:805 - Attr not supported : Dmpu
2026-03-18 19:52:16,208 [WARN] PackLoader:240 - Cannot read IP mode file for STMicroelectronics.X-CUBE-WB05N.2.0.0
2026-03-18 19:52:16,218 [WARN] PackLoader:240 - Cannot read IP mode file for STMicroelectronics.X-CUBE-BLEMGR.3.0.0
2026-03-18 19:52:16,227 [ERROR] Engine:466 - C:\Users\Xavi\.stm32cubemx\thirdparties\pdsc\STMicroelectronics.X-CUBE-TCPP.4.2.0.pdsc: PDSC version is not supported
2026-03-18 19:52:16,235 [WARN] PackLoader:240 - Cannot read IP mode file for RealThread.X-CUBE-RT-Thread_Nano.4.1.1
2026-03-18 19:52:16,242 [WARN] PackLoader:240 - Cannot read IP mode file for STMicroelectronics.FP-ATR-SIGFOX1.3.2.0
2026-03-18 19:52:16,250 [WARN] ConditionMgr:438 - getConditionDescription Invalid condition id : Cortex-A Device cause : null
2026-03-18 19:52:16,262 [WARN] ConditionMgr:1039 - genDependencies : Invalid condition id : Cortex-A Device cause : null
2026-03-18 19:52:16,262 [WARN] ConditionMgr:1039 - genDependencies : Invalid condition id : Cortex-A Device cause : null
2026-03-18 19:52:16,262 [WARN] ConditionMgr:1039 - genDependencies : Invalid condition id : Cortex-A Device cause : null
2026-03-18 19:52:16,270 [WARN] PackLoader:240 - Cannot read IP mode file for STMicroelectronics.X-CUBE-EEPRMA1.5.1.0
2026-03-18 19:52:16,277 [ERROR] Engine:466 - C:\Users\Xavi\.stm32cubemx\thirdparties\pdsc\STMicroelectronics.X-CUBE-FREERTOS.1.5.0.pdsc: PDSC version is not supported
2026-03-18 19:52:16,286 [WARN] PackLoader:240 - Cannot read IP mode file for STMicroelectronics.X-CUBE-NFC6.3.2.0
2026-03-18 19:52:16,294 [ERROR] Engine:466 - C:\Users\Xavi\.stm32cubemx\thirdparties\pdsc\STMicroelectronics.X-CUBE-ST67W61.1.0.0.pdsc: PDSC version is not supported
2026-03-18 19:52:16,302 [WARN] PackLoader:240 - Cannot read IP mode file for STMicroelectronics.X-CUBE-AI.10.2.0
2026-03-18 19:52:16,330 [WARN] PackLoader:240 - Cannot read IP mode file for SEGGER.I-CUBE-embOS.1.3.1
2026-03-18 19:52:16,358 [WARN] PackLoader:240 - Cannot read IP mode file for STMicroelectronics.X-CUBE-ALGOBUILD.1.4.0
2026-03-18 19:52:16,393 [WARN] PackLoader:240 - Cannot read IP mode file for STMicroelectronics.X-CUBE-MEMS1.11.3.0
2026-03-18 19:52:16,474 [WARN] PackLoader:240 - Cannot read IP mode file for STMicroelectronics.X-CUBE-PM33A1.1.0.0
2026-03-18 19:52:16,483 [WARN] PackLoader:240 - Cannot read IP mode file for STMicroelectronics.X-CUBE-GNSS1.6.0.0
2026-03-18 19:52:16,500 [WARN] PackLoader:240 - Cannot read IP mode file for STMicroelectronics.X-CUBE-AZRTOS-F4.1.1.0
2026-03-18 19:52:16,509 [WARN] PackLoader:240 - Cannot read IP mode file for wolfSSL.I-CUBE-wolfSSL.5.6.3
2026-03-18 19:52:16,515 [ERROR] Engine:466 - C:\Users\Xavi\.stm32cubemx\thirdparties\pdsc\Avnet-IotConnect.X-CUBE-IoTC-DA16k-PMOD.1.0.0.pdsc: PDSC version is not supported
2026-03-18 19:52:16,523 [WARN] PackLoader:240 - Cannot read IP mode file for STMicroelectronics.X-CUBE-ISPU.2.1.0
2026-03-18 19:52:16,531 [ERROR] Engine:466 - C:\Users\Xavi\.stm32cubemx\thirdparties\pdsc\STMicroelectronics.X-CUBE-IPS.3.2.0.pdsc: PDSC version is not supported
2026-03-18 19:52:16,540 [WARN] PackLoader:240 - Cannot read IP mode file for STMicroelectronics.X-CUBE-FREERTOS.1.2.0
2026-03-18 19:52:16,548 [WARN] PackLoader:240 - Cannot read IP mode file for STMicroelectronics.X-CUBE-NFC12.1.0.0
2026-03-18 19:52:16,567 [WARN] PackLoader:240 - Cannot read IP mode file for STMicroelectronics.X-CUBE-AZRTOS-L5.2.0.0
2026-03-18 19:52:16,600 [WARN] PackLoader:240 - Cannot read IP mode file for STMicroelectronics.X-CUBE-MEMS1.9.6.0
2026-03-18 19:52:16,679 [WARN] PackLoader:240 - Cannot read IP mode file for STMicroelectronics.X-CUBE-EEPRMA1.4.2.0
2026-03-18 19:52:16,689 [WARN] PackLoader:240 - Cannot read IP mode file for STMicroelectronics.X-CUBE-NFC6.3.1.0
2026-03-18 19:52:16,700 [WARN] PackLoader:240 - Cannot read IP mode file for ITTIA_DB.I-CUBE-ITTIADB.8.8.0
2026-03-18 19:52:16,711 [WARN] PackLoader:240 - Cannot read IP mode file for STMicroelectronics.X-CUBE-BLEMGR.2.0.0
2026-03-18 19:52:16,719 [WARN] PackLoader:240 - Cannot read IP mode file for STMicroelectronics.X-CUBE-DPower.1.2.0
2026-03-18 19:52:16,727 [WARN] PackLoader:240 - Cannot read IP mode file for STMicroelectronics.X-CUBE-AI.9.0.0
2026-03-18 19:52:16,750 [WARN] ConditionMgr:438 - getConditionDescription Invalid condition id : UX DEVICE CLASS RTOS Condition cause : null
2026-03-18 19:52:16,750 [WARN] ConditionMgr:438 - getConditionDescription Invalid condition id : UX DEVICE CLASS RTOS Condition cause : null
2026-03-18 19:52:16,750 [WARN] PackLoader:240 - Cannot read IP mode file for STMicroelectronics.X-CUBE-AZRTOS-H7.3.1.0
2026-03-18 19:52:16,752 [WARN] ConditionMgr:1039 - genDependencies : Invalid condition id : UX DEVICE CLASS RTOS Condition cause : null
2026-03-18 19:52:16,752 [WARN] ConditionMgr:1039 - genDependencies : Invalid condition id : UX DEVICE CLASS RTOS Condition cause : null
2026-03-18 19:52:16,752 [WARN] ConditionMgr:1039 - genDependencies : Invalid condition id : UX DEVICE CLASS RTOS Condition cause : null
2026-03-18 19:52:16,752 [WARN] ConditionMgr:1039 - genDependencies : Invalid condition id : UX DEVICE CLASS RTOS Condition cause : null
2026-03-18 19:52:16,752 [WARN] ConditionMgr:1039 - genDependencies : Invalid condition id : UX DEVICE CLASS RTOS Condition cause : null
2026-03-18 19:52:16,761 [WARN] PackLoader:240 - Cannot read IP mode file for STMicroelectronics.X-CUBE-FREERTOS.1.3.1
2026-03-18 19:52:16,769 [WARN] PackLoader:240 - Cannot read IP mode file for STMicroelectronics.X-CUBE-FREERTOS.1.3.0
2026-03-18 19:52:16,776 [WARN] PackLoader:240 - Cannot read IP mode file for STMicroelectronics.X-CUBE-NFC7.1.0.1
2026-03-18 19:52:16,784 [WARN] PackLoader:240 - Cannot read IP mode file for wolfSSL.I-CUBE-wolfTPM.3.2.0
2026-03-18 19:52:16,792 [WARN] PackLoader:240 - Cannot read IP mode file for STMicroelectronics.X-CUBE-TOUCHGFX.4.26.0
2026-03-18 19:52:16,798 [WARN] PackLoader:240 - Cannot read IP mode file for STMicroelectronics.X-CUBE-NFC6.3.0.0
2026-03-18 19:52:16,808 [WARN] PackLoader:240 - Cannot read IP mode file for STMicroelectronics.X-CUBE-TOUCHGFX.4.26.1
2026-03-18 19:52:16,815 [WARN] PackLoader:240 - Cannot read IP mode file for STMicroelectronics.X-CUBE-EEPRMA1.4.1.0
2026-03-18 19:52:16,821 [ERROR] Engine:466 - C:\Users\Xavi\.stm32cubemx\thirdparties\pdsc\STMicroelectronics.FP-SNS-STAIOTCFT.1.0.0.pdsc: PDSC version is not supported
2026-03-18 19:52:16,829 [WARN] PackLoader:240 - Cannot read IP mode file for STMicroelectronics.X-CUBE-DPower.1.3.0
2026-03-18 19:52:16,835 [WARN] PackLoader:240 - Cannot read IP mode file for STMicroelectronics.X-CUBE-AI.8.1.0
2026-03-18 19:52:16,852 [WARN] ConditionMgr:438 - getConditionDescription Invalid condition id : LAN8742 Phy interface Condition cause : null
2026-03-18 19:52:16,852 [WARN] PackLoader:240 - Cannot read IP mode file for STMicroelectronics.X-CUBE-AZRTOS-L4.2.0.0
2026-03-18 19:52:16,854 [WARN] ConditionMgr:1039 - genDependencies : Invalid condition id : LAN8742 Phy interface Condition cause : null
2026-03-18 19:52:16,854 [WARN] ConditionMgr:1039 - genDependencies : Invalid condition id : LAN8742 Phy interface Condition cause : null
2026-03-18 19:52:16,854 [WARN] ConditionMgr:1039 - genDependencies : Invalid condition id : LAN8742 Phy interface Condition cause : null
2026-03-18 19:52:16,863 [WARN] PackLoader:240 - Cannot read IP mode file for STMicroelectronics.X-CUBE-SFXS2LP1.4.0.0
2026-03-18 19:52:16,870 [ERROR] Engine:466 - C:\Users\Xavi\.stm32cubemx\thirdparties\pdsc\STMicroelectronics.X-CUBE-ST67W61.1.2.0.pdsc: PDSC version is not supported
2026-03-18 19:52:16,878 [WARN] PackLoader:240 - Cannot read IP mode file for STMicroelectronics.X-CUBE-ISPU.1.1.0
2026-03-18 19:52:16,898 [WARN] PackLoader:240 - Cannot read IP mode file for STMicroelectronics.X-CUBE-AZRTOS-H7.3.3.0
2026-03-18 19:52:16,907 [ERROR] Engine:466 - C:\Users\Xavi\.stm32cubemx\thirdparties\pdsc\STMicroelectronics.X-CUBE-BLEMGR.4.1.0.pdsc: PDSC version is not supported
2026-03-18 19:52:16,921 [WARN] ConditionMgr:438 - getConditionDescription Invalid condition id : UX DEVICE CLASS RTOS Condition cause : null
2026-03-18 19:52:16,921 [WARN] ConditionMgr:438 - getConditionDescription Invalid condition id : UX DEVICE CLASS RTOS Condition cause : null
2026-03-18 19:52:16,921 [WARN] PackLoader:240 - Cannot read IP mode file for STMicroelectronics.X-CUBE-AZRTOS-WB.2.0.0
2026-03-18 19:52:16,921 [WARN] ConditionMgr:1039 - genDependencies : Invalid condition id : UX DEVICE CLASS RTOS Condition cause : null
2026-03-18 19:52:16,921 [WARN] ConditionMgr:1039 - genDependencies : Invalid condition id : UX DEVICE CLASS RTOS Condition cause : null
2026-03-18 19:52:16,921 [WARN] ConditionMgr:1039 - genDependencies : Invalid condition id : UX DEVICE CLASS RTOS Condition cause : null
2026-03-18 19:52:16,923 [WARN] ConditionMgr:1039 - genDependencies : Invalid condition id : UX DEVICE CLASS RTOS Condition cause : null
2026-03-18 19:52:16,923 [WARN] ConditionMgr:1039 - genDependencies : Invalid condition id : UX DEVICE CLASS RTOS Condition cause : null
2026-03-18 19:52:16,930 [WARN] PackLoader:240 - Cannot read IP mode file for STMicroelectronics.X-CUBE-FREERTOS.1.0.1
2026-03-18 19:52:16,937 [WARN] PackLoader:240 - Cannot read IP mode file for STMicroelectronics.X-CUBE-GNSS1.7.0.0
2026-03-18 19:52:16,944 [WARN] PackLoader:240 - Cannot read IP mode file for STMicroelectronics.X-CUBE-GNSS1.7.0.1
2026-03-18 19:52:16,951 [WARN] PackLoader:240 - Cannot read IP mode file for STMicroelectronics.X-CUBE-TOUCHGFX.4.25.0
2026-03-18 19:52:16,958 [WARN] PackLoader:240 - Cannot read IP mode file for STMicroelectronics.FP-SNS-STBOX1.2.0.0
2026-03-18 19:52:16,968 [WARN] PackLoader:240 - Cannot read IP mode file for STMicroelectronics.X-CUBE-STSE01.2.0.0
2026-03-18 19:52:16,982 [WARN] PackLoader:240 - Cannot read IP mode file for STMicroelectronics.X-CUBE-AZRTOS-L5.1.1.0
2026-03-18 19:52:16,990 [WARN] PackLoader:240 - Cannot read IP mode file for STMicroelectronics.X-CUBE-AI.8.0.1
2026-03-18 19:52:17,001 [WARN] PackLoader:240 - Cannot read IP mode file for STMicroelectronics.X-CUBE-SUBG2.5.0.0
2026-03-18 19:52:17,021 [WARN] PackLoader:240 - Cannot read IP mode file for STMicroelectronics.X-CUBE-AZRTOS-H7RS.1.1.0
2026-03-18 19:52:17,031 [WARN] PackLoader:240 - Cannot read IP mode file for Cesanta.I-CUBE-Mongoose.7.13.0
2026-03-18 19:52:17,041 [WARN] PackLoader:240 - Cannot read IP mode file for STMicroelectronics.X-CUBE-TOF1.3.3.1
2026-03-18 19:52:17,059 [WARN] PackLoader:240 - Cannot read IP mode file for STMicroelectronics.X-CUBE-AZRTOS-G4.2.0.0
2026-03-18 19:52:17,071 [WARN] PackLoader:240 - Cannot read IP mode file for Infineon.AIROC-Wi-Fi-Bluetooth-STM32.1.5.1
2026-03-18 19:52:17,079 [WARN] PackLoader:240 - Cannot read IP mode file for STMicroelectronics.FP-SNS-MOTENVWB1.1.3.0
2026-03-18 19:52:17,087 [WARN] PackLoader:240 - Cannot read IP mode file for STMicroelectronics.X-CUBE-NFC7.2.0.0
2026-03-18 19:52:17,094 [WARN] PackLoader:240 - Cannot read IP mode file for STMicroelectronics.FP-SNS-MOTENVWB1.1.3.1
2026-03-18 19:52:17,101 [WARN] PackLoader:240 - Cannot read IP mode file for STMicroelectronics.X-CUBE-ISPU.2.0.0
2026-03-18 19:52:17,108 [ERROR] Engine:466 - C:\Users\Xavi\.stm32cubemx\thirdparties\pdsc\STMicroelectronics.X-CUBE-IPS.3.1.0.pdsc: PDSC version is not supported
2026-03-18 19:52:17,116 [WARN] PackLoader:240 - Cannot read IP mode file for STMicroelectronics.X-CUBE-ALS.1.0.2
2026-03-18 19:52:17,143 [WARN] PackLoader:240 - Cannot read IP mode file for STMicroelectronics.X-CUBE-MEMS1.10.0.0
2026-03-18 19:52:17,204 [WARN] PackLoader:240 - Cannot read IP mode file for STMicroelectronics.X-CUBE-FREERTOS.1.1.0
2026-03-18 19:52:17,212 [WARN] PackLoader:240 - Cannot read IP mode file for STMicroelectronics.X-CUBE-TOUCHGFX.4.24.0
2026-03-18 19:52:17,219 [WARN] PackLoader:240 - Cannot read IP mode file for STMicroelectronics.X-CUBE-TOUCHGFX.4.24.2
2026-03-18 19:52:17,225 [WARN] PackLoader:240 - Cannot read IP mode file for STMicroelectronics.X-CUBE-TOUCHGFX.4.24.1
2026-03-18 19:52:17,233 [WARN] PackLoader:240 - Cannot read IP mode file for STMicroelectronics.X-CUBE-STSE01.1.0.0
2026-03-18 19:52:17,241 [WARN] PackLoader:240 - Cannot read IP mode file for portGmbH.I-Cube-SoM-uGOAL.1.1.0
2026-03-18 19:52:17,248 [WARN] PackLoader:240 - Cannot read IP mode file for STMicroelectronics.X-CUBE-ALS.1.0.1
2026-03-18 19:52:17,260 [WARN] PackLoader:240 - Cannot read IP mode file for STMicroelectronics.X-CUBE-AZRTOS-WB.1.1.0
2026-03-18 19:52:17,276 [WARN] PackLoader:240 - Cannot read IP mode file for STMicroelectronics.X-CUBE-AZRTOS-H7RS.1.0.0
2026-03-18 19:52:17,283 [WARN] PackLoader:240 - Cannot read IP mode file for STMicroelectronics.FP-ATR-ASTRA1.2.0.0
2026-03-18 19:52:17,293 [WARN] PackLoader:240 - Cannot read IP mode file for STMicroelectronics.X-CUBE-TOF1.3.4.2
2026-03-18 19:52:17,305 [ERROR] Engine:466 - C:\Users\Xavi\.stm32cubemx\thirdparties\pdsc\STMicroelectronics.X-CUBE-TOF1.3.4.3.pdsc: PDSC version is not supported
2026-03-18 19:52:17,314 [WARN] PackLoader:240 - Cannot read IP mode file for STMicroelectronics.X-CUBE-TOF1.3.4.0
2026-03-18 19:52:17,328 [WARN] PackLoader:240 - Cannot read IP mode file for STMicroelectronics.X-CUBE-TOF1.3.4.1
2026-03-18 19:52:17,350 [WARN] PackLoader:240 - Cannot read IP mode file for STMicroelectronics.X-CUBE-AZRTOS-H7.3.2.0
2026-03-18 19:52:17,360 [WARN] PackLoader:240 - Cannot read IP mode file for wolfSSL.I-CUBE-wolfSSH.1.4.17
2026-03-18 19:52:17,360 [INFO] ThirdParty:978 - Integrity check success = true
2026-03-18 19:52:17,360 [INFO] IntegrityCheckThread:100 - exiting critical section [integrity check]
2026-03-18 19:52:17,361 [INFO] IntegrityCheckThread:103 - End integrity checks thread
2026-03-18 19:52:35,109 [ERROR] LogOutputStream:75 - [STDERR_REDIRECT] SLF4J: Failed to load class "org.slf4j.impl.StaticLoggerBinder".
2026-03-18 19:52:35,110 [ERROR] LogOutputStream:75 - [STDERR_REDIRECT] SLF4J: Defaulting to no-operation (NOP) logger implementation
2026-03-18 19:52:35,110 [ERROR] LogOutputStream:75 - [STDERR_REDIRECT] SLF4J: See http://www.slf4j.org/codes.html#StaticLoggerBinder for further details.
2026-03-18 20:32:22,055 [ERROR] LogOutputStream:75 - [STDERR_REDIRECT] 
