2026-03-17 18:32:53,648 [INFO] Activator:176 - 


2026-03-17 18:32:53,651 [INFO] Activator:177 - !SESSION log4j initialized
2026-03-17 18:32:58,070 [INFO] LogOutputStream:77 - [STDOUT_REDIRECT] 
2026-03-17 18:33:03,819 [INFO] ApplicationProperties:184 - Using Application install path: C:\ST\STM32CubeIDE_1.13.0\STM32CubeIDE\plugins\com.st.stm32cube.common.mx_6.10.0.202311202037
2026-03-17 18:33:03,830 [INFO] DbMcusXml:78 - Set database path to: C:\ST\STM32CubeIDE_1.13.0\STM32CubeIDE\plugins\com.st.stm32cube.common.mx_6.10.0.202311202037\\db\/mcu/
2026-03-17 18:33:03,830 [INFO] ApiDb:274 - Set plugin database path to: C:\ST\STM32CubeIDE_1.13.0\STM32CubeIDE\plugins\com.st.stm32cube.common.mx_6.10.0.202311202037\\db\/plugins/boardmanager/
2026-03-17 18:33:03,831 [WARN] ApiDb:259 - Overriding images path with different value:  => C:\ST\STM32CubeIDE_1.13.0\STM32CubeIDE\plugins\com.st.stm32cube.common.mx_6.10.0.202311202037\\db\/plugins/mcufinder/images/
2026-03-17 18:33:03,841 [INFO] ApiDb:250 - Set database path to: C:\Users\Xavi\.stmcufinder\plugins\mcufinder//mcu/
2026-03-17 18:33:03,842 [INFO] DbMcusAds:125 - Set database path to: C:\Users\Xavi\.stmcufinder\plugins\mcufinder//mcu/
2026-03-17 18:33:03,843 [INFO] CrossReferenceDbSqlite:203 - Set database path to: C:\Users\Xavi\.stmcufinder\plugins\mcufinder//mcu/cs/
2026-03-17 18:33:03,939 [INFO] RulesReader:64 - Compatibility file has been processed (297 Rules)
2026-03-17 18:33:04,018 [INFO] DbMcusXml:78 - Set database path to: C:\ST\STM32CubeIDE_1.13.0\STM32CubeIDE\plugins\com.st.stm32cube.common.mx_6.10.0.202311202037\\db\/mcu/
2026-03-17 18:33:04,018 [INFO] ApiDb:274 - Set plugin database path to: C:\ST\STM32CubeIDE_1.13.0\STM32CubeIDE\plugins\com.st.stm32cube.common.mx_6.10.0.202311202037\\db\/plugins/boardmanager/
2026-03-17 18:33:04,018 [INFO] ApiDb:261 - Set plugin images path to: C:\ST\STM32CubeIDE_1.13.0\STM32CubeIDE\plugins\com.st.stm32cube.common.mx_6.10.0.202311202037\\db\/plugins/mcufinder/images/
2026-03-17 18:33:04,018 [WARN] DbFile:41 - Overriding database path with different value: C:\Users\Xavi\.stmcufinder\plugins\mcufinder/ => C:\Users\Xavi\.stmcufinder\plugins\mcufinder
2026-03-17 18:33:04,018 [INFO] ApiDb:250 - Set database path to: C:\Users\Xavi\.stmcufinder\plugins\mcufinder//mcu/
2026-03-17 18:33:04,018 [WARN] DbFile:41 - Overriding database path with different value: C:\Users\Xavi\.stmcufinder\plugins\mcufinder/ => C:\Users\Xavi\.stmcufinder\plugins\mcufinder
2026-03-17 18:33:04,018 [INFO] DbMcusAds:125 - Set database path to: C:\Users\Xavi\.stmcufinder\plugins\mcufinder//mcu/
2026-03-17 18:33:04,018 [WARN] DbFile:41 - Overriding database path with different value: C:\Users\Xavi\.stmcufinder\plugins\mcufinder/ => C:\Users\Xavi\.stmcufinder\plugins\mcufinder
2026-03-17 18:33:04,018 [WARN] DbFile:41 - Overriding database path with different value: C:\Users\Xavi\.stmcufinder\plugins\mcufinder/ => C:\Users\Xavi\.stmcufinder\plugins\mcufinder
2026-03-17 18:33:04,018 [INFO] CrossReferenceDbSqlite:203 - Set database path to: C:\Users\Xavi\.stmcufinder\plugins\mcufinder//mcu/cs/
2026-03-17 18:33:04,065 [INFO] MainPanel:264 - HeapMemory: 268435456
2026-03-17 18:33:04,121 [INFO] DbMcusXml:78 - Set database path to: C:\ST\STM32CubeIDE_1.13.0\STM32CubeIDE\plugins\com.st.stm32cube.common.mx_6.10.0.202311202037\\db\/mcu/
2026-03-17 18:33:04,121 [INFO] ApiDb:274 - Set plugin database path to: C:\ST\STM32CubeIDE_1.13.0\STM32CubeIDE\plugins\com.st.stm32cube.common.mx_6.10.0.202311202037\\db\/plugins/boardmanager/
2026-03-17 18:33:04,121 [INFO] ApiDb:261 - Set plugin images path to: C:\ST\STM32CubeIDE_1.13.0\STM32CubeIDE\plugins\com.st.stm32cube.common.mx_6.10.0.202311202037\\db\/plugins/mcufinder/images/
2026-03-17 18:33:04,121 [WARN] DbFile:41 - Overriding database path with different value: C:\Users\Xavi\.stmcufinder\plugins\mcufinder/ => C:\Users\Xavi\.stmcufinder\plugins\mcufinder
2026-03-17 18:33:04,121 [INFO] ApiDb:250 - Set database path to: C:\Users\Xavi\.stmcufinder\plugins\mcufinder//mcu/
2026-03-17 18:33:04,121 [WARN] DbFile:41 - Overriding database path with different value: C:\Users\Xavi\.stmcufinder\plugins\mcufinder/ => C:\Users\Xavi\.stmcufinder\plugins\mcufinder
2026-03-17 18:33:04,121 [INFO] DbMcusAds:125 - Set database path to: C:\Users\Xavi\.stmcufinder\plugins\mcufinder//mcu/
2026-03-17 18:33:04,121 [WARN] DbFile:41 - Overriding database path with different value: C:\Users\Xavi\.stmcufinder\plugins\mcufinder/ => C:\Users\Xavi\.stmcufinder\plugins\mcufinder
2026-03-17 18:33:04,121 [WARN] DbFile:41 - Overriding database path with different value: C:\Users\Xavi\.stmcufinder\plugins\mcufinder/ => C:\Users\Xavi\.stmcufinder\plugins\mcufinder
2026-03-17 18:33:04,121 [INFO] CrossReferenceDbSqlite:203 - Set database path to: C:\Users\Xavi\.stmcufinder\plugins\mcufinder//mcu/cs/
2026-03-17 18:33:04,132 [INFO] ApplicationProperties:184 - Using Application install path: C:\ST\STM32CubeIDE_1.13.0\STM32CubeIDE\plugins\com.st.stm32cube.common.mx_6.10.0.202311202037
2026-03-17 18:33:04,133 [INFO] PluginManage:196 - Search for loadable plugins [exclusion list=, ]
2026-03-17 18:33:04,134 [INFO] PluginManage:310 - Check plugin analytics
2026-03-17 18:33:09,231 [INFO] AnalyticsPlugin:253 - Accepted Software Licenses: STM32CubeMX.6.9.0
2026-03-17 18:33:09,231 [INFO] AnalyticsPlugin:255 - Accepted CMSIS Pack Licenses: 
2026-03-17 18:33:09,232 [INFO] AnalyticsPlugin:257 - Accepted Firmware Licenses: FW.F4.1.27.0,FW.H5.1.1.0
2026-03-17 18:33:09,234 [INFO] PluginManage:359 - Loaded plugin analytics (category:tool,tabindex:-1)
2026-03-17 18:33:09,234 [INFO] PluginManage:310 - Check plugin cadmodel
2026-03-17 18:33:09,245 [INFO] CADModel:105 - Init CAD model plugin
2026-03-17 18:33:09,246 [INFO] PluginManage:359 - Loaded plugin cadmodel (category:power,tabindex:5)
2026-03-17 18:33:09,246 [INFO] PluginManage:310 - Check plugin clock
2026-03-17 18:33:09,259 [INFO] PluginManage:359 - Loaded plugin clock (category:base,tabindex:2)
2026-03-17 18:33:09,259 [INFO] PluginManage:310 - Check plugin ddr
2026-03-17 18:33:09,260 [INFO] PluginManage:359 - Loaded plugin ddr (category:tool,tabindex:6)
2026-03-17 18:33:09,261 [INFO] PluginManage:310 - Check plugin filemanager
2026-03-17 18:33:09,336 [INFO] PluginManage:359 - Loaded plugin filemanager (category:base,tabindex:10)
2026-03-17 18:33:09,336 [INFO] PluginManage:310 - Check plugin ipmanager
2026-03-17 18:33:09,340 [INFO] PluginManage:359 - Loaded plugin ipmanager (category:base,tabindex:5)
2026-03-17 18:33:09,340 [INFO] PluginManage:310 - Check plugin lpbam
2026-03-17 18:33:09,353 [INFO] PluginManage:359 - Loaded plugin lpbam (category:base,tabindex:0)
2026-03-17 18:33:09,353 [INFO] PluginManage:310 - Check plugin memorymap
2026-03-17 18:33:09,368 [INFO] PluginManage:359 - Loaded plugin memorymap (category:base,tabindex:4)
2026-03-17 18:33:09,368 [INFO] PluginManage:310 - Check plugin pinoutandconfiguration
2026-03-17 18:33:09,379 [INFO] PluginManage:359 - Loaded plugin pinoutandconfiguration (category:base,tabindex:1)
2026-03-17 18:33:09,379 [INFO] PluginManage:310 - Check plugin pinoutconfig
2026-03-17 18:33:09,431 [WARN] SupportedApi:132 - Cannot load RTOS API schema: s4s-elt-must-match.1: The content of 'definitions' must match (annotation?, (simpleType | complexType)?, (unique | key | keyref)*)). A problem was found starting at: attribute.
2026-03-17 18:33:09,502 [INFO] PluginManage:359 - Loaded plugin pinoutconfig (category:base,tabindex:0)
2026-03-17 18:33:09,503 [INFO] PluginManage:310 - Check plugin power
2026-03-17 18:33:09,516 [INFO] PluginManage:359 - Loaded plugin power (category:power,tabindex:4)
2026-03-17 18:33:09,516 [INFO] PluginManage:310 - Check plugin projectmanager
2026-03-17 18:33:09,525 [INFO] PluginManage:359 - Loaded plugin projectmanager (category:projectmanager,tabindex:3)
2026-03-17 18:33:09,525 [INFO] PluginManage:310 - Check plugin thirdparty
2026-03-17 18:33:09,720 [INFO] PluginManage:359 - Loaded plugin thirdparty (category:base,tabindex:-1)
2026-03-17 18:33:09,720 [INFO] PluginManage:310 - Check plugin tools
2026-03-17 18:33:09,720 [WARN] IntegrityCheckThread:84 - waiting for thirdparty lock release [integrity check]
2026-03-17 18:33:09,720 [INFO] IntegrityCheckThread:86 - entering critical section [integrity check]
2026-03-17 18:33:09,720 [INFO] ThirdPartyUpdaterWithRetryManager:70 - Updater plugin not ready yet. [1/15]
2026-03-17 18:33:09,748 [INFO] PluginManage:359 - Loaded plugin tools (category:base,tabindex:7)
2026-03-17 18:33:09,748 [INFO] PluginManage:310 - Check plugin tutovideos
2026-03-17 18:33:09,902 [INFO] PluginManage:359 - Loaded plugin tutovideos (category:base,tabindex:-1)
2026-03-17 18:33:09,902 [INFO] PluginManage:310 - Check plugin updater
2026-03-17 18:33:09,910 [INFO] PluginManage:359 - Loaded plugin updater (category:base,tabindex:12)
2026-03-17 18:33:09,910 [INFO] PluginManage:310 - Check plugin userauth
2026-03-17 18:33:09,914 [INFO] UserAuth:114 - Init User Auth plugin
2026-03-17 18:33:09,914 [INFO] PluginManage:359 - Loaded plugin userauth (category:base,tabindex:14)
2026-03-17 18:33:09,914 [INFO] PluginManage:283 - PluginManage : Loaded plugins [17]
2026-03-17 18:33:10,049 [INFO] PinOutPanel:1499 - setPackage(No Configuration,No Configuration)
2026-03-17 18:33:10,090 [INFO] CADModel:165 - CPN selected for project level
2026-03-17 18:33:10,090 [INFO] CADModel:114 - Register for checkConnection events
2026-03-17 18:33:10,109 [INFO] IPUIPlugin:80 - create IPUIPlugin
2026-03-17 18:33:10,110 [INFO] PluginManager:220 - loadIPPluginJar : add adc
2026-03-17 18:33:10,135 [INFO] IPUIPlugin:80 - create IPUIPlugin
2026-03-17 18:33:10,135 [INFO] PluginManager:220 - loadIPPluginJar : add aes
2026-03-17 18:33:10,161 [INFO] IPUIPlugin:80 - create IPUIPlugin
2026-03-17 18:33:10,161 [INFO] PluginManager:220 - loadIPPluginJar : add can
2026-03-17 18:33:10,179 [INFO] IPUIPlugin:80 - create IPUIPlugin
2026-03-17 18:33:10,179 [INFO] PluginManager:220 - loadIPPluginJar : add comp
2026-03-17 18:33:10,200 [INFO] IPUIPlugin:80 - create IPUIPlugin
2026-03-17 18:33:10,200 [INFO] PluginManager:220 - loadIPPluginJar : add cryp
2026-03-17 18:33:10,219 [INFO] IPUIPlugin:80 - create IPUIPlugin
2026-03-17 18:33:10,219 [INFO] PluginManager:220 - loadIPPluginJar : add dfsdm
2026-03-17 18:33:10,229 [INFO] IPUIPlugin:80 - create IPUIPlugin
2026-03-17 18:33:10,229 [INFO] PluginManager:220 - loadIPPluginJar : add dma
2026-03-17 18:33:10,257 [INFO] IPUIPlugin:80 - create IPUIPlugin
2026-03-17 18:33:10,257 [INFO] PluginManager:220 - loadIPPluginJar : add dma3
2026-03-17 18:33:10,270 [INFO] IPUIPlugin:80 - create IPUIPlugin
2026-03-17 18:33:10,270 [INFO] PluginManager:220 - loadIPPluginJar : add fatfs
2026-03-17 18:33:10,302 [INFO] IPUIPlugin:80 - create IPUIPlugin
2026-03-17 18:33:10,302 [INFO] PluginManager:220 - loadIPPluginJar : add fmc
2026-03-17 18:33:10,312 [INFO] IPUIPlugin:80 - create IPUIPlugin
2026-03-17 18:33:10,312 [INFO] PluginManager:220 - loadIPPluginJar : add freertos
2026-03-17 18:33:10,325 [INFO] IPUIPlugin:80 - create IPUIPlugin
2026-03-17 18:33:10,325 [INFO] PluginManager:220 - loadIPPluginJar : add genericplugin
2026-03-17 18:33:10,384 [INFO] IPUIPlugin:80 - create IPUIPlugin
2026-03-17 18:33:10,385 [INFO] PluginManager:220 - loadIPPluginJar : add gfxmmu
2026-03-17 18:33:10,467 [INFO] IPUIPlugin:80 - create IPUIPlugin
2026-03-17 18:33:10,467 [INFO] PluginManager:220 - loadIPPluginJar : add gic
2026-03-17 18:33:10,475 [INFO] IPUIPlugin:80 - create IPUIPlugin
2026-03-17 18:33:10,475 [INFO] PluginManager:220 - loadIPPluginJar : add gpio
2026-03-17 18:33:10,539 [INFO] IPUIPlugin:80 - create IPUIPlugin
2026-03-17 18:33:10,539 [INFO] PluginManager:220 - loadIPPluginJar : add gtzc
2026-03-17 18:33:10,562 [INFO] IPUIPlugin:80 - create IPUIPlugin
2026-03-17 18:33:10,562 [INFO] PluginManager:220 - loadIPPluginJar : add hash
2026-03-17 18:33:10,596 [INFO] IPUIPlugin:80 - create IPUIPlugin
2026-03-17 18:33:10,596 [INFO] PluginManager:220 - loadIPPluginJar : add i2c
2026-03-17 18:33:10,621 [INFO] IPUIPlugin:80 - create IPUIPlugin
2026-03-17 18:33:10,621 [INFO] PluginManager:220 - loadIPPluginJar : add i2s
2026-03-17 18:33:10,648 [INFO] IPUIPlugin:80 - create IPUIPlugin
2026-03-17 18:33:10,648 [INFO] PluginManager:220 - loadIPPluginJar : add i3c
2026-03-17 18:33:10,718 [INFO] IPUIPlugin:80 - create IPUIPlugin
2026-03-17 18:33:10,718 [INFO] PluginManager:220 - loadIPPluginJar : add ipddr
2026-03-17 18:33:10,777 [INFO] IPUIPlugin:80 - create IPUIPlugin
2026-03-17 18:33:10,777 [INFO] PluginManager:220 - loadIPPluginJar : add linkedlist
2026-03-17 18:33:10,800 [INFO] IPUIPlugin:80 - create IPUIPlugin
2026-03-17 18:33:10,800 [INFO] PluginManager:220 - loadIPPluginJar : add lorawan
2026-03-17 18:33:10,824 [INFO] IPUIPlugin:80 - create IPUIPlugin
2026-03-17 18:33:10,824 [INFO] PluginManager:220 - loadIPPluginJar : add ltdc
2026-03-17 18:33:10,833 [INFO] IPUIPlugin:80 - create IPUIPlugin
2026-03-17 18:33:10,833 [INFO] PluginManager:220 - loadIPPluginJar : add mdma
2026-03-17 18:33:10,841 [INFO] IPUIPlugin:80 - create IPUIPlugin
2026-03-17 18:33:10,841 [INFO] PluginManager:220 - loadIPPluginJar : add nvic
2026-03-17 18:33:10,866 [INFO] IPUIPlugin:80 - create IPUIPlugin
2026-03-17 18:33:10,866 [INFO] PluginManager:220 - loadIPPluginJar : add opamp
2026-03-17 18:33:10,906 [INFO] IPUIPlugin:80 - create IPUIPlugin
2026-03-17 18:33:10,906 [INFO] PluginManager:220 - loadIPPluginJar : add openamp
2026-03-17 18:33:10,933 [INFO] IPUIPlugin:80 - create IPUIPlugin
2026-03-17 18:33:10,934 [INFO] PluginManager:220 - loadIPPluginJar : add pdm2pcm
2026-03-17 18:33:10,943 [INFO] IPUIPlugin:80 - create IPUIPlugin
2026-03-17 18:33:10,945 [INFO] PluginManager:220 - loadIPPluginJar : add plateformsettings
2026-03-17 18:33:10,959 [INFO] IPUIPlugin:80 - create IPUIPlugin
2026-03-17 18:33:10,959 [INFO] PluginManager:220 - loadIPPluginJar : add quadspi
2026-03-17 18:33:10,968 [INFO] IPUIPlugin:80 - create IPUIPlugin
2026-03-17 18:33:10,968 [INFO] PluginManager:220 - loadIPPluginJar : add resmgrutility
2026-03-17 18:33:10,998 [INFO] IPUIPlugin:80 - create IPUIPlugin
2026-03-17 18:33:10,998 [INFO] PluginManager:220 - loadIPPluginJar : add sai
2026-03-17 18:33:11,021 [INFO] IPUIPlugin:80 - create IPUIPlugin
2026-03-17 18:33:11,021 [INFO] PluginManager:220 - loadIPPluginJar : add spi
2026-03-17 18:33:11,066 [INFO] IPUIPlugin:80 - create IPUIPlugin
2026-03-17 18:33:11,066 [INFO] PluginManager:220 - loadIPPluginJar : add stm32_wpan
2026-03-17 18:33:11,082 [INFO] IPUIPlugin:80 - create IPUIPlugin
2026-03-17 18:33:11,082 [INFO] PluginManager:220 - loadIPPluginJar : add tim
2026-03-17 18:33:11,118 [INFO] IPUIPlugin:80 - create IPUIPlugin
2026-03-17 18:33:11,118 [INFO] PluginManager:220 - loadIPPluginJar : add touchsensing
2026-03-17 18:33:11,131 [INFO] IPUIPlugin:80 - create IPUIPlugin
2026-03-17 18:33:11,131 [INFO] PluginManager:220 - loadIPPluginJar : add tracer_emb
2026-03-17 18:33:11,146 [INFO] IPUIPlugin:80 - create IPUIPlugin
2026-03-17 18:33:11,146 [INFO] PluginManager:220 - loadIPPluginJar : add ts
2026-03-17 18:33:11,160 [INFO] IPUIPlugin:80 - create IPUIPlugin
2026-03-17 18:33:11,160 [INFO] PluginManager:220 - loadIPPluginJar : add tsc
2026-03-17 18:33:11,174 [INFO] IPUIPlugin:80 - create IPUIPlugin
2026-03-17 18:33:11,174 [INFO] PluginManager:220 - loadIPPluginJar : add ucpd
2026-03-17 18:33:11,201 [INFO] IPUIPlugin:80 - create IPUIPlugin
2026-03-17 18:33:11,201 [INFO] PluginManager:220 - loadIPPluginJar : add usart
2026-03-17 18:33:11,229 [INFO] IPUIPlugin:80 - create IPUIPlugin
2026-03-17 18:33:11,229 [INFO] PluginManager:220 - loadIPPluginJar : add usbx
2026-03-17 18:33:11,331 [INFO] CADModel:165 - CPN selected for project level
2026-03-17 18:33:11,331 [INFO] CADModel:114 - Register for checkConnection events
2026-03-17 18:33:11,331 [FATAL] Updater:308 - Updater called before beeing initialized
2026-03-17 18:33:11,331 [ERROR] CADModel:125 - Updater not yet initialized, retry later 
2026-03-17 18:33:11,409 [INFO] CADModel:165 - CPN selected for project level
2026-03-17 18:33:11,409 [INFO] CADModel:114 - Register for checkConnection events
2026-03-17 18:33:11,409 [FATAL] Updater:308 - Updater called before beeing initialized
2026-03-17 18:33:11,409 [ERROR] CADModel:125 - Updater not yet initialized, retry later 
2026-03-17 18:33:11,411 [FATAL] Updater:308 - Updater called before beeing initialized
2026-03-17 18:33:11,463 [FATAL] Updater:308 - Updater called before beeing initialized
2026-03-17 18:33:11,473 [INFO] DbMcusAds:53 - JSON generation date=Thu Mar 05 15:32:53 CET 2026 (1772721173050)
2026-03-17 18:33:11,473 [FATAL] Updater:308 - Updater called before beeing initialized
2026-03-17 18:33:11,526 [WARN] DetailPanel:346 - Failed to get advertising image, set to default
2026-03-17 18:33:11,592 [FATAL] Updater:308 - Updater called before beeing initialized
2026-03-17 18:33:11,593 [FATAL] Updater:308 - Updater called before beeing initialized
2026-03-17 18:33:11,593 [FATAL] Updater:308 - Updater called before beeing initialized
2026-03-17 18:33:11,593 [WARN] DetailPanel:346 - Failed to get advertising image, set to default
2026-03-17 18:33:11,594 [FATAL] Updater:308 - Updater called before beeing initialized
2026-03-17 18:33:11,628 [ERROR] Updater:1120 - MainUpdater not yet initialized. External WinMGr cannot be set.
2026-03-17 18:33:11,636 [INFO] Updater:1056 - Updater Version found : 6.10.0
2026-03-17 18:33:11,647 [INFO] ApplicationProperties:184 - Using Application install path: C:\ST\STM32CubeIDE_1.13.0\STM32CubeIDE\plugins\com.st.stm32cube.common.mx_6.10.0.202311202037
2026-03-17 18:33:12,142 [INFO] MainUpdater:2873 - connection check result : 10
2026-03-17 18:33:12,143 [INFO] MainUpdater:290 - Updater Check For Update Now.
2026-03-17 18:33:12,143 [INFO] MicroXplorer:498 - Change Database Version : DB.6.0.100
2026-03-17 18:33:12,153 [INFO] McuFinderGlobals:63 - Set McuFinder mode to 2 (CubeIDE integrated)
2026-03-17 18:33:12,160 [INFO] UserAuth:404 - Internet connection configuration mode: 1
2026-03-17 18:33:12,190 [INFO] JxBrowserEngine:152 - Initiate JxBrowser Engine with user profile folder
2026-03-17 18:33:12,324 [INFO] CheckServerUpdateThread:120 - End of CheckServer Thread
2026-03-17 18:33:12,932 [WARN] PackLoader:240 - Cannot read IP mode file for STMicroelectronics.X-CUBE-AZRTOS-H7.3.5.0
2026-03-17 18:33:12,944 [WARN] PackLoader:240 - Cannot read IP mode file for STMicroelectronics.FP-SNS-MOTENVWB1.1.4.0
2026-03-17 18:33:12,953 [WARN] PackLoader:240 - Cannot read IP mode file for STMicroelectronics.FP-ATR-ASTRA1.2.0.2
2026-03-17 18:33:12,959 [WARN] PackLoader:240 - Cannot read IP mode file for STMicroelectronics.FP-ATR-ASTRA1.2.0.1
2026-03-17 18:33:12,967 [WARN] PackLoader:240 - Cannot read IP mode file for STMicroelectronics.X-CUBE-SMBUS.2.1.0
2026-03-17 18:33:12,976 [WARN] PackLoader:240 - Cannot read IP mode file for STMicroelectronics.X-CUBE-WB05N.1.1.0
2026-03-17 18:33:12,982 [ERROR] Engine:466 - C:\Users\Xavi\.stm32cubemx\thirdparties\pdsc\STMicroelectronics.X-CUBE-ST60.1.0.0.pdsc: PDSC version is not supported
2026-03-17 18:33:12,989 [WARN] PackLoader:240 - Cannot read IP mode file for STMicroelectronics.X-CUBE-TOUCHGFX.4.23.0
2026-03-17 18:33:13,008 [WARN] PackLoader:240 - Cannot read IP mode file for STMicroelectronics.X-CUBE-AZRTOS-F7.1.1.0
2026-03-17 18:33:13,017 [WARN] PackLoader:240 - Cannot read IP mode file for STMicroelectronics.FP-SNS-MOTENV1.4.3.2
2026-03-17 18:33:13,046 [WARN] PackLoader:240 - Cannot read IP mode file for STMicroelectronics.X-CUBE-MEMS1.11.0.0
2026-03-17 18:33:13,113 [WARN] PackLoader:240 - Cannot read IP mode file for STMicroelectronics.X-CUBE-BLE1.6.2.4
2026-03-17 18:33:13,120 [ERROR] Engine:466 - C:\Users\Xavi\.stm32cubemx\thirdparties\pdsc\STMicroelectronics.FP-SNS-MOTENV1.5.1.0.pdsc: PDSC version is not supported
2026-03-17 18:33:13,128 [WARN] PackLoader:240 - Cannot read IP mode file for STMicroelectronics.FP-SNS-FLIGHT1.5.0.2
2026-03-17 18:33:13,146 [WARN] PackLoader:240 - Cannot read IP mode file for STMicroelectronics.X-CUBE-AZRTOS-H7.3.4.0
2026-03-17 18:33:13,162 [WARN] PackLoader:240 - Cannot read IP mode file for STMicroelectronics.X-CUBE-DISPLAY.3.0.0
2026-03-17 18:33:13,172 [ERROR] Engine:466 - C:\Users\Xavi\.stm32cubemx\thirdparties\pdsc\STMicroelectronics.FP-SNS-MOTENVWB1.1.5.0.pdsc: PDSC version is not supported
2026-03-17 18:33:13,180 [WARN] PackLoader:240 - Cannot read IP mode file for STMicroelectronics.X-CUBE-BLE1.7.0.0
2026-03-17 18:33:13,198 [WARN] PackLoader:240 - Cannot read IP mode file for STMicroelectronics.X-CUBE-NFC10.1.0.0
2026-03-17 18:33:13,221 [WARN] PackLoader:240 - Cannot read IP mode file for STMicroelectronics.X-CUBE-BLEMGR.4.0.0
2026-03-17 18:33:13,232 [ERROR] Engine:466 - C:\Users\Xavi\.stm32cubemx\thirdparties\pdsc\STMicroelectronics.X-CUBE-ST60.1.1.0.pdsc: PDSC version is not supported
2026-03-17 18:33:13,241 [WARN] PackLoader:240 - Cannot read IP mode file for emotas.I-CUBE-CANOPEN.1.3.0
2026-03-17 18:33:13,249 [WARN] PackLoader:240 - Cannot read IP mode file for STMicroelectronics.X-CUBE-TOUCHGFX.4.22.0
2026-03-17 18:33:13,258 [WARN] PackLoader:240 - Cannot read IP mode file for STMicroelectronics.X-CUBE-GNSS1.7.1.0
2026-03-17 18:33:13,267 [WARN] PackLoader:240 - Cannot read IP mode file for STMicroelectronics.X-CUBE-TOUCHGFX.4.22.1
2026-03-17 18:33:13,278 [WARN] PackLoader:240 - Cannot read IP mode file for STMicroelectronics.X-CUBE-BLEMGR.3.1.0
2026-03-17 18:33:13,286 [WARN] PackLoader:240 - Cannot read IP mode file for STMicroelectronics.X-CUBE-AI.10.0.0
2026-03-17 18:33:13,294 [ERROR] Engine:466 - C:\Users\Xavi\.stm32cubemx\thirdparties\pdsc\STMicroelectronics.FP-SNS-STBOX1.2.1.0.pdsc: PDSC version is not supported
2026-03-17 18:33:13,301 [WARN] PackLoader:240 - Cannot read IP mode file for STMicroelectronics.FP-SNS-SMARTAG2.1.2.0
2026-03-17 18:33:13,307 [ERROR] Engine:466 - C:\Users\Xavi\.stm32cubemx\thirdparties\pdsc\STMicroelectronics.FP-SNS-FLIGHT1.5.1.0.pdsc: PDSC version is not supported
2026-03-17 18:33:13,334 [WARN] PackLoader:240 - Cannot read IP mode file for STMicroelectronics.X-CUBE-MEMS1.11.1.0
2026-03-17 18:33:13,397 [INFO] LogOutputStream:77 - [STDOUT_REDIRECT] 1 : Invalid condition id : UX_CORESTACK_Condition cause : null
2026-03-17 18:33:13,398 [INFO] LogOutputStream:77 - [STDOUT_REDIRECT] 1 : Invalid condition id : UX_CORESTACK_Condition cause : null
2026-03-17 18:33:13,398 [INFO] LogOutputStream:77 - [STDOUT_REDIRECT] 1 : Invalid condition id : UX_CORESTACK_Condition cause : null
2026-03-17 18:33:13,399 [INFO] LogOutputStream:77 - [STDOUT_REDIRECT] 1 : Invalid condition id : UX_CORESTACK_Condition cause : null
2026-03-17 18:33:13,400 [INFO] LogOutputStream:77 - [STDOUT_REDIRECT] 1 : Invalid condition id : UX_CORESTACK_Condition cause : null
2026-03-17 18:33:13,401 [WARN] PackLoader:240 - Cannot read IP mode file for STMicroelectronics.X-CUBE-AZRTOS-WL.2.0.0
2026-03-17 18:33:13,409 [WARN] PackLoader:240 - Cannot read IP mode file for STMicroelectronics.FP-SNS-MOTENV1.5.0.0
2026-03-17 18:33:13,427 [WARN] PackLoader:240 - Cannot read IP mode file for STMicroelectronics.X-CUBE-AZRTOS-H7RS.1.2.0
2026-03-17 18:33:13,437 [WARN] PackLoader:240 - Cannot read IP mode file for wolfSSL.I-CUBE-wolfMQTT.1.19.0
2026-03-17 18:33:13,447 [WARN] PackLoader:240 - Cannot read IP mode file for WES.I-CUBE-Cesium.1.3.0
2026-03-17 18:33:13,454 [WARN] PackLoader:240 - Cannot read IP mode file for STMicroelectronics.X-CUBE-BLE2.3.3.0
2026-03-17 18:33:13,460 [ERROR] Engine:466 - C:\Users\Xavi\.stm32cubemx\thirdparties\pdsc\Avnet-IOTCONNECT.X-CUBE-iotc-st67-sdk.1.0.0.pdsc: PDSC version is not supported
2026-03-17 18:33:13,468 [WARN] PackLoader:240 - Cannot read IP mode file for STMicroelectronics.X-CUBE-NFC9.1.0.0
2026-03-17 18:33:13,477 [WARN] PackLoader:240 - Cannot read IP mode file for STMicroelectronics.X-CUBE-BLE1.7.1.0
2026-03-17 18:33:13,486 [WARN] PackLoader:240 - Cannot read IP mode file for STMicroelectronics.X-CUBE-TCPP.4.1.0
2026-03-17 18:33:13,495 [ERROR] Engine:466 - C:\Users\Xavi\.stm32cubemx\thirdparties\pdsc\STMicroelectronics.X-CUBE-FREERTOS.1.4.0.pdsc: PDSC version is not supported
2026-03-17 18:33:13,503 [WARN] PackLoader:240 - Cannot read IP mode file for STMicroelectronics.X-CUBE-EEPRMA1.5.2.0
2026-03-17 18:33:13,511 [ERROR] Engine:466 - C:\Users\Xavi\.stm32cubemx\thirdparties\pdsc\STMicroelectronics.X-CUBE-ST67W61.1.1.0.pdsc: PDSC version is not supported
2026-03-17 18:33:13,518 [WARN] PackLoader:240 - Cannot read IP mode file for STMicroelectronics.X-CUBE-AI.10.1.0
2026-03-17 18:33:13,547 [WARN] PackLoader:240 - Cannot read IP mode file for STMicroelectronics.X-CUBE-MEMS1.12.0.0
2026-03-17 18:33:13,615 [WARN] PackLoader:240 - Cannot read IP mode file for STMicroelectronics.X-CUBE-ALGOBUILD.1.3.0
2026-03-17 18:33:13,630 [WARN] PackLoader:240 - Cannot read IP mode file for STMicroelectronics.X-CUBE-AZRTOS-G0.1.1.0
2026-03-17 18:33:13,640 [WARN] PackLoader:240 - Cannot read IP mode file for STMicroelectronics.X-CUBE-SAFEA1.1.2.2
2026-03-17 18:33:13,649 [WARN] PackLoader:240 - Cannot read IP mode file for STMicroelectronics.X-CUBE-NFC4.3.0.0
2026-03-17 18:33:13,659 [WARN] PackLoader:240 - Cannot read IP mode file for EmbeddedOffice.I-CUBE-FS-RTOS.1.0.1
2026-03-17 18:33:13,659 [ERROR] ConditionMgr:805 - Attr not supported : Dmpu
2026-03-17 18:33:13,659 [ERROR] ConditionMgr:805 - Attr not supported : Dmpu
2026-03-17 18:33:13,659 [ERROR] ConditionMgr:805 - Attr not supported : Dmpu
2026-03-17 18:33:13,659 [ERROR] ConditionMgr:805 - Attr not supported : Dmpu
2026-03-17 18:33:13,659 [ERROR] ConditionMgr:805 - Attr not supported : Dmpu
2026-03-17 18:33:13,659 [ERROR] ConditionMgr:805 - Attr not supported : Dmpu
2026-03-17 18:33:13,659 [ERROR] ConditionMgr:805 - Attr not supported : Dmpu
2026-03-17 18:33:13,659 [ERROR] ConditionMgr:805 - Attr not supported : Dmpu
2026-03-17 18:33:13,659 [ERROR] ConditionMgr:805 - Attr not supported : Dmpu
2026-03-17 18:33:13,659 [ERROR] ConditionMgr:805 - Attr not supported : Dmpu
2026-03-17 18:33:13,659 [ERROR] ConditionMgr:805 - Attr not supported : Dmpu
2026-03-17 18:33:13,660 [ERROR] ConditionMgr:805 - Attr not supported : Dmpu
2026-03-17 18:33:13,660 [ERROR] ConditionMgr:805 - Attr not supported : Dmpu
2026-03-17 18:33:13,660 [ERROR] ConditionMgr:805 - Attr not supported : Dmpu
2026-03-17 18:33:13,660 [ERROR] ConditionMgr:805 - Attr not supported : Dmpu
2026-03-17 18:33:13,660 [ERROR] ConditionMgr:805 - Attr not supported : Dmpu
2026-03-17 18:33:13,660 [ERROR] ConditionMgr:805 - Attr not supported : Dmpu
2026-03-17 18:33:13,660 [ERROR] ConditionMgr:805 - Attr not supported : Dmpu
2026-03-17 18:33:13,660 [ERROR] ConditionMgr:805 - Attr not supported : Dmpu
2026-03-17 18:33:13,660 [ERROR] ConditionMgr:805 - Attr not supported : Dmpu
2026-03-17 18:33:13,660 [ERROR] ConditionMgr:805 - Attr not supported : Dmpu
2026-03-17 18:33:13,660 [ERROR] ConditionMgr:805 - Attr not supported : Dmpu
2026-03-17 18:33:13,660 [ERROR] ConditionMgr:805 - Attr not supported : Dmpu
2026-03-17 18:33:13,660 [ERROR] ConditionMgr:805 - Attr not supported : Dmpu
2026-03-17 18:33:13,660 [ERROR] ConditionMgr:805 - Attr not supported : Dmpu
2026-03-17 18:33:13,660 [ERROR] ConditionMgr:805 - Attr not supported : Dmpu
2026-03-17 18:33:13,660 [ERROR] ConditionMgr:805 - Attr not supported : Dmpu
2026-03-17 18:33:13,660 [ERROR] ConditionMgr:805 - Attr not supported : Dmpu
2026-03-17 18:33:13,660 [ERROR] ConditionMgr:805 - Attr not supported : Dmpu
2026-03-17 18:33:13,660 [ERROR] ConditionMgr:805 - Attr not supported : Dmpu
2026-03-17 18:33:13,660 [ERROR] ConditionMgr:805 - Attr not supported : Dmpu
2026-03-17 18:33:13,660 [ERROR] ConditionMgr:805 - Attr not supported : Dmpu
2026-03-17 18:33:13,660 [ERROR] ConditionMgr:805 - Attr not supported : Dmpu
2026-03-17 18:33:13,660 [ERROR] ConditionMgr:805 - Attr not supported : Dmpu
2026-03-17 18:33:13,660 [ERROR] ConditionMgr:805 - Attr not supported : Dmpu
2026-03-17 18:33:13,660 [ERROR] ConditionMgr:805 - Attr not supported : Dmpu
2026-03-17 18:33:13,660 [ERROR] ConditionMgr:805 - Attr not supported : Dmpu
2026-03-17 18:33:13,660 [ERROR] ConditionMgr:805 - Attr not supported : Dmpu
2026-03-17 18:33:13,660 [ERROR] ConditionMgr:805 - Attr not supported : Dmpu
2026-03-17 18:33:13,660 [ERROR] ConditionMgr:805 - Attr not supported : Dmpu
2026-03-17 18:33:13,660 [ERROR] ConditionMgr:805 - Attr not supported : Dmpu
2026-03-17 18:33:13,660 [ERROR] ConditionMgr:805 - Attr not supported : Dmpu
2026-03-17 18:33:13,660 [ERROR] ConditionMgr:805 - Attr not supported : Dmpu
2026-03-17 18:33:13,660 [ERROR] ConditionMgr:805 - Attr not supported : Dmpu
2026-03-17 18:33:13,660 [ERROR] ConditionMgr:805 - Attr not supported : Dmpu
2026-03-17 18:33:13,660 [ERROR] ConditionMgr:805 - Attr not supported : Dmpu
2026-03-17 18:33:13,660 [ERROR] ConditionMgr:805 - Attr not supported : Dmpu
2026-03-17 18:33:13,660 [ERROR] ConditionMgr:805 - Attr not supported : Dmpu
2026-03-17 18:33:13,660 [ERROR] ConditionMgr:805 - Attr not supported : Dmpu
2026-03-17 18:33:13,660 [ERROR] ConditionMgr:805 - Attr not supported : Dmpu
2026-03-17 18:33:13,660 [ERROR] ConditionMgr:805 - Attr not supported : Dmpu
2026-03-17 18:33:13,660 [ERROR] ConditionMgr:805 - Attr not supported : Dmpu
2026-03-17 18:33:13,660 [ERROR] ConditionMgr:805 - Attr not supported : Dmpu
2026-03-17 18:33:13,660 [ERROR] ConditionMgr:805 - Attr not supported : Dmpu
2026-03-17 18:33:13,660 [ERROR] ConditionMgr:805 - Attr not supported : Dmpu
2026-03-17 18:33:13,661 [ERROR] ConditionMgr:805 - Attr not supported : Dmpu
2026-03-17 18:33:13,661 [ERROR] ConditionMgr:805 - Attr not supported : Dmpu
2026-03-17 18:33:13,661 [ERROR] ConditionMgr:805 - Attr not supported : Dmpu
2026-03-17 18:33:13,661 [ERROR] ConditionMgr:805 - Attr not supported : Dmpu
2026-03-17 18:33:13,661 [ERROR] ConditionMgr:805 - Attr not supported : Dmpu
2026-03-17 18:33:13,661 [ERROR] ConditionMgr:805 - Attr not supported : Dmpu
2026-03-17 18:33:13,661 [ERROR] ConditionMgr:805 - Attr not supported : Dmpu
2026-03-17 18:33:13,661 [ERROR] ConditionMgr:805 - Attr not supported : Dmpu
2026-03-17 18:33:13,661 [ERROR] ConditionMgr:805 - Attr not supported : Dmpu
2026-03-17 18:33:13,668 [WARN] PackLoader:240 - Cannot read IP mode file for STMicroelectronics.X-CUBE-WB05N.2.0.0
2026-03-17 18:33:13,677 [WARN] PackLoader:240 - Cannot read IP mode file for STMicroelectronics.X-CUBE-BLEMGR.3.0.0
2026-03-17 18:33:13,685 [ERROR] Engine:466 - C:\Users\Xavi\.stm32cubemx\thirdparties\pdsc\STMicroelectronics.X-CUBE-TCPP.4.2.0.pdsc: PDSC version is not supported
2026-03-17 18:33:13,692 [WARN] PackLoader:240 - Cannot read IP mode file for RealThread.X-CUBE-RT-Thread_Nano.4.1.1
2026-03-17 18:33:13,698 [WARN] PackLoader:240 - Cannot read IP mode file for STMicroelectronics.FP-ATR-SIGFOX1.3.2.0
2026-03-17 18:33:13,706 [WARN] ConditionMgr:438 - getConditionDescription Invalid condition id : Cortex-A Device cause : null
2026-03-17 18:33:13,719 [WARN] ConditionMgr:1039 - genDependencies : Invalid condition id : Cortex-A Device cause : null
2026-03-17 18:33:13,719 [WARN] ConditionMgr:1039 - genDependencies : Invalid condition id : Cortex-A Device cause : null
2026-03-17 18:33:13,719 [WARN] ConditionMgr:1039 - genDependencies : Invalid condition id : Cortex-A Device cause : null
2026-03-17 18:33:13,726 [WARN] PackLoader:240 - Cannot read IP mode file for STMicroelectronics.X-CUBE-EEPRMA1.5.1.0
2026-03-17 18:33:13,733 [ERROR] Engine:466 - C:\Users\Xavi\.stm32cubemx\thirdparties\pdsc\STMicroelectronics.X-CUBE-FREERTOS.1.5.0.pdsc: PDSC version is not supported
2026-03-17 18:33:13,742 [WARN] PackLoader:240 - Cannot read IP mode file for STMicroelectronics.X-CUBE-NFC6.3.2.0
2026-03-17 18:33:13,751 [ERROR] Engine:466 - C:\Users\Xavi\.stm32cubemx\thirdparties\pdsc\STMicroelectronics.X-CUBE-ST67W61.1.0.0.pdsc: PDSC version is not supported
2026-03-17 18:33:13,758 [WARN] PackLoader:240 - Cannot read IP mode file for STMicroelectronics.X-CUBE-AI.10.2.0
2026-03-17 18:33:13,777 [WARN] PackLoader:240 - Cannot read IP mode file for SEGGER.I-CUBE-embOS.1.3.1
2026-03-17 18:33:13,800 [WARN] PackLoader:240 - Cannot read IP mode file for STMicroelectronics.X-CUBE-ALGOBUILD.1.4.0
2026-03-17 18:33:13,827 [WARN] PackLoader:240 - Cannot read IP mode file for STMicroelectronics.X-CUBE-MEMS1.11.3.0
2026-03-17 18:33:13,889 [WARN] PackLoader:240 - Cannot read IP mode file for STMicroelectronics.X-CUBE-PM33A1.1.0.0
2026-03-17 18:33:13,897 [WARN] PackLoader:240 - Cannot read IP mode file for STMicroelectronics.X-CUBE-GNSS1.6.0.0
2026-03-17 18:33:13,922 [WARN] PackLoader:240 - Cannot read IP mode file for STMicroelectronics.X-CUBE-AZRTOS-F4.1.1.0
2026-03-17 18:33:13,935 [WARN] PackLoader:240 - Cannot read IP mode file for wolfSSL.I-CUBE-wolfSSL.5.6.3
2026-03-17 18:33:13,944 [ERROR] Engine:466 - C:\Users\Xavi\.stm32cubemx\thirdparties\pdsc\Avnet-IotConnect.X-CUBE-IoTC-DA16k-PMOD.1.0.0.pdsc: PDSC version is not supported
2026-03-17 18:33:13,951 [WARN] PackLoader:240 - Cannot read IP mode file for STMicroelectronics.X-CUBE-ISPU.2.1.0
2026-03-17 18:33:13,959 [ERROR] Engine:466 - C:\Users\Xavi\.stm32cubemx\thirdparties\pdsc\STMicroelectronics.X-CUBE-IPS.3.2.0.pdsc: PDSC version is not supported
2026-03-17 18:33:13,967 [WARN] PackLoader:240 - Cannot read IP mode file for STMicroelectronics.X-CUBE-FREERTOS.1.2.0
2026-03-17 18:33:13,975 [WARN] PackLoader:240 - Cannot read IP mode file for STMicroelectronics.X-CUBE-NFC12.1.0.0
2026-03-17 18:33:13,994 [WARN] PackLoader:240 - Cannot read IP mode file for STMicroelectronics.X-CUBE-AZRTOS-L5.2.0.0
2026-03-17 18:33:14,036 [WARN] PackLoader:240 - Cannot read IP mode file for STMicroelectronics.X-CUBE-MEMS1.9.6.0
2026-03-17 18:33:14,104 [WARN] PackLoader:240 - Cannot read IP mode file for STMicroelectronics.X-CUBE-EEPRMA1.4.2.0
2026-03-17 18:33:14,113 [WARN] PackLoader:240 - Cannot read IP mode file for STMicroelectronics.X-CUBE-NFC6.3.1.0
2026-03-17 18:33:14,121 [WARN] PackLoader:240 - Cannot read IP mode file for ITTIA_DB.I-CUBE-ITTIADB.8.8.0
2026-03-17 18:33:14,129 [WARN] PackLoader:240 - Cannot read IP mode file for STMicroelectronics.X-CUBE-BLEMGR.2.0.0
2026-03-17 18:33:14,136 [WARN] PackLoader:240 - Cannot read IP mode file for STMicroelectronics.X-CUBE-DPower.1.2.0
2026-03-17 18:33:14,143 [WARN] PackLoader:240 - Cannot read IP mode file for STMicroelectronics.X-CUBE-AI.9.0.0
2026-03-17 18:33:14,164 [WARN] ConditionMgr:438 - getConditionDescription Invalid condition id : UX DEVICE CLASS RTOS Condition cause : null
2026-03-17 18:33:14,164 [WARN] ConditionMgr:438 - getConditionDescription Invalid condition id : UX DEVICE CLASS RTOS Condition cause : null
2026-03-17 18:33:14,164 [WARN] PackLoader:240 - Cannot read IP mode file for STMicroelectronics.X-CUBE-AZRTOS-H7.3.1.0
2026-03-17 18:33:14,165 [WARN] ConditionMgr:1039 - genDependencies : Invalid condition id : UX DEVICE CLASS RTOS Condition cause : null
2026-03-17 18:33:14,165 [WARN] ConditionMgr:1039 - genDependencies : Invalid condition id : UX DEVICE CLASS RTOS Condition cause : null
2026-03-17 18:33:14,165 [WARN] ConditionMgr:1039 - genDependencies : Invalid condition id : UX DEVICE CLASS RTOS Condition cause : null
2026-03-17 18:33:14,165 [WARN] ConditionMgr:1039 - genDependencies : Invalid condition id : UX DEVICE CLASS RTOS Condition cause : null
2026-03-17 18:33:14,165 [WARN] ConditionMgr:1039 - genDependencies : Invalid condition id : UX DEVICE CLASS RTOS Condition cause : null
2026-03-17 18:33:14,173 [WARN] PackLoader:240 - Cannot read IP mode file for STMicroelectronics.X-CUBE-FREERTOS.1.3.1
2026-03-17 18:33:14,179 [WARN] PackLoader:240 - Cannot read IP mode file for STMicroelectronics.X-CUBE-FREERTOS.1.3.0
2026-03-17 18:33:14,183 [INFO] WebApp:161 - Instantiating new browser for Auth
2026-03-17 18:33:14,189 [WARN] PackLoader:240 - Cannot read IP mode file for STMicroelectronics.X-CUBE-NFC7.1.0.1
2026-03-17 18:33:14,199 [WARN] PackLoader:240 - Cannot read IP mode file for wolfSSL.I-CUBE-wolfTPM.3.2.0
2026-03-17 18:33:14,207 [WARN] PackLoader:240 - Cannot read IP mode file for STMicroelectronics.X-CUBE-TOUCHGFX.4.26.0
2026-03-17 18:33:14,215 [WARN] PackLoader:240 - Cannot read IP mode file for STMicroelectronics.X-CUBE-NFC6.3.0.0
2026-03-17 18:33:14,223 [WARN] PackLoader:240 - Cannot read IP mode file for STMicroelectronics.X-CUBE-TOUCHGFX.4.26.1
2026-03-17 18:33:14,231 [WARN] PackLoader:240 - Cannot read IP mode file for STMicroelectronics.X-CUBE-EEPRMA1.4.1.0
2026-03-17 18:33:14,237 [ERROR] Engine:466 - C:\Users\Xavi\.stm32cubemx\thirdparties\pdsc\STMicroelectronics.FP-SNS-STAIOTCFT.1.0.0.pdsc: PDSC version is not supported
2026-03-17 18:33:14,244 [WARN] PackLoader:240 - Cannot read IP mode file for STMicroelectronics.X-CUBE-DPower.1.3.0
2026-03-17 18:33:14,252 [WARN] PackLoader:240 - Cannot read IP mode file for STMicroelectronics.X-CUBE-AI.8.1.0
2026-03-17 18:33:14,268 [WARN] ConditionMgr:438 - getConditionDescription Invalid condition id : LAN8742 Phy interface Condition cause : null
2026-03-17 18:33:14,268 [WARN] PackLoader:240 - Cannot read IP mode file for STMicroelectronics.X-CUBE-AZRTOS-L4.2.0.0
2026-03-17 18:33:14,272 [WARN] ConditionMgr:1039 - genDependencies : Invalid condition id : LAN8742 Phy interface Condition cause : null
2026-03-17 18:33:14,272 [WARN] ConditionMgr:1039 - genDependencies : Invalid condition id : LAN8742 Phy interface Condition cause : null
2026-03-17 18:33:14,272 [WARN] ConditionMgr:1039 - genDependencies : Invalid condition id : LAN8742 Phy interface Condition cause : null
2026-03-17 18:33:14,283 [WARN] PackLoader:240 - Cannot read IP mode file for STMicroelectronics.X-CUBE-SFXS2LP1.4.0.0
2026-03-17 18:33:14,294 [ERROR] Engine:466 - C:\Users\Xavi\.stm32cubemx\thirdparties\pdsc\STMicroelectronics.X-CUBE-ST67W61.1.2.0.pdsc: PDSC version is not supported
2026-03-17 18:33:14,301 [WARN] PackLoader:240 - Cannot read IP mode file for STMicroelectronics.X-CUBE-ISPU.1.1.0
2026-03-17 18:33:14,321 [WARN] PackLoader:240 - Cannot read IP mode file for STMicroelectronics.X-CUBE-AZRTOS-H7.3.3.0
2026-03-17 18:33:14,334 [ERROR] Engine:466 - C:\Users\Xavi\.stm32cubemx\thirdparties\pdsc\STMicroelectronics.X-CUBE-BLEMGR.4.1.0.pdsc: PDSC version is not supported
2026-03-17 18:33:14,347 [WARN] ConditionMgr:438 - getConditionDescription Invalid condition id : UX DEVICE CLASS RTOS Condition cause : null
2026-03-17 18:33:14,347 [WARN] ConditionMgr:438 - getConditionDescription Invalid condition id : UX DEVICE CLASS RTOS Condition cause : null
2026-03-17 18:33:14,348 [WARN] PackLoader:240 - Cannot read IP mode file for STMicroelectronics.X-CUBE-AZRTOS-WB.2.0.0
2026-03-17 18:33:14,348 [WARN] ConditionMgr:1039 - genDependencies : Invalid condition id : UX DEVICE CLASS RTOS Condition cause : null
2026-03-17 18:33:14,348 [WARN] ConditionMgr:1039 - genDependencies : Invalid condition id : UX DEVICE CLASS RTOS Condition cause : null
2026-03-17 18:33:14,348 [WARN] ConditionMgr:1039 - genDependencies : Invalid condition id : UX DEVICE CLASS RTOS Condition cause : null
2026-03-17 18:33:14,348 [WARN] ConditionMgr:1039 - genDependencies : Invalid condition id : UX DEVICE CLASS RTOS Condition cause : null
2026-03-17 18:33:14,348 [WARN] ConditionMgr:1039 - genDependencies : Invalid condition id : UX DEVICE CLASS RTOS Condition cause : null
2026-03-17 18:33:14,355 [WARN] PackLoader:240 - Cannot read IP mode file for STMicroelectronics.X-CUBE-FREERTOS.1.0.1
2026-03-17 18:33:14,363 [WARN] PackLoader:240 - Cannot read IP mode file for STMicroelectronics.X-CUBE-GNSS1.7.0.0
2026-03-17 18:33:14,370 [WARN] PackLoader:240 - Cannot read IP mode file for STMicroelectronics.X-CUBE-GNSS1.7.0.1
2026-03-17 18:33:14,377 [WARN] PackLoader:240 - Cannot read IP mode file for STMicroelectronics.X-CUBE-TOUCHGFX.4.25.0
2026-03-17 18:33:14,385 [WARN] PackLoader:240 - Cannot read IP mode file for STMicroelectronics.FP-SNS-STBOX1.2.0.0
2026-03-17 18:33:14,394 [WARN] PackLoader:240 - Cannot read IP mode file for STMicroelectronics.X-CUBE-STSE01.2.0.0
2026-03-17 18:33:14,408 [WARN] PackLoader:240 - Cannot read IP mode file for STMicroelectronics.X-CUBE-AZRTOS-L5.1.1.0
2026-03-17 18:33:14,415 [WARN] PackLoader:240 - Cannot read IP mode file for STMicroelectronics.X-CUBE-AI.8.0.1
2026-03-17 18:33:14,425 [WARN] PackLoader:240 - Cannot read IP mode file for STMicroelectronics.X-CUBE-SUBG2.5.0.0
2026-03-17 18:33:14,444 [WARN] PackLoader:240 - Cannot read IP mode file for STMicroelectronics.X-CUBE-AZRTOS-H7RS.1.1.0
2026-03-17 18:33:14,454 [WARN] PackLoader:240 - Cannot read IP mode file for Cesanta.I-CUBE-Mongoose.7.13.0
2026-03-17 18:33:14,466 [WARN] PackLoader:240 - Cannot read IP mode file for STMicroelectronics.X-CUBE-TOF1.3.3.1
2026-03-17 18:33:14,484 [WARN] PackLoader:240 - Cannot read IP mode file for STMicroelectronics.X-CUBE-AZRTOS-G4.2.0.0
2026-03-17 18:33:14,497 [WARN] PackLoader:240 - Cannot read IP mode file for Infineon.AIROC-Wi-Fi-Bluetooth-STM32.1.5.1
2026-03-17 18:33:14,507 [WARN] PackLoader:240 - Cannot read IP mode file for STMicroelectronics.FP-SNS-MOTENVWB1.1.3.0
2026-03-17 18:33:14,520 [WARN] PackLoader:240 - Cannot read IP mode file for STMicroelectronics.X-CUBE-NFC7.2.0.0
2026-03-17 18:33:14,527 [WARN] PackLoader:240 - Cannot read IP mode file for STMicroelectronics.FP-SNS-MOTENVWB1.1.3.1
2026-03-17 18:33:14,535 [WARN] PackLoader:240 - Cannot read IP mode file for STMicroelectronics.X-CUBE-ISPU.2.0.0
2026-03-17 18:33:14,544 [ERROR] Engine:466 - C:\Users\Xavi\.stm32cubemx\thirdparties\pdsc\STMicroelectronics.X-CUBE-IPS.3.1.0.pdsc: PDSC version is not supported
2026-03-17 18:33:14,552 [WARN] PackLoader:240 - Cannot read IP mode file for STMicroelectronics.X-CUBE-ALS.1.0.2
2026-03-17 18:33:14,574 [WARN] PackLoader:240 - Cannot read IP mode file for STMicroelectronics.X-CUBE-MEMS1.10.0.0
2026-03-17 18:33:14,623 [WARN] PackLoader:240 - Cannot read IP mode file for STMicroelectronics.X-CUBE-FREERTOS.1.1.0
2026-03-17 18:33:14,631 [WARN] PackLoader:240 - Cannot read IP mode file for STMicroelectronics.X-CUBE-TOUCHGFX.4.24.0
2026-03-17 18:33:14,638 [WARN] PackLoader:240 - Cannot read IP mode file for STMicroelectronics.X-CUBE-TOUCHGFX.4.24.2
2026-03-17 18:33:14,646 [WARN] PackLoader:240 - Cannot read IP mode file for STMicroelectronics.X-CUBE-TOUCHGFX.4.24.1
2026-03-17 18:33:14,650 [INFO] WebApp:780 - Register for checkConnection events
2026-03-17 18:33:14,651 [INFO] WebApp:414 - Apply proxy settings
2026-03-17 18:33:14,651 [INFO] WebApp:499 - Chromium requires no authentication
2026-03-17 18:33:14,654 [WARN] PackLoader:240 - Cannot read IP mode file for STMicroelectronics.X-CUBE-STSE01.1.0.0
2026-03-17 18:33:14,657 [INFO] WebApp:442 - Direct internet connection detected
2026-03-17 18:33:14,663 [WARN] PackLoader:240 - Cannot read IP mode file for portGmbH.I-Cube-SoM-uGOAL.1.1.0
2026-03-17 18:33:14,669 [WARN] PackLoader:240 - Cannot read IP mode file for STMicroelectronics.X-CUBE-ALS.1.0.1
2026-03-17 18:33:14,680 [WARN] PackLoader:240 - Cannot read IP mode file for STMicroelectronics.X-CUBE-AZRTOS-WB.1.1.0
2026-03-17 18:33:14,694 [WARN] PackLoader:240 - Cannot read IP mode file for STMicroelectronics.X-CUBE-AZRTOS-H7RS.1.0.0
2026-03-17 18:33:14,701 [WARN] PackLoader:240 - Cannot read IP mode file for STMicroelectronics.FP-ATR-ASTRA1.2.0.0
2026-03-17 18:33:14,712 [WARN] PackLoader:240 - Cannot read IP mode file for STMicroelectronics.X-CUBE-TOF1.3.4.2
2026-03-17 18:33:14,723 [ERROR] Engine:466 - C:\Users\Xavi\.stm32cubemx\thirdparties\pdsc\STMicroelectronics.X-CUBE-TOF1.3.4.3.pdsc: PDSC version is not supported
2026-03-17 18:33:14,734 [WARN] PackLoader:240 - Cannot read IP mode file for STMicroelectronics.X-CUBE-TOF1.3.4.0
2026-03-17 18:33:14,750 [WARN] PackLoader:240 - Cannot read IP mode file for STMicroelectronics.X-CUBE-TOF1.3.4.1
2026-03-17 18:33:14,765 [INFO] WebApp:192 - Starting web application
2026-03-17 18:33:14,765 [INFO] WebApp:544 - Web application path used C:\ST\STM32CubeIDE_1.13.0\STM32CubeIDE\plugins\com.st.stm32cube.common.mx_6.10.0.202311202037\db\plugins\mcufinder\reactClient1\index.html
2026-03-17 18:33:14,767 [WARN] PackLoader:240 - Cannot read IP mode file for STMicroelectronics.X-CUBE-AZRTOS-H7.3.2.0
2026-03-17 18:33:14,775 [WARN] PackLoader:240 - Cannot read IP mode file for wolfSSL.I-CUBE-wolfSSH.1.4.17
2026-03-17 18:33:14,775 [INFO] ThirdParty:978 - Integrity check success = true
2026-03-17 18:33:14,775 [INFO] IntegrityCheckThread:100 - exiting critical section [integrity check]
2026-03-17 18:33:14,775 [INFO] IntegrityCheckThread:103 - End integrity checks thread
2026-03-17 18:33:35,334 [ERROR] LogOutputStream:75 - [STDERR_REDIRECT] SLF4J: Failed to load class "org.slf4j.impl.StaticLoggerBinder".
2026-03-17 18:33:35,335 [ERROR] LogOutputStream:75 - [STDERR_REDIRECT] SLF4J: Defaulting to no-operation (NOP) logger implementation
2026-03-17 18:33:35,335 [ERROR] LogOutputStream:75 - [STDERR_REDIRECT] SLF4J: See http://www.slf4j.org/codes.html#StaticLoggerBinder for further details.
