2026-03-12 18:55:12,406 [INFO] Activator:176 - 


2026-03-12 18:55:12,410 [INFO] Activator:177 - !SESSION log4j initialized
2026-03-12 18:55:16,534 [INFO] LogOutputStream:77 - [STDOUT_REDIRECT] 
2026-03-12 18:55:22,285 [INFO] ApplicationProperties:184 - Using Application install path: C:\ST\STM32CubeIDE_1.13.0\STM32CubeIDE\plugins\com.st.stm32cube.common.mx_6.10.0.202311202037
2026-03-12 18:55:22,297 [INFO] DbMcusXml:78 - Set database path to: C:\ST\STM32CubeIDE_1.13.0\STM32CubeIDE\plugins\com.st.stm32cube.common.mx_6.10.0.202311202037\\db\/mcu/
2026-03-12 18:55:22,297 [INFO] ApiDb:274 - Set plugin database path to: C:\ST\STM32CubeIDE_1.13.0\STM32CubeIDE\plugins\com.st.stm32cube.common.mx_6.10.0.202311202037\\db\/plugins/boardmanager/
2026-03-12 18:55:22,298 [WARN] ApiDb:259 - Overriding images path with different value:  => C:\ST\STM32CubeIDE_1.13.0\STM32CubeIDE\plugins\com.st.stm32cube.common.mx_6.10.0.202311202037\\db\/plugins/mcufinder/images/
2026-03-12 18:55:22,309 [INFO] ApiDb:250 - Set database path to: C:\Users\Xavi\.stmcufinder\plugins\mcufinder//mcu/
2026-03-12 18:55:22,310 [INFO] DbMcusAds:125 - Set database path to: C:\Users\Xavi\.stmcufinder\plugins\mcufinder//mcu/
2026-03-12 18:55:22,311 [INFO] CrossReferenceDbSqlite:203 - Set database path to: C:\Users\Xavi\.stmcufinder\plugins\mcufinder//mcu/cs/
2026-03-12 18:55:22,398 [INFO] RulesReader:64 - Compatibility file has been processed (297 Rules)
2026-03-12 18:55:22,479 [INFO] DbMcusXml:78 - Set database path to: C:\ST\STM32CubeIDE_1.13.0\STM32CubeIDE\plugins\com.st.stm32cube.common.mx_6.10.0.202311202037\\db\/mcu/
2026-03-12 18:55:22,479 [INFO] ApiDb:274 - Set plugin database path to: C:\ST\STM32CubeIDE_1.13.0\STM32CubeIDE\plugins\com.st.stm32cube.common.mx_6.10.0.202311202037\\db\/plugins/boardmanager/
2026-03-12 18:55:22,479 [INFO] ApiDb:261 - Set plugin images path to: C:\ST\STM32CubeIDE_1.13.0\STM32CubeIDE\plugins\com.st.stm32cube.common.mx_6.10.0.202311202037\\db\/plugins/mcufinder/images/
2026-03-12 18:55:22,480 [WARN] DbFile:41 - Overriding database path with different value: C:\Users\Xavi\.stmcufinder\plugins\mcufinder/ => C:\Users\Xavi\.stmcufinder\plugins\mcufinder
2026-03-12 18:55:22,480 [INFO] ApiDb:250 - Set database path to: C:\Users\Xavi\.stmcufinder\plugins\mcufinder//mcu/
2026-03-12 18:55:22,480 [WARN] DbFile:41 - Overriding database path with different value: C:\Users\Xavi\.stmcufinder\plugins\mcufinder/ => C:\Users\Xavi\.stmcufinder\plugins\mcufinder
2026-03-12 18:55:22,480 [INFO] DbMcusAds:125 - Set database path to: C:\Users\Xavi\.stmcufinder\plugins\mcufinder//mcu/
2026-03-12 18:55:22,480 [WARN] DbFile:41 - Overriding database path with different value: C:\Users\Xavi\.stmcufinder\plugins\mcufinder/ => C:\Users\Xavi\.stmcufinder\plugins\mcufinder
2026-03-12 18:55:22,480 [WARN] DbFile:41 - Overriding database path with different value: C:\Users\Xavi\.stmcufinder\plugins\mcufinder/ => C:\Users\Xavi\.stmcufinder\plugins\mcufinder
2026-03-12 18:55:22,480 [INFO] CrossReferenceDbSqlite:203 - Set database path to: C:\Users\Xavi\.stmcufinder\plugins\mcufinder//mcu/cs/
2026-03-12 18:55:22,534 [INFO] MainPanel:264 - HeapMemory: 268435456
2026-03-12 18:55:22,593 [INFO] DbMcusXml:78 - Set database path to: C:\ST\STM32CubeIDE_1.13.0\STM32CubeIDE\plugins\com.st.stm32cube.common.mx_6.10.0.202311202037\\db\/mcu/
2026-03-12 18:55:22,593 [INFO] ApiDb:274 - Set plugin database path to: C:\ST\STM32CubeIDE_1.13.0\STM32CubeIDE\plugins\com.st.stm32cube.common.mx_6.10.0.202311202037\\db\/plugins/boardmanager/
2026-03-12 18:55:22,593 [INFO] ApiDb:261 - Set plugin images path to: C:\ST\STM32CubeIDE_1.13.0\STM32CubeIDE\plugins\com.st.stm32cube.common.mx_6.10.0.202311202037\\db\/plugins/mcufinder/images/
2026-03-12 18:55:22,593 [WARN] DbFile:41 - Overriding database path with different value: C:\Users\Xavi\.stmcufinder\plugins\mcufinder/ => C:\Users\Xavi\.stmcufinder\plugins\mcufinder
2026-03-12 18:55:22,593 [INFO] ApiDb:250 - Set database path to: C:\Users\Xavi\.stmcufinder\plugins\mcufinder//mcu/
2026-03-12 18:55:22,593 [WARN] DbFile:41 - Overriding database path with different value: C:\Users\Xavi\.stmcufinder\plugins\mcufinder/ => C:\Users\Xavi\.stmcufinder\plugins\mcufinder
2026-03-12 18:55:22,593 [INFO] DbMcusAds:125 - Set database path to: C:\Users\Xavi\.stmcufinder\plugins\mcufinder//mcu/
2026-03-12 18:55:22,593 [WARN] DbFile:41 - Overriding database path with different value: C:\Users\Xavi\.stmcufinder\plugins\mcufinder/ => C:\Users\Xavi\.stmcufinder\plugins\mcufinder
2026-03-12 18:55:22,593 [WARN] DbFile:41 - Overriding database path with different value: C:\Users\Xavi\.stmcufinder\plugins\mcufinder/ => C:\Users\Xavi\.stmcufinder\plugins\mcufinder
2026-03-12 18:55:22,593 [INFO] CrossReferenceDbSqlite:203 - Set database path to: C:\Users\Xavi\.stmcufinder\plugins\mcufinder//mcu/cs/
2026-03-12 18:55:22,606 [INFO] ApplicationProperties:184 - Using Application install path: C:\ST\STM32CubeIDE_1.13.0\STM32CubeIDE\plugins\com.st.stm32cube.common.mx_6.10.0.202311202037
2026-03-12 18:55:22,607 [INFO] PluginManage:196 - Search for loadable plugins [exclusion list=, ]
2026-03-12 18:55:22,608 [INFO] PluginManage:310 - Check plugin analytics
2026-03-12 18:55:27,682 [INFO] AnalyticsPlugin:253 - Accepted Software Licenses: STM32CubeMX.6.9.0
2026-03-12 18:55:27,682 [INFO] AnalyticsPlugin:255 - Accepted CMSIS Pack Licenses: 
2026-03-12 18:55:27,682 [INFO] AnalyticsPlugin:257 - Accepted Firmware Licenses: FW.F4.1.27.0,FW.H5.1.1.0
2026-03-12 18:55:27,684 [INFO] PluginManage:359 - Loaded plugin analytics (category:tool,tabindex:-1)
2026-03-12 18:55:27,685 [INFO] PluginManage:310 - Check plugin cadmodel
2026-03-12 18:55:27,696 [INFO] CADModel:105 - Init CAD model plugin
2026-03-12 18:55:27,696 [INFO] PluginManage:359 - Loaded plugin cadmodel (category:power,tabindex:5)
2026-03-12 18:55:27,696 [INFO] PluginManage:310 - Check plugin clock
2026-03-12 18:55:27,711 [INFO] PluginManage:359 - Loaded plugin clock (category:base,tabindex:2)
2026-03-12 18:55:27,711 [INFO] PluginManage:310 - Check plugin ddr
2026-03-12 18:55:27,713 [INFO] PluginManage:359 - Loaded plugin ddr (category:tool,tabindex:6)
2026-03-12 18:55:27,713 [INFO] PluginManage:310 - Check plugin filemanager
2026-03-12 18:55:27,791 [INFO] PluginManage:359 - Loaded plugin filemanager (category:base,tabindex:10)
2026-03-12 18:55:27,791 [INFO] PluginManage:310 - Check plugin ipmanager
2026-03-12 18:55:27,795 [INFO] PluginManage:359 - Loaded plugin ipmanager (category:base,tabindex:5)
2026-03-12 18:55:27,795 [INFO] PluginManage:310 - Check plugin lpbam
2026-03-12 18:55:27,809 [INFO] PluginManage:359 - Loaded plugin lpbam (category:base,tabindex:0)
2026-03-12 18:55:27,809 [INFO] PluginManage:310 - Check plugin memorymap
2026-03-12 18:55:27,824 [INFO] PluginManage:359 - Loaded plugin memorymap (category:base,tabindex:4)
2026-03-12 18:55:27,824 [INFO] PluginManage:310 - Check plugin pinoutandconfiguration
2026-03-12 18:55:27,835 [INFO] PluginManage:359 - Loaded plugin pinoutandconfiguration (category:base,tabindex:1)
2026-03-12 18:55:27,836 [INFO] PluginManage:310 - Check plugin pinoutconfig
2026-03-12 18:55:27,890 [WARN] SupportedApi:132 - Cannot load RTOS API schema: s4s-elt-must-match.1: The content of 'definitions' must match (annotation?, (simpleType | complexType)?, (unique | key | keyref)*)). A problem was found starting at: attribute.
2026-03-12 18:55:27,963 [INFO] PluginManage:359 - Loaded plugin pinoutconfig (category:base,tabindex:0)
2026-03-12 18:55:27,963 [INFO] PluginManage:310 - Check plugin power
2026-03-12 18:55:27,978 [INFO] PluginManage:359 - Loaded plugin power (category:power,tabindex:4)
2026-03-12 18:55:27,978 [INFO] PluginManage:310 - Check plugin projectmanager
2026-03-12 18:55:27,987 [INFO] PluginManage:359 - Loaded plugin projectmanager (category:projectmanager,tabindex:3)
2026-03-12 18:55:27,987 [INFO] PluginManage:310 - Check plugin thirdparty
2026-03-12 18:55:28,152 [INFO] PluginManage:359 - Loaded plugin thirdparty (category:base,tabindex:-1)
2026-03-12 18:55:28,152 [INFO] PluginManage:310 - Check plugin tools
2026-03-12 18:55:28,152 [WARN] IntegrityCheckThread:84 - waiting for thirdparty lock release [integrity check]
2026-03-12 18:55:28,152 [INFO] IntegrityCheckThread:86 - entering critical section [integrity check]
2026-03-12 18:55:28,153 [INFO] ThirdPartyUpdaterWithRetryManager:70 - Updater plugin not ready yet. [1/15]
2026-03-12 18:55:28,177 [INFO] PluginManage:359 - Loaded plugin tools (category:base,tabindex:7)
2026-03-12 18:55:28,177 [INFO] PluginManage:310 - Check plugin tutovideos
2026-03-12 18:55:28,288 [INFO] PluginManage:359 - Loaded plugin tutovideos (category:base,tabindex:-1)
2026-03-12 18:55:28,288 [INFO] PluginManage:310 - Check plugin updater
2026-03-12 18:55:28,295 [INFO] PluginManage:359 - Loaded plugin updater (category:base,tabindex:12)
2026-03-12 18:55:28,295 [INFO] PluginManage:310 - Check plugin userauth
2026-03-12 18:55:28,298 [INFO] UserAuth:114 - Init User Auth plugin
2026-03-12 18:55:28,299 [INFO] PluginManage:359 - Loaded plugin userauth (category:base,tabindex:14)
2026-03-12 18:55:28,299 [INFO] PluginManage:283 - PluginManage : Loaded plugins [17]
2026-03-12 18:55:28,421 [INFO] PinOutPanel:1499 - setPackage(No Configuration,No Configuration)
2026-03-12 18:55:28,461 [INFO] CADModel:165 - CPN selected for project level
2026-03-12 18:55:28,461 [INFO] CADModel:114 - Register for checkConnection events
2026-03-12 18:55:28,479 [INFO] IPUIPlugin:80 - create IPUIPlugin
2026-03-12 18:55:28,479 [INFO] PluginManager:220 - loadIPPluginJar : add adc
2026-03-12 18:55:28,504 [INFO] IPUIPlugin:80 - create IPUIPlugin
2026-03-12 18:55:28,504 [INFO] PluginManager:220 - loadIPPluginJar : add aes
2026-03-12 18:55:28,529 [INFO] IPUIPlugin:80 - create IPUIPlugin
2026-03-12 18:55:28,530 [INFO] PluginManager:220 - loadIPPluginJar : add can
2026-03-12 18:55:28,545 [INFO] IPUIPlugin:80 - create IPUIPlugin
2026-03-12 18:55:28,545 [INFO] PluginManager:220 - loadIPPluginJar : add comp
2026-03-12 18:55:28,566 [INFO] IPUIPlugin:80 - create IPUIPlugin
2026-03-12 18:55:28,567 [INFO] PluginManager:220 - loadIPPluginJar : add cryp
2026-03-12 18:55:28,585 [INFO] IPUIPlugin:80 - create IPUIPlugin
2026-03-12 18:55:28,585 [INFO] PluginManager:220 - loadIPPluginJar : add dfsdm
2026-03-12 18:55:28,594 [INFO] IPUIPlugin:80 - create IPUIPlugin
2026-03-12 18:55:28,594 [INFO] PluginManager:220 - loadIPPluginJar : add dma
2026-03-12 18:55:28,621 [INFO] IPUIPlugin:80 - create IPUIPlugin
2026-03-12 18:55:28,621 [INFO] PluginManager:220 - loadIPPluginJar : add dma3
2026-03-12 18:55:28,633 [INFO] IPUIPlugin:80 - create IPUIPlugin
2026-03-12 18:55:28,633 [INFO] PluginManager:220 - loadIPPluginJar : add fatfs
2026-03-12 18:55:28,664 [INFO] IPUIPlugin:80 - create IPUIPlugin
2026-03-12 18:55:28,664 [INFO] PluginManager:220 - loadIPPluginJar : add fmc
2026-03-12 18:55:28,673 [INFO] IPUIPlugin:80 - create IPUIPlugin
2026-03-12 18:55:28,673 [INFO] PluginManager:220 - loadIPPluginJar : add freertos
2026-03-12 18:55:28,685 [INFO] IPUIPlugin:80 - create IPUIPlugin
2026-03-12 18:55:28,685 [INFO] PluginManager:220 - loadIPPluginJar : add genericplugin
2026-03-12 18:55:28,742 [INFO] IPUIPlugin:80 - create IPUIPlugin
2026-03-12 18:55:28,742 [INFO] PluginManager:220 - loadIPPluginJar : add gfxmmu
2026-03-12 18:55:28,821 [INFO] IPUIPlugin:80 - create IPUIPlugin
2026-03-12 18:55:28,822 [INFO] PluginManager:220 - loadIPPluginJar : add gic
2026-03-12 18:55:28,829 [INFO] IPUIPlugin:80 - create IPUIPlugin
2026-03-12 18:55:28,830 [INFO] PluginManager:220 - loadIPPluginJar : add gpio
2026-03-12 18:55:28,889 [INFO] IPUIPlugin:80 - create IPUIPlugin
2026-03-12 18:55:28,889 [INFO] PluginManager:220 - loadIPPluginJar : add gtzc
2026-03-12 18:55:28,908 [INFO] IPUIPlugin:80 - create IPUIPlugin
2026-03-12 18:55:28,908 [INFO] PluginManager:220 - loadIPPluginJar : add hash
2026-03-12 18:55:28,940 [INFO] IPUIPlugin:80 - create IPUIPlugin
2026-03-12 18:55:28,940 [INFO] PluginManager:220 - loadIPPluginJar : add i2c
2026-03-12 18:55:28,964 [INFO] IPUIPlugin:80 - create IPUIPlugin
2026-03-12 18:55:28,964 [INFO] PluginManager:220 - loadIPPluginJar : add i2s
2026-03-12 18:55:28,988 [INFO] IPUIPlugin:80 - create IPUIPlugin
2026-03-12 18:55:28,989 [INFO] PluginManager:220 - loadIPPluginJar : add i3c
2026-03-12 18:55:29,054 [INFO] IPUIPlugin:80 - create IPUIPlugin
2026-03-12 18:55:29,054 [INFO] PluginManager:220 - loadIPPluginJar : add ipddr
2026-03-12 18:55:29,110 [INFO] IPUIPlugin:80 - create IPUIPlugin
2026-03-12 18:55:29,110 [INFO] PluginManager:220 - loadIPPluginJar : add linkedlist
2026-03-12 18:55:29,131 [INFO] IPUIPlugin:80 - create IPUIPlugin
2026-03-12 18:55:29,131 [INFO] PluginManager:220 - loadIPPluginJar : add lorawan
2026-03-12 18:55:29,153 [INFO] IPUIPlugin:80 - create IPUIPlugin
2026-03-12 18:55:29,153 [INFO] PluginManager:220 - loadIPPluginJar : add ltdc
2026-03-12 18:55:29,161 [INFO] IPUIPlugin:80 - create IPUIPlugin
2026-03-12 18:55:29,161 [INFO] PluginManager:220 - loadIPPluginJar : add mdma
2026-03-12 18:55:29,169 [INFO] IPUIPlugin:80 - create IPUIPlugin
2026-03-12 18:55:29,169 [INFO] PluginManager:220 - loadIPPluginJar : add nvic
2026-03-12 18:55:29,193 [INFO] IPUIPlugin:80 - create IPUIPlugin
2026-03-12 18:55:29,193 [INFO] PluginManager:220 - loadIPPluginJar : add opamp
2026-03-12 18:55:29,231 [INFO] IPUIPlugin:80 - create IPUIPlugin
2026-03-12 18:55:29,231 [INFO] PluginManager:220 - loadIPPluginJar : add openamp
2026-03-12 18:55:29,257 [INFO] IPUIPlugin:80 - create IPUIPlugin
2026-03-12 18:55:29,257 [INFO] PluginManager:220 - loadIPPluginJar : add pdm2pcm
2026-03-12 18:55:29,266 [INFO] IPUIPlugin:80 - create IPUIPlugin
2026-03-12 18:55:29,267 [INFO] PluginManager:220 - loadIPPluginJar : add plateformsettings
2026-03-12 18:55:29,280 [INFO] IPUIPlugin:80 - create IPUIPlugin
2026-03-12 18:55:29,280 [INFO] PluginManager:220 - loadIPPluginJar : add quadspi
2026-03-12 18:55:29,288 [INFO] IPUIPlugin:80 - create IPUIPlugin
2026-03-12 18:55:29,288 [INFO] PluginManager:220 - loadIPPluginJar : add resmgrutility
2026-03-12 18:55:29,318 [INFO] IPUIPlugin:80 - create IPUIPlugin
2026-03-12 18:55:29,318 [INFO] PluginManager:220 - loadIPPluginJar : add sai
2026-03-12 18:55:29,342 [INFO] IPUIPlugin:80 - create IPUIPlugin
2026-03-12 18:55:29,342 [INFO] PluginManager:220 - loadIPPluginJar : add spi
2026-03-12 18:55:29,384 [INFO] IPUIPlugin:80 - create IPUIPlugin
2026-03-12 18:55:29,384 [INFO] PluginManager:220 - loadIPPluginJar : add stm32_wpan
2026-03-12 18:55:29,399 [INFO] IPUIPlugin:80 - create IPUIPlugin
2026-03-12 18:55:29,399 [INFO] PluginManager:220 - loadIPPluginJar : add tim
2026-03-12 18:55:29,433 [INFO] IPUIPlugin:80 - create IPUIPlugin
2026-03-12 18:55:29,433 [INFO] PluginManager:220 - loadIPPluginJar : add touchsensing
2026-03-12 18:55:29,447 [INFO] IPUIPlugin:80 - create IPUIPlugin
2026-03-12 18:55:29,447 [INFO] PluginManager:220 - loadIPPluginJar : add tracer_emb
2026-03-12 18:55:29,462 [INFO] IPUIPlugin:80 - create IPUIPlugin
2026-03-12 18:55:29,462 [INFO] PluginManager:220 - loadIPPluginJar : add ts
2026-03-12 18:55:29,475 [INFO] IPUIPlugin:80 - create IPUIPlugin
2026-03-12 18:55:29,475 [INFO] PluginManager:220 - loadIPPluginJar : add tsc
2026-03-12 18:55:29,488 [INFO] IPUIPlugin:80 - create IPUIPlugin
2026-03-12 18:55:29,488 [INFO] PluginManager:220 - loadIPPluginJar : add ucpd
2026-03-12 18:55:29,514 [INFO] IPUIPlugin:80 - create IPUIPlugin
2026-03-12 18:55:29,514 [INFO] PluginManager:220 - loadIPPluginJar : add usart
2026-03-12 18:55:29,541 [INFO] IPUIPlugin:80 - create IPUIPlugin
2026-03-12 18:55:29,541 [INFO] PluginManager:220 - loadIPPluginJar : add usbx
2026-03-12 18:55:29,644 [INFO] CADModel:165 - CPN selected for project level
2026-03-12 18:55:29,644 [INFO] CADModel:114 - Register for checkConnection events
2026-03-12 18:55:29,645 [FATAL] Updater:308 - Updater called before beeing initialized
2026-03-12 18:55:29,645 [ERROR] CADModel:125 - Updater not yet initialized, retry later 
2026-03-12 18:55:29,734 [INFO] CADModel:165 - CPN selected for project level
2026-03-12 18:55:29,734 [INFO] CADModel:114 - Register for checkConnection events
2026-03-12 18:55:29,734 [FATAL] Updater:308 - Updater called before beeing initialized
2026-03-12 18:55:29,734 [ERROR] CADModel:125 - Updater not yet initialized, retry later 
2026-03-12 18:55:29,736 [FATAL] Updater:308 - Updater called before beeing initialized
2026-03-12 18:55:29,790 [FATAL] Updater:308 - Updater called before beeing initialized
2026-03-12 18:55:29,798 [INFO] DbMcusAds:53 - JSON generation date=Thu Mar 05 15:32:53 CET 2026 (1772721173050)
2026-03-12 18:55:29,798 [FATAL] Updater:308 - Updater called before beeing initialized
2026-03-12 18:55:29,849 [WARN] DetailPanel:346 - Failed to get advertising image, set to default
2026-03-12 18:55:29,920 [FATAL] Updater:308 - Updater called before beeing initialized
2026-03-12 18:55:29,922 [FATAL] Updater:308 - Updater called before beeing initialized
2026-03-12 18:55:29,922 [FATAL] Updater:308 - Updater called before beeing initialized
2026-03-12 18:55:29,922 [WARN] DetailPanel:346 - Failed to get advertising image, set to default
2026-03-12 18:55:29,922 [FATAL] Updater:308 - Updater called before beeing initialized
2026-03-12 18:55:29,962 [ERROR] Updater:1120 - MainUpdater not yet initialized. External WinMGr cannot be set.
2026-03-12 18:55:29,968 [INFO] Updater:1056 - Updater Version found : 6.10.0
2026-03-12 18:55:29,977 [INFO] ApplicationProperties:184 - Using Application install path: C:\ST\STM32CubeIDE_1.13.0\STM32CubeIDE\plugins\com.st.stm32cube.common.mx_6.10.0.202311202037
2026-03-12 18:55:30,013 [INFO] MainUpdater:526 - Copy updater definitions from MX database
2026-03-12 18:55:30,539 [INFO] MainUpdater:2873 - connection check result : 10
2026-03-12 18:55:30,539 [INFO] MainUpdater:3567 - Updater definition file requires update
2026-03-12 18:55:30,540 [INFO] MainUpdater:290 - Updater Check For Update Now.
2026-03-12 18:55:30,540 [INFO] MicroXplorer:498 - Change Database Version : DB.6.0.100
2026-03-12 18:55:30,552 [INFO] McuFinderGlobals:63 - Set McuFinder mode to 2 (CubeIDE integrated)
2026-03-12 18:55:30,559 [INFO] UserAuth:404 - Internet connection configuration mode: 1
2026-03-12 18:55:30,573 [INFO] JxBrowserEngine:152 - Initiate JxBrowser Engine with user profile folder
2026-03-12 18:55:31,019 [INFO] ServerAccessManage:473 - Download File updaters.zip
2026-03-12 18:55:31,089 [INFO] FileExtend:240 - Unzip File : updaters.zip
2026-03-12 18:55:31,089 [INFO] FileExtend:255 - Standard Zip Deflate
2026-03-12 18:55:31,155 [WARN] MainUpdater:1194 - Updater busy. Cannot search thirdparties
2026-03-12 18:55:31,156 [INFO] ThirdPartyUpdaterWithRetryManager:96 - Updater plugin is busy. [1/15]
2026-03-12 18:55:31,616 [INFO] ServerAccessManage:473 - Download File PacksControlFlags.xml
2026-03-12 18:55:31,898 [INFO] ServerAccessManage:473 - Download File cubemx.pidx
2026-03-12 18:55:31,958 [INFO] LoadServerUpdatesThread:375 - End of LoadServerUpdate Thread
2026-03-12 18:55:32,101 [INFO] CheckServerUpdateThread:120 - End of CheckServer Thread
2026-03-12 18:55:32,464 [INFO] WebApp:161 - Instantiating new browser for Auth
2026-03-12 18:55:32,870 [INFO] WebApp:780 - Register for checkConnection events
2026-03-12 18:55:32,870 [INFO] WebApp:414 - Apply proxy settings
2026-03-12 18:55:32,870 [INFO] WebApp:499 - Chromium requires no authentication
2026-03-12 18:55:32,875 [INFO] WebApp:442 - Direct internet connection detected
2026-03-12 18:55:33,001 [INFO] WebApp:192 - Starting web application
2026-03-12 18:55:33,001 [INFO] WebApp:544 - Web application path used C:\ST\STM32CubeIDE_1.13.0\STM32CubeIDE\plugins\com.st.stm32cube.common.mx_6.10.0.202311202037\db\plugins\mcufinder\reactClient1\index.html
2026-03-12 18:55:34,347 [WARN] PackLoader:240 - Cannot read IP mode file for STMicroelectronics.X-CUBE-AZRTOS-H7.3.5.0
2026-03-12 18:55:34,358 [WARN] PackLoader:240 - Cannot read IP mode file for STMicroelectronics.FP-SNS-MOTENVWB1.1.4.0
2026-03-12 18:55:34,366 [WARN] PackLoader:240 - Cannot read IP mode file for STMicroelectronics.FP-ATR-ASTRA1.2.0.2
2026-03-12 18:55:34,372 [WARN] PackLoader:240 - Cannot read IP mode file for STMicroelectronics.FP-ATR-ASTRA1.2.0.1
2026-03-12 18:55:34,379 [WARN] PackLoader:240 - Cannot read IP mode file for STMicroelectronics.X-CUBE-SMBUS.2.1.0
2026-03-12 18:55:34,387 [WARN] PackLoader:240 - Cannot read IP mode file for STMicroelectronics.X-CUBE-WB05N.1.1.0
2026-03-12 18:55:34,394 [ERROR] Engine:466 - C:\Users\Xavi\.stm32cubemx\thirdparties\pdsc\STMicroelectronics.X-CUBE-ST60.1.0.0.pdsc: PDSC version is not supported
2026-03-12 18:55:34,401 [WARN] PackLoader:240 - Cannot read IP mode file for STMicroelectronics.X-CUBE-TOUCHGFX.4.23.0
2026-03-12 18:55:34,417 [WARN] PackLoader:240 - Cannot read IP mode file for STMicroelectronics.X-CUBE-AZRTOS-F7.1.1.0
2026-03-12 18:55:34,427 [WARN] PackLoader:240 - Cannot read IP mode file for STMicroelectronics.FP-SNS-MOTENV1.4.3.2
2026-03-12 18:55:34,457 [WARN] PackLoader:240 - Cannot read IP mode file for STMicroelectronics.X-CUBE-MEMS1.11.0.0
2026-03-12 18:55:34,523 [WARN] PackLoader:240 - Cannot read IP mode file for STMicroelectronics.X-CUBE-BLE1.6.2.4
2026-03-12 18:55:34,530 [ERROR] Engine:466 - C:\Users\Xavi\.stm32cubemx\thirdparties\pdsc\STMicroelectronics.FP-SNS-MOTENV1.5.1.0.pdsc: PDSC version is not supported
2026-03-12 18:55:34,538 [WARN] PackLoader:240 - Cannot read IP mode file for STMicroelectronics.FP-SNS-FLIGHT1.5.0.2
2026-03-12 18:55:34,554 [WARN] PackLoader:240 - Cannot read IP mode file for STMicroelectronics.X-CUBE-AZRTOS-H7.3.4.0
2026-03-12 18:55:34,565 [WARN] PackLoader:240 - Cannot read IP mode file for STMicroelectronics.X-CUBE-DISPLAY.3.0.0
2026-03-12 18:55:34,573 [ERROR] Engine:466 - C:\Users\Xavi\.stm32cubemx\thirdparties\pdsc\STMicroelectronics.FP-SNS-MOTENVWB1.1.5.0.pdsc: PDSC version is not supported
2026-03-12 18:55:34,579 [WARN] PackLoader:240 - Cannot read IP mode file for STMicroelectronics.X-CUBE-BLE1.7.0.0
2026-03-12 18:55:34,587 [WARN] PackLoader:240 - Cannot read IP mode file for STMicroelectronics.X-CUBE-NFC10.1.0.0
2026-03-12 18:55:34,596 [WARN] PackLoader:240 - Cannot read IP mode file for STMicroelectronics.X-CUBE-BLEMGR.4.0.0
2026-03-12 18:55:34,603 [ERROR] Engine:466 - C:\Users\Xavi\.stm32cubemx\thirdparties\pdsc\STMicroelectronics.X-CUBE-ST60.1.1.0.pdsc: PDSC version is not supported
2026-03-12 18:55:34,610 [WARN] PackLoader:240 - Cannot read IP mode file for emotas.I-CUBE-CANOPEN.1.3.0
2026-03-12 18:55:34,618 [WARN] PackLoader:240 - Cannot read IP mode file for STMicroelectronics.X-CUBE-TOUCHGFX.4.22.0
2026-03-12 18:55:34,625 [WARN] PackLoader:240 - Cannot read IP mode file for STMicroelectronics.X-CUBE-GNSS1.7.1.0
2026-03-12 18:55:34,632 [WARN] PackLoader:240 - Cannot read IP mode file for STMicroelectronics.X-CUBE-TOUCHGFX.4.22.1
2026-03-12 18:55:34,640 [WARN] PackLoader:240 - Cannot read IP mode file for STMicroelectronics.X-CUBE-BLEMGR.3.1.0
2026-03-12 18:55:34,648 [WARN] PackLoader:240 - Cannot read IP mode file for STMicroelectronics.X-CUBE-AI.10.0.0
2026-03-12 18:55:34,655 [ERROR] Engine:466 - C:\Users\Xavi\.stm32cubemx\thirdparties\pdsc\STMicroelectronics.FP-SNS-STBOX1.2.1.0.pdsc: PDSC version is not supported
2026-03-12 18:55:34,662 [WARN] PackLoader:240 - Cannot read IP mode file for STMicroelectronics.FP-SNS-SMARTAG2.1.2.0
2026-03-12 18:55:34,668 [ERROR] Engine:466 - C:\Users\Xavi\.stm32cubemx\thirdparties\pdsc\STMicroelectronics.FP-SNS-FLIGHT1.5.1.0.pdsc: PDSC version is not supported
2026-03-12 18:55:34,695 [WARN] PackLoader:240 - Cannot read IP mode file for STMicroelectronics.X-CUBE-MEMS1.11.1.0
2026-03-12 18:55:34,761 [INFO] LogOutputStream:77 - [STDOUT_REDIRECT] 1 : Invalid condition id : UX_CORESTACK_Condition cause : null
2026-03-12 18:55:34,761 [INFO] LogOutputStream:77 - [STDOUT_REDIRECT] 1 : Invalid condition id : UX_CORESTACK_Condition cause : null
2026-03-12 18:55:34,762 [INFO] LogOutputStream:77 - [STDOUT_REDIRECT] 1 : Invalid condition id : UX_CORESTACK_Condition cause : null
2026-03-12 18:55:34,763 [INFO] LogOutputStream:77 - [STDOUT_REDIRECT] 1 : Invalid condition id : UX_CORESTACK_Condition cause : null
2026-03-12 18:55:34,764 [INFO] LogOutputStream:77 - [STDOUT_REDIRECT] 1 : Invalid condition id : UX_CORESTACK_Condition cause : null
2026-03-12 18:55:34,766 [WARN] PackLoader:240 - Cannot read IP mode file for STMicroelectronics.X-CUBE-AZRTOS-WL.2.0.0
2026-03-12 18:55:34,775 [WARN] PackLoader:240 - Cannot read IP mode file for STMicroelectronics.FP-SNS-MOTENV1.5.0.0
2026-03-12 18:55:34,793 [WARN] PackLoader:240 - Cannot read IP mode file for STMicroelectronics.X-CUBE-AZRTOS-H7RS.1.2.0
2026-03-12 18:55:34,802 [WARN] PackLoader:240 - Cannot read IP mode file for wolfSSL.I-CUBE-wolfMQTT.1.19.0
2026-03-12 18:55:34,813 [WARN] PackLoader:240 - Cannot read IP mode file for WES.I-CUBE-Cesium.1.3.0
2026-03-12 18:55:34,822 [WARN] PackLoader:240 - Cannot read IP mode file for STMicroelectronics.X-CUBE-BLE2.3.3.0
2026-03-12 18:55:34,828 [ERROR] Engine:466 - C:\Users\Xavi\.stm32cubemx\thirdparties\pdsc\Avnet-IOTCONNECT.X-CUBE-iotc-st67-sdk.1.0.0.pdsc: PDSC version is not supported
2026-03-12 18:55:34,835 [WARN] PackLoader:240 - Cannot read IP mode file for STMicroelectronics.X-CUBE-NFC9.1.0.0
2026-03-12 18:55:34,844 [WARN] PackLoader:240 - Cannot read IP mode file for STMicroelectronics.X-CUBE-BLE1.7.1.0
2026-03-12 18:55:34,853 [WARN] PackLoader:240 - Cannot read IP mode file for STMicroelectronics.X-CUBE-TCPP.4.1.0
2026-03-12 18:55:34,860 [ERROR] Engine:466 - C:\Users\Xavi\.stm32cubemx\thirdparties\pdsc\STMicroelectronics.X-CUBE-FREERTOS.1.4.0.pdsc: PDSC version is not supported
2026-03-12 18:55:34,868 [WARN] PackLoader:240 - Cannot read IP mode file for STMicroelectronics.X-CUBE-EEPRMA1.5.2.0
2026-03-12 18:55:34,875 [ERROR] Engine:466 - C:\Users\Xavi\.stm32cubemx\thirdparties\pdsc\STMicroelectronics.X-CUBE-ST67W61.1.1.0.pdsc: PDSC version is not supported
2026-03-12 18:55:34,882 [WARN] PackLoader:240 - Cannot read IP mode file for STMicroelectronics.X-CUBE-AI.10.1.0
2026-03-12 18:55:34,907 [WARN] PackLoader:240 - Cannot read IP mode file for STMicroelectronics.X-CUBE-MEMS1.12.0.0
2026-03-12 18:55:34,956 [WARN] PackLoader:240 - Cannot read IP mode file for STMicroelectronics.X-CUBE-ALGOBUILD.1.3.0
2026-03-12 18:55:34,974 [WARN] PackLoader:240 - Cannot read IP mode file for STMicroelectronics.X-CUBE-AZRTOS-G0.1.1.0
2026-03-12 18:55:34,986 [WARN] PackLoader:240 - Cannot read IP mode file for STMicroelectronics.X-CUBE-SAFEA1.1.2.2
2026-03-12 18:55:34,998 [WARN] PackLoader:240 - Cannot read IP mode file for STMicroelectronics.X-CUBE-NFC4.3.0.0
2026-03-12 18:55:35,009 [WARN] PackLoader:240 - Cannot read IP mode file for EmbeddedOffice.I-CUBE-FS-RTOS.1.0.1
2026-03-12 18:55:35,009 [ERROR] ConditionMgr:805 - Attr not supported : Dmpu
2026-03-12 18:55:35,009 [ERROR] ConditionMgr:805 - Attr not supported : Dmpu
2026-03-12 18:55:35,009 [ERROR] ConditionMgr:805 - Attr not supported : Dmpu
2026-03-12 18:55:35,009 [ERROR] ConditionMgr:805 - Attr not supported : Dmpu
2026-03-12 18:55:35,009 [ERROR] ConditionMgr:805 - Attr not supported : Dmpu
2026-03-12 18:55:35,009 [ERROR] ConditionMgr:805 - Attr not supported : Dmpu
2026-03-12 18:55:35,009 [ERROR] ConditionMgr:805 - Attr not supported : Dmpu
2026-03-12 18:55:35,009 [ERROR] ConditionMgr:805 - Attr not supported : Dmpu
2026-03-12 18:55:35,010 [ERROR] ConditionMgr:805 - Attr not supported : Dmpu
2026-03-12 18:55:35,010 [ERROR] ConditionMgr:805 - Attr not supported : Dmpu
2026-03-12 18:55:35,010 [ERROR] ConditionMgr:805 - Attr not supported : Dmpu
2026-03-12 18:55:35,010 [ERROR] ConditionMgr:805 - Attr not supported : Dmpu
2026-03-12 18:55:35,010 [ERROR] ConditionMgr:805 - Attr not supported : Dmpu
2026-03-12 18:55:35,010 [ERROR] ConditionMgr:805 - Attr not supported : Dmpu
2026-03-12 18:55:35,010 [ERROR] ConditionMgr:805 - Attr not supported : Dmpu
2026-03-12 18:55:35,010 [ERROR] ConditionMgr:805 - Attr not supported : Dmpu
2026-03-12 18:55:35,010 [ERROR] ConditionMgr:805 - Attr not supported : Dmpu
2026-03-12 18:55:35,010 [ERROR] ConditionMgr:805 - Attr not supported : Dmpu
2026-03-12 18:55:35,010 [ERROR] ConditionMgr:805 - Attr not supported : Dmpu
2026-03-12 18:55:35,010 [ERROR] ConditionMgr:805 - Attr not supported : Dmpu
2026-03-12 18:55:35,010 [ERROR] ConditionMgr:805 - Attr not supported : Dmpu
2026-03-12 18:55:35,010 [ERROR] ConditionMgr:805 - Attr not supported : Dmpu
2026-03-12 18:55:35,010 [ERROR] ConditionMgr:805 - Attr not supported : Dmpu
2026-03-12 18:55:35,010 [ERROR] ConditionMgr:805 - Attr not supported : Dmpu
2026-03-12 18:55:35,010 [ERROR] ConditionMgr:805 - Attr not supported : Dmpu
2026-03-12 18:55:35,010 [ERROR] ConditionMgr:805 - Attr not supported : Dmpu
2026-03-12 18:55:35,010 [ERROR] ConditionMgr:805 - Attr not supported : Dmpu
2026-03-12 18:55:35,010 [ERROR] ConditionMgr:805 - Attr not supported : Dmpu
2026-03-12 18:55:35,010 [ERROR] ConditionMgr:805 - Attr not supported : Dmpu
2026-03-12 18:55:35,010 [ERROR] ConditionMgr:805 - Attr not supported : Dmpu
2026-03-12 18:55:35,010 [ERROR] ConditionMgr:805 - Attr not supported : Dmpu
2026-03-12 18:55:35,010 [ERROR] ConditionMgr:805 - Attr not supported : Dmpu
2026-03-12 18:55:35,010 [ERROR] ConditionMgr:805 - Attr not supported : Dmpu
2026-03-12 18:55:35,010 [ERROR] ConditionMgr:805 - Attr not supported : Dmpu
2026-03-12 18:55:35,010 [ERROR] ConditionMgr:805 - Attr not supported : Dmpu
2026-03-12 18:55:35,010 [ERROR] ConditionMgr:805 - Attr not supported : Dmpu
2026-03-12 18:55:35,010 [ERROR] ConditionMgr:805 - Attr not supported : Dmpu
2026-03-12 18:55:35,010 [ERROR] ConditionMgr:805 - Attr not supported : Dmpu
2026-03-12 18:55:35,010 [ERROR] ConditionMgr:805 - Attr not supported : Dmpu
2026-03-12 18:55:35,010 [ERROR] ConditionMgr:805 - Attr not supported : Dmpu
2026-03-12 18:55:35,010 [ERROR] ConditionMgr:805 - Attr not supported : Dmpu
2026-03-12 18:55:35,010 [ERROR] ConditionMgr:805 - Attr not supported : Dmpu
2026-03-12 18:55:35,011 [ERROR] ConditionMgr:805 - Attr not supported : Dmpu
2026-03-12 18:55:35,011 [ERROR] ConditionMgr:805 - Attr not supported : Dmpu
2026-03-12 18:55:35,011 [ERROR] ConditionMgr:805 - Attr not supported : Dmpu
2026-03-12 18:55:35,011 [ERROR] ConditionMgr:805 - Attr not supported : Dmpu
2026-03-12 18:55:35,011 [ERROR] ConditionMgr:805 - Attr not supported : Dmpu
2026-03-12 18:55:35,011 [ERROR] ConditionMgr:805 - Attr not supported : Dmpu
2026-03-12 18:55:35,011 [ERROR] ConditionMgr:805 - Attr not supported : Dmpu
2026-03-12 18:55:35,011 [ERROR] ConditionMgr:805 - Attr not supported : Dmpu
2026-03-12 18:55:35,011 [ERROR] ConditionMgr:805 - Attr not supported : Dmpu
2026-03-12 18:55:35,011 [ERROR] ConditionMgr:805 - Attr not supported : Dmpu
2026-03-12 18:55:35,011 [ERROR] ConditionMgr:805 - Attr not supported : Dmpu
2026-03-12 18:55:35,011 [ERROR] ConditionMgr:805 - Attr not supported : Dmpu
2026-03-12 18:55:35,011 [ERROR] ConditionMgr:805 - Attr not supported : Dmpu
2026-03-12 18:55:35,011 [ERROR] ConditionMgr:805 - Attr not supported : Dmpu
2026-03-12 18:55:35,011 [ERROR] ConditionMgr:805 - Attr not supported : Dmpu
2026-03-12 18:55:35,011 [ERROR] ConditionMgr:805 - Attr not supported : Dmpu
2026-03-12 18:55:35,011 [ERROR] ConditionMgr:805 - Attr not supported : Dmpu
2026-03-12 18:55:35,011 [ERROR] ConditionMgr:805 - Attr not supported : Dmpu
2026-03-12 18:55:35,011 [ERROR] ConditionMgr:805 - Attr not supported : Dmpu
2026-03-12 18:55:35,011 [ERROR] ConditionMgr:805 - Attr not supported : Dmpu
2026-03-12 18:55:35,011 [ERROR] ConditionMgr:805 - Attr not supported : Dmpu
2026-03-12 18:55:35,011 [ERROR] ConditionMgr:805 - Attr not supported : Dmpu
2026-03-12 18:55:35,020 [WARN] PackLoader:240 - Cannot read IP mode file for STMicroelectronics.X-CUBE-WB05N.2.0.0
2026-03-12 18:55:35,030 [WARN] PackLoader:240 - Cannot read IP mode file for STMicroelectronics.X-CUBE-BLEMGR.3.0.0
2026-03-12 18:55:35,038 [ERROR] Engine:466 - C:\Users\Xavi\.stm32cubemx\thirdparties\pdsc\STMicroelectronics.X-CUBE-TCPP.4.2.0.pdsc: PDSC version is not supported
2026-03-12 18:55:35,046 [WARN] PackLoader:240 - Cannot read IP mode file for RealThread.X-CUBE-RT-Thread_Nano.4.1.1
2026-03-12 18:55:35,054 [WARN] PackLoader:240 - Cannot read IP mode file for STMicroelectronics.FP-ATR-SIGFOX1.3.2.0
2026-03-12 18:55:35,061 [WARN] ConditionMgr:438 - getConditionDescription Invalid condition id : Cortex-A Device cause : null
2026-03-12 18:55:35,074 [WARN] ConditionMgr:1039 - genDependencies : Invalid condition id : Cortex-A Device cause : null
2026-03-12 18:55:35,074 [WARN] ConditionMgr:1039 - genDependencies : Invalid condition id : Cortex-A Device cause : null
2026-03-12 18:55:35,074 [WARN] ConditionMgr:1039 - genDependencies : Invalid condition id : Cortex-A Device cause : null
2026-03-12 18:55:35,081 [WARN] PackLoader:240 - Cannot read IP mode file for STMicroelectronics.X-CUBE-EEPRMA1.5.1.0
2026-03-12 18:55:35,087 [ERROR] Engine:466 - C:\Users\Xavi\.stm32cubemx\thirdparties\pdsc\STMicroelectronics.X-CUBE-FREERTOS.1.5.0.pdsc: PDSC version is not supported
2026-03-12 18:55:35,094 [WARN] PackLoader:240 - Cannot read IP mode file for STMicroelectronics.X-CUBE-NFC6.3.2.0
2026-03-12 18:55:35,102 [ERROR] Engine:466 - C:\Users\Xavi\.stm32cubemx\thirdparties\pdsc\STMicroelectronics.X-CUBE-ST67W61.1.0.0.pdsc: PDSC version is not supported
2026-03-12 18:55:35,108 [WARN] PackLoader:240 - Cannot read IP mode file for STMicroelectronics.X-CUBE-AI.10.2.0
2026-03-12 18:55:35,125 [WARN] PackLoader:240 - Cannot read IP mode file for SEGGER.I-CUBE-embOS.1.3.1
2026-03-12 18:55:35,151 [WARN] PackLoader:240 - Cannot read IP mode file for STMicroelectronics.X-CUBE-ALGOBUILD.1.4.0
2026-03-12 18:55:35,177 [WARN] PackLoader:240 - Cannot read IP mode file for STMicroelectronics.X-CUBE-MEMS1.11.3.0
2026-03-12 18:55:35,239 [WARN] PackLoader:240 - Cannot read IP mode file for STMicroelectronics.X-CUBE-PM33A1.1.0.0
2026-03-12 18:55:35,250 [WARN] PackLoader:240 - Cannot read IP mode file for STMicroelectronics.X-CUBE-GNSS1.6.0.0
2026-03-12 18:55:35,265 [WARN] PackLoader:240 - Cannot read IP mode file for STMicroelectronics.X-CUBE-AZRTOS-F4.1.1.0
2026-03-12 18:55:35,273 [WARN] PackLoader:240 - Cannot read IP mode file for wolfSSL.I-CUBE-wolfSSL.5.6.3
2026-03-12 18:55:35,280 [ERROR] Engine:466 - C:\Users\Xavi\.stm32cubemx\thirdparties\pdsc\Avnet-IotConnect.X-CUBE-IoTC-DA16k-PMOD.1.0.0.pdsc: PDSC version is not supported
2026-03-12 18:55:35,288 [WARN] PackLoader:240 - Cannot read IP mode file for STMicroelectronics.X-CUBE-ISPU.2.1.0
2026-03-12 18:55:35,297 [ERROR] Engine:466 - C:\Users\Xavi\.stm32cubemx\thirdparties\pdsc\STMicroelectronics.X-CUBE-IPS.3.2.0.pdsc: PDSC version is not supported
2026-03-12 18:55:35,306 [WARN] PackLoader:240 - Cannot read IP mode file for STMicroelectronics.X-CUBE-FREERTOS.1.2.0
2026-03-12 18:55:35,314 [WARN] PackLoader:240 - Cannot read IP mode file for STMicroelectronics.X-CUBE-NFC12.1.0.0
2026-03-12 18:55:35,330 [WARN] PackLoader:240 - Cannot read IP mode file for STMicroelectronics.X-CUBE-AZRTOS-L5.2.0.0
2026-03-12 18:55:35,354 [WARN] PackLoader:240 - Cannot read IP mode file for STMicroelectronics.X-CUBE-MEMS1.9.6.0
2026-03-12 18:55:35,414 [WARN] PackLoader:240 - Cannot read IP mode file for STMicroelectronics.X-CUBE-EEPRMA1.4.2.0
2026-03-12 18:55:35,422 [WARN] PackLoader:240 - Cannot read IP mode file for STMicroelectronics.X-CUBE-NFC6.3.1.0
2026-03-12 18:55:35,431 [WARN] PackLoader:240 - Cannot read IP mode file for ITTIA_DB.I-CUBE-ITTIADB.8.8.0
2026-03-12 18:55:35,439 [WARN] PackLoader:240 - Cannot read IP mode file for STMicroelectronics.X-CUBE-BLEMGR.2.0.0
2026-03-12 18:55:35,446 [WARN] PackLoader:240 - Cannot read IP mode file for STMicroelectronics.X-CUBE-DPower.1.2.0
2026-03-12 18:55:35,453 [WARN] PackLoader:240 - Cannot read IP mode file for STMicroelectronics.X-CUBE-AI.9.0.0
2026-03-12 18:55:35,477 [WARN] ConditionMgr:438 - getConditionDescription Invalid condition id : UX DEVICE CLASS RTOS Condition cause : null
2026-03-12 18:55:35,477 [WARN] ConditionMgr:438 - getConditionDescription Invalid condition id : UX DEVICE CLASS RTOS Condition cause : null
2026-03-12 18:55:35,478 [WARN] PackLoader:240 - Cannot read IP mode file for STMicroelectronics.X-CUBE-AZRTOS-H7.3.1.0
2026-03-12 18:55:35,478 [WARN] ConditionMgr:1039 - genDependencies : Invalid condition id : UX DEVICE CLASS RTOS Condition cause : null
2026-03-12 18:55:35,478 [WARN] ConditionMgr:1039 - genDependencies : Invalid condition id : UX DEVICE CLASS RTOS Condition cause : null
2026-03-12 18:55:35,479 [WARN] ConditionMgr:1039 - genDependencies : Invalid condition id : UX DEVICE CLASS RTOS Condition cause : null
2026-03-12 18:55:35,479 [WARN] ConditionMgr:1039 - genDependencies : Invalid condition id : UX DEVICE CLASS RTOS Condition cause : null
2026-03-12 18:55:35,479 [WARN] ConditionMgr:1039 - genDependencies : Invalid condition id : UX DEVICE CLASS RTOS Condition cause : null
2026-03-12 18:55:35,487 [WARN] PackLoader:240 - Cannot read IP mode file for STMicroelectronics.X-CUBE-FREERTOS.1.3.1
2026-03-12 18:55:35,494 [WARN] PackLoader:240 - Cannot read IP mode file for STMicroelectronics.X-CUBE-FREERTOS.1.3.0
2026-03-12 18:55:35,503 [WARN] PackLoader:240 - Cannot read IP mode file for STMicroelectronics.X-CUBE-NFC7.1.0.1
2026-03-12 18:55:35,511 [WARN] PackLoader:240 - Cannot read IP mode file for wolfSSL.I-CUBE-wolfTPM.3.2.0
2026-03-12 18:55:35,518 [WARN] PackLoader:240 - Cannot read IP mode file for STMicroelectronics.X-CUBE-TOUCHGFX.4.26.0
2026-03-12 18:55:35,525 [WARN] PackLoader:240 - Cannot read IP mode file for STMicroelectronics.X-CUBE-NFC6.3.0.0
2026-03-12 18:55:35,533 [WARN] PackLoader:240 - Cannot read IP mode file for STMicroelectronics.X-CUBE-TOUCHGFX.4.26.1
2026-03-12 18:55:35,540 [WARN] PackLoader:240 - Cannot read IP mode file for STMicroelectronics.X-CUBE-EEPRMA1.4.1.0
2026-03-12 18:55:35,546 [ERROR] Engine:466 - C:\Users\Xavi\.stm32cubemx\thirdparties\pdsc\STMicroelectronics.FP-SNS-STAIOTCFT.1.0.0.pdsc: PDSC version is not supported
2026-03-12 18:55:35,552 [WARN] PackLoader:240 - Cannot read IP mode file for STMicroelectronics.X-CUBE-DPower.1.3.0
2026-03-12 18:55:35,559 [WARN] PackLoader:240 - Cannot read IP mode file for STMicroelectronics.X-CUBE-AI.8.1.0
2026-03-12 18:55:35,574 [WARN] ConditionMgr:438 - getConditionDescription Invalid condition id : LAN8742 Phy interface Condition cause : null
2026-03-12 18:55:35,574 [WARN] PackLoader:240 - Cannot read IP mode file for STMicroelectronics.X-CUBE-AZRTOS-L4.2.0.0
2026-03-12 18:55:35,575 [WARN] ConditionMgr:1039 - genDependencies : Invalid condition id : LAN8742 Phy interface Condition cause : null
2026-03-12 18:55:35,575 [WARN] ConditionMgr:1039 - genDependencies : Invalid condition id : LAN8742 Phy interface Condition cause : null
2026-03-12 18:55:35,575 [WARN] ConditionMgr:1039 - genDependencies : Invalid condition id : LAN8742 Phy interface Condition cause : null
2026-03-12 18:55:35,583 [WARN] PackLoader:240 - Cannot read IP mode file for STMicroelectronics.X-CUBE-SFXS2LP1.4.0.0
2026-03-12 18:55:35,590 [ERROR] Engine:466 - C:\Users\Xavi\.stm32cubemx\thirdparties\pdsc\STMicroelectronics.X-CUBE-ST67W61.1.2.0.pdsc: PDSC version is not supported
2026-03-12 18:55:35,596 [WARN] PackLoader:240 - Cannot read IP mode file for STMicroelectronics.X-CUBE-ISPU.1.1.0
2026-03-12 18:55:35,610 [WARN] PackLoader:240 - Cannot read IP mode file for STMicroelectronics.X-CUBE-AZRTOS-H7.3.3.0
2026-03-12 18:55:35,620 [ERROR] Engine:466 - C:\Users\Xavi\.stm32cubemx\thirdparties\pdsc\STMicroelectronics.X-CUBE-BLEMGR.4.1.0.pdsc: PDSC version is not supported
2026-03-12 18:55:35,631 [WARN] ConditionMgr:438 - getConditionDescription Invalid condition id : UX DEVICE CLASS RTOS Condition cause : null
2026-03-12 18:55:35,631 [WARN] ConditionMgr:438 - getConditionDescription Invalid condition id : UX DEVICE CLASS RTOS Condition cause : null
2026-03-12 18:55:35,632 [WARN] PackLoader:240 - Cannot read IP mode file for STMicroelectronics.X-CUBE-AZRTOS-WB.2.0.0
2026-03-12 18:55:35,632 [WARN] ConditionMgr:1039 - genDependencies : Invalid condition id : UX DEVICE CLASS RTOS Condition cause : null
2026-03-12 18:55:35,632 [WARN] ConditionMgr:1039 - genDependencies : Invalid condition id : UX DEVICE CLASS RTOS Condition cause : null
2026-03-12 18:55:35,632 [WARN] ConditionMgr:1039 - genDependencies : Invalid condition id : UX DEVICE CLASS RTOS Condition cause : null
2026-03-12 18:55:35,632 [WARN] ConditionMgr:1039 - genDependencies : Invalid condition id : UX DEVICE CLASS RTOS Condition cause : null
2026-03-12 18:55:35,632 [WARN] ConditionMgr:1039 - genDependencies : Invalid condition id : UX DEVICE CLASS RTOS Condition cause : null
2026-03-12 18:55:35,639 [WARN] PackLoader:240 - Cannot read IP mode file for STMicroelectronics.X-CUBE-FREERTOS.1.0.1
2026-03-12 18:55:35,646 [WARN] PackLoader:240 - Cannot read IP mode file for STMicroelectronics.X-CUBE-GNSS1.7.0.0
2026-03-12 18:55:35,652 [WARN] PackLoader:240 - Cannot read IP mode file for STMicroelectronics.X-CUBE-GNSS1.7.0.1
2026-03-12 18:55:35,659 [WARN] PackLoader:240 - Cannot read IP mode file for STMicroelectronics.X-CUBE-TOUCHGFX.4.25.0
2026-03-12 18:55:35,666 [WARN] PackLoader:240 - Cannot read IP mode file for STMicroelectronics.FP-SNS-STBOX1.2.0.0
2026-03-12 18:55:35,674 [WARN] PackLoader:240 - Cannot read IP mode file for STMicroelectronics.X-CUBE-STSE01.2.0.0
2026-03-12 18:55:35,686 [WARN] PackLoader:240 - Cannot read IP mode file for STMicroelectronics.X-CUBE-AZRTOS-L5.1.1.0
2026-03-12 18:55:35,693 [WARN] PackLoader:240 - Cannot read IP mode file for STMicroelectronics.X-CUBE-AI.8.0.1
2026-03-12 18:55:35,702 [WARN] PackLoader:240 - Cannot read IP mode file for STMicroelectronics.X-CUBE-SUBG2.5.0.0
2026-03-12 18:55:35,717 [WARN] PackLoader:240 - Cannot read IP mode file for STMicroelectronics.X-CUBE-AZRTOS-H7RS.1.1.0
2026-03-12 18:55:35,726 [WARN] PackLoader:240 - Cannot read IP mode file for Cesanta.I-CUBE-Mongoose.7.13.0
2026-03-12 18:55:35,735 [WARN] PackLoader:240 - Cannot read IP mode file for STMicroelectronics.X-CUBE-TOF1.3.3.1
2026-03-12 18:55:35,748 [WARN] PackLoader:240 - Cannot read IP mode file for STMicroelectronics.X-CUBE-AZRTOS-G4.2.0.0
2026-03-12 18:55:35,759 [WARN] PackLoader:240 - Cannot read IP mode file for Infineon.AIROC-Wi-Fi-Bluetooth-STM32.1.5.1
2026-03-12 18:55:35,766 [WARN] PackLoader:240 - Cannot read IP mode file for STMicroelectronics.FP-SNS-MOTENVWB1.1.3.0
2026-03-12 18:55:35,773 [WARN] PackLoader:240 - Cannot read IP mode file for STMicroelectronics.X-CUBE-NFC7.2.0.0
2026-03-12 18:55:35,779 [WARN] PackLoader:240 - Cannot read IP mode file for STMicroelectronics.FP-SNS-MOTENVWB1.1.3.1
2026-03-12 18:55:35,800 [WARN] PackLoader:240 - Cannot read IP mode file for STMicroelectronics.X-CUBE-ISPU.2.0.0
2026-03-12 18:55:35,808 [ERROR] Engine:466 - C:\Users\Xavi\.stm32cubemx\thirdparties\pdsc\STMicroelectronics.X-CUBE-IPS.3.1.0.pdsc: PDSC version is not supported
2026-03-12 18:55:35,814 [WARN] PackLoader:240 - Cannot read IP mode file for STMicroelectronics.X-CUBE-ALS.1.0.2
2026-03-12 18:55:35,833 [WARN] PackLoader:240 - Cannot read IP mode file for STMicroelectronics.X-CUBE-MEMS1.10.0.0
2026-03-12 18:55:35,884 [WARN] PackLoader:240 - Cannot read IP mode file for STMicroelectronics.X-CUBE-FREERTOS.1.1.0
2026-03-12 18:55:35,892 [WARN] PackLoader:240 - Cannot read IP mode file for STMicroelectronics.X-CUBE-TOUCHGFX.4.24.0
2026-03-12 18:55:35,899 [WARN] PackLoader:240 - Cannot read IP mode file for STMicroelectronics.X-CUBE-TOUCHGFX.4.24.2
2026-03-12 18:55:35,907 [WARN] PackLoader:240 - Cannot read IP mode file for STMicroelectronics.X-CUBE-TOUCHGFX.4.24.1
2026-03-12 18:55:35,914 [WARN] PackLoader:240 - Cannot read IP mode file for STMicroelectronics.X-CUBE-STSE01.1.0.0
2026-03-12 18:55:35,922 [WARN] PackLoader:240 - Cannot read IP mode file for portGmbH.I-Cube-SoM-uGOAL.1.1.0
2026-03-12 18:55:35,928 [WARN] PackLoader:240 - Cannot read IP mode file for STMicroelectronics.X-CUBE-ALS.1.0.1
2026-03-12 18:55:35,942 [WARN] PackLoader:240 - Cannot read IP mode file for STMicroelectronics.X-CUBE-AZRTOS-WB.1.1.0
2026-03-12 18:55:35,958 [WARN] PackLoader:240 - Cannot read IP mode file for STMicroelectronics.X-CUBE-AZRTOS-H7RS.1.0.0
2026-03-12 18:55:35,967 [WARN] PackLoader:240 - Cannot read IP mode file for STMicroelectronics.FP-ATR-ASTRA1.2.0.0
2026-03-12 18:55:35,977 [WARN] PackLoader:240 - Cannot read IP mode file for STMicroelectronics.X-CUBE-TOF1.3.4.2
2026-03-12 18:55:35,989 [ERROR] Engine:466 - C:\Users\Xavi\.stm32cubemx\thirdparties\pdsc\STMicroelectronics.X-CUBE-TOF1.3.4.3.pdsc: PDSC version is not supported
2026-03-12 18:55:35,999 [WARN] PackLoader:240 - Cannot read IP mode file for STMicroelectronics.X-CUBE-TOF1.3.4.0
2026-03-12 18:55:36,013 [WARN] PackLoader:240 - Cannot read IP mode file for STMicroelectronics.X-CUBE-TOF1.3.4.1
2026-03-12 18:55:36,032 [WARN] PackLoader:240 - Cannot read IP mode file for STMicroelectronics.X-CUBE-AZRTOS-H7.3.2.0
2026-03-12 18:55:36,042 [WARN] PackLoader:240 - Cannot read IP mode file for wolfSSL.I-CUBE-wolfSSH.1.4.17
2026-03-12 18:55:36,042 [INFO] ThirdParty:978 - Integrity check success = true
2026-03-12 18:55:36,042 [INFO] IntegrityCheckThread:100 - exiting critical section [integrity check]
2026-03-12 18:55:36,042 [INFO] IntegrityCheckThread:103 - End integrity checks thread
2026-03-12 18:55:53,568 [ERROR] LogOutputStream:75 - [STDERR_REDIRECT] SLF4J: Failed to load class "org.slf4j.impl.StaticLoggerBinder".
2026-03-12 18:55:53,568 [ERROR] LogOutputStream:75 - [STDERR_REDIRECT] SLF4J: Defaulting to no-operation (NOP) logger implementation
2026-03-12 18:55:53,569 [ERROR] LogOutputStream:75 - [STDERR_REDIRECT] SLF4J: See http://www.slf4j.org/codes.html#StaticLoggerBinder for further details.
2026-03-12 19:27:03,749 [ERROR] LogOutputStream:75 - [STDERR_REDIRECT] 
