2026-03-23 19:33:00,144 [INFO] Activator:176 - 


2026-03-23 19:33:00,148 [INFO] Activator:177 - !SESSION log4j initialized
2026-03-23 19:33:03,962 [INFO] LogOutputStream:77 - [STDOUT_REDIRECT] 
2026-03-23 19:33:10,177 [INFO] ApplicationProperties:184 - Using Application install path: C:\ST\STM32CubeIDE_1.13.0\STM32CubeIDE\plugins\com.st.stm32cube.common.mx_6.10.0.202311202037
2026-03-23 19:33:10,188 [INFO] DbMcusXml:78 - Set database path to: C:\ST\STM32CubeIDE_1.13.0\STM32CubeIDE\plugins\com.st.stm32cube.common.mx_6.10.0.202311202037\\db\/mcu/
2026-03-23 19:33:10,188 [INFO] ApiDb:274 - Set plugin database path to: C:\ST\STM32CubeIDE_1.13.0\STM32CubeIDE\plugins\com.st.stm32cube.common.mx_6.10.0.202311202037\\db\/plugins/boardmanager/
2026-03-23 19:33:10,188 [WARN] ApiDb:259 - Overriding images path with different value:  => C:\ST\STM32CubeIDE_1.13.0\STM32CubeIDE\plugins\com.st.stm32cube.common.mx_6.10.0.202311202037\\db\/plugins/mcufinder/images/
2026-03-23 19:33:10,197 [INFO] ApiDb:250 - Set database path to: C:\Users\Xavi\.stmcufinder\plugins\mcufinder//mcu/
2026-03-23 19:33:10,197 [INFO] DbMcusAds:125 - Set database path to: C:\Users\Xavi\.stmcufinder\plugins\mcufinder//mcu/
2026-03-23 19:33:10,198 [INFO] CrossReferenceDbSqlite:203 - Set database path to: C:\Users\Xavi\.stmcufinder\plugins\mcufinder//mcu/cs/
2026-03-23 19:33:10,279 [INFO] RulesReader:64 - Compatibility file has been processed (297 Rules)
2026-03-23 19:33:10,355 [INFO] DbMcusXml:78 - Set database path to: C:\ST\STM32CubeIDE_1.13.0\STM32CubeIDE\plugins\com.st.stm32cube.common.mx_6.10.0.202311202037\\db\/mcu/
2026-03-23 19:33:10,355 [INFO] ApiDb:274 - Set plugin database path to: C:\ST\STM32CubeIDE_1.13.0\STM32CubeIDE\plugins\com.st.stm32cube.common.mx_6.10.0.202311202037\\db\/plugins/boardmanager/
2026-03-23 19:33:10,355 [INFO] ApiDb:261 - Set plugin images path to: C:\ST\STM32CubeIDE_1.13.0\STM32CubeIDE\plugins\com.st.stm32cube.common.mx_6.10.0.202311202037\\db\/plugins/mcufinder/images/
2026-03-23 19:33:10,355 [WARN] DbFile:41 - Overriding database path with different value: C:\Users\Xavi\.stmcufinder\plugins\mcufinder/ => C:\Users\Xavi\.stmcufinder\plugins\mcufinder
2026-03-23 19:33:10,356 [INFO] ApiDb:250 - Set database path to: C:\Users\Xavi\.stmcufinder\plugins\mcufinder//mcu/
2026-03-23 19:33:10,356 [WARN] DbFile:41 - Overriding database path with different value: C:\Users\Xavi\.stmcufinder\plugins\mcufinder/ => C:\Users\Xavi\.stmcufinder\plugins\mcufinder
2026-03-23 19:33:10,356 [INFO] DbMcusAds:125 - Set database path to: C:\Users\Xavi\.stmcufinder\plugins\mcufinder//mcu/
2026-03-23 19:33:10,356 [WARN] DbFile:41 - Overriding database path with different value: C:\Users\Xavi\.stmcufinder\plugins\mcufinder/ => C:\Users\Xavi\.stmcufinder\plugins\mcufinder
2026-03-23 19:33:10,356 [WARN] DbFile:41 - Overriding database path with different value: C:\Users\Xavi\.stmcufinder\plugins\mcufinder/ => C:\Users\Xavi\.stmcufinder\plugins\mcufinder
2026-03-23 19:33:10,356 [INFO] CrossReferenceDbSqlite:203 - Set database path to: C:\Users\Xavi\.stmcufinder\plugins\mcufinder//mcu/cs/
2026-03-23 19:33:10,407 [INFO] MainPanel:264 - HeapMemory: 268435456
2026-03-23 19:33:10,462 [INFO] DbMcusXml:78 - Set database path to: C:\ST\STM32CubeIDE_1.13.0\STM32CubeIDE\plugins\com.st.stm32cube.common.mx_6.10.0.202311202037\\db\/mcu/
2026-03-23 19:33:10,462 [INFO] ApiDb:274 - Set plugin database path to: C:\ST\STM32CubeIDE_1.13.0\STM32CubeIDE\plugins\com.st.stm32cube.common.mx_6.10.0.202311202037\\db\/plugins/boardmanager/
2026-03-23 19:33:10,462 [INFO] ApiDb:261 - Set plugin images path to: C:\ST\STM32CubeIDE_1.13.0\STM32CubeIDE\plugins\com.st.stm32cube.common.mx_6.10.0.202311202037\\db\/plugins/mcufinder/images/
2026-03-23 19:33:10,462 [WARN] DbFile:41 - Overriding database path with different value: C:\Users\Xavi\.stmcufinder\plugins\mcufinder/ => C:\Users\Xavi\.stmcufinder\plugins\mcufinder
2026-03-23 19:33:10,463 [INFO] ApiDb:250 - Set database path to: C:\Users\Xavi\.stmcufinder\plugins\mcufinder//mcu/
2026-03-23 19:33:10,463 [WARN] DbFile:41 - Overriding database path with different value: C:\Users\Xavi\.stmcufinder\plugins\mcufinder/ => C:\Users\Xavi\.stmcufinder\plugins\mcufinder
2026-03-23 19:33:10,463 [INFO] DbMcusAds:125 - Set database path to: C:\Users\Xavi\.stmcufinder\plugins\mcufinder//mcu/
2026-03-23 19:33:10,463 [WARN] DbFile:41 - Overriding database path with different value: C:\Users\Xavi\.stmcufinder\plugins\mcufinder/ => C:\Users\Xavi\.stmcufinder\plugins\mcufinder
2026-03-23 19:33:10,463 [WARN] DbFile:41 - Overriding database path with different value: C:\Users\Xavi\.stmcufinder\plugins\mcufinder/ => C:\Users\Xavi\.stmcufinder\plugins\mcufinder
2026-03-23 19:33:10,463 [INFO] CrossReferenceDbSqlite:203 - Set database path to: C:\Users\Xavi\.stmcufinder\plugins\mcufinder//mcu/cs/
2026-03-23 19:33:10,474 [INFO] ApplicationProperties:184 - Using Application install path: C:\ST\STM32CubeIDE_1.13.0\STM32CubeIDE\plugins\com.st.stm32cube.common.mx_6.10.0.202311202037
2026-03-23 19:33:10,475 [INFO] PluginManage:196 - Search for loadable plugins [exclusion list=, ]
2026-03-23 19:33:10,475 [INFO] PluginManage:310 - Check plugin analytics
2026-03-23 19:33:15,558 [INFO] AnalyticsPlugin:253 - Accepted Software Licenses: STM32CubeMX.6.9.0
2026-03-23 19:33:15,559 [INFO] AnalyticsPlugin:255 - Accepted CMSIS Pack Licenses: 
2026-03-23 19:33:15,559 [INFO] AnalyticsPlugin:257 - Accepted Firmware Licenses: FW.F4.1.27.0,FW.H5.1.1.0
2026-03-23 19:33:15,561 [INFO] PluginManage:359 - Loaded plugin analytics (category:tool,tabindex:-1)
2026-03-23 19:33:15,561 [INFO] PluginManage:310 - Check plugin cadmodel
2026-03-23 19:33:15,574 [INFO] CADModel:105 - Init CAD model plugin
2026-03-23 19:33:15,574 [INFO] PluginManage:359 - Loaded plugin cadmodel (category:power,tabindex:5)
2026-03-23 19:33:15,574 [INFO] PluginManage:310 - Check plugin clock
2026-03-23 19:33:15,589 [INFO] PluginManage:359 - Loaded plugin clock (category:base,tabindex:2)
2026-03-23 19:33:15,589 [INFO] PluginManage:310 - Check plugin ddr
2026-03-23 19:33:15,591 [INFO] PluginManage:359 - Loaded plugin ddr (category:tool,tabindex:6)
2026-03-23 19:33:15,591 [INFO] PluginManage:310 - Check plugin filemanager
2026-03-23 19:33:15,664 [INFO] PluginManage:359 - Loaded plugin filemanager (category:base,tabindex:10)
2026-03-23 19:33:15,664 [INFO] PluginManage:310 - Check plugin ipmanager
2026-03-23 19:33:15,668 [INFO] PluginManage:359 - Loaded plugin ipmanager (category:base,tabindex:5)
2026-03-23 19:33:15,668 [INFO] PluginManage:310 - Check plugin lpbam
2026-03-23 19:33:15,680 [INFO] PluginManage:359 - Loaded plugin lpbam (category:base,tabindex:0)
2026-03-23 19:33:15,680 [INFO] PluginManage:310 - Check plugin memorymap
2026-03-23 19:33:15,696 [INFO] PluginManage:359 - Loaded plugin memorymap (category:base,tabindex:4)
2026-03-23 19:33:15,696 [INFO] PluginManage:310 - Check plugin pinoutandconfiguration
2026-03-23 19:33:15,707 [INFO] PluginManage:359 - Loaded plugin pinoutandconfiguration (category:base,tabindex:1)
2026-03-23 19:33:15,707 [INFO] PluginManage:310 - Check plugin pinoutconfig
2026-03-23 19:33:15,759 [WARN] SupportedApi:132 - Cannot load RTOS API schema: s4s-elt-must-match.1: The content of 'definitions' must match (annotation?, (simpleType | complexType)?, (unique | key | keyref)*)). A problem was found starting at: attribute.
2026-03-23 19:33:15,836 [INFO] PluginManage:359 - Loaded plugin pinoutconfig (category:base,tabindex:0)
2026-03-23 19:33:15,836 [INFO] PluginManage:310 - Check plugin power
2026-03-23 19:33:15,849 [INFO] PluginManage:359 - Loaded plugin power (category:power,tabindex:4)
2026-03-23 19:33:15,849 [INFO] PluginManage:310 - Check plugin projectmanager
2026-03-23 19:33:15,858 [INFO] PluginManage:359 - Loaded plugin projectmanager (category:projectmanager,tabindex:3)
2026-03-23 19:33:15,858 [INFO] PluginManage:310 - Check plugin thirdparty
2026-03-23 19:33:16,026 [INFO] PluginManage:359 - Loaded plugin thirdparty (category:base,tabindex:-1)
2026-03-23 19:33:16,026 [INFO] PluginManage:310 - Check plugin tools
2026-03-23 19:33:16,026 [WARN] IntegrityCheckThread:84 - waiting for thirdparty lock release [integrity check]
2026-03-23 19:33:16,026 [INFO] IntegrityCheckThread:86 - entering critical section [integrity check]
2026-03-23 19:33:16,027 [INFO] ThirdPartyUpdaterWithRetryManager:70 - Updater plugin not ready yet. [1/15]
2026-03-23 19:33:16,051 [INFO] PluginManage:359 - Loaded plugin tools (category:base,tabindex:7)
2026-03-23 19:33:16,051 [INFO] PluginManage:310 - Check plugin tutovideos
2026-03-23 19:33:16,171 [INFO] PluginManage:359 - Loaded plugin tutovideos (category:base,tabindex:-1)
2026-03-23 19:33:16,171 [INFO] PluginManage:310 - Check plugin updater
2026-03-23 19:33:16,178 [INFO] PluginManage:359 - Loaded plugin updater (category:base,tabindex:12)
2026-03-23 19:33:16,178 [INFO] PluginManage:310 - Check plugin userauth
2026-03-23 19:33:16,181 [INFO] UserAuth:114 - Init User Auth plugin
2026-03-23 19:33:16,181 [INFO] PluginManage:359 - Loaded plugin userauth (category:base,tabindex:14)
2026-03-23 19:33:16,181 [INFO] PluginManage:283 - PluginManage : Loaded plugins [17]
2026-03-23 19:33:16,307 [INFO] PinOutPanel:1499 - setPackage(No Configuration,No Configuration)
2026-03-23 19:33:16,349 [INFO] CADModel:165 - CPN selected for project level
2026-03-23 19:33:16,349 [INFO] CADModel:114 - Register for checkConnection events
2026-03-23 19:33:16,368 [INFO] IPUIPlugin:80 - create IPUIPlugin
2026-03-23 19:33:16,369 [INFO] PluginManager:220 - loadIPPluginJar : add adc
2026-03-23 19:33:16,393 [INFO] IPUIPlugin:80 - create IPUIPlugin
2026-03-23 19:33:16,394 [INFO] PluginManager:220 - loadIPPluginJar : add aes
2026-03-23 19:33:16,420 [INFO] IPUIPlugin:80 - create IPUIPlugin
2026-03-23 19:33:16,420 [INFO] PluginManager:220 - loadIPPluginJar : add can
2026-03-23 19:33:16,437 [INFO] IPUIPlugin:80 - create IPUIPlugin
2026-03-23 19:33:16,437 [INFO] PluginManager:220 - loadIPPluginJar : add comp
2026-03-23 19:33:16,458 [INFO] IPUIPlugin:80 - create IPUIPlugin
2026-03-23 19:33:16,458 [INFO] PluginManager:220 - loadIPPluginJar : add cryp
2026-03-23 19:33:16,477 [INFO] IPUIPlugin:80 - create IPUIPlugin
2026-03-23 19:33:16,477 [INFO] PluginManager:220 - loadIPPluginJar : add dfsdm
2026-03-23 19:33:16,487 [INFO] IPUIPlugin:80 - create IPUIPlugin
2026-03-23 19:33:16,487 [INFO] PluginManager:220 - loadIPPluginJar : add dma
2026-03-23 19:33:16,515 [INFO] IPUIPlugin:80 - create IPUIPlugin
2026-03-23 19:33:16,515 [INFO] PluginManager:220 - loadIPPluginJar : add dma3
2026-03-23 19:33:16,527 [INFO] IPUIPlugin:80 - create IPUIPlugin
2026-03-23 19:33:16,527 [INFO] PluginManager:220 - loadIPPluginJar : add fatfs
2026-03-23 19:33:16,559 [INFO] IPUIPlugin:80 - create IPUIPlugin
2026-03-23 19:33:16,559 [INFO] PluginManager:220 - loadIPPluginJar : add fmc
2026-03-23 19:33:16,569 [INFO] IPUIPlugin:80 - create IPUIPlugin
2026-03-23 19:33:16,570 [INFO] PluginManager:220 - loadIPPluginJar : add freertos
2026-03-23 19:33:16,582 [INFO] IPUIPlugin:80 - create IPUIPlugin
2026-03-23 19:33:16,582 [INFO] PluginManager:220 - loadIPPluginJar : add genericplugin
2026-03-23 19:33:16,641 [INFO] IPUIPlugin:80 - create IPUIPlugin
2026-03-23 19:33:16,641 [INFO] PluginManager:220 - loadIPPluginJar : add gfxmmu
2026-03-23 19:33:16,724 [INFO] IPUIPlugin:80 - create IPUIPlugin
2026-03-23 19:33:16,724 [INFO] PluginManager:220 - loadIPPluginJar : add gic
2026-03-23 19:33:16,733 [INFO] IPUIPlugin:80 - create IPUIPlugin
2026-03-23 19:33:16,733 [INFO] PluginManager:220 - loadIPPluginJar : add gpio
2026-03-23 19:33:16,793 [INFO] IPUIPlugin:80 - create IPUIPlugin
2026-03-23 19:33:16,793 [INFO] PluginManager:220 - loadIPPluginJar : add gtzc
2026-03-23 19:33:16,813 [INFO] IPUIPlugin:80 - create IPUIPlugin
2026-03-23 19:33:16,813 [INFO] PluginManager:220 - loadIPPluginJar : add hash
2026-03-23 19:33:16,846 [INFO] IPUIPlugin:80 - create IPUIPlugin
2026-03-23 19:33:16,846 [INFO] PluginManager:220 - loadIPPluginJar : add i2c
2026-03-23 19:33:16,871 [INFO] IPUIPlugin:80 - create IPUIPlugin
2026-03-23 19:33:16,871 [INFO] PluginManager:220 - loadIPPluginJar : add i2s
2026-03-23 19:33:16,897 [INFO] IPUIPlugin:80 - create IPUIPlugin
2026-03-23 19:33:16,897 [INFO] PluginManager:220 - loadIPPluginJar : add i3c
2026-03-23 19:33:16,966 [INFO] IPUIPlugin:80 - create IPUIPlugin
2026-03-23 19:33:16,966 [INFO] PluginManager:220 - loadIPPluginJar : add ipddr
2026-03-23 19:33:17,023 [INFO] IPUIPlugin:80 - create IPUIPlugin
2026-03-23 19:33:17,024 [INFO] PluginManager:220 - loadIPPluginJar : add linkedlist
2026-03-23 19:33:17,046 [INFO] IPUIPlugin:80 - create IPUIPlugin
2026-03-23 19:33:17,046 [INFO] PluginManager:220 - loadIPPluginJar : add lorawan
2026-03-23 19:33:17,069 [INFO] IPUIPlugin:80 - create IPUIPlugin
2026-03-23 19:33:17,069 [INFO] PluginManager:220 - loadIPPluginJar : add ltdc
2026-03-23 19:33:17,077 [INFO] IPUIPlugin:80 - create IPUIPlugin
2026-03-23 19:33:17,079 [INFO] PluginManager:220 - loadIPPluginJar : add mdma
2026-03-23 19:33:17,086 [INFO] IPUIPlugin:80 - create IPUIPlugin
2026-03-23 19:33:17,086 [INFO] PluginManager:220 - loadIPPluginJar : add nvic
2026-03-23 19:33:17,111 [INFO] IPUIPlugin:80 - create IPUIPlugin
2026-03-23 19:33:17,111 [INFO] PluginManager:220 - loadIPPluginJar : add opamp
2026-03-23 19:33:17,153 [INFO] IPUIPlugin:80 - create IPUIPlugin
2026-03-23 19:33:17,153 [INFO] PluginManager:220 - loadIPPluginJar : add openamp
2026-03-23 19:33:17,180 [INFO] IPUIPlugin:80 - create IPUIPlugin
2026-03-23 19:33:17,180 [INFO] PluginManager:220 - loadIPPluginJar : add pdm2pcm
2026-03-23 19:33:17,190 [INFO] IPUIPlugin:80 - create IPUIPlugin
2026-03-23 19:33:17,191 [INFO] PluginManager:220 - loadIPPluginJar : add plateformsettings
2026-03-23 19:33:17,207 [INFO] IPUIPlugin:80 - create IPUIPlugin
2026-03-23 19:33:17,207 [INFO] PluginManager:220 - loadIPPluginJar : add quadspi
2026-03-23 19:33:17,215 [INFO] IPUIPlugin:80 - create IPUIPlugin
2026-03-23 19:33:17,215 [INFO] PluginManager:220 - loadIPPluginJar : add resmgrutility
2026-03-23 19:33:17,247 [INFO] IPUIPlugin:80 - create IPUIPlugin
2026-03-23 19:33:17,247 [INFO] PluginManager:220 - loadIPPluginJar : add sai
2026-03-23 19:33:17,270 [INFO] IPUIPlugin:80 - create IPUIPlugin
2026-03-23 19:33:17,270 [INFO] PluginManager:220 - loadIPPluginJar : add spi
2026-03-23 19:33:17,315 [INFO] IPUIPlugin:80 - create IPUIPlugin
2026-03-23 19:33:17,315 [INFO] PluginManager:220 - loadIPPluginJar : add stm32_wpan
2026-03-23 19:33:17,331 [INFO] IPUIPlugin:80 - create IPUIPlugin
2026-03-23 19:33:17,331 [INFO] PluginManager:220 - loadIPPluginJar : add tim
2026-03-23 19:33:17,366 [INFO] IPUIPlugin:80 - create IPUIPlugin
2026-03-23 19:33:17,366 [INFO] PluginManager:220 - loadIPPluginJar : add touchsensing
2026-03-23 19:33:17,379 [INFO] IPUIPlugin:80 - create IPUIPlugin
2026-03-23 19:33:17,379 [INFO] PluginManager:220 - loadIPPluginJar : add tracer_emb
2026-03-23 19:33:17,394 [INFO] IPUIPlugin:80 - create IPUIPlugin
2026-03-23 19:33:17,394 [INFO] PluginManager:220 - loadIPPluginJar : add ts
2026-03-23 19:33:17,408 [INFO] IPUIPlugin:80 - create IPUIPlugin
2026-03-23 19:33:17,408 [INFO] PluginManager:220 - loadIPPluginJar : add tsc
2026-03-23 19:33:17,421 [INFO] IPUIPlugin:80 - create IPUIPlugin
2026-03-23 19:33:17,421 [INFO] PluginManager:220 - loadIPPluginJar : add ucpd
2026-03-23 19:33:17,449 [INFO] IPUIPlugin:80 - create IPUIPlugin
2026-03-23 19:33:17,449 [INFO] PluginManager:220 - loadIPPluginJar : add usart
2026-03-23 19:33:17,476 [INFO] IPUIPlugin:80 - create IPUIPlugin
2026-03-23 19:33:17,476 [INFO] PluginManager:220 - loadIPPluginJar : add usbx
2026-03-23 19:33:17,577 [INFO] CADModel:165 - CPN selected for project level
2026-03-23 19:33:17,577 [INFO] CADModel:114 - Register for checkConnection events
2026-03-23 19:33:17,578 [FATAL] Updater:308 - Updater called before beeing initialized
2026-03-23 19:33:17,578 [ERROR] CADModel:125 - Updater not yet initialized, retry later 
2026-03-23 19:33:17,654 [INFO] CADModel:165 - CPN selected for project level
2026-03-23 19:33:17,654 [INFO] CADModel:114 - Register for checkConnection events
2026-03-23 19:33:17,654 [FATAL] Updater:308 - Updater called before beeing initialized
2026-03-23 19:33:17,654 [ERROR] CADModel:125 - Updater not yet initialized, retry later 
2026-03-23 19:33:17,655 [FATAL] Updater:308 - Updater called before beeing initialized
2026-03-23 19:33:17,711 [FATAL] Updater:308 - Updater called before beeing initialized
2026-03-23 19:33:17,724 [INFO] DbMcusAds:53 - JSON generation date=Thu Mar 05 15:32:52 CET 2026 (1772721172610)
2026-03-23 19:33:17,724 [FATAL] Updater:308 - Updater called before beeing initialized
2026-03-23 19:33:17,781 [WARN] DetailPanel:346 - Failed to get advertising image, set to default
2026-03-23 19:33:17,847 [FATAL] Updater:308 - Updater called before beeing initialized
2026-03-23 19:33:17,848 [FATAL] Updater:308 - Updater called before beeing initialized
2026-03-23 19:33:17,848 [FATAL] Updater:308 - Updater called before beeing initialized
2026-03-23 19:33:17,848 [WARN] DetailPanel:346 - Failed to get advertising image, set to default
2026-03-23 19:33:17,849 [FATAL] Updater:308 - Updater called before beeing initialized
2026-03-23 19:33:17,898 [ERROR] Updater:1120 - MainUpdater not yet initialized. External WinMGr cannot be set.
2026-03-23 19:33:17,905 [INFO] Updater:1056 - Updater Version found : 6.10.0
2026-03-23 19:33:17,915 [INFO] ApplicationProperties:184 - Using Application install path: C:\ST\STM32CubeIDE_1.13.0\STM32CubeIDE\plugins\com.st.stm32cube.common.mx_6.10.0.202311202037
2026-03-23 19:33:17,946 [INFO] MainUpdater:526 - Copy updater definitions from MX database
2026-03-23 19:33:18,147 [INFO] MainUpdater:2873 - connection check result : 10
2026-03-23 19:33:18,147 [INFO] MainUpdater:3567 - Updater definition file requires update
2026-03-23 19:33:18,148 [INFO] MainUpdater:290 - Updater Check For Update Now.
2026-03-23 19:33:18,148 [INFO] MicroXplorer:498 - Change Database Version : DB.6.0.100
2026-03-23 19:33:18,160 [INFO] McuFinderGlobals:63 - Set McuFinder mode to 2 (CubeIDE integrated)
2026-03-23 19:33:18,167 [INFO] UserAuth:404 - Internet connection configuration mode: 1
2026-03-23 19:33:18,182 [INFO] JxBrowserEngine:152 - Initiate JxBrowser Engine with user profile folder
2026-03-23 19:33:18,237 [INFO] ServerAccessManage:473 - Download File updaters.zip
2026-03-23 19:33:18,312 [INFO] FileExtend:240 - Unzip File : updaters.zip
2026-03-23 19:33:18,312 [INFO] FileExtend:255 - Standard Zip Deflate
2026-03-23 19:33:18,646 [INFO] ServerAccessManage:473 - Download File PacksControlFlags.xml
2026-03-23 19:33:18,701 [INFO] ServerAccessManage:473 - Download File cubemx.pidx
2026-03-23 19:33:18,773 [INFO] LoadServerUpdatesThread:375 - End of LoadServerUpdate Thread
2026-03-23 19:33:18,924 [INFO] CheckServerUpdateThread:120 - End of CheckServer Thread
2026-03-23 19:33:19,205 [WARN] PackLoader:240 - Cannot read IP mode file for STMicroelectronics.X-CUBE-AZRTOS-H7.3.5.0
2026-03-23 19:33:19,217 [WARN] PackLoader:240 - Cannot read IP mode file for STMicroelectronics.FP-SNS-MOTENVWB1.1.4.0
2026-03-23 19:33:19,226 [WARN] PackLoader:240 - Cannot read IP mode file for STMicroelectronics.FP-ATR-ASTRA1.2.0.2
2026-03-23 19:33:19,233 [WARN] PackLoader:240 - Cannot read IP mode file for STMicroelectronics.FP-ATR-ASTRA1.2.0.1
2026-03-23 19:33:19,244 [WARN] PackLoader:240 - Cannot read IP mode file for STMicroelectronics.X-CUBE-SMBUS.2.1.0
2026-03-23 19:33:19,253 [WARN] PackLoader:240 - Cannot read IP mode file for STMicroelectronics.X-CUBE-WB05N.1.1.0
2026-03-23 19:33:19,259 [ERROR] Engine:466 - C:\Users\Xavi\.stm32cubemx\thirdparties\pdsc\STMicroelectronics.X-CUBE-ST60.1.0.0.pdsc: PDSC version is not supported
2026-03-23 19:33:19,267 [WARN] PackLoader:240 - Cannot read IP mode file for STMicroelectronics.X-CUBE-TOUCHGFX.4.23.0
2026-03-23 19:33:19,286 [WARN] PackLoader:240 - Cannot read IP mode file for STMicroelectronics.X-CUBE-AZRTOS-F7.1.1.0
2026-03-23 19:33:19,297 [WARN] PackLoader:240 - Cannot read IP mode file for STMicroelectronics.FP-SNS-MOTENV1.4.3.2
2026-03-23 19:33:19,327 [WARN] PackLoader:240 - Cannot read IP mode file for STMicroelectronics.X-CUBE-MEMS1.11.0.0
2026-03-23 19:33:19,420 [WARN] PackLoader:240 - Cannot read IP mode file for STMicroelectronics.X-CUBE-BLE1.6.2.4
2026-03-23 19:33:19,427 [ERROR] Engine:466 - C:\Users\Xavi\.stm32cubemx\thirdparties\pdsc\STMicroelectronics.FP-SNS-MOTENV1.5.1.0.pdsc: PDSC version is not supported
2026-03-23 19:33:19,435 [WARN] PackLoader:240 - Cannot read IP mode file for STMicroelectronics.FP-SNS-FLIGHT1.5.0.2
2026-03-23 19:33:19,450 [WARN] PackLoader:240 - Cannot read IP mode file for STMicroelectronics.X-CUBE-AZRTOS-H7.3.4.0
2026-03-23 19:33:19,461 [WARN] PackLoader:240 - Cannot read IP mode file for STMicroelectronics.X-CUBE-DISPLAY.3.0.0
2026-03-23 19:33:19,470 [ERROR] Engine:466 - C:\Users\Xavi\.stm32cubemx\thirdparties\pdsc\STMicroelectronics.FP-SNS-MOTENVWB1.1.5.0.pdsc: PDSC version is not supported
2026-03-23 19:33:19,477 [WARN] PackLoader:240 - Cannot read IP mode file for STMicroelectronics.X-CUBE-BLE1.7.0.0
2026-03-23 19:33:19,488 [WARN] PackLoader:240 - Cannot read IP mode file for STMicroelectronics.X-CUBE-NFC10.1.0.0
2026-03-23 19:33:19,498 [WARN] PackLoader:240 - Cannot read IP mode file for STMicroelectronics.X-CUBE-BLEMGR.4.0.0
2026-03-23 19:33:19,506 [ERROR] Engine:466 - C:\Users\Xavi\.stm32cubemx\thirdparties\pdsc\STMicroelectronics.X-CUBE-ST60.1.1.0.pdsc: PDSC version is not supported
2026-03-23 19:33:19,516 [WARN] PackLoader:240 - Cannot read IP mode file for emotas.I-CUBE-CANOPEN.1.3.0
2026-03-23 19:33:19,523 [WARN] PackLoader:240 - Cannot read IP mode file for STMicroelectronics.X-CUBE-TOUCHGFX.4.22.0
2026-03-23 19:33:19,532 [WARN] PackLoader:240 - Cannot read IP mode file for STMicroelectronics.X-CUBE-GNSS1.7.1.0
2026-03-23 19:33:19,541 [WARN] PackLoader:240 - Cannot read IP mode file for STMicroelectronics.X-CUBE-TOUCHGFX.4.22.1
2026-03-23 19:33:19,550 [WARN] PackLoader:240 - Cannot read IP mode file for STMicroelectronics.X-CUBE-BLEMGR.3.1.0
2026-03-23 19:33:19,560 [WARN] PackLoader:240 - Cannot read IP mode file for STMicroelectronics.X-CUBE-AI.10.0.0
2026-03-23 19:33:19,568 [ERROR] Engine:466 - C:\Users\Xavi\.stm32cubemx\thirdparties\pdsc\STMicroelectronics.FP-SNS-STBOX1.2.1.0.pdsc: PDSC version is not supported
2026-03-23 19:33:19,575 [WARN] PackLoader:240 - Cannot read IP mode file for STMicroelectronics.FP-SNS-SMARTAG2.1.2.0
2026-03-23 19:33:19,581 [ERROR] Engine:466 - C:\Users\Xavi\.stm32cubemx\thirdparties\pdsc\STMicroelectronics.FP-SNS-FLIGHT1.5.1.0.pdsc: PDSC version is not supported
2026-03-23 19:33:19,615 [WARN] PackLoader:240 - Cannot read IP mode file for STMicroelectronics.X-CUBE-MEMS1.11.1.0
2026-03-23 19:33:19,670 [INFO] LogOutputStream:77 - [STDOUT_REDIRECT] 1 : Invalid condition id : UX_CORESTACK_Condition cause : null
2026-03-23 19:33:19,670 [INFO] LogOutputStream:77 - [STDOUT_REDIRECT] 1 : Invalid condition id : UX_CORESTACK_Condition cause : null
2026-03-23 19:33:19,671 [INFO] LogOutputStream:77 - [STDOUT_REDIRECT] 1 : Invalid condition id : UX_CORESTACK_Condition cause : null
2026-03-23 19:33:19,672 [INFO] LogOutputStream:77 - [STDOUT_REDIRECT] 1 : Invalid condition id : UX_CORESTACK_Condition cause : null
2026-03-23 19:33:19,673 [INFO] LogOutputStream:77 - [STDOUT_REDIRECT] 1 : Invalid condition id : UX_CORESTACK_Condition cause : null
2026-03-23 19:33:19,674 [WARN] PackLoader:240 - Cannot read IP mode file for STMicroelectronics.X-CUBE-AZRTOS-WL.2.0.0
2026-03-23 19:33:19,683 [WARN] PackLoader:240 - Cannot read IP mode file for STMicroelectronics.FP-SNS-MOTENV1.5.0.0
2026-03-23 19:33:19,700 [WARN] PackLoader:240 - Cannot read IP mode file for STMicroelectronics.X-CUBE-AZRTOS-H7RS.1.2.0
2026-03-23 19:33:19,709 [WARN] PackLoader:240 - Cannot read IP mode file for wolfSSL.I-CUBE-wolfMQTT.1.19.0
2026-03-23 19:33:19,719 [WARN] PackLoader:240 - Cannot read IP mode file for WES.I-CUBE-Cesium.1.3.0
2026-03-23 19:33:19,727 [WARN] PackLoader:240 - Cannot read IP mode file for STMicroelectronics.X-CUBE-BLE2.3.3.0
2026-03-23 19:33:19,734 [ERROR] Engine:466 - C:\Users\Xavi\.stm32cubemx\thirdparties\pdsc\Avnet-IOTCONNECT.X-CUBE-iotc-st67-sdk.1.0.0.pdsc: PDSC version is not supported
2026-03-23 19:33:19,742 [WARN] PackLoader:240 - Cannot read IP mode file for STMicroelectronics.X-CUBE-NFC9.1.0.0
2026-03-23 19:33:19,749 [WARN] PackLoader:240 - Cannot read IP mode file for STMicroelectronics.X-CUBE-BLE1.7.1.0
2026-03-23 19:33:19,757 [WARN] PackLoader:240 - Cannot read IP mode file for STMicroelectronics.X-CUBE-TCPP.4.1.0
2026-03-23 19:33:19,764 [ERROR] Engine:466 - C:\Users\Xavi\.stm32cubemx\thirdparties\pdsc\STMicroelectronics.X-CUBE-FREERTOS.1.4.0.pdsc: PDSC version is not supported
2026-03-23 19:33:19,772 [WARN] PackLoader:240 - Cannot read IP mode file for STMicroelectronics.X-CUBE-EEPRMA1.5.2.0
2026-03-23 19:33:19,779 [ERROR] Engine:466 - C:\Users\Xavi\.stm32cubemx\thirdparties\pdsc\STMicroelectronics.X-CUBE-ST67W61.1.1.0.pdsc: PDSC version is not supported
2026-03-23 19:33:19,785 [WARN] PackLoader:240 - Cannot read IP mode file for STMicroelectronics.X-CUBE-AI.10.1.0
2026-03-23 19:33:19,809 [WARN] PackLoader:240 - Cannot read IP mode file for STMicroelectronics.X-CUBE-MEMS1.12.0.0
2026-03-23 19:33:19,846 [WARN] PackLoader:240 - Cannot read IP mode file for STMicroelectronics.X-CUBE-ALGOBUILD.1.3.0
2026-03-23 19:33:19,861 [WARN] PackLoader:240 - Cannot read IP mode file for STMicroelectronics.X-CUBE-AZRTOS-G0.1.1.0
2026-03-23 19:33:19,870 [WARN] PackLoader:240 - Cannot read IP mode file for STMicroelectronics.X-CUBE-SAFEA1.1.2.2
2026-03-23 19:33:19,879 [WARN] PackLoader:240 - Cannot read IP mode file for STMicroelectronics.X-CUBE-NFC4.3.0.0
2026-03-23 19:33:19,890 [WARN] PackLoader:240 - Cannot read IP mode file for EmbeddedOffice.I-CUBE-FS-RTOS.1.0.1
2026-03-23 19:33:19,890 [ERROR] ConditionMgr:805 - Attr not supported : Dmpu
2026-03-23 19:33:19,890 [ERROR] ConditionMgr:805 - Attr not supported : Dmpu
2026-03-23 19:33:19,890 [ERROR] ConditionMgr:805 - Attr not supported : Dmpu
2026-03-23 19:33:19,890 [ERROR] ConditionMgr:805 - Attr not supported : Dmpu
2026-03-23 19:33:19,890 [ERROR] ConditionMgr:805 - Attr not supported : Dmpu
2026-03-23 19:33:19,890 [ERROR] ConditionMgr:805 - Attr not supported : Dmpu
2026-03-23 19:33:19,890 [ERROR] ConditionMgr:805 - Attr not supported : Dmpu
2026-03-23 19:33:19,890 [ERROR] ConditionMgr:805 - Attr not supported : Dmpu
2026-03-23 19:33:19,890 [ERROR] ConditionMgr:805 - Attr not supported : Dmpu
2026-03-23 19:33:19,890 [ERROR] ConditionMgr:805 - Attr not supported : Dmpu
2026-03-23 19:33:19,890 [ERROR] ConditionMgr:805 - Attr not supported : Dmpu
2026-03-23 19:33:19,890 [ERROR] ConditionMgr:805 - Attr not supported : Dmpu
2026-03-23 19:33:19,890 [ERROR] ConditionMgr:805 - Attr not supported : Dmpu
2026-03-23 19:33:19,890 [ERROR] ConditionMgr:805 - Attr not supported : Dmpu
2026-03-23 19:33:19,890 [ERROR] ConditionMgr:805 - Attr not supported : Dmpu
2026-03-23 19:33:19,890 [ERROR] ConditionMgr:805 - Attr not supported : Dmpu
2026-03-23 19:33:19,890 [ERROR] ConditionMgr:805 - Attr not supported : Dmpu
2026-03-23 19:33:19,890 [ERROR] ConditionMgr:805 - Attr not supported : Dmpu
2026-03-23 19:33:19,890 [ERROR] ConditionMgr:805 - Attr not supported : Dmpu
2026-03-23 19:33:19,890 [ERROR] ConditionMgr:805 - Attr not supported : Dmpu
2026-03-23 19:33:19,890 [ERROR] ConditionMgr:805 - Attr not supported : Dmpu
2026-03-23 19:33:19,890 [ERROR] ConditionMgr:805 - Attr not supported : Dmpu
2026-03-23 19:33:19,890 [ERROR] ConditionMgr:805 - Attr not supported : Dmpu
2026-03-23 19:33:19,890 [ERROR] ConditionMgr:805 - Attr not supported : Dmpu
2026-03-23 19:33:19,890 [ERROR] ConditionMgr:805 - Attr not supported : Dmpu
2026-03-23 19:33:19,890 [ERROR] ConditionMgr:805 - Attr not supported : Dmpu
2026-03-23 19:33:19,890 [ERROR] ConditionMgr:805 - Attr not supported : Dmpu
2026-03-23 19:33:19,890 [ERROR] ConditionMgr:805 - Attr not supported : Dmpu
2026-03-23 19:33:19,890 [ERROR] ConditionMgr:805 - Attr not supported : Dmpu
2026-03-23 19:33:19,890 [ERROR] ConditionMgr:805 - Attr not supported : Dmpu
2026-03-23 19:33:19,890 [ERROR] ConditionMgr:805 - Attr not supported : Dmpu
2026-03-23 19:33:19,890 [ERROR] ConditionMgr:805 - Attr not supported : Dmpu
2026-03-23 19:33:19,890 [ERROR] ConditionMgr:805 - Attr not supported : Dmpu
2026-03-23 19:33:19,890 [ERROR] ConditionMgr:805 - Attr not supported : Dmpu
2026-03-23 19:33:19,890 [ERROR] ConditionMgr:805 - Attr not supported : Dmpu
2026-03-23 19:33:19,890 [ERROR] ConditionMgr:805 - Attr not supported : Dmpu
2026-03-23 19:33:19,890 [ERROR] ConditionMgr:805 - Attr not supported : Dmpu
2026-03-23 19:33:19,890 [ERROR] ConditionMgr:805 - Attr not supported : Dmpu
2026-03-23 19:33:19,890 [ERROR] ConditionMgr:805 - Attr not supported : Dmpu
2026-03-23 19:33:19,890 [ERROR] ConditionMgr:805 - Attr not supported : Dmpu
2026-03-23 19:33:19,890 [ERROR] ConditionMgr:805 - Attr not supported : Dmpu
2026-03-23 19:33:19,891 [ERROR] ConditionMgr:805 - Attr not supported : Dmpu
2026-03-23 19:33:19,891 [ERROR] ConditionMgr:805 - Attr not supported : Dmpu
2026-03-23 19:33:19,891 [ERROR] ConditionMgr:805 - Attr not supported : Dmpu
2026-03-23 19:33:19,891 [ERROR] ConditionMgr:805 - Attr not supported : Dmpu
2026-03-23 19:33:19,891 [ERROR] ConditionMgr:805 - Attr not supported : Dmpu
2026-03-23 19:33:19,891 [ERROR] ConditionMgr:805 - Attr not supported : Dmpu
2026-03-23 19:33:19,891 [ERROR] ConditionMgr:805 - Attr not supported : Dmpu
2026-03-23 19:33:19,891 [ERROR] ConditionMgr:805 - Attr not supported : Dmpu
2026-03-23 19:33:19,891 [ERROR] ConditionMgr:805 - Attr not supported : Dmpu
2026-03-23 19:33:19,891 [ERROR] ConditionMgr:805 - Attr not supported : Dmpu
2026-03-23 19:33:19,891 [ERROR] ConditionMgr:805 - Attr not supported : Dmpu
2026-03-23 19:33:19,891 [ERROR] ConditionMgr:805 - Attr not supported : Dmpu
2026-03-23 19:33:19,891 [ERROR] ConditionMgr:805 - Attr not supported : Dmpu
2026-03-23 19:33:19,891 [ERROR] ConditionMgr:805 - Attr not supported : Dmpu
2026-03-23 19:33:19,891 [ERROR] ConditionMgr:805 - Attr not supported : Dmpu
2026-03-23 19:33:19,891 [ERROR] ConditionMgr:805 - Attr not supported : Dmpu
2026-03-23 19:33:19,891 [ERROR] ConditionMgr:805 - Attr not supported : Dmpu
2026-03-23 19:33:19,891 [ERROR] ConditionMgr:805 - Attr not supported : Dmpu
2026-03-23 19:33:19,891 [ERROR] ConditionMgr:805 - Attr not supported : Dmpu
2026-03-23 19:33:19,891 [ERROR] ConditionMgr:805 - Attr not supported : Dmpu
2026-03-23 19:33:19,891 [ERROR] ConditionMgr:805 - Attr not supported : Dmpu
2026-03-23 19:33:19,891 [ERROR] ConditionMgr:805 - Attr not supported : Dmpu
2026-03-23 19:33:19,891 [ERROR] ConditionMgr:805 - Attr not supported : Dmpu
2026-03-23 19:33:19,898 [WARN] PackLoader:240 - Cannot read IP mode file for STMicroelectronics.X-CUBE-WB05N.2.0.0
2026-03-23 19:33:19,907 [WARN] PackLoader:240 - Cannot read IP mode file for STMicroelectronics.X-CUBE-BLEMGR.3.0.0
2026-03-23 19:33:19,917 [ERROR] Engine:466 - C:\Users\Xavi\.stm32cubemx\thirdparties\pdsc\STMicroelectronics.X-CUBE-TCPP.4.2.0.pdsc: PDSC version is not supported
2026-03-23 19:33:19,926 [WARN] PackLoader:240 - Cannot read IP mode file for RealThread.X-CUBE-RT-Thread_Nano.4.1.1
2026-03-23 19:33:19,934 [WARN] PackLoader:240 - Cannot read IP mode file for STMicroelectronics.FP-ATR-SIGFOX1.3.2.0
2026-03-23 19:33:19,943 [WARN] ConditionMgr:438 - getConditionDescription Invalid condition id : Cortex-A Device cause : null
2026-03-23 19:33:19,959 [WARN] ConditionMgr:1039 - genDependencies : Invalid condition id : Cortex-A Device cause : null
2026-03-23 19:33:19,959 [WARN] ConditionMgr:1039 - genDependencies : Invalid condition id : Cortex-A Device cause : null
2026-03-23 19:33:19,959 [WARN] ConditionMgr:1039 - genDependencies : Invalid condition id : Cortex-A Device cause : null
2026-03-23 19:33:19,966 [WARN] PackLoader:240 - Cannot read IP mode file for STMicroelectronics.X-CUBE-EEPRMA1.5.1.0
2026-03-23 19:33:19,973 [ERROR] Engine:466 - C:\Users\Xavi\.stm32cubemx\thirdparties\pdsc\STMicroelectronics.X-CUBE-FREERTOS.1.5.0.pdsc: PDSC version is not supported
2026-03-23 19:33:19,981 [WARN] PackLoader:240 - Cannot read IP mode file for STMicroelectronics.X-CUBE-NFC6.3.2.0
2026-03-23 19:33:19,988 [ERROR] Engine:466 - C:\Users\Xavi\.stm32cubemx\thirdparties\pdsc\STMicroelectronics.X-CUBE-ST67W61.1.0.0.pdsc: PDSC version is not supported
2026-03-23 19:33:19,994 [WARN] PackLoader:240 - Cannot read IP mode file for STMicroelectronics.X-CUBE-AI.10.2.0
2026-03-23 19:33:20,013 [WARN] PackLoader:240 - Cannot read IP mode file for SEGGER.I-CUBE-embOS.1.3.1
2026-03-23 19:33:20,045 [WARN] PackLoader:240 - Cannot read IP mode file for STMicroelectronics.X-CUBE-ALGOBUILD.1.4.0
2026-03-23 19:33:20,071 [WARN] PackLoader:240 - Cannot read IP mode file for STMicroelectronics.X-CUBE-MEMS1.11.3.0
2026-03-23 19:33:20,145 [WARN] PackLoader:240 - Cannot read IP mode file for STMicroelectronics.X-CUBE-PM33A1.1.0.0
2026-03-23 19:33:20,156 [WARN] PackLoader:240 - Cannot read IP mode file for STMicroelectronics.X-CUBE-GNSS1.6.0.0
2026-03-23 19:33:20,177 [WARN] PackLoader:240 - Cannot read IP mode file for STMicroelectronics.X-CUBE-AZRTOS-F4.1.1.0
2026-03-23 19:33:20,186 [WARN] PackLoader:240 - Cannot read IP mode file for wolfSSL.I-CUBE-wolfSSL.5.6.3
2026-03-23 19:33:20,194 [ERROR] Engine:466 - C:\Users\Xavi\.stm32cubemx\thirdparties\pdsc\Avnet-IotConnect.X-CUBE-IoTC-DA16k-PMOD.1.0.0.pdsc: PDSC version is not supported
2026-03-23 19:33:20,204 [WARN] PackLoader:240 - Cannot read IP mode file for STMicroelectronics.X-CUBE-ISPU.2.1.0
2026-03-23 19:33:20,213 [ERROR] Engine:466 - C:\Users\Xavi\.stm32cubemx\thirdparties\pdsc\STMicroelectronics.X-CUBE-IPS.3.2.0.pdsc: PDSC version is not supported
2026-03-23 19:33:20,226 [WARN] PackLoader:240 - Cannot read IP mode file for STMicroelectronics.X-CUBE-FREERTOS.1.2.0
2026-03-23 19:33:20,237 [WARN] PackLoader:240 - Cannot read IP mode file for STMicroelectronics.X-CUBE-NFC12.1.0.0
2026-03-23 19:33:20,254 [WARN] PackLoader:240 - Cannot read IP mode file for STMicroelectronics.X-CUBE-AZRTOS-L5.2.0.0
2026-03-23 19:33:20,282 [WARN] PackLoader:240 - Cannot read IP mode file for STMicroelectronics.X-CUBE-MEMS1.9.6.0
2026-03-23 19:33:20,357 [WARN] PackLoader:240 - Cannot read IP mode file for STMicroelectronics.X-CUBE-EEPRMA1.4.2.0
2026-03-23 19:33:20,366 [WARN] PackLoader:240 - Cannot read IP mode file for STMicroelectronics.X-CUBE-NFC6.3.1.0
2026-03-23 19:33:20,375 [WARN] PackLoader:240 - Cannot read IP mode file for ITTIA_DB.I-CUBE-ITTIADB.8.8.0
2026-03-23 19:33:20,384 [WARN] PackLoader:240 - Cannot read IP mode file for STMicroelectronics.X-CUBE-BLEMGR.2.0.0
2026-03-23 19:33:20,392 [WARN] PackLoader:240 - Cannot read IP mode file for STMicroelectronics.X-CUBE-DPower.1.2.0
2026-03-23 19:33:20,399 [WARN] PackLoader:240 - Cannot read IP mode file for STMicroelectronics.X-CUBE-AI.9.0.0
2026-03-23 19:33:20,415 [WARN] ConditionMgr:438 - getConditionDescription Invalid condition id : UX DEVICE CLASS RTOS Condition cause : null
2026-03-23 19:33:20,415 [WARN] ConditionMgr:438 - getConditionDescription Invalid condition id : UX DEVICE CLASS RTOS Condition cause : null
2026-03-23 19:33:20,416 [WARN] PackLoader:240 - Cannot read IP mode file for STMicroelectronics.X-CUBE-AZRTOS-H7.3.1.0
2026-03-23 19:33:20,417 [WARN] ConditionMgr:1039 - genDependencies : Invalid condition id : UX DEVICE CLASS RTOS Condition cause : null
2026-03-23 19:33:20,417 [WARN] ConditionMgr:1039 - genDependencies : Invalid condition id : UX DEVICE CLASS RTOS Condition cause : null
2026-03-23 19:33:20,417 [WARN] ConditionMgr:1039 - genDependencies : Invalid condition id : UX DEVICE CLASS RTOS Condition cause : null
2026-03-23 19:33:20,417 [WARN] ConditionMgr:1039 - genDependencies : Invalid condition id : UX DEVICE CLASS RTOS Condition cause : null
2026-03-23 19:33:20,417 [WARN] ConditionMgr:1039 - genDependencies : Invalid condition id : UX DEVICE CLASS RTOS Condition cause : null
2026-03-23 19:33:20,430 [WARN] PackLoader:240 - Cannot read IP mode file for STMicroelectronics.X-CUBE-FREERTOS.1.3.1
2026-03-23 19:33:20,437 [WARN] PackLoader:240 - Cannot read IP mode file for STMicroelectronics.X-CUBE-FREERTOS.1.3.0
2026-03-23 19:33:20,445 [WARN] PackLoader:240 - Cannot read IP mode file for STMicroelectronics.X-CUBE-NFC7.1.0.1
2026-03-23 19:33:20,453 [WARN] PackLoader:240 - Cannot read IP mode file for wolfSSL.I-CUBE-wolfTPM.3.2.0
2026-03-23 19:33:20,460 [WARN] PackLoader:240 - Cannot read IP mode file for STMicroelectronics.X-CUBE-TOUCHGFX.4.26.0
2026-03-23 19:33:20,468 [WARN] PackLoader:240 - Cannot read IP mode file for STMicroelectronics.X-CUBE-NFC6.3.0.0
2026-03-23 19:33:20,475 [WARN] PackLoader:240 - Cannot read IP mode file for STMicroelectronics.X-CUBE-TOUCHGFX.4.26.1
2026-03-23 19:33:20,482 [WARN] PackLoader:240 - Cannot read IP mode file for STMicroelectronics.X-CUBE-EEPRMA1.4.1.0
2026-03-23 19:33:20,488 [ERROR] Engine:466 - C:\Users\Xavi\.stm32cubemx\thirdparties\pdsc\STMicroelectronics.FP-SNS-STAIOTCFT.1.0.0.pdsc: PDSC version is not supported
2026-03-23 19:33:20,494 [WARN] PackLoader:240 - Cannot read IP mode file for STMicroelectronics.X-CUBE-DPower.1.3.0
2026-03-23 19:33:20,500 [WARN] PackLoader:240 - Cannot read IP mode file for STMicroelectronics.X-CUBE-AI.8.1.0
2026-03-23 19:33:20,515 [WARN] ConditionMgr:438 - getConditionDescription Invalid condition id : LAN8742 Phy interface Condition cause : null
2026-03-23 19:33:20,515 [WARN] PackLoader:240 - Cannot read IP mode file for STMicroelectronics.X-CUBE-AZRTOS-L4.2.0.0
2026-03-23 19:33:20,515 [WARN] ConditionMgr:1039 - genDependencies : Invalid condition id : LAN8742 Phy interface Condition cause : null
2026-03-23 19:33:20,515 [WARN] ConditionMgr:1039 - genDependencies : Invalid condition id : LAN8742 Phy interface Condition cause : null
2026-03-23 19:33:20,515 [WARN] ConditionMgr:1039 - genDependencies : Invalid condition id : LAN8742 Phy interface Condition cause : null
2026-03-23 19:33:20,516 [INFO] WebApp:161 - Instantiating new browser for Auth
2026-03-23 19:33:20,523 [WARN] PackLoader:240 - Cannot read IP mode file for STMicroelectronics.X-CUBE-SFXS2LP1.4.0.0
2026-03-23 19:33:20,532 [ERROR] Engine:466 - C:\Users\Xavi\.stm32cubemx\thirdparties\pdsc\STMicroelectronics.X-CUBE-ST67W61.1.2.0.pdsc: PDSC version is not supported
2026-03-23 19:33:20,538 [WARN] PackLoader:240 - Cannot read IP mode file for STMicroelectronics.X-CUBE-ISPU.1.1.0
2026-03-23 19:33:20,553 [WARN] PackLoader:240 - Cannot read IP mode file for STMicroelectronics.X-CUBE-AZRTOS-H7.3.3.0
2026-03-23 19:33:20,561 [ERROR] Engine:466 - C:\Users\Xavi\.stm32cubemx\thirdparties\pdsc\STMicroelectronics.X-CUBE-BLEMGR.4.1.0.pdsc: PDSC version is not supported
2026-03-23 19:33:20,580 [WARN] ConditionMgr:438 - getConditionDescription Invalid condition id : UX DEVICE CLASS RTOS Condition cause : null
2026-03-23 19:33:20,580 [WARN] ConditionMgr:438 - getConditionDescription Invalid condition id : UX DEVICE CLASS RTOS Condition cause : null
2026-03-23 19:33:20,581 [WARN] PackLoader:240 - Cannot read IP mode file for STMicroelectronics.X-CUBE-AZRTOS-WB.2.0.0
2026-03-23 19:33:20,581 [WARN] ConditionMgr:1039 - genDependencies : Invalid condition id : UX DEVICE CLASS RTOS Condition cause : null
2026-03-23 19:33:20,581 [WARN] ConditionMgr:1039 - genDependencies : Invalid condition id : UX DEVICE CLASS RTOS Condition cause : null
2026-03-23 19:33:20,582 [WARN] ConditionMgr:1039 - genDependencies : Invalid condition id : UX DEVICE CLASS RTOS Condition cause : null
2026-03-23 19:33:20,582 [WARN] ConditionMgr:1039 - genDependencies : Invalid condition id : UX DEVICE CLASS RTOS Condition cause : null
2026-03-23 19:33:20,582 [WARN] ConditionMgr:1039 - genDependencies : Invalid condition id : UX DEVICE CLASS RTOS Condition cause : null
2026-03-23 19:33:20,590 [WARN] PackLoader:240 - Cannot read IP mode file for STMicroelectronics.X-CUBE-FREERTOS.1.0.1
2026-03-23 19:33:20,597 [WARN] PackLoader:240 - Cannot read IP mode file for STMicroelectronics.X-CUBE-GNSS1.7.0.0
2026-03-23 19:33:20,605 [WARN] PackLoader:240 - Cannot read IP mode file for STMicroelectronics.X-CUBE-GNSS1.7.0.1
2026-03-23 19:33:20,613 [WARN] PackLoader:240 - Cannot read IP mode file for STMicroelectronics.X-CUBE-TOUCHGFX.4.25.0
2026-03-23 19:33:20,620 [WARN] PackLoader:240 - Cannot read IP mode file for STMicroelectronics.FP-SNS-STBOX1.2.0.0
2026-03-23 19:33:20,630 [WARN] PackLoader:240 - Cannot read IP mode file for STMicroelectronics.X-CUBE-STSE01.2.0.0
2026-03-23 19:33:20,642 [WARN] PackLoader:240 - Cannot read IP mode file for STMicroelectronics.X-CUBE-AZRTOS-L5.1.1.0
2026-03-23 19:33:20,650 [WARN] PackLoader:240 - Cannot read IP mode file for STMicroelectronics.X-CUBE-AI.8.0.1
2026-03-23 19:33:20,659 [WARN] PackLoader:240 - Cannot read IP mode file for STMicroelectronics.X-CUBE-SUBG2.5.0.0
2026-03-23 19:33:20,675 [WARN] PackLoader:240 - Cannot read IP mode file for STMicroelectronics.X-CUBE-AZRTOS-H7RS.1.1.0
2026-03-23 19:33:20,684 [WARN] PackLoader:240 - Cannot read IP mode file for Cesanta.I-CUBE-Mongoose.7.13.0
2026-03-23 19:33:20,694 [WARN] PackLoader:240 - Cannot read IP mode file for STMicroelectronics.X-CUBE-TOF1.3.3.1
2026-03-23 19:33:20,715 [WARN] PackLoader:240 - Cannot read IP mode file for STMicroelectronics.X-CUBE-AZRTOS-G4.2.0.0
2026-03-23 19:33:20,728 [WARN] PackLoader:240 - Cannot read IP mode file for Infineon.AIROC-Wi-Fi-Bluetooth-STM32.1.5.1
2026-03-23 19:33:20,738 [WARN] PackLoader:240 - Cannot read IP mode file for STMicroelectronics.FP-SNS-MOTENVWB1.1.3.0
2026-03-23 19:33:20,745 [WARN] PackLoader:240 - Cannot read IP mode file for STMicroelectronics.X-CUBE-NFC7.2.0.0
2026-03-23 19:33:20,752 [WARN] PackLoader:240 - Cannot read IP mode file for STMicroelectronics.FP-SNS-MOTENVWB1.1.3.1
2026-03-23 19:33:20,759 [WARN] PackLoader:240 - Cannot read IP mode file for STMicroelectronics.X-CUBE-ISPU.2.0.0
2026-03-23 19:33:20,766 [ERROR] Engine:466 - C:\Users\Xavi\.stm32cubemx\thirdparties\pdsc\STMicroelectronics.X-CUBE-IPS.3.1.0.pdsc: PDSC version is not supported
2026-03-23 19:33:20,773 [WARN] PackLoader:240 - Cannot read IP mode file for STMicroelectronics.X-CUBE-ALS.1.0.2
2026-03-23 19:33:20,792 [WARN] PackLoader:240 - Cannot read IP mode file for STMicroelectronics.X-CUBE-MEMS1.10.0.0
2026-03-23 19:33:20,834 [WARN] PackLoader:240 - Cannot read IP mode file for STMicroelectronics.X-CUBE-FREERTOS.1.1.0
2026-03-23 19:33:20,842 [WARN] PackLoader:240 - Cannot read IP mode file for STMicroelectronics.X-CUBE-TOUCHGFX.4.24.0
2026-03-23 19:33:20,849 [WARN] PackLoader:240 - Cannot read IP mode file for STMicroelectronics.X-CUBE-TOUCHGFX.4.24.2
2026-03-23 19:33:20,856 [WARN] PackLoader:240 - Cannot read IP mode file for STMicroelectronics.X-CUBE-TOUCHGFX.4.24.1
2026-03-23 19:33:20,864 [WARN] PackLoader:240 - Cannot read IP mode file for STMicroelectronics.X-CUBE-STSE01.1.0.0
2026-03-23 19:33:20,875 [WARN] PackLoader:240 - Cannot read IP mode file for portGmbH.I-Cube-SoM-uGOAL.1.1.0
2026-03-23 19:33:20,882 [WARN] PackLoader:240 - Cannot read IP mode file for STMicroelectronics.X-CUBE-ALS.1.0.1
2026-03-23 19:33:20,894 [WARN] PackLoader:240 - Cannot read IP mode file for STMicroelectronics.X-CUBE-AZRTOS-WB.1.1.0
2026-03-23 19:33:20,910 [WARN] PackLoader:240 - Cannot read IP mode file for STMicroelectronics.X-CUBE-AZRTOS-H7RS.1.0.0
2026-03-23 19:33:20,918 [WARN] PackLoader:240 - Cannot read IP mode file for STMicroelectronics.FP-ATR-ASTRA1.2.0.0
2026-03-23 19:33:20,927 [WARN] PackLoader:240 - Cannot read IP mode file for STMicroelectronics.X-CUBE-TOF1.3.4.2
2026-03-23 19:33:20,937 [ERROR] Engine:466 - C:\Users\Xavi\.stm32cubemx\thirdparties\pdsc\STMicroelectronics.X-CUBE-TOF1.3.4.3.pdsc: PDSC version is not supported
2026-03-23 19:33:20,946 [WARN] PackLoader:240 - Cannot read IP mode file for STMicroelectronics.X-CUBE-TOF1.3.4.0
2026-03-23 19:33:20,957 [WARN] PackLoader:240 - Cannot read IP mode file for STMicroelectronics.X-CUBE-TOF1.3.4.1
2026-03-23 19:33:20,972 [WARN] PackLoader:240 - Cannot read IP mode file for STMicroelectronics.X-CUBE-AZRTOS-H7.3.2.0
2026-03-23 19:33:20,979 [WARN] PackLoader:240 - Cannot read IP mode file for wolfSSL.I-CUBE-wolfSSH.1.4.17
2026-03-23 19:33:20,979 [INFO] ThirdParty:978 - Integrity check success = true
2026-03-23 19:33:20,980 [INFO] IntegrityCheckThread:100 - exiting critical section [integrity check]
2026-03-23 19:33:20,980 [INFO] IntegrityCheckThread:103 - End integrity checks thread
2026-03-23 19:33:20,999 [INFO] WebApp:780 - Register for checkConnection events
2026-03-23 19:33:20,999 [INFO] WebApp:414 - Apply proxy settings
2026-03-23 19:33:20,999 [INFO] WebApp:499 - Chromium requires no authentication
2026-03-23 19:33:21,004 [INFO] WebApp:442 - Direct internet connection detected
2026-03-23 19:33:21,100 [INFO] WebApp:192 - Starting web application
2026-03-23 19:33:21,100 [INFO] WebApp:544 - Web application path used C:\ST\STM32CubeIDE_1.13.0\STM32CubeIDE\plugins\com.st.stm32cube.common.mx_6.10.0.202311202037\db\plugins\mcufinder\reactClient1\index.html
2026-03-23 19:33:41,714 [ERROR] LogOutputStream:75 - [STDERR_REDIRECT] SLF4J: Failed to load class "org.slf4j.impl.StaticLoggerBinder".
2026-03-23 19:33:41,714 [ERROR] LogOutputStream:75 - [STDERR_REDIRECT] SLF4J: Defaulting to no-operation (NOP) logger implementation
2026-03-23 19:33:41,715 [ERROR] LogOutputStream:75 - [STDERR_REDIRECT] SLF4J: See http://www.slf4j.org/codes.html#StaticLoggerBinder for further details.
2026-03-23 20:02:40,800 [ERROR] LogOutputStream:75 - [STDERR_REDIRECT] 
