2026-03-21 11:01:29,650 [INFO] Activator:176 - 


2026-03-21 11:01:29,653 [INFO] Activator:177 - !SESSION log4j initialized
2026-03-21 11:01:33,483 [INFO] LogOutputStream:77 - [STDOUT_REDIRECT] 
2026-03-21 11:01:34,342 [INFO] ApplicationProperties:184 - Using Application install path: C:\ST\STM32CubeIDE_1.13.0\STM32CubeIDE\plugins\com.st.stm32cube.common.mx_6.10.0.202311202037
2026-03-21 11:01:34,354 [INFO] DbMcusXml:78 - Set database path to: C:\ST\STM32CubeIDE_1.13.0\STM32CubeIDE\plugins\com.st.stm32cube.common.mx_6.10.0.202311202037\\db\/mcu/
2026-03-21 11:01:34,354 [INFO] ApiDb:274 - Set plugin database path to: C:\ST\STM32CubeIDE_1.13.0\STM32CubeIDE\plugins\com.st.stm32cube.common.mx_6.10.0.202311202037\\db\/plugins/boardmanager/
2026-03-21 11:01:34,354 [WARN] ApiDb:259 - Overriding images path with different value:  => C:\ST\STM32CubeIDE_1.13.0\STM32CubeIDE\plugins\com.st.stm32cube.common.mx_6.10.0.202311202037\\db\/plugins/mcufinder/images/
2026-03-21 11:01:34,364 [INFO] ApiDb:250 - Set database path to: C:\Users\Xavi\.stmcufinder\plugins\mcufinder//mcu/
2026-03-21 11:01:34,364 [INFO] DbMcusAds:125 - Set database path to: C:\Users\Xavi\.stmcufinder\plugins\mcufinder//mcu/
2026-03-21 11:01:34,365 [INFO] CrossReferenceDbSqlite:203 - Set database path to: C:\Users\Xavi\.stmcufinder\plugins\mcufinder//mcu/cs/
2026-03-21 11:01:34,438 [INFO] RulesReader:64 - Compatibility file has been processed (297 Rules)
2026-03-21 11:01:34,528 [INFO] DbMcusXml:78 - Set database path to: C:\ST\STM32CubeIDE_1.13.0\STM32CubeIDE\plugins\com.st.stm32cube.common.mx_6.10.0.202311202037\\db\/mcu/
2026-03-21 11:01:34,528 [INFO] ApiDb:274 - Set plugin database path to: C:\ST\STM32CubeIDE_1.13.0\STM32CubeIDE\plugins\com.st.stm32cube.common.mx_6.10.0.202311202037\\db\/plugins/boardmanager/
2026-03-21 11:01:34,528 [INFO] ApiDb:261 - Set plugin images path to: C:\ST\STM32CubeIDE_1.13.0\STM32CubeIDE\plugins\com.st.stm32cube.common.mx_6.10.0.202311202037\\db\/plugins/mcufinder/images/
2026-03-21 11:01:34,528 [WARN] DbFile:41 - Overriding database path with different value: C:\Users\Xavi\.stmcufinder\plugins\mcufinder/ => C:\Users\Xavi\.stmcufinder\plugins\mcufinder
2026-03-21 11:01:34,529 [INFO] ApiDb:250 - Set database path to: C:\Users\Xavi\.stmcufinder\plugins\mcufinder//mcu/
2026-03-21 11:01:34,529 [WARN] DbFile:41 - Overriding database path with different value: C:\Users\Xavi\.stmcufinder\plugins\mcufinder/ => C:\Users\Xavi\.stmcufinder\plugins\mcufinder
2026-03-21 11:01:34,529 [INFO] DbMcusAds:125 - Set database path to: C:\Users\Xavi\.stmcufinder\plugins\mcufinder//mcu/
2026-03-21 11:01:34,529 [WARN] DbFile:41 - Overriding database path with different value: C:\Users\Xavi\.stmcufinder\plugins\mcufinder/ => C:\Users\Xavi\.stmcufinder\plugins\mcufinder
2026-03-21 11:01:34,529 [WARN] DbFile:41 - Overriding database path with different value: C:\Users\Xavi\.stmcufinder\plugins\mcufinder/ => C:\Users\Xavi\.stmcufinder\plugins\mcufinder
2026-03-21 11:01:34,529 [INFO] CrossReferenceDbSqlite:203 - Set database path to: C:\Users\Xavi\.stmcufinder\plugins\mcufinder//mcu/cs/
2026-03-21 11:01:34,584 [INFO] MainPanel:264 - HeapMemory: 268435456
2026-03-21 11:01:34,637 [INFO] DbMcusXml:78 - Set database path to: C:\ST\STM32CubeIDE_1.13.0\STM32CubeIDE\plugins\com.st.stm32cube.common.mx_6.10.0.202311202037\\db\/mcu/
2026-03-21 11:01:34,637 [INFO] ApiDb:274 - Set plugin database path to: C:\ST\STM32CubeIDE_1.13.0\STM32CubeIDE\plugins\com.st.stm32cube.common.mx_6.10.0.202311202037\\db\/plugins/boardmanager/
2026-03-21 11:01:34,637 [INFO] ApiDb:261 - Set plugin images path to: C:\ST\STM32CubeIDE_1.13.0\STM32CubeIDE\plugins\com.st.stm32cube.common.mx_6.10.0.202311202037\\db\/plugins/mcufinder/images/
2026-03-21 11:01:34,637 [WARN] DbFile:41 - Overriding database path with different value: C:\Users\Xavi\.stmcufinder\plugins\mcufinder/ => C:\Users\Xavi\.stmcufinder\plugins\mcufinder
2026-03-21 11:01:34,637 [INFO] ApiDb:250 - Set database path to: C:\Users\Xavi\.stmcufinder\plugins\mcufinder//mcu/
2026-03-21 11:01:34,637 [WARN] DbFile:41 - Overriding database path with different value: C:\Users\Xavi\.stmcufinder\plugins\mcufinder/ => C:\Users\Xavi\.stmcufinder\plugins\mcufinder
2026-03-21 11:01:34,637 [INFO] DbMcusAds:125 - Set database path to: C:\Users\Xavi\.stmcufinder\plugins\mcufinder//mcu/
2026-03-21 11:01:34,637 [WARN] DbFile:41 - Overriding database path with different value: C:\Users\Xavi\.stmcufinder\plugins\mcufinder/ => C:\Users\Xavi\.stmcufinder\plugins\mcufinder
2026-03-21 11:01:34,637 [WARN] DbFile:41 - Overriding database path with different value: C:\Users\Xavi\.stmcufinder\plugins\mcufinder/ => C:\Users\Xavi\.stmcufinder\plugins\mcufinder
2026-03-21 11:01:34,637 [INFO] CrossReferenceDbSqlite:203 - Set database path to: C:\Users\Xavi\.stmcufinder\plugins\mcufinder//mcu/cs/
2026-03-21 11:01:34,648 [INFO] ApplicationProperties:184 - Using Application install path: C:\ST\STM32CubeIDE_1.13.0\STM32CubeIDE\plugins\com.st.stm32cube.common.mx_6.10.0.202311202037
2026-03-21 11:01:34,649 [INFO] PluginManage:196 - Search for loadable plugins [exclusion list=, ]
2026-03-21 11:01:34,650 [INFO] PluginManage:310 - Check plugin analytics
2026-03-21 11:01:34,758 [INFO] AnalyticsPlugin:253 - Accepted Software Licenses: STM32CubeMX.6.9.0
2026-03-21 11:01:34,758 [INFO] AnalyticsPlugin:255 - Accepted CMSIS Pack Licenses: 
2026-03-21 11:01:34,758 [INFO] AnalyticsPlugin:257 - Accepted Firmware Licenses: FW.F4.1.27.0,FW.H5.1.1.0
2026-03-21 11:01:34,761 [INFO] PluginManage:359 - Loaded plugin analytics (category:tool,tabindex:-1)
2026-03-21 11:01:34,761 [INFO] PluginManage:310 - Check plugin cadmodel
2026-03-21 11:01:34,772 [INFO] CADModel:105 - Init CAD model plugin
2026-03-21 11:01:34,772 [INFO] PluginManage:359 - Loaded plugin cadmodel (category:power,tabindex:5)
2026-03-21 11:01:34,772 [INFO] PluginManage:310 - Check plugin clock
2026-03-21 11:01:34,785 [INFO] PluginManage:359 - Loaded plugin clock (category:base,tabindex:2)
2026-03-21 11:01:34,785 [INFO] PluginManage:310 - Check plugin ddr
2026-03-21 11:01:34,786 [INFO] PluginManage:359 - Loaded plugin ddr (category:tool,tabindex:6)
2026-03-21 11:01:34,786 [INFO] PluginManage:310 - Check plugin filemanager
2026-03-21 11:01:34,863 [INFO] PluginManage:359 - Loaded plugin filemanager (category:base,tabindex:10)
2026-03-21 11:01:34,863 [INFO] PluginManage:310 - Check plugin ipmanager
2026-03-21 11:01:34,867 [INFO] PluginManage:359 - Loaded plugin ipmanager (category:base,tabindex:5)
2026-03-21 11:01:34,867 [INFO] PluginManage:310 - Check plugin lpbam
2026-03-21 11:01:34,880 [INFO] PluginManage:359 - Loaded plugin lpbam (category:base,tabindex:0)
2026-03-21 11:01:34,880 [INFO] PluginManage:310 - Check plugin memorymap
2026-03-21 11:01:34,897 [INFO] PluginManage:359 - Loaded plugin memorymap (category:base,tabindex:4)
2026-03-21 11:01:34,897 [INFO] PluginManage:310 - Check plugin pinoutandconfiguration
2026-03-21 11:01:34,907 [INFO] PluginManage:359 - Loaded plugin pinoutandconfiguration (category:base,tabindex:1)
2026-03-21 11:01:34,907 [INFO] PluginManage:310 - Check plugin pinoutconfig
2026-03-21 11:01:34,964 [WARN] SupportedApi:132 - Cannot load RTOS API schema: s4s-elt-must-match.1: The content of 'definitions' must match (annotation?, (simpleType | complexType)?, (unique | key | keyref)*)). A problem was found starting at: attribute.
2026-03-21 11:01:35,033 [INFO] PluginManage:359 - Loaded plugin pinoutconfig (category:base,tabindex:0)
2026-03-21 11:01:35,033 [INFO] PluginManage:310 - Check plugin power
2026-03-21 11:01:35,046 [INFO] PluginManage:359 - Loaded plugin power (category:power,tabindex:4)
2026-03-21 11:01:35,046 [INFO] PluginManage:310 - Check plugin projectmanager
2026-03-21 11:01:35,056 [INFO] PluginManage:359 - Loaded plugin projectmanager (category:projectmanager,tabindex:3)
2026-03-21 11:01:35,056 [INFO] PluginManage:310 - Check plugin thirdparty
2026-03-21 11:01:35,233 [INFO] PluginManage:359 - Loaded plugin thirdparty (category:base,tabindex:-1)
2026-03-21 11:01:35,233 [INFO] PluginManage:310 - Check plugin tools
2026-03-21 11:01:35,233 [WARN] IntegrityCheckThread:84 - waiting for thirdparty lock release [integrity check]
2026-03-21 11:01:35,233 [INFO] IntegrityCheckThread:86 - entering critical section [integrity check]
2026-03-21 11:01:35,233 [INFO] ThirdPartyUpdaterWithRetryManager:70 - Updater plugin not ready yet. [1/15]
2026-03-21 11:01:35,256 [INFO] PluginManage:359 - Loaded plugin tools (category:base,tabindex:7)
2026-03-21 11:01:35,257 [INFO] PluginManage:310 - Check plugin tutovideos
2026-03-21 11:01:35,367 [INFO] PluginManage:359 - Loaded plugin tutovideos (category:base,tabindex:-1)
2026-03-21 11:01:35,367 [INFO] PluginManage:310 - Check plugin updater
2026-03-21 11:01:35,373 [INFO] PluginManage:359 - Loaded plugin updater (category:base,tabindex:12)
2026-03-21 11:01:35,373 [INFO] PluginManage:310 - Check plugin userauth
2026-03-21 11:01:35,376 [INFO] UserAuth:114 - Init User Auth plugin
2026-03-21 11:01:35,376 [INFO] PluginManage:359 - Loaded plugin userauth (category:base,tabindex:14)
2026-03-21 11:01:35,376 [INFO] PluginManage:283 - PluginManage : Loaded plugins [17]
2026-03-21 11:01:35,493 [INFO] PinOutPanel:1499 - setPackage(No Configuration,No Configuration)
2026-03-21 11:01:35,535 [INFO] CADModel:165 - CPN selected for project level
2026-03-21 11:01:35,535 [INFO] CADModel:114 - Register for checkConnection events
2026-03-21 11:01:35,553 [INFO] IPUIPlugin:80 - create IPUIPlugin
2026-03-21 11:01:35,553 [INFO] PluginManager:220 - loadIPPluginJar : add adc
2026-03-21 11:01:35,577 [INFO] IPUIPlugin:80 - create IPUIPlugin
2026-03-21 11:01:35,578 [INFO] PluginManager:220 - loadIPPluginJar : add aes
2026-03-21 11:01:35,603 [INFO] IPUIPlugin:80 - create IPUIPlugin
2026-03-21 11:01:35,603 [INFO] PluginManager:220 - loadIPPluginJar : add can
2026-03-21 11:01:35,618 [INFO] IPUIPlugin:80 - create IPUIPlugin
2026-03-21 11:01:35,618 [INFO] PluginManager:220 - loadIPPluginJar : add comp
2026-03-21 11:01:35,638 [INFO] IPUIPlugin:80 - create IPUIPlugin
2026-03-21 11:01:35,638 [INFO] PluginManager:220 - loadIPPluginJar : add cryp
2026-03-21 11:01:35,658 [INFO] IPUIPlugin:80 - create IPUIPlugin
2026-03-21 11:01:35,658 [INFO] PluginManager:220 - loadIPPluginJar : add dfsdm
2026-03-21 11:01:35,667 [INFO] IPUIPlugin:80 - create IPUIPlugin
2026-03-21 11:01:35,667 [INFO] PluginManager:220 - loadIPPluginJar : add dma
2026-03-21 11:01:35,694 [INFO] IPUIPlugin:80 - create IPUIPlugin
2026-03-21 11:01:35,695 [INFO] PluginManager:220 - loadIPPluginJar : add dma3
2026-03-21 11:01:35,707 [INFO] IPUIPlugin:80 - create IPUIPlugin
2026-03-21 11:01:35,707 [INFO] PluginManager:220 - loadIPPluginJar : add fatfs
2026-03-21 11:01:35,736 [INFO] IPUIPlugin:80 - create IPUIPlugin
2026-03-21 11:01:35,736 [INFO] PluginManager:220 - loadIPPluginJar : add fmc
2026-03-21 11:01:35,746 [INFO] IPUIPlugin:80 - create IPUIPlugin
2026-03-21 11:01:35,746 [INFO] PluginManager:220 - loadIPPluginJar : add freertos
2026-03-21 11:01:35,758 [INFO] IPUIPlugin:80 - create IPUIPlugin
2026-03-21 11:01:35,758 [INFO] PluginManager:220 - loadIPPluginJar : add genericplugin
2026-03-21 11:01:35,815 [INFO] IPUIPlugin:80 - create IPUIPlugin
2026-03-21 11:01:35,815 [INFO] PluginManager:220 - loadIPPluginJar : add gfxmmu
2026-03-21 11:01:35,895 [INFO] IPUIPlugin:80 - create IPUIPlugin
2026-03-21 11:01:35,896 [INFO] PluginManager:220 - loadIPPluginJar : add gic
2026-03-21 11:01:35,904 [INFO] IPUIPlugin:80 - create IPUIPlugin
2026-03-21 11:01:35,904 [INFO] PluginManager:220 - loadIPPluginJar : add gpio
2026-03-21 11:01:35,962 [INFO] IPUIPlugin:80 - create IPUIPlugin
2026-03-21 11:01:35,962 [INFO] PluginManager:220 - loadIPPluginJar : add gtzc
2026-03-21 11:01:35,981 [INFO] IPUIPlugin:80 - create IPUIPlugin
2026-03-21 11:01:35,982 [INFO] PluginManager:220 - loadIPPluginJar : add hash
2026-03-21 11:01:36,013 [INFO] IPUIPlugin:80 - create IPUIPlugin
2026-03-21 11:01:36,013 [INFO] PluginManager:220 - loadIPPluginJar : add i2c
2026-03-21 11:01:36,036 [INFO] IPUIPlugin:80 - create IPUIPlugin
2026-03-21 11:01:36,036 [INFO] PluginManager:220 - loadIPPluginJar : add i2s
2026-03-21 11:01:36,061 [INFO] IPUIPlugin:80 - create IPUIPlugin
2026-03-21 11:01:36,061 [INFO] PluginManager:220 - loadIPPluginJar : add i3c
2026-03-21 11:01:36,132 [INFO] IPUIPlugin:80 - create IPUIPlugin
2026-03-21 11:01:36,132 [INFO] PluginManager:220 - loadIPPluginJar : add ipddr
2026-03-21 11:01:36,188 [INFO] IPUIPlugin:80 - create IPUIPlugin
2026-03-21 11:01:36,188 [INFO] PluginManager:220 - loadIPPluginJar : add linkedlist
2026-03-21 11:01:36,210 [INFO] IPUIPlugin:80 - create IPUIPlugin
2026-03-21 11:01:36,210 [INFO] PluginManager:220 - loadIPPluginJar : add lorawan
2026-03-21 11:01:36,232 [INFO] IPUIPlugin:80 - create IPUIPlugin
2026-03-21 11:01:36,232 [INFO] PluginManager:220 - loadIPPluginJar : add ltdc
2026-03-21 11:01:36,241 [INFO] IPUIPlugin:80 - create IPUIPlugin
2026-03-21 11:01:36,241 [INFO] PluginManager:220 - loadIPPluginJar : add mdma
2026-03-21 11:01:36,249 [INFO] IPUIPlugin:80 - create IPUIPlugin
2026-03-21 11:01:36,250 [INFO] PluginManager:220 - loadIPPluginJar : add nvic
2026-03-21 11:01:36,274 [INFO] IPUIPlugin:80 - create IPUIPlugin
2026-03-21 11:01:36,274 [INFO] PluginManager:220 - loadIPPluginJar : add opamp
2026-03-21 11:01:36,311 [INFO] IPUIPlugin:80 - create IPUIPlugin
2026-03-21 11:01:36,311 [INFO] PluginManager:220 - loadIPPluginJar : add openamp
2026-03-21 11:01:36,337 [INFO] IPUIPlugin:80 - create IPUIPlugin
2026-03-21 11:01:36,337 [INFO] PluginManager:220 - loadIPPluginJar : add pdm2pcm
2026-03-21 11:01:36,347 [INFO] IPUIPlugin:80 - create IPUIPlugin
2026-03-21 11:01:36,348 [INFO] PluginManager:220 - loadIPPluginJar : add plateformsettings
2026-03-21 11:01:36,362 [INFO] IPUIPlugin:80 - create IPUIPlugin
2026-03-21 11:01:36,362 [INFO] PluginManager:220 - loadIPPluginJar : add quadspi
2026-03-21 11:01:36,371 [INFO] IPUIPlugin:80 - create IPUIPlugin
2026-03-21 11:01:36,371 [INFO] PluginManager:220 - loadIPPluginJar : add resmgrutility
2026-03-21 11:01:36,401 [INFO] IPUIPlugin:80 - create IPUIPlugin
2026-03-21 11:01:36,401 [INFO] PluginManager:220 - loadIPPluginJar : add sai
2026-03-21 11:01:36,424 [INFO] IPUIPlugin:80 - create IPUIPlugin
2026-03-21 11:01:36,424 [INFO] PluginManager:220 - loadIPPluginJar : add spi
2026-03-21 11:01:36,467 [INFO] IPUIPlugin:80 - create IPUIPlugin
2026-03-21 11:01:36,467 [INFO] PluginManager:220 - loadIPPluginJar : add stm32_wpan
2026-03-21 11:01:36,481 [INFO] IPUIPlugin:80 - create IPUIPlugin
2026-03-21 11:01:36,482 [INFO] PluginManager:220 - loadIPPluginJar : add tim
2026-03-21 11:01:36,515 [INFO] IPUIPlugin:80 - create IPUIPlugin
2026-03-21 11:01:36,515 [INFO] PluginManager:220 - loadIPPluginJar : add touchsensing
2026-03-21 11:01:36,529 [INFO] IPUIPlugin:80 - create IPUIPlugin
2026-03-21 11:01:36,529 [INFO] PluginManager:220 - loadIPPluginJar : add tracer_emb
2026-03-21 11:01:36,543 [INFO] IPUIPlugin:80 - create IPUIPlugin
2026-03-21 11:01:36,543 [INFO] PluginManager:220 - loadIPPluginJar : add ts
2026-03-21 11:01:36,557 [INFO] IPUIPlugin:80 - create IPUIPlugin
2026-03-21 11:01:36,557 [INFO] PluginManager:220 - loadIPPluginJar : add tsc
2026-03-21 11:01:36,570 [INFO] IPUIPlugin:80 - create IPUIPlugin
2026-03-21 11:01:36,570 [INFO] PluginManager:220 - loadIPPluginJar : add ucpd
2026-03-21 11:01:36,596 [INFO] IPUIPlugin:80 - create IPUIPlugin
2026-03-21 11:01:36,597 [INFO] PluginManager:220 - loadIPPluginJar : add usart
2026-03-21 11:01:36,622 [INFO] IPUIPlugin:80 - create IPUIPlugin
2026-03-21 11:01:36,622 [INFO] PluginManager:220 - loadIPPluginJar : add usbx
2026-03-21 11:01:36,723 [INFO] CADModel:165 - CPN selected for project level
2026-03-21 11:01:36,723 [INFO] CADModel:114 - Register for checkConnection events
2026-03-21 11:01:36,723 [FATAL] Updater:308 - Updater called before beeing initialized
2026-03-21 11:01:36,723 [ERROR] CADModel:125 - Updater not yet initialized, retry later 
2026-03-21 11:01:36,796 [INFO] CADModel:165 - CPN selected for project level
2026-03-21 11:01:36,796 [INFO] CADModel:114 - Register for checkConnection events
2026-03-21 11:01:36,796 [FATAL] Updater:308 - Updater called before beeing initialized
2026-03-21 11:01:36,796 [ERROR] CADModel:125 - Updater not yet initialized, retry later 
2026-03-21 11:01:36,798 [FATAL] Updater:308 - Updater called before beeing initialized
2026-03-21 11:01:36,853 [FATAL] Updater:308 - Updater called before beeing initialized
2026-03-21 11:01:36,865 [INFO] DbMcusAds:53 - JSON generation date=Thu Mar 05 15:32:52 CET 2026 (1772721172610)
2026-03-21 11:01:36,865 [FATAL] Updater:308 - Updater called before beeing initialized
2026-03-21 11:01:36,917 [WARN] DetailPanel:346 - Failed to get advertising image, set to default
2026-03-21 11:01:36,981 [FATAL] Updater:308 - Updater called before beeing initialized
2026-03-21 11:01:36,983 [FATAL] Updater:308 - Updater called before beeing initialized
2026-03-21 11:01:36,983 [FATAL] Updater:308 - Updater called before beeing initialized
2026-03-21 11:01:36,983 [WARN] DetailPanel:346 - Failed to get advertising image, set to default
2026-03-21 11:01:36,983 [FATAL] Updater:308 - Updater called before beeing initialized
2026-03-21 11:01:37,016 [ERROR] Updater:1120 - MainUpdater not yet initialized. External WinMGr cannot be set.
2026-03-21 11:01:37,023 [INFO] Updater:1056 - Updater Version found : 6.10.0
2026-03-21 11:01:37,034 [INFO] ApplicationProperties:184 - Using Application install path: C:\ST\STM32CubeIDE_1.13.0\STM32CubeIDE\plugins\com.st.stm32cube.common.mx_6.10.0.202311202037
2026-03-21 11:01:37,071 [INFO] MainUpdater:526 - Copy updater definitions from MX database
2026-03-21 11:01:37,565 [INFO] MainUpdater:2873 - connection check result : 10
2026-03-21 11:01:37,566 [INFO] MainUpdater:3567 - Updater definition file requires update
2026-03-21 11:01:37,566 [INFO] MainUpdater:290 - Updater Check For Update Now.
2026-03-21 11:01:37,566 [INFO] MicroXplorer:498 - Change Database Version : DB.6.0.100
2026-03-21 11:01:37,579 [INFO] McuFinderGlobals:63 - Set McuFinder mode to 2 (CubeIDE integrated)
2026-03-21 11:01:37,586 [INFO] UserAuth:404 - Internet connection configuration mode: 1
2026-03-21 11:01:37,600 [INFO] JxBrowserEngine:152 - Initiate JxBrowser Engine with user profile folder
2026-03-21 11:01:37,657 [INFO] ServerAccessManage:473 - Download File updaters.zip
2026-03-21 11:01:37,739 [INFO] FileExtend:240 - Unzip File : updaters.zip
2026-03-21 11:01:37,739 [INFO] FileExtend:255 - Standard Zip Deflate
2026-03-21 11:01:38,106 [INFO] ServerAccessManage:473 - Download File PacksControlFlags.xml
2026-03-21 11:01:38,154 [INFO] ServerAccessManage:473 - Download File cubemx.pidx
2026-03-21 11:01:38,221 [INFO] LoadServerUpdatesThread:375 - End of LoadServerUpdate Thread
2026-03-21 11:01:38,239 [WARN] MainUpdater:1194 - Updater busy. Cannot search thirdparties
2026-03-21 11:01:38,239 [INFO] ThirdPartyUpdaterWithRetryManager:96 - Updater plugin is busy. [1/15]
2026-03-21 11:01:38,372 [INFO] CheckServerUpdateThread:120 - End of CheckServer Thread
2026-03-21 11:01:39,494 [INFO] WebApp:161 - Instantiating new browser for Auth
2026-03-21 11:01:39,828 [INFO] WebApp:780 - Register for checkConnection events
2026-03-21 11:01:39,828 [INFO] WebApp:414 - Apply proxy settings
2026-03-21 11:01:39,828 [INFO] WebApp:499 - Chromium requires no authentication
2026-03-21 11:01:39,833 [INFO] WebApp:442 - Direct internet connection detected
2026-03-21 11:01:39,923 [INFO] WebApp:192 - Starting web application
2026-03-21 11:01:39,923 [INFO] WebApp:544 - Web application path used C:\ST\STM32CubeIDE_1.13.0\STM32CubeIDE\plugins\com.st.stm32cube.common.mx_6.10.0.202311202037\db\plugins\mcufinder\reactClient1\index.html
2026-03-21 11:01:41,458 [WARN] PackLoader:240 - Cannot read IP mode file for STMicroelectronics.X-CUBE-AZRTOS-H7.3.5.0
2026-03-21 11:01:41,471 [WARN] PackLoader:240 - Cannot read IP mode file for STMicroelectronics.FP-SNS-MOTENVWB1.1.4.0
2026-03-21 11:01:41,480 [WARN] PackLoader:240 - Cannot read IP mode file for STMicroelectronics.FP-ATR-ASTRA1.2.0.2
2026-03-21 11:01:41,486 [WARN] PackLoader:240 - Cannot read IP mode file for STMicroelectronics.FP-ATR-ASTRA1.2.0.1
2026-03-21 11:01:41,498 [WARN] PackLoader:240 - Cannot read IP mode file for STMicroelectronics.X-CUBE-SMBUS.2.1.0
2026-03-21 11:01:41,507 [WARN] PackLoader:240 - Cannot read IP mode file for STMicroelectronics.X-CUBE-WB05N.1.1.0
2026-03-21 11:01:41,513 [ERROR] Engine:466 - C:\Users\Xavi\.stm32cubemx\thirdparties\pdsc\STMicroelectronics.X-CUBE-ST60.1.0.0.pdsc: PDSC version is not supported
2026-03-21 11:01:41,521 [WARN] PackLoader:240 - Cannot read IP mode file for STMicroelectronics.X-CUBE-TOUCHGFX.4.23.0
2026-03-21 11:01:41,538 [WARN] PackLoader:240 - Cannot read IP mode file for STMicroelectronics.X-CUBE-AZRTOS-F7.1.1.0
2026-03-21 11:01:41,548 [WARN] PackLoader:240 - Cannot read IP mode file for STMicroelectronics.FP-SNS-MOTENV1.4.3.2
2026-03-21 11:01:41,575 [WARN] PackLoader:240 - Cannot read IP mode file for STMicroelectronics.X-CUBE-MEMS1.11.0.0
2026-03-21 11:01:41,645 [WARN] PackLoader:240 - Cannot read IP mode file for STMicroelectronics.X-CUBE-BLE1.6.2.4
2026-03-21 11:01:41,653 [ERROR] Engine:466 - C:\Users\Xavi\.stm32cubemx\thirdparties\pdsc\STMicroelectronics.FP-SNS-MOTENV1.5.1.0.pdsc: PDSC version is not supported
2026-03-21 11:01:41,661 [WARN] PackLoader:240 - Cannot read IP mode file for STMicroelectronics.FP-SNS-FLIGHT1.5.0.2
2026-03-21 11:01:41,678 [WARN] PackLoader:240 - Cannot read IP mode file for STMicroelectronics.X-CUBE-AZRTOS-H7.3.4.0
2026-03-21 11:01:41,690 [WARN] PackLoader:240 - Cannot read IP mode file for STMicroelectronics.X-CUBE-DISPLAY.3.0.0
2026-03-21 11:01:41,699 [ERROR] Engine:466 - C:\Users\Xavi\.stm32cubemx\thirdparties\pdsc\STMicroelectronics.FP-SNS-MOTENVWB1.1.5.0.pdsc: PDSC version is not supported
2026-03-21 11:01:41,706 [WARN] PackLoader:240 - Cannot read IP mode file for STMicroelectronics.X-CUBE-BLE1.7.0.0
2026-03-21 11:01:41,714 [WARN] PackLoader:240 - Cannot read IP mode file for STMicroelectronics.X-CUBE-NFC10.1.0.0
2026-03-21 11:01:41,725 [WARN] PackLoader:240 - Cannot read IP mode file for STMicroelectronics.X-CUBE-BLEMGR.4.0.0
2026-03-21 11:01:41,734 [ERROR] Engine:466 - C:\Users\Xavi\.stm32cubemx\thirdparties\pdsc\STMicroelectronics.X-CUBE-ST60.1.1.0.pdsc: PDSC version is not supported
2026-03-21 11:01:41,742 [WARN] PackLoader:240 - Cannot read IP mode file for emotas.I-CUBE-CANOPEN.1.3.0
2026-03-21 11:01:41,749 [WARN] PackLoader:240 - Cannot read IP mode file for STMicroelectronics.X-CUBE-TOUCHGFX.4.22.0
2026-03-21 11:01:41,756 [WARN] PackLoader:240 - Cannot read IP mode file for STMicroelectronics.X-CUBE-GNSS1.7.1.0
2026-03-21 11:01:41,764 [WARN] PackLoader:240 - Cannot read IP mode file for STMicroelectronics.X-CUBE-TOUCHGFX.4.22.1
2026-03-21 11:01:41,773 [WARN] PackLoader:240 - Cannot read IP mode file for STMicroelectronics.X-CUBE-BLEMGR.3.1.0
2026-03-21 11:01:41,781 [WARN] PackLoader:240 - Cannot read IP mode file for STMicroelectronics.X-CUBE-AI.10.0.0
2026-03-21 11:01:41,788 [ERROR] Engine:466 - C:\Users\Xavi\.stm32cubemx\thirdparties\pdsc\STMicroelectronics.FP-SNS-STBOX1.2.1.0.pdsc: PDSC version is not supported
2026-03-21 11:01:41,795 [WARN] PackLoader:240 - Cannot read IP mode file for STMicroelectronics.FP-SNS-SMARTAG2.1.2.0
2026-03-21 11:01:41,801 [ERROR] Engine:466 - C:\Users\Xavi\.stm32cubemx\thirdparties\pdsc\STMicroelectronics.FP-SNS-FLIGHT1.5.1.0.pdsc: PDSC version is not supported
2026-03-21 11:01:41,829 [WARN] PackLoader:240 - Cannot read IP mode file for STMicroelectronics.X-CUBE-MEMS1.11.1.0
2026-03-21 11:01:41,898 [INFO] LogOutputStream:77 - [STDOUT_REDIRECT] 1 : Invalid condition id : UX_CORESTACK_Condition cause : null
2026-03-21 11:01:41,899 [INFO] LogOutputStream:77 - [STDOUT_REDIRECT] 1 : Invalid condition id : UX_CORESTACK_Condition cause : null
2026-03-21 11:01:41,899 [INFO] LogOutputStream:77 - [STDOUT_REDIRECT] 1 : Invalid condition id : UX_CORESTACK_Condition cause : null
2026-03-21 11:01:41,900 [INFO] LogOutputStream:77 - [STDOUT_REDIRECT] 1 : Invalid condition id : UX_CORESTACK_Condition cause : null
2026-03-21 11:01:41,901 [INFO] LogOutputStream:77 - [STDOUT_REDIRECT] 1 : Invalid condition id : UX_CORESTACK_Condition cause : null
2026-03-21 11:01:41,903 [WARN] PackLoader:240 - Cannot read IP mode file for STMicroelectronics.X-CUBE-AZRTOS-WL.2.0.0
2026-03-21 11:01:41,915 [WARN] PackLoader:240 - Cannot read IP mode file for STMicroelectronics.FP-SNS-MOTENV1.5.0.0
2026-03-21 11:01:41,932 [WARN] PackLoader:240 - Cannot read IP mode file for STMicroelectronics.X-CUBE-AZRTOS-H7RS.1.2.0
2026-03-21 11:01:41,941 [WARN] PackLoader:240 - Cannot read IP mode file for wolfSSL.I-CUBE-wolfMQTT.1.19.0
2026-03-21 11:01:41,952 [WARN] PackLoader:240 - Cannot read IP mode file for WES.I-CUBE-Cesium.1.3.0
2026-03-21 11:01:41,959 [WARN] PackLoader:240 - Cannot read IP mode file for STMicroelectronics.X-CUBE-BLE2.3.3.0
2026-03-21 11:01:41,965 [ERROR] Engine:466 - C:\Users\Xavi\.stm32cubemx\thirdparties\pdsc\Avnet-IOTCONNECT.X-CUBE-iotc-st67-sdk.1.0.0.pdsc: PDSC version is not supported
2026-03-21 11:01:41,972 [WARN] PackLoader:240 - Cannot read IP mode file for STMicroelectronics.X-CUBE-NFC9.1.0.0
2026-03-21 11:01:41,980 [WARN] PackLoader:240 - Cannot read IP mode file for STMicroelectronics.X-CUBE-BLE1.7.1.0
2026-03-21 11:01:41,988 [WARN] PackLoader:240 - Cannot read IP mode file for STMicroelectronics.X-CUBE-TCPP.4.1.0
2026-03-21 11:01:41,995 [ERROR] Engine:466 - C:\Users\Xavi\.stm32cubemx\thirdparties\pdsc\STMicroelectronics.X-CUBE-FREERTOS.1.4.0.pdsc: PDSC version is not supported
2026-03-21 11:01:42,002 [WARN] PackLoader:240 - Cannot read IP mode file for STMicroelectronics.X-CUBE-EEPRMA1.5.2.0
2026-03-21 11:01:42,009 [ERROR] Engine:466 - C:\Users\Xavi\.stm32cubemx\thirdparties\pdsc\STMicroelectronics.X-CUBE-ST67W61.1.1.0.pdsc: PDSC version is not supported
2026-03-21 11:01:42,016 [WARN] PackLoader:240 - Cannot read IP mode file for STMicroelectronics.X-CUBE-AI.10.1.0
2026-03-21 11:01:42,041 [WARN] PackLoader:240 - Cannot read IP mode file for STMicroelectronics.X-CUBE-MEMS1.12.0.0
2026-03-21 11:01:42,090 [WARN] PackLoader:240 - Cannot read IP mode file for STMicroelectronics.X-CUBE-ALGOBUILD.1.3.0
2026-03-21 11:01:42,107 [WARN] PackLoader:240 - Cannot read IP mode file for STMicroelectronics.X-CUBE-AZRTOS-G0.1.1.0
2026-03-21 11:01:42,117 [WARN] PackLoader:240 - Cannot read IP mode file for STMicroelectronics.X-CUBE-SAFEA1.1.2.2
2026-03-21 11:01:42,127 [WARN] PackLoader:240 - Cannot read IP mode file for STMicroelectronics.X-CUBE-NFC4.3.0.0
2026-03-21 11:01:42,141 [WARN] PackLoader:240 - Cannot read IP mode file for EmbeddedOffice.I-CUBE-FS-RTOS.1.0.1
2026-03-21 11:01:42,141 [ERROR] ConditionMgr:805 - Attr not supported : Dmpu
2026-03-21 11:01:42,141 [ERROR] ConditionMgr:805 - Attr not supported : Dmpu
2026-03-21 11:01:42,141 [ERROR] ConditionMgr:805 - Attr not supported : Dmpu
2026-03-21 11:01:42,141 [ERROR] ConditionMgr:805 - Attr not supported : Dmpu
2026-03-21 11:01:42,141 [ERROR] ConditionMgr:805 - Attr not supported : Dmpu
2026-03-21 11:01:42,141 [ERROR] ConditionMgr:805 - Attr not supported : Dmpu
2026-03-21 11:01:42,141 [ERROR] ConditionMgr:805 - Attr not supported : Dmpu
2026-03-21 11:01:42,141 [ERROR] ConditionMgr:805 - Attr not supported : Dmpu
2026-03-21 11:01:42,141 [ERROR] ConditionMgr:805 - Attr not supported : Dmpu
2026-03-21 11:01:42,141 [ERROR] ConditionMgr:805 - Attr not supported : Dmpu
2026-03-21 11:01:42,141 [ERROR] ConditionMgr:805 - Attr not supported : Dmpu
2026-03-21 11:01:42,141 [ERROR] ConditionMgr:805 - Attr not supported : Dmpu
2026-03-21 11:01:42,141 [ERROR] ConditionMgr:805 - Attr not supported : Dmpu
2026-03-21 11:01:42,141 [ERROR] ConditionMgr:805 - Attr not supported : Dmpu
2026-03-21 11:01:42,141 [ERROR] ConditionMgr:805 - Attr not supported : Dmpu
2026-03-21 11:01:42,141 [ERROR] ConditionMgr:805 - Attr not supported : Dmpu
2026-03-21 11:01:42,142 [ERROR] ConditionMgr:805 - Attr not supported : Dmpu
2026-03-21 11:01:42,142 [ERROR] ConditionMgr:805 - Attr not supported : Dmpu
2026-03-21 11:01:42,142 [ERROR] ConditionMgr:805 - Attr not supported : Dmpu
2026-03-21 11:01:42,142 [ERROR] ConditionMgr:805 - Attr not supported : Dmpu
2026-03-21 11:01:42,142 [ERROR] ConditionMgr:805 - Attr not supported : Dmpu
2026-03-21 11:01:42,142 [ERROR] ConditionMgr:805 - Attr not supported : Dmpu
2026-03-21 11:01:42,142 [ERROR] ConditionMgr:805 - Attr not supported : Dmpu
2026-03-21 11:01:42,142 [ERROR] ConditionMgr:805 - Attr not supported : Dmpu
2026-03-21 11:01:42,142 [ERROR] ConditionMgr:805 - Attr not supported : Dmpu
2026-03-21 11:01:42,142 [ERROR] ConditionMgr:805 - Attr not supported : Dmpu
2026-03-21 11:01:42,142 [ERROR] ConditionMgr:805 - Attr not supported : Dmpu
2026-03-21 11:01:42,142 [ERROR] ConditionMgr:805 - Attr not supported : Dmpu
2026-03-21 11:01:42,142 [ERROR] ConditionMgr:805 - Attr not supported : Dmpu
2026-03-21 11:01:42,142 [ERROR] ConditionMgr:805 - Attr not supported : Dmpu
2026-03-21 11:01:42,142 [ERROR] ConditionMgr:805 - Attr not supported : Dmpu
2026-03-21 11:01:42,142 [ERROR] ConditionMgr:805 - Attr not supported : Dmpu
2026-03-21 11:01:42,142 [ERROR] ConditionMgr:805 - Attr not supported : Dmpu
2026-03-21 11:01:42,142 [ERROR] ConditionMgr:805 - Attr not supported : Dmpu
2026-03-21 11:01:42,142 [ERROR] ConditionMgr:805 - Attr not supported : Dmpu
2026-03-21 11:01:42,142 [ERROR] ConditionMgr:805 - Attr not supported : Dmpu
2026-03-21 11:01:42,142 [ERROR] ConditionMgr:805 - Attr not supported : Dmpu
2026-03-21 11:01:42,142 [ERROR] ConditionMgr:805 - Attr not supported : Dmpu
2026-03-21 11:01:42,142 [ERROR] ConditionMgr:805 - Attr not supported : Dmpu
2026-03-21 11:01:42,142 [ERROR] ConditionMgr:805 - Attr not supported : Dmpu
2026-03-21 11:01:42,142 [ERROR] ConditionMgr:805 - Attr not supported : Dmpu
2026-03-21 11:01:42,142 [ERROR] ConditionMgr:805 - Attr not supported : Dmpu
2026-03-21 11:01:42,142 [ERROR] ConditionMgr:805 - Attr not supported : Dmpu
2026-03-21 11:01:42,142 [ERROR] ConditionMgr:805 - Attr not supported : Dmpu
2026-03-21 11:01:42,142 [ERROR] ConditionMgr:805 - Attr not supported : Dmpu
2026-03-21 11:01:42,142 [ERROR] ConditionMgr:805 - Attr not supported : Dmpu
2026-03-21 11:01:42,142 [ERROR] ConditionMgr:805 - Attr not supported : Dmpu
2026-03-21 11:01:42,142 [ERROR] ConditionMgr:805 - Attr not supported : Dmpu
2026-03-21 11:01:42,142 [ERROR] ConditionMgr:805 - Attr not supported : Dmpu
2026-03-21 11:01:42,142 [ERROR] ConditionMgr:805 - Attr not supported : Dmpu
2026-03-21 11:01:42,142 [ERROR] ConditionMgr:805 - Attr not supported : Dmpu
2026-03-21 11:01:42,142 [ERROR] ConditionMgr:805 - Attr not supported : Dmpu
2026-03-21 11:01:42,143 [ERROR] ConditionMgr:805 - Attr not supported : Dmpu
2026-03-21 11:01:42,143 [ERROR] ConditionMgr:805 - Attr not supported : Dmpu
2026-03-21 11:01:42,143 [ERROR] ConditionMgr:805 - Attr not supported : Dmpu
2026-03-21 11:01:42,143 [ERROR] ConditionMgr:805 - Attr not supported : Dmpu
2026-03-21 11:01:42,143 [ERROR] ConditionMgr:805 - Attr not supported : Dmpu
2026-03-21 11:01:42,143 [ERROR] ConditionMgr:805 - Attr not supported : Dmpu
2026-03-21 11:01:42,143 [ERROR] ConditionMgr:805 - Attr not supported : Dmpu
2026-03-21 11:01:42,143 [ERROR] ConditionMgr:805 - Attr not supported : Dmpu
2026-03-21 11:01:42,143 [ERROR] ConditionMgr:805 - Attr not supported : Dmpu
2026-03-21 11:01:42,143 [ERROR] ConditionMgr:805 - Attr not supported : Dmpu
2026-03-21 11:01:42,143 [ERROR] ConditionMgr:805 - Attr not supported : Dmpu
2026-03-21 11:01:42,143 [ERROR] ConditionMgr:805 - Attr not supported : Dmpu
2026-03-21 11:01:42,151 [WARN] PackLoader:240 - Cannot read IP mode file for STMicroelectronics.X-CUBE-WB05N.2.0.0
2026-03-21 11:01:42,160 [WARN] PackLoader:240 - Cannot read IP mode file for STMicroelectronics.X-CUBE-BLEMGR.3.0.0
2026-03-21 11:01:42,168 [ERROR] Engine:466 - C:\Users\Xavi\.stm32cubemx\thirdparties\pdsc\STMicroelectronics.X-CUBE-TCPP.4.2.0.pdsc: PDSC version is not supported
2026-03-21 11:01:42,176 [WARN] PackLoader:240 - Cannot read IP mode file for RealThread.X-CUBE-RT-Thread_Nano.4.1.1
2026-03-21 11:01:42,184 [WARN] PackLoader:240 - Cannot read IP mode file for STMicroelectronics.FP-ATR-SIGFOX1.3.2.0
2026-03-21 11:01:42,191 [WARN] ConditionMgr:438 - getConditionDescription Invalid condition id : Cortex-A Device cause : null
2026-03-21 11:01:42,203 [WARN] ConditionMgr:1039 - genDependencies : Invalid condition id : Cortex-A Device cause : null
2026-03-21 11:01:42,204 [WARN] ConditionMgr:1039 - genDependencies : Invalid condition id : Cortex-A Device cause : null
2026-03-21 11:01:42,204 [WARN] ConditionMgr:1039 - genDependencies : Invalid condition id : Cortex-A Device cause : null
2026-03-21 11:01:42,211 [WARN] PackLoader:240 - Cannot read IP mode file for STMicroelectronics.X-CUBE-EEPRMA1.5.1.0
2026-03-21 11:01:42,218 [ERROR] Engine:466 - C:\Users\Xavi\.stm32cubemx\thirdparties\pdsc\STMicroelectronics.X-CUBE-FREERTOS.1.5.0.pdsc: PDSC version is not supported
2026-03-21 11:01:42,226 [WARN] PackLoader:240 - Cannot read IP mode file for STMicroelectronics.X-CUBE-NFC6.3.2.0
2026-03-21 11:01:42,233 [ERROR] Engine:466 - C:\Users\Xavi\.stm32cubemx\thirdparties\pdsc\STMicroelectronics.X-CUBE-ST67W61.1.0.0.pdsc: PDSC version is not supported
2026-03-21 11:01:42,240 [WARN] PackLoader:240 - Cannot read IP mode file for STMicroelectronics.X-CUBE-AI.10.2.0
2026-03-21 11:01:42,256 [WARN] PackLoader:240 - Cannot read IP mode file for SEGGER.I-CUBE-embOS.1.3.1
2026-03-21 11:01:42,286 [WARN] PackLoader:240 - Cannot read IP mode file for STMicroelectronics.X-CUBE-ALGOBUILD.1.4.0
2026-03-21 11:01:42,318 [WARN] PackLoader:240 - Cannot read IP mode file for STMicroelectronics.X-CUBE-MEMS1.11.3.0
2026-03-21 11:01:42,395 [WARN] PackLoader:240 - Cannot read IP mode file for STMicroelectronics.X-CUBE-PM33A1.1.0.0
2026-03-21 11:01:42,403 [WARN] PackLoader:240 - Cannot read IP mode file for STMicroelectronics.X-CUBE-GNSS1.6.0.0
2026-03-21 11:01:42,417 [WARN] PackLoader:240 - Cannot read IP mode file for STMicroelectronics.X-CUBE-AZRTOS-F4.1.1.0
2026-03-21 11:01:42,425 [WARN] PackLoader:240 - Cannot read IP mode file for wolfSSL.I-CUBE-wolfSSL.5.6.3
2026-03-21 11:01:42,432 [ERROR] Engine:466 - C:\Users\Xavi\.stm32cubemx\thirdparties\pdsc\Avnet-IotConnect.X-CUBE-IoTC-DA16k-PMOD.1.0.0.pdsc: PDSC version is not supported
2026-03-21 11:01:42,438 [WARN] PackLoader:240 - Cannot read IP mode file for STMicroelectronics.X-CUBE-ISPU.2.1.0
2026-03-21 11:01:42,447 [ERROR] Engine:466 - C:\Users\Xavi\.stm32cubemx\thirdparties\pdsc\STMicroelectronics.X-CUBE-IPS.3.2.0.pdsc: PDSC version is not supported
2026-03-21 11:01:42,453 [WARN] PackLoader:240 - Cannot read IP mode file for STMicroelectronics.X-CUBE-FREERTOS.1.2.0
2026-03-21 11:01:42,463 [WARN] PackLoader:240 - Cannot read IP mode file for STMicroelectronics.X-CUBE-NFC12.1.0.0
2026-03-21 11:01:42,480 [WARN] PackLoader:240 - Cannot read IP mode file for STMicroelectronics.X-CUBE-AZRTOS-L5.2.0.0
2026-03-21 11:01:42,505 [WARN] PackLoader:240 - Cannot read IP mode file for STMicroelectronics.X-CUBE-MEMS1.9.6.0
2026-03-21 11:01:42,591 [WARN] PackLoader:240 - Cannot read IP mode file for STMicroelectronics.X-CUBE-EEPRMA1.4.2.0
2026-03-21 11:01:42,599 [WARN] PackLoader:240 - Cannot read IP mode file for STMicroelectronics.X-CUBE-NFC6.3.1.0
2026-03-21 11:01:42,610 [WARN] PackLoader:240 - Cannot read IP mode file for ITTIA_DB.I-CUBE-ITTIADB.8.8.0
2026-03-21 11:01:42,617 [WARN] PackLoader:240 - Cannot read IP mode file for STMicroelectronics.X-CUBE-BLEMGR.2.0.0
2026-03-21 11:01:42,625 [WARN] PackLoader:240 - Cannot read IP mode file for STMicroelectronics.X-CUBE-DPower.1.2.0
2026-03-21 11:01:42,631 [WARN] PackLoader:240 - Cannot read IP mode file for STMicroelectronics.X-CUBE-AI.9.0.0
2026-03-21 11:01:42,656 [WARN] ConditionMgr:438 - getConditionDescription Invalid condition id : UX DEVICE CLASS RTOS Condition cause : null
2026-03-21 11:01:42,656 [WARN] ConditionMgr:438 - getConditionDescription Invalid condition id : UX DEVICE CLASS RTOS Condition cause : null
2026-03-21 11:01:42,656 [WARN] PackLoader:240 - Cannot read IP mode file for STMicroelectronics.X-CUBE-AZRTOS-H7.3.1.0
2026-03-21 11:01:42,658 [WARN] ConditionMgr:1039 - genDependencies : Invalid condition id : UX DEVICE CLASS RTOS Condition cause : null
2026-03-21 11:01:42,658 [WARN] ConditionMgr:1039 - genDependencies : Invalid condition id : UX DEVICE CLASS RTOS Condition cause : null
2026-03-21 11:01:42,658 [WARN] ConditionMgr:1039 - genDependencies : Invalid condition id : UX DEVICE CLASS RTOS Condition cause : null
2026-03-21 11:01:42,658 [WARN] ConditionMgr:1039 - genDependencies : Invalid condition id : UX DEVICE CLASS RTOS Condition cause : null
2026-03-21 11:01:42,658 [WARN] ConditionMgr:1039 - genDependencies : Invalid condition id : UX DEVICE CLASS RTOS Condition cause : null
2026-03-21 11:01:42,667 [WARN] PackLoader:240 - Cannot read IP mode file for STMicroelectronics.X-CUBE-FREERTOS.1.3.1
2026-03-21 11:01:42,675 [WARN] PackLoader:240 - Cannot read IP mode file for STMicroelectronics.X-CUBE-FREERTOS.1.3.0
2026-03-21 11:01:42,683 [WARN] PackLoader:240 - Cannot read IP mode file for STMicroelectronics.X-CUBE-NFC7.1.0.1
2026-03-21 11:01:42,690 [WARN] PackLoader:240 - Cannot read IP mode file for wolfSSL.I-CUBE-wolfTPM.3.2.0
2026-03-21 11:01:42,698 [WARN] PackLoader:240 - Cannot read IP mode file for STMicroelectronics.X-CUBE-TOUCHGFX.4.26.0
2026-03-21 11:01:42,704 [WARN] PackLoader:240 - Cannot read IP mode file for STMicroelectronics.X-CUBE-NFC6.3.0.0
2026-03-21 11:01:42,711 [WARN] PackLoader:240 - Cannot read IP mode file for STMicroelectronics.X-CUBE-TOUCHGFX.4.26.1
2026-03-21 11:01:42,718 [WARN] PackLoader:240 - Cannot read IP mode file for STMicroelectronics.X-CUBE-EEPRMA1.4.1.0
2026-03-21 11:01:42,724 [ERROR] Engine:466 - C:\Users\Xavi\.stm32cubemx\thirdparties\pdsc\STMicroelectronics.FP-SNS-STAIOTCFT.1.0.0.pdsc: PDSC version is not supported
2026-03-21 11:01:42,729 [WARN] PackLoader:240 - Cannot read IP mode file for STMicroelectronics.X-CUBE-DPower.1.3.0
2026-03-21 11:01:42,737 [WARN] PackLoader:240 - Cannot read IP mode file for STMicroelectronics.X-CUBE-AI.8.1.0
2026-03-21 11:01:42,751 [WARN] ConditionMgr:438 - getConditionDescription Invalid condition id : LAN8742 Phy interface Condition cause : null
2026-03-21 11:01:42,751 [WARN] PackLoader:240 - Cannot read IP mode file for STMicroelectronics.X-CUBE-AZRTOS-L4.2.0.0
2026-03-21 11:01:42,753 [WARN] ConditionMgr:1039 - genDependencies : Invalid condition id : LAN8742 Phy interface Condition cause : null
2026-03-21 11:01:42,753 [WARN] ConditionMgr:1039 - genDependencies : Invalid condition id : LAN8742 Phy interface Condition cause : null
2026-03-21 11:01:42,753 [WARN] ConditionMgr:1039 - genDependencies : Invalid condition id : LAN8742 Phy interface Condition cause : null
2026-03-21 11:01:42,761 [WARN] PackLoader:240 - Cannot read IP mode file for STMicroelectronics.X-CUBE-SFXS2LP1.4.0.0
2026-03-21 11:01:42,767 [ERROR] Engine:466 - C:\Users\Xavi\.stm32cubemx\thirdparties\pdsc\STMicroelectronics.X-CUBE-ST67W61.1.2.0.pdsc: PDSC version is not supported
2026-03-21 11:01:42,773 [WARN] PackLoader:240 - Cannot read IP mode file for STMicroelectronics.X-CUBE-ISPU.1.1.0
2026-03-21 11:01:42,786 [WARN] PackLoader:240 - Cannot read IP mode file for STMicroelectronics.X-CUBE-AZRTOS-H7.3.3.0
2026-03-21 11:01:42,793 [ERROR] Engine:466 - C:\Users\Xavi\.stm32cubemx\thirdparties\pdsc\STMicroelectronics.X-CUBE-BLEMGR.4.1.0.pdsc: PDSC version is not supported
2026-03-21 11:01:42,804 [WARN] ConditionMgr:438 - getConditionDescription Invalid condition id : UX DEVICE CLASS RTOS Condition cause : null
2026-03-21 11:01:42,804 [WARN] ConditionMgr:438 - getConditionDescription Invalid condition id : UX DEVICE CLASS RTOS Condition cause : null
2026-03-21 11:01:42,805 [WARN] PackLoader:240 - Cannot read IP mode file for STMicroelectronics.X-CUBE-AZRTOS-WB.2.0.0
2026-03-21 11:01:42,805 [WARN] ConditionMgr:1039 - genDependencies : Invalid condition id : UX DEVICE CLASS RTOS Condition cause : null
2026-03-21 11:01:42,805 [WARN] ConditionMgr:1039 - genDependencies : Invalid condition id : UX DEVICE CLASS RTOS Condition cause : null
2026-03-21 11:01:42,805 [WARN] ConditionMgr:1039 - genDependencies : Invalid condition id : UX DEVICE CLASS RTOS Condition cause : null
2026-03-21 11:01:42,805 [WARN] ConditionMgr:1039 - genDependencies : Invalid condition id : UX DEVICE CLASS RTOS Condition cause : null
2026-03-21 11:01:42,805 [WARN] ConditionMgr:1039 - genDependencies : Invalid condition id : UX DEVICE CLASS RTOS Condition cause : null
2026-03-21 11:01:42,811 [WARN] PackLoader:240 - Cannot read IP mode file for STMicroelectronics.X-CUBE-FREERTOS.1.0.1
2026-03-21 11:01:42,818 [WARN] PackLoader:240 - Cannot read IP mode file for STMicroelectronics.X-CUBE-GNSS1.7.0.0
2026-03-21 11:01:42,824 [WARN] PackLoader:240 - Cannot read IP mode file for STMicroelectronics.X-CUBE-GNSS1.7.0.1
2026-03-21 11:01:42,830 [WARN] PackLoader:240 - Cannot read IP mode file for STMicroelectronics.X-CUBE-TOUCHGFX.4.25.0
2026-03-21 11:01:42,837 [WARN] PackLoader:240 - Cannot read IP mode file for STMicroelectronics.FP-SNS-STBOX1.2.0.0
2026-03-21 11:01:42,845 [WARN] PackLoader:240 - Cannot read IP mode file for STMicroelectronics.X-CUBE-STSE01.2.0.0
2026-03-21 11:01:42,857 [WARN] PackLoader:240 - Cannot read IP mode file for STMicroelectronics.X-CUBE-AZRTOS-L5.1.1.0
2026-03-21 11:01:42,864 [WARN] PackLoader:240 - Cannot read IP mode file for STMicroelectronics.X-CUBE-AI.8.0.1
2026-03-21 11:01:42,872 [WARN] PackLoader:240 - Cannot read IP mode file for STMicroelectronics.X-CUBE-SUBG2.5.0.0
2026-03-21 11:01:42,887 [WARN] PackLoader:240 - Cannot read IP mode file for STMicroelectronics.X-CUBE-AZRTOS-H7RS.1.1.0
2026-03-21 11:01:42,895 [WARN] PackLoader:240 - Cannot read IP mode file for Cesanta.I-CUBE-Mongoose.7.13.0
2026-03-21 11:01:42,904 [WARN] PackLoader:240 - Cannot read IP mode file for STMicroelectronics.X-CUBE-TOF1.3.3.1
2026-03-21 11:01:42,918 [WARN] PackLoader:240 - Cannot read IP mode file for STMicroelectronics.X-CUBE-AZRTOS-G4.2.0.0
2026-03-21 11:01:42,928 [WARN] PackLoader:240 - Cannot read IP mode file for Infineon.AIROC-Wi-Fi-Bluetooth-STM32.1.5.1
2026-03-21 11:01:42,935 [WARN] PackLoader:240 - Cannot read IP mode file for STMicroelectronics.FP-SNS-MOTENVWB1.1.3.0
2026-03-21 11:01:42,941 [WARN] PackLoader:240 - Cannot read IP mode file for STMicroelectronics.X-CUBE-NFC7.2.0.0
2026-03-21 11:01:42,947 [WARN] PackLoader:240 - Cannot read IP mode file for STMicroelectronics.FP-SNS-MOTENVWB1.1.3.1
2026-03-21 11:01:42,954 [WARN] PackLoader:240 - Cannot read IP mode file for STMicroelectronics.X-CUBE-ISPU.2.0.0
2026-03-21 11:01:42,962 [ERROR] Engine:466 - C:\Users\Xavi\.stm32cubemx\thirdparties\pdsc\STMicroelectronics.X-CUBE-IPS.3.1.0.pdsc: PDSC version is not supported
2026-03-21 11:01:42,968 [WARN] PackLoader:240 - Cannot read IP mode file for STMicroelectronics.X-CUBE-ALS.1.0.2
2026-03-21 11:01:42,991 [WARN] PackLoader:240 - Cannot read IP mode file for STMicroelectronics.X-CUBE-MEMS1.10.0.0
2026-03-21 11:01:43,053 [WARN] PackLoader:240 - Cannot read IP mode file for STMicroelectronics.X-CUBE-FREERTOS.1.1.0
2026-03-21 11:01:43,060 [WARN] PackLoader:240 - Cannot read IP mode file for STMicroelectronics.X-CUBE-TOUCHGFX.4.24.0
2026-03-21 11:01:43,066 [WARN] PackLoader:240 - Cannot read IP mode file for STMicroelectronics.X-CUBE-TOUCHGFX.4.24.2
2026-03-21 11:01:43,072 [WARN] PackLoader:240 - Cannot read IP mode file for STMicroelectronics.X-CUBE-TOUCHGFX.4.24.1
2026-03-21 11:01:43,079 [WARN] PackLoader:240 - Cannot read IP mode file for STMicroelectronics.X-CUBE-STSE01.1.0.0
2026-03-21 11:01:43,087 [WARN] PackLoader:240 - Cannot read IP mode file for portGmbH.I-Cube-SoM-uGOAL.1.1.0
2026-03-21 11:01:43,093 [WARN] PackLoader:240 - Cannot read IP mode file for STMicroelectronics.X-CUBE-ALS.1.0.1
2026-03-21 11:01:43,104 [WARN] PackLoader:240 - Cannot read IP mode file for STMicroelectronics.X-CUBE-AZRTOS-WB.1.1.0
2026-03-21 11:01:43,118 [WARN] PackLoader:240 - Cannot read IP mode file for STMicroelectronics.X-CUBE-AZRTOS-H7RS.1.0.0
2026-03-21 11:01:43,125 [WARN] PackLoader:240 - Cannot read IP mode file for STMicroelectronics.FP-ATR-ASTRA1.2.0.0
2026-03-21 11:01:43,133 [WARN] PackLoader:240 - Cannot read IP mode file for STMicroelectronics.X-CUBE-TOF1.3.4.2
2026-03-21 11:01:43,145 [ERROR] Engine:466 - C:\Users\Xavi\.stm32cubemx\thirdparties\pdsc\STMicroelectronics.X-CUBE-TOF1.3.4.3.pdsc: PDSC version is not supported
2026-03-21 11:01:43,154 [WARN] PackLoader:240 - Cannot read IP mode file for STMicroelectronics.X-CUBE-TOF1.3.4.0
2026-03-21 11:01:43,167 [WARN] PackLoader:240 - Cannot read IP mode file for STMicroelectronics.X-CUBE-TOF1.3.4.1
2026-03-21 11:01:43,184 [WARN] PackLoader:240 - Cannot read IP mode file for STMicroelectronics.X-CUBE-AZRTOS-H7.3.2.0
2026-03-21 11:01:43,192 [WARN] PackLoader:240 - Cannot read IP mode file for wolfSSL.I-CUBE-wolfSSH.1.4.17
2026-03-21 11:01:43,192 [INFO] ThirdParty:978 - Integrity check success = true
2026-03-21 11:01:43,192 [INFO] IntegrityCheckThread:100 - exiting critical section [integrity check]
2026-03-21 11:01:43,192 [INFO] IntegrityCheckThread:103 - End integrity checks thread
2026-03-21 11:02:00,437 [ERROR] LogOutputStream:75 - [STDERR_REDIRECT] SLF4J: Failed to load class "org.slf4j.impl.StaticLoggerBinder".
2026-03-21 11:02:00,437 [ERROR] LogOutputStream:75 - [STDERR_REDIRECT] SLF4J: Defaulting to no-operation (NOP) logger implementation
2026-03-21 11:02:00,437 [ERROR] LogOutputStream:75 - [STDERR_REDIRECT] SLF4J: See http://www.slf4j.org/codes.html#StaticLoggerBinder for further details.
