2026-03-30 19:15:56,782 [INFO] Activator:176 - 


2026-03-30 19:15:56,786 [INFO] Activator:177 - !SESSION log4j initialized
2026-03-30 19:16:01,029 [INFO] LogOutputStream:77 - [STDOUT_REDIRECT] 
2026-03-30 19:16:06,744 [INFO] ApplicationProperties:184 - Using Application install path: C:\ST\STM32CubeIDE_1.13.0\STM32CubeIDE\plugins\com.st.stm32cube.common.mx_6.10.0.202311202037
2026-03-30 19:16:06,757 [INFO] DbMcusXml:78 - Set database path to: C:\ST\STM32CubeIDE_1.13.0\STM32CubeIDE\plugins\com.st.stm32cube.common.mx_6.10.0.202311202037\\db\/mcu/
2026-03-30 19:16:06,757 [INFO] ApiDb:274 - Set plugin database path to: C:\ST\STM32CubeIDE_1.13.0\STM32CubeIDE\plugins\com.st.stm32cube.common.mx_6.10.0.202311202037\\db\/plugins/boardmanager/
2026-03-30 19:16:06,758 [WARN] ApiDb:259 - Overriding images path with different value:  => C:\ST\STM32CubeIDE_1.13.0\STM32CubeIDE\plugins\com.st.stm32cube.common.mx_6.10.0.202311202037\\db\/plugins/mcufinder/images/
2026-03-30 19:16:06,769 [INFO] ApiDb:250 - Set database path to: C:\Users\Xavi\.stmcufinder\plugins\mcufinder//mcu/
2026-03-30 19:16:06,770 [INFO] DbMcusAds:125 - Set database path to: C:\Users\Xavi\.stmcufinder\plugins\mcufinder//mcu/
2026-03-30 19:16:06,771 [INFO] CrossReferenceDbSqlite:203 - Set database path to: C:\Users\Xavi\.stmcufinder\plugins\mcufinder//mcu/cs/
2026-03-30 19:16:06,860 [INFO] RulesReader:64 - Compatibility file has been processed (297 Rules)
2026-03-30 19:16:06,977 [INFO] DbMcusXml:78 - Set database path to: C:\ST\STM32CubeIDE_1.13.0\STM32CubeIDE\plugins\com.st.stm32cube.common.mx_6.10.0.202311202037\\db\/mcu/
2026-03-30 19:16:06,977 [INFO] ApiDb:274 - Set plugin database path to: C:\ST\STM32CubeIDE_1.13.0\STM32CubeIDE\plugins\com.st.stm32cube.common.mx_6.10.0.202311202037\\db\/plugins/boardmanager/
2026-03-30 19:16:06,977 [INFO] ApiDb:261 - Set plugin images path to: C:\ST\STM32CubeIDE_1.13.0\STM32CubeIDE\plugins\com.st.stm32cube.common.mx_6.10.0.202311202037\\db\/plugins/mcufinder/images/
2026-03-30 19:16:06,977 [WARN] DbFile:41 - Overriding database path with different value: C:\Users\Xavi\.stmcufinder\plugins\mcufinder/ => C:\Users\Xavi\.stmcufinder\plugins\mcufinder
2026-03-30 19:16:06,977 [INFO] ApiDb:250 - Set database path to: C:\Users\Xavi\.stmcufinder\plugins\mcufinder//mcu/
2026-03-30 19:16:06,977 [WARN] DbFile:41 - Overriding database path with different value: C:\Users\Xavi\.stmcufinder\plugins\mcufinder/ => C:\Users\Xavi\.stmcufinder\plugins\mcufinder
2026-03-30 19:16:06,977 [INFO] DbMcusAds:125 - Set database path to: C:\Users\Xavi\.stmcufinder\plugins\mcufinder//mcu/
2026-03-30 19:16:06,977 [WARN] DbFile:41 - Overriding database path with different value: C:\Users\Xavi\.stmcufinder\plugins\mcufinder/ => C:\Users\Xavi\.stmcufinder\plugins\mcufinder
2026-03-30 19:16:06,977 [WARN] DbFile:41 - Overriding database path with different value: C:\Users\Xavi\.stmcufinder\plugins\mcufinder/ => C:\Users\Xavi\.stmcufinder\plugins\mcufinder
2026-03-30 19:16:06,977 [INFO] CrossReferenceDbSqlite:203 - Set database path to: C:\Users\Xavi\.stmcufinder\plugins\mcufinder//mcu/cs/
2026-03-30 19:16:07,048 [INFO] MainPanel:264 - HeapMemory: 268435456
2026-03-30 19:16:07,112 [INFO] DbMcusXml:78 - Set database path to: C:\ST\STM32CubeIDE_1.13.0\STM32CubeIDE\plugins\com.st.stm32cube.common.mx_6.10.0.202311202037\\db\/mcu/
2026-03-30 19:16:07,112 [INFO] ApiDb:274 - Set plugin database path to: C:\ST\STM32CubeIDE_1.13.0\STM32CubeIDE\plugins\com.st.stm32cube.common.mx_6.10.0.202311202037\\db\/plugins/boardmanager/
2026-03-30 19:16:07,112 [INFO] ApiDb:261 - Set plugin images path to: C:\ST\STM32CubeIDE_1.13.0\STM32CubeIDE\plugins\com.st.stm32cube.common.mx_6.10.0.202311202037\\db\/plugins/mcufinder/images/
2026-03-30 19:16:07,112 [WARN] DbFile:41 - Overriding database path with different value: C:\Users\Xavi\.stmcufinder\plugins\mcufinder/ => C:\Users\Xavi\.stmcufinder\plugins\mcufinder
2026-03-30 19:16:07,113 [INFO] ApiDb:250 - Set database path to: C:\Users\Xavi\.stmcufinder\plugins\mcufinder//mcu/
2026-03-30 19:16:07,113 [WARN] DbFile:41 - Overriding database path with different value: C:\Users\Xavi\.stmcufinder\plugins\mcufinder/ => C:\Users\Xavi\.stmcufinder\plugins\mcufinder
2026-03-30 19:16:07,113 [INFO] DbMcusAds:125 - Set database path to: C:\Users\Xavi\.stmcufinder\plugins\mcufinder//mcu/
2026-03-30 19:16:07,113 [WARN] DbFile:41 - Overriding database path with different value: C:\Users\Xavi\.stmcufinder\plugins\mcufinder/ => C:\Users\Xavi\.stmcufinder\plugins\mcufinder
2026-03-30 19:16:07,113 [WARN] DbFile:41 - Overriding database path with different value: C:\Users\Xavi\.stmcufinder\plugins\mcufinder/ => C:\Users\Xavi\.stmcufinder\plugins\mcufinder
2026-03-30 19:16:07,113 [INFO] CrossReferenceDbSqlite:203 - Set database path to: C:\Users\Xavi\.stmcufinder\plugins\mcufinder//mcu/cs/
2026-03-30 19:16:07,126 [INFO] ApplicationProperties:184 - Using Application install path: C:\ST\STM32CubeIDE_1.13.0\STM32CubeIDE\plugins\com.st.stm32cube.common.mx_6.10.0.202311202037
2026-03-30 19:16:07,127 [INFO] PluginManage:196 - Search for loadable plugins [exclusion list=, ]
2026-03-30 19:16:07,128 [INFO] PluginManage:310 - Check plugin analytics
2026-03-30 19:16:12,212 [INFO] AnalyticsPlugin:253 - Accepted Software Licenses: STM32CubeMX.6.9.0
2026-03-30 19:16:12,212 [INFO] AnalyticsPlugin:255 - Accepted CMSIS Pack Licenses: 
2026-03-30 19:16:12,212 [INFO] AnalyticsPlugin:257 - Accepted Firmware Licenses: FW.F4.1.27.0,FW.H5.1.1.0
2026-03-30 19:16:12,214 [INFO] PluginManage:359 - Loaded plugin analytics (category:tool,tabindex:-1)
2026-03-30 19:16:12,214 [INFO] PluginManage:310 - Check plugin cadmodel
2026-03-30 19:16:12,225 [INFO] CADModel:105 - Init CAD model plugin
2026-03-30 19:16:12,225 [INFO] PluginManage:359 - Loaded plugin cadmodel (category:power,tabindex:5)
2026-03-30 19:16:12,225 [INFO] PluginManage:310 - Check plugin clock
2026-03-30 19:16:12,238 [INFO] PluginManage:359 - Loaded plugin clock (category:base,tabindex:2)
2026-03-30 19:16:12,238 [INFO] PluginManage:310 - Check plugin ddr
2026-03-30 19:16:12,239 [INFO] PluginManage:359 - Loaded plugin ddr (category:tool,tabindex:6)
2026-03-30 19:16:12,239 [INFO] PluginManage:310 - Check plugin filemanager
2026-03-30 19:16:12,319 [INFO] PluginManage:359 - Loaded plugin filemanager (category:base,tabindex:10)
2026-03-30 19:16:12,319 [INFO] PluginManage:310 - Check plugin ipmanager
2026-03-30 19:16:12,323 [INFO] PluginManage:359 - Loaded plugin ipmanager (category:base,tabindex:5)
2026-03-30 19:16:12,323 [INFO] PluginManage:310 - Check plugin lpbam
2026-03-30 19:16:12,333 [INFO] PluginManage:359 - Loaded plugin lpbam (category:base,tabindex:0)
2026-03-30 19:16:12,334 [INFO] PluginManage:310 - Check plugin memorymap
2026-03-30 19:16:12,348 [INFO] PluginManage:359 - Loaded plugin memorymap (category:base,tabindex:4)
2026-03-30 19:16:12,348 [INFO] PluginManage:310 - Check plugin pinoutandconfiguration
2026-03-30 19:16:12,358 [INFO] PluginManage:359 - Loaded plugin pinoutandconfiguration (category:base,tabindex:1)
2026-03-30 19:16:12,358 [INFO] PluginManage:310 - Check plugin pinoutconfig
2026-03-30 19:16:12,415 [WARN] SupportedApi:132 - Cannot load RTOS API schema: s4s-elt-must-match.1: The content of 'definitions' must match (annotation?, (simpleType | complexType)?, (unique | key | keyref)*)). A problem was found starting at: attribute.
2026-03-30 19:16:12,491 [INFO] PluginManage:359 - Loaded plugin pinoutconfig (category:base,tabindex:0)
2026-03-30 19:16:12,491 [INFO] PluginManage:310 - Check plugin power
2026-03-30 19:16:12,506 [INFO] PluginManage:359 - Loaded plugin power (category:power,tabindex:4)
2026-03-30 19:16:12,506 [INFO] PluginManage:310 - Check plugin projectmanager
2026-03-30 19:16:12,517 [INFO] PluginManage:359 - Loaded plugin projectmanager (category:projectmanager,tabindex:3)
2026-03-30 19:16:12,517 [INFO] PluginManage:310 - Check plugin thirdparty
2026-03-30 19:16:12,701 [INFO] PluginManage:359 - Loaded plugin thirdparty (category:base,tabindex:-1)
2026-03-30 19:16:12,702 [INFO] PluginManage:310 - Check plugin tools
2026-03-30 19:16:12,701 [WARN] IntegrityCheckThread:84 - waiting for thirdparty lock release [integrity check]
2026-03-30 19:16:12,702 [INFO] IntegrityCheckThread:86 - entering critical section [integrity check]
2026-03-30 19:16:12,702 [INFO] ThirdPartyUpdaterWithRetryManager:70 - Updater plugin not ready yet. [1/15]
2026-03-30 19:16:12,725 [INFO] PluginManage:359 - Loaded plugin tools (category:base,tabindex:7)
2026-03-30 19:16:12,725 [INFO] PluginManage:310 - Check plugin tutovideos
2026-03-30 19:16:12,840 [INFO] PluginManage:359 - Loaded plugin tutovideos (category:base,tabindex:-1)
2026-03-30 19:16:12,840 [INFO] PluginManage:310 - Check plugin updater
2026-03-30 19:16:12,847 [INFO] PluginManage:359 - Loaded plugin updater (category:base,tabindex:12)
2026-03-30 19:16:12,847 [INFO] PluginManage:310 - Check plugin userauth
2026-03-30 19:16:12,851 [INFO] UserAuth:114 - Init User Auth plugin
2026-03-30 19:16:12,851 [INFO] PluginManage:359 - Loaded plugin userauth (category:base,tabindex:14)
2026-03-30 19:16:12,851 [INFO] PluginManage:283 - PluginManage : Loaded plugins [17]
2026-03-30 19:16:12,978 [INFO] PinOutPanel:1499 - setPackage(No Configuration,No Configuration)
2026-03-30 19:16:13,025 [INFO] CADModel:165 - CPN selected for project level
2026-03-30 19:16:13,025 [INFO] CADModel:114 - Register for checkConnection events
2026-03-30 19:16:13,042 [INFO] IPUIPlugin:80 - create IPUIPlugin
2026-03-30 19:16:13,042 [INFO] PluginManager:220 - loadIPPluginJar : add adc
2026-03-30 19:16:13,066 [INFO] IPUIPlugin:80 - create IPUIPlugin
2026-03-30 19:16:13,066 [INFO] PluginManager:220 - loadIPPluginJar : add aes
2026-03-30 19:16:13,092 [INFO] IPUIPlugin:80 - create IPUIPlugin
2026-03-30 19:16:13,093 [INFO] PluginManager:220 - loadIPPluginJar : add can
2026-03-30 19:16:13,108 [INFO] IPUIPlugin:80 - create IPUIPlugin
2026-03-30 19:16:13,108 [INFO] PluginManager:220 - loadIPPluginJar : add comp
2026-03-30 19:16:13,130 [INFO] IPUIPlugin:80 - create IPUIPlugin
2026-03-30 19:16:13,130 [INFO] PluginManager:220 - loadIPPluginJar : add cryp
2026-03-30 19:16:13,149 [INFO] IPUIPlugin:80 - create IPUIPlugin
2026-03-30 19:16:13,149 [INFO] PluginManager:220 - loadIPPluginJar : add dfsdm
2026-03-30 19:16:13,158 [INFO] IPUIPlugin:80 - create IPUIPlugin
2026-03-30 19:16:13,158 [INFO] PluginManager:220 - loadIPPluginJar : add dma
2026-03-30 19:16:13,186 [INFO] IPUIPlugin:80 - create IPUIPlugin
2026-03-30 19:16:13,186 [INFO] PluginManager:220 - loadIPPluginJar : add dma3
2026-03-30 19:16:13,198 [INFO] IPUIPlugin:80 - create IPUIPlugin
2026-03-30 19:16:13,198 [INFO] PluginManager:220 - loadIPPluginJar : add fatfs
2026-03-30 19:16:13,231 [INFO] IPUIPlugin:80 - create IPUIPlugin
2026-03-30 19:16:13,231 [INFO] PluginManager:220 - loadIPPluginJar : add fmc
2026-03-30 19:16:13,240 [INFO] IPUIPlugin:80 - create IPUIPlugin
2026-03-30 19:16:13,241 [INFO] PluginManager:220 - loadIPPluginJar : add freertos
2026-03-30 19:16:13,253 [INFO] IPUIPlugin:80 - create IPUIPlugin
2026-03-30 19:16:13,254 [INFO] PluginManager:220 - loadIPPluginJar : add genericplugin
2026-03-30 19:16:13,312 [INFO] IPUIPlugin:80 - create IPUIPlugin
2026-03-30 19:16:13,312 [INFO] PluginManager:220 - loadIPPluginJar : add gfxmmu
2026-03-30 19:16:13,401 [INFO] IPUIPlugin:80 - create IPUIPlugin
2026-03-30 19:16:13,401 [INFO] PluginManager:220 - loadIPPluginJar : add gic
2026-03-30 19:16:13,409 [INFO] IPUIPlugin:80 - create IPUIPlugin
2026-03-30 19:16:13,409 [INFO] PluginManager:220 - loadIPPluginJar : add gpio
2026-03-30 19:16:13,476 [INFO] IPUIPlugin:80 - create IPUIPlugin
2026-03-30 19:16:13,476 [INFO] PluginManager:220 - loadIPPluginJar : add gtzc
2026-03-30 19:16:13,497 [INFO] IPUIPlugin:80 - create IPUIPlugin
2026-03-30 19:16:13,497 [INFO] PluginManager:220 - loadIPPluginJar : add hash
2026-03-30 19:16:13,530 [INFO] IPUIPlugin:80 - create IPUIPlugin
2026-03-30 19:16:13,530 [INFO] PluginManager:220 - loadIPPluginJar : add i2c
2026-03-30 19:16:13,555 [INFO] IPUIPlugin:80 - create IPUIPlugin
2026-03-30 19:16:13,555 [INFO] PluginManager:220 - loadIPPluginJar : add i2s
2026-03-30 19:16:13,582 [INFO] IPUIPlugin:80 - create IPUIPlugin
2026-03-30 19:16:13,582 [INFO] PluginManager:220 - loadIPPluginJar : add i3c
2026-03-30 19:16:13,656 [INFO] IPUIPlugin:80 - create IPUIPlugin
2026-03-30 19:16:13,656 [INFO] PluginManager:220 - loadIPPluginJar : add ipddr
2026-03-30 19:16:13,715 [INFO] IPUIPlugin:80 - create IPUIPlugin
2026-03-30 19:16:13,715 [INFO] PluginManager:220 - loadIPPluginJar : add linkedlist
2026-03-30 19:16:13,737 [INFO] IPUIPlugin:80 - create IPUIPlugin
2026-03-30 19:16:13,737 [INFO] PluginManager:220 - loadIPPluginJar : add lorawan
2026-03-30 19:16:13,760 [INFO] IPUIPlugin:80 - create IPUIPlugin
2026-03-30 19:16:13,760 [INFO] PluginManager:220 - loadIPPluginJar : add ltdc
2026-03-30 19:16:13,769 [INFO] IPUIPlugin:80 - create IPUIPlugin
2026-03-30 19:16:13,769 [INFO] PluginManager:220 - loadIPPluginJar : add mdma
2026-03-30 19:16:13,776 [INFO] IPUIPlugin:80 - create IPUIPlugin
2026-03-30 19:16:13,776 [INFO] PluginManager:220 - loadIPPluginJar : add nvic
2026-03-30 19:16:13,802 [INFO] IPUIPlugin:80 - create IPUIPlugin
2026-03-30 19:16:13,802 [INFO] PluginManager:220 - loadIPPluginJar : add opamp
2026-03-30 19:16:13,840 [INFO] IPUIPlugin:80 - create IPUIPlugin
2026-03-30 19:16:13,841 [INFO] PluginManager:220 - loadIPPluginJar : add openamp
2026-03-30 19:16:13,867 [INFO] IPUIPlugin:80 - create IPUIPlugin
2026-03-30 19:16:13,867 [INFO] PluginManager:220 - loadIPPluginJar : add pdm2pcm
2026-03-30 19:16:13,876 [INFO] IPUIPlugin:80 - create IPUIPlugin
2026-03-30 19:16:13,877 [INFO] PluginManager:220 - loadIPPluginJar : add plateformsettings
2026-03-30 19:16:13,892 [INFO] IPUIPlugin:80 - create IPUIPlugin
2026-03-30 19:16:13,892 [INFO] PluginManager:220 - loadIPPluginJar : add quadspi
2026-03-30 19:16:13,900 [INFO] IPUIPlugin:80 - create IPUIPlugin
2026-03-30 19:16:13,900 [INFO] PluginManager:220 - loadIPPluginJar : add resmgrutility
2026-03-30 19:16:13,933 [INFO] IPUIPlugin:80 - create IPUIPlugin
2026-03-30 19:16:13,933 [INFO] PluginManager:220 - loadIPPluginJar : add sai
2026-03-30 19:16:13,956 [INFO] IPUIPlugin:80 - create IPUIPlugin
2026-03-30 19:16:13,956 [INFO] PluginManager:220 - loadIPPluginJar : add spi
2026-03-30 19:16:14,003 [INFO] IPUIPlugin:80 - create IPUIPlugin
2026-03-30 19:16:14,003 [INFO] PluginManager:220 - loadIPPluginJar : add stm32_wpan
2026-03-30 19:16:14,019 [INFO] IPUIPlugin:80 - create IPUIPlugin
2026-03-30 19:16:14,019 [INFO] PluginManager:220 - loadIPPluginJar : add tim
2026-03-30 19:16:14,056 [INFO] IPUIPlugin:80 - create IPUIPlugin
2026-03-30 19:16:14,056 [INFO] PluginManager:220 - loadIPPluginJar : add touchsensing
2026-03-30 19:16:14,070 [INFO] IPUIPlugin:80 - create IPUIPlugin
2026-03-30 19:16:14,070 [INFO] PluginManager:220 - loadIPPluginJar : add tracer_emb
2026-03-30 19:16:14,086 [INFO] IPUIPlugin:80 - create IPUIPlugin
2026-03-30 19:16:14,086 [INFO] PluginManager:220 - loadIPPluginJar : add ts
2026-03-30 19:16:14,100 [INFO] IPUIPlugin:80 - create IPUIPlugin
2026-03-30 19:16:14,100 [INFO] PluginManager:220 - loadIPPluginJar : add tsc
2026-03-30 19:16:14,113 [INFO] IPUIPlugin:80 - create IPUIPlugin
2026-03-30 19:16:14,113 [INFO] PluginManager:220 - loadIPPluginJar : add ucpd
2026-03-30 19:16:14,142 [INFO] IPUIPlugin:80 - create IPUIPlugin
2026-03-30 19:16:14,142 [INFO] PluginManager:220 - loadIPPluginJar : add usart
2026-03-30 19:16:14,170 [INFO] IPUIPlugin:80 - create IPUIPlugin
2026-03-30 19:16:14,170 [INFO] PluginManager:220 - loadIPPluginJar : add usbx
2026-03-30 19:16:14,279 [INFO] CADModel:165 - CPN selected for project level
2026-03-30 19:16:14,279 [INFO] CADModel:114 - Register for checkConnection events
2026-03-30 19:16:14,279 [FATAL] Updater:308 - Updater called before beeing initialized
2026-03-30 19:16:14,279 [ERROR] CADModel:125 - Updater not yet initialized, retry later 
2026-03-30 19:16:14,365 [INFO] CADModel:165 - CPN selected for project level
2026-03-30 19:16:14,366 [INFO] CADModel:114 - Register for checkConnection events
2026-03-30 19:16:14,366 [FATAL] Updater:308 - Updater called before beeing initialized
2026-03-30 19:16:14,366 [ERROR] CADModel:125 - Updater not yet initialized, retry later 
2026-03-30 19:16:14,368 [FATAL] Updater:308 - Updater called before beeing initialized
2026-03-30 19:16:14,431 [FATAL] Updater:308 - Updater called before beeing initialized
2026-03-30 19:16:14,439 [INFO] DbMcusAds:53 - JSON generation date=Thu Mar 05 15:32:52 CET 2026 (1772721172890)
2026-03-30 19:16:14,439 [FATAL] Updater:308 - Updater called before beeing initialized
2026-03-30 19:16:14,492 [WARN] DetailPanel:346 - Failed to get advertising image, set to default
2026-03-30 19:16:14,555 [FATAL] Updater:308 - Updater called before beeing initialized
2026-03-30 19:16:14,556 [FATAL] Updater:308 - Updater called before beeing initialized
2026-03-30 19:16:14,556 [FATAL] Updater:308 - Updater called before beeing initialized
2026-03-30 19:16:14,556 [WARN] DetailPanel:346 - Failed to get advertising image, set to default
2026-03-30 19:16:14,557 [FATAL] Updater:308 - Updater called before beeing initialized
2026-03-30 19:16:14,599 [ERROR] Updater:1120 - MainUpdater not yet initialized. External WinMGr cannot be set.
2026-03-30 19:16:14,606 [INFO] Updater:1056 - Updater Version found : 6.10.0
2026-03-30 19:16:14,624 [INFO] ApplicationProperties:184 - Using Application install path: C:\ST\STM32CubeIDE_1.13.0\STM32CubeIDE\plugins\com.st.stm32cube.common.mx_6.10.0.202311202037
2026-03-30 19:16:14,667 [INFO] MainUpdater:526 - Copy updater definitions from MX database
2026-03-30 19:16:15,052 [INFO] MainUpdater:2873 - connection check result : 10
2026-03-30 19:16:15,052 [INFO] MainUpdater:3567 - Updater definition file requires update
2026-03-30 19:16:15,053 [INFO] MainUpdater:290 - Updater Check For Update Now.
2026-03-30 19:16:15,053 [INFO] MicroXplorer:498 - Change Database Version : DB.6.0.100
2026-03-30 19:16:15,064 [INFO] McuFinderGlobals:63 - Set McuFinder mode to 2 (CubeIDE integrated)
2026-03-30 19:16:15,072 [INFO] UserAuth:404 - Internet connection configuration mode: 1
2026-03-30 19:16:15,088 [INFO] JxBrowserEngine:152 - Initiate JxBrowser Engine with user profile folder
2026-03-30 19:16:15,141 [INFO] ServerAccessManage:473 - Download File updaters.zip
2026-03-30 19:16:15,229 [INFO] FileExtend:240 - Unzip File : updaters.zip
2026-03-30 19:16:15,229 [INFO] FileExtend:255 - Standard Zip Deflate
2026-03-30 19:16:15,625 [INFO] ServerAccessManage:473 - Download File PacksControlFlags.xml
2026-03-30 19:16:15,694 [INFO] ServerAccessManage:473 - Download File cubemx.pidx
2026-03-30 19:16:15,713 [WARN] MainUpdater:1194 - Updater busy. Cannot search thirdparties
2026-03-30 19:16:15,713 [INFO] ThirdPartyUpdaterWithRetryManager:96 - Updater plugin is busy. [1/15]
2026-03-30 19:16:15,766 [INFO] LoadServerUpdatesThread:375 - End of LoadServerUpdate Thread
2026-03-30 19:16:15,936 [INFO] CheckServerUpdateThread:120 - End of CheckServer Thread
2026-03-30 19:16:17,104 [INFO] WebApp:161 - Instantiating new browser for Auth
2026-03-30 19:16:17,455 [INFO] WebApp:780 - Register for checkConnection events
2026-03-30 19:16:17,455 [INFO] WebApp:414 - Apply proxy settings
2026-03-30 19:16:17,455 [INFO] WebApp:499 - Chromium requires no authentication
2026-03-30 19:16:17,460 [INFO] WebApp:442 - Direct internet connection detected
2026-03-30 19:16:17,558 [INFO] WebApp:192 - Starting web application
2026-03-30 19:16:17,558 [INFO] WebApp:544 - Web application path used C:\ST\STM32CubeIDE_1.13.0\STM32CubeIDE\plugins\com.st.stm32cube.common.mx_6.10.0.202311202037\db\plugins\mcufinder\reactClient1\index.html
2026-03-30 19:16:18,961 [WARN] PackLoader:240 - Cannot read IP mode file for STMicroelectronics.X-CUBE-AZRTOS-H7.3.5.0
2026-03-30 19:16:18,975 [WARN] PackLoader:240 - Cannot read IP mode file for STMicroelectronics.FP-SNS-MOTENVWB1.1.4.0
2026-03-30 19:16:18,985 [WARN] PackLoader:240 - Cannot read IP mode file for STMicroelectronics.FP-ATR-ASTRA1.2.0.2
2026-03-30 19:16:18,993 [WARN] PackLoader:240 - Cannot read IP mode file for STMicroelectronics.FP-ATR-ASTRA1.2.0.1
2026-03-30 19:16:19,002 [WARN] PackLoader:240 - Cannot read IP mode file for STMicroelectronics.X-CUBE-SMBUS.2.1.0
2026-03-30 19:16:19,011 [WARN] PackLoader:240 - Cannot read IP mode file for STMicroelectronics.X-CUBE-WB05N.1.1.0
2026-03-30 19:16:19,018 [ERROR] Engine:466 - C:\Users\Xavi\.stm32cubemx\thirdparties\pdsc\STMicroelectronics.X-CUBE-ST60.1.0.0.pdsc: PDSC version is not supported
2026-03-30 19:16:19,026 [WARN] PackLoader:240 - Cannot read IP mode file for STMicroelectronics.X-CUBE-TOUCHGFX.4.23.0
2026-03-30 19:16:19,051 [WARN] PackLoader:240 - Cannot read IP mode file for STMicroelectronics.X-CUBE-AZRTOS-F7.1.1.0
2026-03-30 19:16:19,062 [WARN] PackLoader:240 - Cannot read IP mode file for STMicroelectronics.FP-SNS-MOTENV1.4.3.2
2026-03-30 19:16:19,100 [WARN] PackLoader:240 - Cannot read IP mode file for STMicroelectronics.X-CUBE-MEMS1.11.0.0
2026-03-30 19:16:19,239 [WARN] PackLoader:240 - Cannot read IP mode file for STMicroelectronics.X-CUBE-BLE1.6.2.4
2026-03-30 19:16:19,247 [ERROR] Engine:466 - C:\Users\Xavi\.stm32cubemx\thirdparties\pdsc\STMicroelectronics.FP-SNS-MOTENV1.5.1.0.pdsc: PDSC version is not supported
2026-03-30 19:16:19,255 [WARN] PackLoader:240 - Cannot read IP mode file for STMicroelectronics.FP-SNS-FLIGHT1.5.0.2
2026-03-30 19:16:19,274 [WARN] PackLoader:240 - Cannot read IP mode file for STMicroelectronics.X-CUBE-AZRTOS-H7.3.4.0
2026-03-30 19:16:19,286 [WARN] PackLoader:240 - Cannot read IP mode file for STMicroelectronics.X-CUBE-DISPLAY.3.0.0
2026-03-30 19:16:19,294 [ERROR] Engine:466 - C:\Users\Xavi\.stm32cubemx\thirdparties\pdsc\STMicroelectronics.FP-SNS-MOTENVWB1.1.5.0.pdsc: PDSC version is not supported
2026-03-30 19:16:19,301 [WARN] PackLoader:240 - Cannot read IP mode file for STMicroelectronics.X-CUBE-BLE1.7.0.0
2026-03-30 19:16:19,310 [WARN] PackLoader:240 - Cannot read IP mode file for STMicroelectronics.X-CUBE-NFC10.1.0.0
2026-03-30 19:16:19,321 [WARN] PackLoader:240 - Cannot read IP mode file for STMicroelectronics.X-CUBE-BLEMGR.4.0.0
2026-03-30 19:16:19,329 [ERROR] Engine:466 - C:\Users\Xavi\.stm32cubemx\thirdparties\pdsc\STMicroelectronics.X-CUBE-ST60.1.1.0.pdsc: PDSC version is not supported
2026-03-30 19:16:19,338 [WARN] PackLoader:240 - Cannot read IP mode file for emotas.I-CUBE-CANOPEN.1.3.0
2026-03-30 19:16:19,345 [WARN] PackLoader:240 - Cannot read IP mode file for STMicroelectronics.X-CUBE-TOUCHGFX.4.22.0
2026-03-30 19:16:19,353 [WARN] PackLoader:240 - Cannot read IP mode file for STMicroelectronics.X-CUBE-GNSS1.7.1.0
2026-03-30 19:16:19,360 [WARN] PackLoader:240 - Cannot read IP mode file for STMicroelectronics.X-CUBE-TOUCHGFX.4.22.1
2026-03-30 19:16:19,370 [WARN] PackLoader:240 - Cannot read IP mode file for STMicroelectronics.X-CUBE-BLEMGR.3.1.0
2026-03-30 19:16:19,379 [WARN] PackLoader:240 - Cannot read IP mode file for STMicroelectronics.X-CUBE-AI.10.0.0
2026-03-30 19:16:19,387 [ERROR] Engine:466 - C:\Users\Xavi\.stm32cubemx\thirdparties\pdsc\STMicroelectronics.FP-SNS-STBOX1.2.1.0.pdsc: PDSC version is not supported
2026-03-30 19:16:19,395 [WARN] PackLoader:240 - Cannot read IP mode file for STMicroelectronics.FP-SNS-SMARTAG2.1.2.0
2026-03-30 19:16:19,403 [ERROR] Engine:466 - C:\Users\Xavi\.stm32cubemx\thirdparties\pdsc\STMicroelectronics.FP-SNS-FLIGHT1.5.1.0.pdsc: PDSC version is not supported
2026-03-30 19:16:19,437 [WARN] PackLoader:240 - Cannot read IP mode file for STMicroelectronics.X-CUBE-MEMS1.11.1.0
2026-03-30 19:16:19,521 [INFO] LogOutputStream:77 - [STDOUT_REDIRECT] 1 : Invalid condition id : UX_CORESTACK_Condition cause : null
2026-03-30 19:16:19,522 [INFO] LogOutputStream:77 - [STDOUT_REDIRECT] 1 : Invalid condition id : UX_CORESTACK_Condition cause : null
2026-03-30 19:16:19,523 [INFO] LogOutputStream:77 - [STDOUT_REDIRECT] 1 : Invalid condition id : UX_CORESTACK_Condition cause : null
2026-03-30 19:16:19,524 [INFO] LogOutputStream:77 - [STDOUT_REDIRECT] 1 : Invalid condition id : UX_CORESTACK_Condition cause : null
2026-03-30 19:16:19,525 [INFO] LogOutputStream:77 - [STDOUT_REDIRECT] 1 : Invalid condition id : UX_CORESTACK_Condition cause : null
2026-03-30 19:16:19,526 [WARN] PackLoader:240 - Cannot read IP mode file for STMicroelectronics.X-CUBE-AZRTOS-WL.2.0.0
2026-03-30 19:16:19,537 [WARN] PackLoader:240 - Cannot read IP mode file for STMicroelectronics.FP-SNS-MOTENV1.5.0.0
2026-03-30 19:16:19,556 [WARN] PackLoader:240 - Cannot read IP mode file for STMicroelectronics.X-CUBE-AZRTOS-H7RS.1.2.0
2026-03-30 19:16:19,566 [WARN] PackLoader:240 - Cannot read IP mode file for wolfSSL.I-CUBE-wolfMQTT.1.19.0
2026-03-30 19:16:19,576 [WARN] PackLoader:240 - Cannot read IP mode file for WES.I-CUBE-Cesium.1.3.0
2026-03-30 19:16:19,584 [WARN] PackLoader:240 - Cannot read IP mode file for STMicroelectronics.X-CUBE-BLE2.3.3.0
2026-03-30 19:16:19,590 [ERROR] Engine:466 - C:\Users\Xavi\.stm32cubemx\thirdparties\pdsc\Avnet-IOTCONNECT.X-CUBE-iotc-st67-sdk.1.0.0.pdsc: PDSC version is not supported
2026-03-30 19:16:19,599 [WARN] PackLoader:240 - Cannot read IP mode file for STMicroelectronics.X-CUBE-NFC9.1.0.0
2026-03-30 19:16:19,607 [WARN] PackLoader:240 - Cannot read IP mode file for STMicroelectronics.X-CUBE-BLE1.7.1.0
2026-03-30 19:16:19,616 [WARN] PackLoader:240 - Cannot read IP mode file for STMicroelectronics.X-CUBE-TCPP.4.1.0
2026-03-30 19:16:19,623 [ERROR] Engine:466 - C:\Users\Xavi\.stm32cubemx\thirdparties\pdsc\STMicroelectronics.X-CUBE-FREERTOS.1.4.0.pdsc: PDSC version is not supported
2026-03-30 19:16:19,631 [WARN] PackLoader:240 - Cannot read IP mode file for STMicroelectronics.X-CUBE-EEPRMA1.5.2.0
2026-03-30 19:16:19,639 [ERROR] Engine:466 - C:\Users\Xavi\.stm32cubemx\thirdparties\pdsc\STMicroelectronics.X-CUBE-ST67W61.1.1.0.pdsc: PDSC version is not supported
2026-03-30 19:16:19,646 [WARN] PackLoader:240 - Cannot read IP mode file for STMicroelectronics.X-CUBE-AI.10.1.0
2026-03-30 19:16:19,677 [WARN] PackLoader:240 - Cannot read IP mode file for STMicroelectronics.X-CUBE-MEMS1.12.0.0
2026-03-30 19:16:19,736 [WARN] PackLoader:240 - Cannot read IP mode file for STMicroelectronics.X-CUBE-ALGOBUILD.1.3.0
2026-03-30 19:16:19,753 [WARN] PackLoader:240 - Cannot read IP mode file for STMicroelectronics.X-CUBE-AZRTOS-G0.1.1.0
2026-03-30 19:16:19,763 [WARN] PackLoader:240 - Cannot read IP mode file for STMicroelectronics.X-CUBE-SAFEA1.1.2.2
2026-03-30 19:16:19,772 [WARN] PackLoader:240 - Cannot read IP mode file for STMicroelectronics.X-CUBE-NFC4.3.0.0
2026-03-30 19:16:19,782 [WARN] PackLoader:240 - Cannot read IP mode file for EmbeddedOffice.I-CUBE-FS-RTOS.1.0.1
2026-03-30 19:16:19,782 [ERROR] ConditionMgr:805 - Attr not supported : Dmpu
2026-03-30 19:16:19,783 [ERROR] ConditionMgr:805 - Attr not supported : Dmpu
2026-03-30 19:16:19,783 [ERROR] ConditionMgr:805 - Attr not supported : Dmpu
2026-03-30 19:16:19,783 [ERROR] ConditionMgr:805 - Attr not supported : Dmpu
2026-03-30 19:16:19,783 [ERROR] ConditionMgr:805 - Attr not supported : Dmpu
2026-03-30 19:16:19,783 [ERROR] ConditionMgr:805 - Attr not supported : Dmpu
2026-03-30 19:16:19,783 [ERROR] ConditionMgr:805 - Attr not supported : Dmpu
2026-03-30 19:16:19,783 [ERROR] ConditionMgr:805 - Attr not supported : Dmpu
2026-03-30 19:16:19,783 [ERROR] ConditionMgr:805 - Attr not supported : Dmpu
2026-03-30 19:16:19,783 [ERROR] ConditionMgr:805 - Attr not supported : Dmpu
2026-03-30 19:16:19,783 [ERROR] ConditionMgr:805 - Attr not supported : Dmpu
2026-03-30 19:16:19,783 [ERROR] ConditionMgr:805 - Attr not supported : Dmpu
2026-03-30 19:16:19,783 [ERROR] ConditionMgr:805 - Attr not supported : Dmpu
2026-03-30 19:16:19,783 [ERROR] ConditionMgr:805 - Attr not supported : Dmpu
2026-03-30 19:16:19,783 [ERROR] ConditionMgr:805 - Attr not supported : Dmpu
2026-03-30 19:16:19,783 [ERROR] ConditionMgr:805 - Attr not supported : Dmpu
2026-03-30 19:16:19,783 [ERROR] ConditionMgr:805 - Attr not supported : Dmpu
2026-03-30 19:16:19,783 [ERROR] ConditionMgr:805 - Attr not supported : Dmpu
2026-03-30 19:16:19,783 [ERROR] ConditionMgr:805 - Attr not supported : Dmpu
2026-03-30 19:16:19,783 [ERROR] ConditionMgr:805 - Attr not supported : Dmpu
2026-03-30 19:16:19,783 [ERROR] ConditionMgr:805 - Attr not supported : Dmpu
2026-03-30 19:16:19,783 [ERROR] ConditionMgr:805 - Attr not supported : Dmpu
2026-03-30 19:16:19,783 [ERROR] ConditionMgr:805 - Attr not supported : Dmpu
2026-03-30 19:16:19,783 [ERROR] ConditionMgr:805 - Attr not supported : Dmpu
2026-03-30 19:16:19,783 [ERROR] ConditionMgr:805 - Attr not supported : Dmpu
2026-03-30 19:16:19,783 [ERROR] ConditionMgr:805 - Attr not supported : Dmpu
2026-03-30 19:16:19,783 [ERROR] ConditionMgr:805 - Attr not supported : Dmpu
2026-03-30 19:16:19,783 [ERROR] ConditionMgr:805 - Attr not supported : Dmpu
2026-03-30 19:16:19,783 [ERROR] ConditionMgr:805 - Attr not supported : Dmpu
2026-03-30 19:16:19,783 [ERROR] ConditionMgr:805 - Attr not supported : Dmpu
2026-03-30 19:16:19,783 [ERROR] ConditionMgr:805 - Attr not supported : Dmpu
2026-03-30 19:16:19,783 [ERROR] ConditionMgr:805 - Attr not supported : Dmpu
2026-03-30 19:16:19,783 [ERROR] ConditionMgr:805 - Attr not supported : Dmpu
2026-03-30 19:16:19,783 [ERROR] ConditionMgr:805 - Attr not supported : Dmpu
2026-03-30 19:16:19,783 [ERROR] ConditionMgr:805 - Attr not supported : Dmpu
2026-03-30 19:16:19,783 [ERROR] ConditionMgr:805 - Attr not supported : Dmpu
2026-03-30 19:16:19,784 [ERROR] ConditionMgr:805 - Attr not supported : Dmpu
2026-03-30 19:16:19,784 [ERROR] ConditionMgr:805 - Attr not supported : Dmpu
2026-03-30 19:16:19,784 [ERROR] ConditionMgr:805 - Attr not supported : Dmpu
2026-03-30 19:16:19,784 [ERROR] ConditionMgr:805 - Attr not supported : Dmpu
2026-03-30 19:16:19,784 [ERROR] ConditionMgr:805 - Attr not supported : Dmpu
2026-03-30 19:16:19,784 [ERROR] ConditionMgr:805 - Attr not supported : Dmpu
2026-03-30 19:16:19,784 [ERROR] ConditionMgr:805 - Attr not supported : Dmpu
2026-03-30 19:16:19,784 [ERROR] ConditionMgr:805 - Attr not supported : Dmpu
2026-03-30 19:16:19,784 [ERROR] ConditionMgr:805 - Attr not supported : Dmpu
2026-03-30 19:16:19,784 [ERROR] ConditionMgr:805 - Attr not supported : Dmpu
2026-03-30 19:16:19,784 [ERROR] ConditionMgr:805 - Attr not supported : Dmpu
2026-03-30 19:16:19,784 [ERROR] ConditionMgr:805 - Attr not supported : Dmpu
2026-03-30 19:16:19,784 [ERROR] ConditionMgr:805 - Attr not supported : Dmpu
2026-03-30 19:16:19,784 [ERROR] ConditionMgr:805 - Attr not supported : Dmpu
2026-03-30 19:16:19,784 [ERROR] ConditionMgr:805 - Attr not supported : Dmpu
2026-03-30 19:16:19,784 [ERROR] ConditionMgr:805 - Attr not supported : Dmpu
2026-03-30 19:16:19,784 [ERROR] ConditionMgr:805 - Attr not supported : Dmpu
2026-03-30 19:16:19,784 [ERROR] ConditionMgr:805 - Attr not supported : Dmpu
2026-03-30 19:16:19,784 [ERROR] ConditionMgr:805 - Attr not supported : Dmpu
2026-03-30 19:16:19,784 [ERROR] ConditionMgr:805 - Attr not supported : Dmpu
2026-03-30 19:16:19,784 [ERROR] ConditionMgr:805 - Attr not supported : Dmpu
2026-03-30 19:16:19,784 [ERROR] ConditionMgr:805 - Attr not supported : Dmpu
2026-03-30 19:16:19,784 [ERROR] ConditionMgr:805 - Attr not supported : Dmpu
2026-03-30 19:16:19,784 [ERROR] ConditionMgr:805 - Attr not supported : Dmpu
2026-03-30 19:16:19,784 [ERROR] ConditionMgr:805 - Attr not supported : Dmpu
2026-03-30 19:16:19,784 [ERROR] ConditionMgr:805 - Attr not supported : Dmpu
2026-03-30 19:16:19,784 [ERROR] ConditionMgr:805 - Attr not supported : Dmpu
2026-03-30 19:16:19,784 [ERROR] ConditionMgr:805 - Attr not supported : Dmpu
2026-03-30 19:16:19,792 [WARN] PackLoader:240 - Cannot read IP mode file for STMicroelectronics.X-CUBE-WB05N.2.0.0
2026-03-30 19:16:19,802 [WARN] PackLoader:240 - Cannot read IP mode file for STMicroelectronics.X-CUBE-BLEMGR.3.0.0
2026-03-30 19:16:19,809 [ERROR] Engine:466 - C:\Users\Xavi\.stm32cubemx\thirdparties\pdsc\STMicroelectronics.X-CUBE-TCPP.4.2.0.pdsc: PDSC version is not supported
2026-03-30 19:16:19,817 [WARN] PackLoader:240 - Cannot read IP mode file for RealThread.X-CUBE-RT-Thread_Nano.4.1.1
2026-03-30 19:16:19,824 [WARN] PackLoader:240 - Cannot read IP mode file for STMicroelectronics.FP-ATR-SIGFOX1.3.2.0
2026-03-30 19:16:19,831 [WARN] ConditionMgr:438 - getConditionDescription Invalid condition id : Cortex-A Device cause : null
2026-03-30 19:16:19,842 [WARN] ConditionMgr:1039 - genDependencies : Invalid condition id : Cortex-A Device cause : null
2026-03-30 19:16:19,842 [WARN] ConditionMgr:1039 - genDependencies : Invalid condition id : Cortex-A Device cause : null
2026-03-30 19:16:19,842 [WARN] ConditionMgr:1039 - genDependencies : Invalid condition id : Cortex-A Device cause : null
2026-03-30 19:16:19,849 [WARN] PackLoader:240 - Cannot read IP mode file for STMicroelectronics.X-CUBE-EEPRMA1.5.1.0
2026-03-30 19:16:19,856 [ERROR] Engine:466 - C:\Users\Xavi\.stm32cubemx\thirdparties\pdsc\STMicroelectronics.X-CUBE-FREERTOS.1.5.0.pdsc: PDSC version is not supported
2026-03-30 19:16:19,864 [WARN] PackLoader:240 - Cannot read IP mode file for STMicroelectronics.X-CUBE-NFC6.3.2.0
2026-03-30 19:16:19,872 [ERROR] Engine:466 - C:\Users\Xavi\.stm32cubemx\thirdparties\pdsc\STMicroelectronics.X-CUBE-ST67W61.1.0.0.pdsc: PDSC version is not supported
2026-03-30 19:16:19,878 [WARN] PackLoader:240 - Cannot read IP mode file for STMicroelectronics.X-CUBE-AI.10.2.0
2026-03-30 19:16:19,899 [WARN] PackLoader:240 - Cannot read IP mode file for SEGGER.I-CUBE-embOS.1.3.1
2026-03-30 19:16:19,925 [WARN] PackLoader:240 - Cannot read IP mode file for STMicroelectronics.X-CUBE-ALGOBUILD.1.4.0
2026-03-30 19:16:19,956 [WARN] PackLoader:240 - Cannot read IP mode file for STMicroelectronics.X-CUBE-MEMS1.11.3.0
2026-03-30 19:16:20,060 [WARN] PackLoader:240 - Cannot read IP mode file for STMicroelectronics.X-CUBE-PM33A1.1.0.0
2026-03-30 19:16:20,068 [WARN] PackLoader:240 - Cannot read IP mode file for STMicroelectronics.X-CUBE-GNSS1.6.0.0
2026-03-30 19:16:20,086 [WARN] PackLoader:240 - Cannot read IP mode file for STMicroelectronics.X-CUBE-AZRTOS-F4.1.1.0
2026-03-30 19:16:20,095 [WARN] PackLoader:240 - Cannot read IP mode file for wolfSSL.I-CUBE-wolfSSL.5.6.3
2026-03-30 19:16:20,100 [ERROR] Engine:466 - C:\Users\Xavi\.stm32cubemx\thirdparties\pdsc\Avnet-IotConnect.X-CUBE-IoTC-DA16k-PMOD.1.0.0.pdsc: PDSC version is not supported
2026-03-30 19:16:20,106 [WARN] PackLoader:240 - Cannot read IP mode file for STMicroelectronics.X-CUBE-ISPU.2.1.0
2026-03-30 19:16:20,115 [ERROR] Engine:466 - C:\Users\Xavi\.stm32cubemx\thirdparties\pdsc\STMicroelectronics.X-CUBE-IPS.3.2.0.pdsc: PDSC version is not supported
2026-03-30 19:16:20,123 [WARN] PackLoader:240 - Cannot read IP mode file for STMicroelectronics.X-CUBE-FREERTOS.1.2.0
2026-03-30 19:16:20,130 [WARN] PackLoader:240 - Cannot read IP mode file for STMicroelectronics.X-CUBE-NFC12.1.0.0
2026-03-30 19:16:20,149 [WARN] PackLoader:240 - Cannot read IP mode file for STMicroelectronics.X-CUBE-AZRTOS-L5.2.0.0
2026-03-30 19:16:20,184 [WARN] PackLoader:240 - Cannot read IP mode file for STMicroelectronics.X-CUBE-MEMS1.9.6.0
2026-03-30 19:16:20,270 [WARN] PackLoader:240 - Cannot read IP mode file for STMicroelectronics.X-CUBE-EEPRMA1.4.2.0
2026-03-30 19:16:20,280 [WARN] PackLoader:240 - Cannot read IP mode file for STMicroelectronics.X-CUBE-NFC6.3.1.0
2026-03-30 19:16:20,289 [WARN] PackLoader:240 - Cannot read IP mode file for ITTIA_DB.I-CUBE-ITTIADB.8.8.0
2026-03-30 19:16:20,298 [WARN] PackLoader:240 - Cannot read IP mode file for STMicroelectronics.X-CUBE-BLEMGR.2.0.0
2026-03-30 19:16:20,306 [WARN] PackLoader:240 - Cannot read IP mode file for STMicroelectronics.X-CUBE-DPower.1.2.0
2026-03-30 19:16:20,312 [WARN] PackLoader:240 - Cannot read IP mode file for STMicroelectronics.X-CUBE-AI.9.0.0
2026-03-30 19:16:20,331 [WARN] ConditionMgr:438 - getConditionDescription Invalid condition id : UX DEVICE CLASS RTOS Condition cause : null
2026-03-30 19:16:20,331 [WARN] ConditionMgr:438 - getConditionDescription Invalid condition id : UX DEVICE CLASS RTOS Condition cause : null
2026-03-30 19:16:20,332 [WARN] PackLoader:240 - Cannot read IP mode file for STMicroelectronics.X-CUBE-AZRTOS-H7.3.1.0
2026-03-30 19:16:20,332 [WARN] ConditionMgr:1039 - genDependencies : Invalid condition id : UX DEVICE CLASS RTOS Condition cause : null
2026-03-30 19:16:20,332 [WARN] ConditionMgr:1039 - genDependencies : Invalid condition id : UX DEVICE CLASS RTOS Condition cause : null
2026-03-30 19:16:20,332 [WARN] ConditionMgr:1039 - genDependencies : Invalid condition id : UX DEVICE CLASS RTOS Condition cause : null
2026-03-30 19:16:20,332 [WARN] ConditionMgr:1039 - genDependencies : Invalid condition id : UX DEVICE CLASS RTOS Condition cause : null
2026-03-30 19:16:20,332 [WARN] ConditionMgr:1039 - genDependencies : Invalid condition id : UX DEVICE CLASS RTOS Condition cause : null
2026-03-30 19:16:20,340 [WARN] PackLoader:240 - Cannot read IP mode file for STMicroelectronics.X-CUBE-FREERTOS.1.3.1
2026-03-30 19:16:20,346 [WARN] PackLoader:240 - Cannot read IP mode file for STMicroelectronics.X-CUBE-FREERTOS.1.3.0
2026-03-30 19:16:20,354 [WARN] PackLoader:240 - Cannot read IP mode file for STMicroelectronics.X-CUBE-NFC7.1.0.1
2026-03-30 19:16:20,362 [WARN] PackLoader:240 - Cannot read IP mode file for wolfSSL.I-CUBE-wolfTPM.3.2.0
2026-03-30 19:16:20,368 [WARN] PackLoader:240 - Cannot read IP mode file for STMicroelectronics.X-CUBE-TOUCHGFX.4.26.0
2026-03-30 19:16:20,375 [WARN] PackLoader:240 - Cannot read IP mode file for STMicroelectronics.X-CUBE-NFC6.3.0.0
2026-03-30 19:16:20,382 [WARN] PackLoader:240 - Cannot read IP mode file for STMicroelectronics.X-CUBE-TOUCHGFX.4.26.1
2026-03-30 19:16:20,388 [WARN] PackLoader:240 - Cannot read IP mode file for STMicroelectronics.X-CUBE-EEPRMA1.4.1.0
2026-03-30 19:16:20,394 [ERROR] Engine:466 - C:\Users\Xavi\.stm32cubemx\thirdparties\pdsc\STMicroelectronics.FP-SNS-STAIOTCFT.1.0.0.pdsc: PDSC version is not supported
2026-03-30 19:16:20,400 [WARN] PackLoader:240 - Cannot read IP mode file for STMicroelectronics.X-CUBE-DPower.1.3.0
2026-03-30 19:16:20,407 [WARN] PackLoader:240 - Cannot read IP mode file for STMicroelectronics.X-CUBE-AI.8.1.0
2026-03-30 19:16:20,421 [WARN] ConditionMgr:438 - getConditionDescription Invalid condition id : LAN8742 Phy interface Condition cause : null
2026-03-30 19:16:20,421 [WARN] PackLoader:240 - Cannot read IP mode file for STMicroelectronics.X-CUBE-AZRTOS-L4.2.0.0
2026-03-30 19:16:20,422 [WARN] ConditionMgr:1039 - genDependencies : Invalid condition id : LAN8742 Phy interface Condition cause : null
2026-03-30 19:16:20,422 [WARN] ConditionMgr:1039 - genDependencies : Invalid condition id : LAN8742 Phy interface Condition cause : null
2026-03-30 19:16:20,422 [WARN] ConditionMgr:1039 - genDependencies : Invalid condition id : LAN8742 Phy interface Condition cause : null
2026-03-30 19:16:20,430 [WARN] PackLoader:240 - Cannot read IP mode file for STMicroelectronics.X-CUBE-SFXS2LP1.4.0.0
2026-03-30 19:16:20,437 [ERROR] Engine:466 - C:\Users\Xavi\.stm32cubemx\thirdparties\pdsc\STMicroelectronics.X-CUBE-ST67W61.1.2.0.pdsc: PDSC version is not supported
2026-03-30 19:16:20,443 [WARN] PackLoader:240 - Cannot read IP mode file for STMicroelectronics.X-CUBE-ISPU.1.1.0
2026-03-30 19:16:20,457 [WARN] PackLoader:240 - Cannot read IP mode file for STMicroelectronics.X-CUBE-AZRTOS-H7.3.3.0
2026-03-30 19:16:20,464 [ERROR] Engine:466 - C:\Users\Xavi\.stm32cubemx\thirdparties\pdsc\STMicroelectronics.X-CUBE-BLEMGR.4.1.0.pdsc: PDSC version is not supported
2026-03-30 19:16:20,478 [WARN] ConditionMgr:438 - getConditionDescription Invalid condition id : UX DEVICE CLASS RTOS Condition cause : null
2026-03-30 19:16:20,478 [WARN] ConditionMgr:438 - getConditionDescription Invalid condition id : UX DEVICE CLASS RTOS Condition cause : null
2026-03-30 19:16:20,479 [WARN] PackLoader:240 - Cannot read IP mode file for STMicroelectronics.X-CUBE-AZRTOS-WB.2.0.0
2026-03-30 19:16:20,479 [WARN] ConditionMgr:1039 - genDependencies : Invalid condition id : UX DEVICE CLASS RTOS Condition cause : null
2026-03-30 19:16:20,479 [WARN] ConditionMgr:1039 - genDependencies : Invalid condition id : UX DEVICE CLASS RTOS Condition cause : null
2026-03-30 19:16:20,479 [WARN] ConditionMgr:1039 - genDependencies : Invalid condition id : UX DEVICE CLASS RTOS Condition cause : null
2026-03-30 19:16:20,480 [WARN] ConditionMgr:1039 - genDependencies : Invalid condition id : UX DEVICE CLASS RTOS Condition cause : null
2026-03-30 19:16:20,480 [WARN] ConditionMgr:1039 - genDependencies : Invalid condition id : UX DEVICE CLASS RTOS Condition cause : null
2026-03-30 19:16:20,488 [WARN] PackLoader:240 - Cannot read IP mode file for STMicroelectronics.X-CUBE-FREERTOS.1.0.1
2026-03-30 19:16:20,496 [WARN] PackLoader:240 - Cannot read IP mode file for STMicroelectronics.X-CUBE-GNSS1.7.0.0
2026-03-30 19:16:20,502 [WARN] PackLoader:240 - Cannot read IP mode file for STMicroelectronics.X-CUBE-GNSS1.7.0.1
2026-03-30 19:16:20,509 [WARN] PackLoader:240 - Cannot read IP mode file for STMicroelectronics.X-CUBE-TOUCHGFX.4.25.0
2026-03-30 19:16:20,517 [WARN] PackLoader:240 - Cannot read IP mode file for STMicroelectronics.FP-SNS-STBOX1.2.0.0
2026-03-30 19:16:20,527 [WARN] PackLoader:240 - Cannot read IP mode file for STMicroelectronics.X-CUBE-STSE01.2.0.0
2026-03-30 19:16:20,547 [WARN] PackLoader:240 - Cannot read IP mode file for STMicroelectronics.X-CUBE-AZRTOS-L5.1.1.0
2026-03-30 19:16:20,554 [WARN] PackLoader:240 - Cannot read IP mode file for STMicroelectronics.X-CUBE-AI.8.0.1
2026-03-30 19:16:20,565 [WARN] PackLoader:240 - Cannot read IP mode file for STMicroelectronics.X-CUBE-SUBG2.5.0.0
2026-03-30 19:16:20,583 [WARN] PackLoader:240 - Cannot read IP mode file for STMicroelectronics.X-CUBE-AZRTOS-H7RS.1.1.0
2026-03-30 19:16:20,591 [WARN] PackLoader:240 - Cannot read IP mode file for Cesanta.I-CUBE-Mongoose.7.13.0
2026-03-30 19:16:20,600 [WARN] PackLoader:240 - Cannot read IP mode file for STMicroelectronics.X-CUBE-TOF1.3.3.1
2026-03-30 19:16:20,618 [WARN] PackLoader:240 - Cannot read IP mode file for STMicroelectronics.X-CUBE-AZRTOS-G4.2.0.0
2026-03-30 19:16:20,631 [WARN] PackLoader:240 - Cannot read IP mode file for Infineon.AIROC-Wi-Fi-Bluetooth-STM32.1.5.1
2026-03-30 19:16:20,639 [WARN] PackLoader:240 - Cannot read IP mode file for STMicroelectronics.FP-SNS-MOTENVWB1.1.3.0
2026-03-30 19:16:20,646 [WARN] PackLoader:240 - Cannot read IP mode file for STMicroelectronics.X-CUBE-NFC7.2.0.0
2026-03-30 19:16:20,653 [WARN] PackLoader:240 - Cannot read IP mode file for STMicroelectronics.FP-SNS-MOTENVWB1.1.3.1
2026-03-30 19:16:20,660 [WARN] PackLoader:240 - Cannot read IP mode file for STMicroelectronics.X-CUBE-ISPU.2.0.0
2026-03-30 19:16:20,668 [ERROR] Engine:466 - C:\Users\Xavi\.stm32cubemx\thirdparties\pdsc\STMicroelectronics.X-CUBE-IPS.3.1.0.pdsc: PDSC version is not supported
2026-03-30 19:16:20,674 [WARN] PackLoader:240 - Cannot read IP mode file for STMicroelectronics.X-CUBE-ALS.1.0.2
2026-03-30 19:16:20,698 [WARN] PackLoader:240 - Cannot read IP mode file for STMicroelectronics.X-CUBE-MEMS1.10.0.0
2026-03-30 19:16:20,763 [WARN] PackLoader:240 - Cannot read IP mode file for STMicroelectronics.X-CUBE-FREERTOS.1.1.0
2026-03-30 19:16:20,771 [WARN] PackLoader:240 - Cannot read IP mode file for STMicroelectronics.X-CUBE-TOUCHGFX.4.24.0
2026-03-30 19:16:20,777 [WARN] PackLoader:240 - Cannot read IP mode file for STMicroelectronics.X-CUBE-TOUCHGFX.4.24.2
2026-03-30 19:16:20,784 [WARN] PackLoader:240 - Cannot read IP mode file for STMicroelectronics.X-CUBE-TOUCHGFX.4.24.1
2026-03-30 19:16:20,792 [WARN] PackLoader:240 - Cannot read IP mode file for STMicroelectronics.X-CUBE-STSE01.1.0.0
2026-03-30 19:16:20,800 [WARN] PackLoader:240 - Cannot read IP mode file for portGmbH.I-Cube-SoM-uGOAL.1.1.0
2026-03-30 19:16:20,807 [WARN] PackLoader:240 - Cannot read IP mode file for STMicroelectronics.X-CUBE-ALS.1.0.1
2026-03-30 19:16:20,818 [WARN] PackLoader:240 - Cannot read IP mode file for STMicroelectronics.X-CUBE-AZRTOS-WB.1.1.0
2026-03-30 19:16:20,832 [WARN] PackLoader:240 - Cannot read IP mode file for STMicroelectronics.X-CUBE-AZRTOS-H7RS.1.0.0
2026-03-30 19:16:20,839 [WARN] PackLoader:240 - Cannot read IP mode file for STMicroelectronics.FP-ATR-ASTRA1.2.0.0
2026-03-30 19:16:20,848 [WARN] PackLoader:240 - Cannot read IP mode file for STMicroelectronics.X-CUBE-TOF1.3.4.2
2026-03-30 19:16:20,858 [ERROR] Engine:466 - C:\Users\Xavi\.stm32cubemx\thirdparties\pdsc\STMicroelectronics.X-CUBE-TOF1.3.4.3.pdsc: PDSC version is not supported
2026-03-30 19:16:20,867 [WARN] PackLoader:240 - Cannot read IP mode file for STMicroelectronics.X-CUBE-TOF1.3.4.0
2026-03-30 19:16:20,879 [WARN] PackLoader:240 - Cannot read IP mode file for STMicroelectronics.X-CUBE-TOF1.3.4.1
2026-03-30 19:16:20,894 [WARN] PackLoader:240 - Cannot read IP mode file for STMicroelectronics.X-CUBE-AZRTOS-H7.3.2.0
2026-03-30 19:16:20,901 [WARN] PackLoader:240 - Cannot read IP mode file for wolfSSL.I-CUBE-wolfSSH.1.4.17
2026-03-30 19:16:20,901 [INFO] ThirdParty:978 - Integrity check success = true
2026-03-30 19:16:20,901 [INFO] IntegrityCheckThread:100 - exiting critical section [integrity check]
2026-03-30 19:16:20,902 [INFO] IntegrityCheckThread:103 - End integrity checks thread
2026-03-30 19:16:38,219 [ERROR] LogOutputStream:75 - [STDERR_REDIRECT] SLF4J: Failed to load class "org.slf4j.impl.StaticLoggerBinder".
2026-03-30 19:16:38,219 [ERROR] LogOutputStream:75 - [STDERR_REDIRECT] SLF4J: Defaulting to no-operation (NOP) logger implementation
2026-03-30 19:16:38,220 [ERROR] LogOutputStream:75 - [STDERR_REDIRECT] SLF4J: See http://www.slf4j.org/codes.html#StaticLoggerBinder for further details.
2026-03-30 19:49:23,005 [ERROR] LogOutputStream:75 - [STDERR_REDIRECT] 
2026-03-30 19:50:26,958 [INFO] Activator:176 - 


2026-03-30 19:50:26,960 [INFO] Activator:177 - !SESSION log4j initialized
2026-03-30 19:50:30,464 [INFO] LogOutputStream:77 - [STDOUT_REDIRECT] 
2026-03-30 19:50:36,654 [INFO] ApplicationProperties:184 - Using Application install path: C:\ST\STM32CubeIDE_1.13.0\STM32CubeIDE\plugins\com.st.stm32cube.common.mx_6.10.0.202311202037
2026-03-30 19:50:36,693 [INFO] DbMcusXml:78 - Set database path to: C:\ST\STM32CubeIDE_1.13.0\STM32CubeIDE\plugins\com.st.stm32cube.common.mx_6.10.0.202311202037\\db\/mcu/
2026-03-30 19:50:36,693 [INFO] ApiDb:274 - Set plugin database path to: C:\ST\STM32CubeIDE_1.13.0\STM32CubeIDE\plugins\com.st.stm32cube.common.mx_6.10.0.202311202037\\db\/plugins/boardmanager/
2026-03-30 19:50:36,694 [WARN] ApiDb:259 - Overriding images path with different value:  => C:\ST\STM32CubeIDE_1.13.0\STM32CubeIDE\plugins\com.st.stm32cube.common.mx_6.10.0.202311202037\\db\/plugins/mcufinder/images/
2026-03-30 19:50:36,707 [INFO] ApiDb:250 - Set database path to: C:\Users\Xavi\.stmcufinder\plugins\mcufinder//mcu/
2026-03-30 19:50:36,708 [INFO] DbMcusAds:125 - Set database path to: C:\Users\Xavi\.stmcufinder\plugins\mcufinder//mcu/
2026-03-30 19:50:36,712 [INFO] CrossReferenceDbSqlite:203 - Set database path to: C:\Users\Xavi\.stmcufinder\plugins\mcufinder//mcu/cs/
2026-03-30 19:50:36,945 [INFO] RulesReader:64 - Compatibility file has been processed (297 Rules)
2026-03-30 19:50:37,067 [INFO] DbMcusXml:78 - Set database path to: C:\ST\STM32CubeIDE_1.13.0\STM32CubeIDE\plugins\com.st.stm32cube.common.mx_6.10.0.202311202037\\db\/mcu/
2026-03-30 19:50:37,067 [INFO] ApiDb:274 - Set plugin database path to: C:\ST\STM32CubeIDE_1.13.0\STM32CubeIDE\plugins\com.st.stm32cube.common.mx_6.10.0.202311202037\\db\/plugins/boardmanager/
2026-03-30 19:50:37,067 [INFO] ApiDb:261 - Set plugin images path to: C:\ST\STM32CubeIDE_1.13.0\STM32CubeIDE\plugins\com.st.stm32cube.common.mx_6.10.0.202311202037\\db\/plugins/mcufinder/images/
2026-03-30 19:50:37,067 [WARN] DbFile:41 - Overriding database path with different value: C:\Users\Xavi\.stmcufinder\plugins\mcufinder/ => C:\Users\Xavi\.stmcufinder\plugins\mcufinder
2026-03-30 19:50:37,067 [INFO] ApiDb:250 - Set database path to: C:\Users\Xavi\.stmcufinder\plugins\mcufinder//mcu/
2026-03-30 19:50:37,067 [WARN] DbFile:41 - Overriding database path with different value: C:\Users\Xavi\.stmcufinder\plugins\mcufinder/ => C:\Users\Xavi\.stmcufinder\plugins\mcufinder
2026-03-30 19:50:37,067 [INFO] DbMcusAds:125 - Set database path to: C:\Users\Xavi\.stmcufinder\plugins\mcufinder//mcu/
2026-03-30 19:50:37,067 [WARN] DbFile:41 - Overriding database path with different value: C:\Users\Xavi\.stmcufinder\plugins\mcufinder/ => C:\Users\Xavi\.stmcufinder\plugins\mcufinder
2026-03-30 19:50:37,067 [WARN] DbFile:41 - Overriding database path with different value: C:\Users\Xavi\.stmcufinder\plugins\mcufinder/ => C:\Users\Xavi\.stmcufinder\plugins\mcufinder
2026-03-30 19:50:37,067 [INFO] CrossReferenceDbSqlite:203 - Set database path to: C:\Users\Xavi\.stmcufinder\plugins\mcufinder//mcu/cs/
2026-03-30 19:50:37,184 [INFO] MainPanel:264 - HeapMemory: 268435456
2026-03-30 19:50:37,308 [INFO] DbMcusXml:78 - Set database path to: C:\ST\STM32CubeIDE_1.13.0\STM32CubeIDE\plugins\com.st.stm32cube.common.mx_6.10.0.202311202037\\db\/mcu/
2026-03-30 19:50:37,308 [INFO] ApiDb:274 - Set plugin database path to: C:\ST\STM32CubeIDE_1.13.0\STM32CubeIDE\plugins\com.st.stm32cube.common.mx_6.10.0.202311202037\\db\/plugins/boardmanager/
2026-03-30 19:50:37,308 [INFO] ApiDb:261 - Set plugin images path to: C:\ST\STM32CubeIDE_1.13.0\STM32CubeIDE\plugins\com.st.stm32cube.common.mx_6.10.0.202311202037\\db\/plugins/mcufinder/images/
2026-03-30 19:50:37,309 [WARN] DbFile:41 - Overriding database path with different value: C:\Users\Xavi\.stmcufinder\plugins\mcufinder/ => C:\Users\Xavi\.stmcufinder\plugins\mcufinder
2026-03-30 19:50:37,309 [INFO] ApiDb:250 - Set database path to: C:\Users\Xavi\.stmcufinder\plugins\mcufinder//mcu/
2026-03-30 19:50:37,309 [WARN] DbFile:41 - Overriding database path with different value: C:\Users\Xavi\.stmcufinder\plugins\mcufinder/ => C:\Users\Xavi\.stmcufinder\plugins\mcufinder
2026-03-30 19:50:37,309 [INFO] DbMcusAds:125 - Set database path to: C:\Users\Xavi\.stmcufinder\plugins\mcufinder//mcu/
2026-03-30 19:50:37,309 [WARN] DbFile:41 - Overriding database path with different value: C:\Users\Xavi\.stmcufinder\plugins\mcufinder/ => C:\Users\Xavi\.stmcufinder\plugins\mcufinder
2026-03-30 19:50:37,309 [WARN] DbFile:41 - Overriding database path with different value: C:\Users\Xavi\.stmcufinder\plugins\mcufinder/ => C:\Users\Xavi\.stmcufinder\plugins\mcufinder
2026-03-30 19:50:37,310 [INFO] CrossReferenceDbSqlite:203 - Set database path to: C:\Users\Xavi\.stmcufinder\plugins\mcufinder//mcu/cs/
2026-03-30 19:50:37,330 [INFO] ApplicationProperties:184 - Using Application install path: C:\ST\STM32CubeIDE_1.13.0\STM32CubeIDE\plugins\com.st.stm32cube.common.mx_6.10.0.202311202037
2026-03-30 19:50:37,332 [INFO] PluginManage:196 - Search for loadable plugins [exclusion list=, ]
2026-03-30 19:50:37,335 [INFO] PluginManage:310 - Check plugin analytics
2026-03-30 19:50:42,583 [INFO] AnalyticsPlugin:253 - Accepted Software Licenses: STM32CubeMX.6.9.0
2026-03-30 19:50:42,583 [INFO] AnalyticsPlugin:255 - Accepted CMSIS Pack Licenses: 
2026-03-30 19:50:42,584 [INFO] AnalyticsPlugin:257 - Accepted Firmware Licenses: FW.F4.1.27.0,FW.H5.1.1.0
2026-03-30 19:50:42,585 [INFO] PluginManage:359 - Loaded plugin analytics (category:tool,tabindex:-1)
2026-03-30 19:50:42,585 [INFO] PluginManage:310 - Check plugin cadmodel
2026-03-30 19:50:42,596 [INFO] CADModel:105 - Init CAD model plugin
2026-03-30 19:50:42,596 [INFO] PluginManage:359 - Loaded plugin cadmodel (category:power,tabindex:5)
2026-03-30 19:50:42,596 [INFO] PluginManage:310 - Check plugin clock
2026-03-30 19:50:42,607 [INFO] PluginManage:359 - Loaded plugin clock (category:base,tabindex:2)
2026-03-30 19:50:42,607 [INFO] PluginManage:310 - Check plugin ddr
2026-03-30 19:50:42,608 [INFO] PluginManage:359 - Loaded plugin ddr (category:tool,tabindex:6)
2026-03-30 19:50:42,608 [INFO] PluginManage:310 - Check plugin filemanager
2026-03-30 19:50:42,679 [INFO] PluginManage:359 - Loaded plugin filemanager (category:base,tabindex:10)
2026-03-30 19:50:42,679 [INFO] PluginManage:310 - Check plugin ipmanager
2026-03-30 19:50:42,682 [INFO] PluginManage:359 - Loaded plugin ipmanager (category:base,tabindex:5)
2026-03-30 19:50:42,683 [INFO] PluginManage:310 - Check plugin lpbam
2026-03-30 19:50:42,693 [INFO] PluginManage:359 - Loaded plugin lpbam (category:base,tabindex:0)
2026-03-30 19:50:42,693 [INFO] PluginManage:310 - Check plugin memorymap
2026-03-30 19:50:42,708 [INFO] PluginManage:359 - Loaded plugin memorymap (category:base,tabindex:4)
2026-03-30 19:50:42,708 [INFO] PluginManage:310 - Check plugin pinoutandconfiguration
2026-03-30 19:50:42,719 [INFO] PluginManage:359 - Loaded plugin pinoutandconfiguration (category:base,tabindex:1)
2026-03-30 19:50:42,719 [INFO] PluginManage:310 - Check plugin pinoutconfig
2026-03-30 19:50:42,784 [WARN] SupportedApi:132 - Cannot load RTOS API schema: s4s-elt-must-match.1: The content of 'definitions' must match (annotation?, (simpleType | complexType)?, (unique | key | keyref)*)). A problem was found starting at: attribute.
2026-03-30 19:50:42,844 [INFO] PluginManage:359 - Loaded plugin pinoutconfig (category:base,tabindex:0)
2026-03-30 19:50:42,844 [INFO] PluginManage:310 - Check plugin power
2026-03-30 19:50:42,855 [INFO] PluginManage:359 - Loaded plugin power (category:power,tabindex:4)
2026-03-30 19:50:42,856 [INFO] PluginManage:310 - Check plugin projectmanager
2026-03-30 19:50:42,863 [INFO] PluginManage:359 - Loaded plugin projectmanager (category:projectmanager,tabindex:3)
2026-03-30 19:50:42,863 [INFO] PluginManage:310 - Check plugin thirdparty
2026-03-30 19:50:43,018 [INFO] PluginManage:359 - Loaded plugin thirdparty (category:base,tabindex:-1)
2026-03-30 19:50:43,018 [WARN] IntegrityCheckThread:84 - waiting for thirdparty lock release [integrity check]
2026-03-30 19:50:43,018 [INFO] PluginManage:310 - Check plugin tools
2026-03-30 19:50:43,018 [INFO] IntegrityCheckThread:86 - entering critical section [integrity check]
2026-03-30 19:50:43,019 [INFO] ThirdPartyUpdaterWithRetryManager:70 - Updater plugin not ready yet. [1/15]
2026-03-30 19:50:43,042 [INFO] PluginManage:359 - Loaded plugin tools (category:base,tabindex:7)
2026-03-30 19:50:43,042 [INFO] PluginManage:310 - Check plugin tutovideos
2026-03-30 19:50:43,127 [INFO] PluginManage:359 - Loaded plugin tutovideos (category:base,tabindex:-1)
2026-03-30 19:50:43,127 [INFO] PluginManage:310 - Check plugin updater
2026-03-30 19:50:43,131 [INFO] PluginManage:359 - Loaded plugin updater (category:base,tabindex:12)
2026-03-30 19:50:43,131 [INFO] PluginManage:310 - Check plugin userauth
2026-03-30 19:50:43,133 [INFO] UserAuth:114 - Init User Auth plugin
2026-03-30 19:50:43,133 [INFO] PluginManage:359 - Loaded plugin userauth (category:base,tabindex:14)
2026-03-30 19:50:43,133 [INFO] PluginManage:283 - PluginManage : Loaded plugins [17]
2026-03-30 19:50:43,241 [INFO] PinOutPanel:1499 - setPackage(No Configuration,No Configuration)
2026-03-30 19:50:43,272 [INFO] CADModel:165 - CPN selected for project level
2026-03-30 19:50:43,272 [INFO] CADModel:114 - Register for checkConnection events
2026-03-30 19:50:43,287 [INFO] IPUIPlugin:80 - create IPUIPlugin
2026-03-30 19:50:43,287 [INFO] PluginManager:220 - loadIPPluginJar : add adc
2026-03-30 19:50:43,312 [INFO] IPUIPlugin:80 - create IPUIPlugin
2026-03-30 19:50:43,312 [INFO] PluginManager:220 - loadIPPluginJar : add aes
2026-03-30 19:50:43,339 [INFO] IPUIPlugin:80 - create IPUIPlugin
2026-03-30 19:50:43,339 [INFO] PluginManager:220 - loadIPPluginJar : add can
2026-03-30 19:50:43,355 [INFO] IPUIPlugin:80 - create IPUIPlugin
2026-03-30 19:50:43,355 [INFO] PluginManager:220 - loadIPPluginJar : add comp
2026-03-30 19:50:43,375 [INFO] IPUIPlugin:80 - create IPUIPlugin
2026-03-30 19:50:43,375 [INFO] PluginManager:220 - loadIPPluginJar : add cryp
2026-03-30 19:50:43,393 [INFO] IPUIPlugin:80 - create IPUIPlugin
2026-03-30 19:50:43,393 [INFO] PluginManager:220 - loadIPPluginJar : add dfsdm
2026-03-30 19:50:43,401 [INFO] IPUIPlugin:80 - create IPUIPlugin
2026-03-30 19:50:43,401 [INFO] PluginManager:220 - loadIPPluginJar : add dma
2026-03-30 19:50:43,429 [INFO] IPUIPlugin:80 - create IPUIPlugin
2026-03-30 19:50:43,429 [INFO] PluginManager:220 - loadIPPluginJar : add dma3
2026-03-30 19:50:43,441 [INFO] IPUIPlugin:80 - create IPUIPlugin
2026-03-30 19:50:43,441 [INFO] PluginManager:220 - loadIPPluginJar : add fatfs
2026-03-30 19:50:43,473 [INFO] IPUIPlugin:80 - create IPUIPlugin
2026-03-30 19:50:43,473 [INFO] PluginManager:220 - loadIPPluginJar : add fmc
2026-03-30 19:50:43,482 [INFO] IPUIPlugin:80 - create IPUIPlugin
2026-03-30 19:50:43,482 [INFO] PluginManager:220 - loadIPPluginJar : add freertos
2026-03-30 19:50:43,494 [INFO] IPUIPlugin:80 - create IPUIPlugin
2026-03-30 19:50:43,494 [INFO] PluginManager:220 - loadIPPluginJar : add genericplugin
2026-03-30 19:50:43,552 [INFO] IPUIPlugin:80 - create IPUIPlugin
2026-03-30 19:50:43,552 [INFO] PluginManager:220 - loadIPPluginJar : add gfxmmu
2026-03-30 19:50:43,635 [INFO] IPUIPlugin:80 - create IPUIPlugin
2026-03-30 19:50:43,635 [INFO] PluginManager:220 - loadIPPluginJar : add gic
2026-03-30 19:50:43,642 [INFO] IPUIPlugin:80 - create IPUIPlugin
2026-03-30 19:50:43,642 [INFO] PluginManager:220 - loadIPPluginJar : add gpio
2026-03-30 19:50:43,708 [INFO] IPUIPlugin:80 - create IPUIPlugin
2026-03-30 19:50:43,708 [INFO] PluginManager:220 - loadIPPluginJar : add gtzc
2026-03-30 19:50:43,729 [INFO] IPUIPlugin:80 - create IPUIPlugin
2026-03-30 19:50:43,729 [INFO] PluginManager:220 - loadIPPluginJar : add hash
2026-03-30 19:50:43,761 [INFO] IPUIPlugin:80 - create IPUIPlugin
2026-03-30 19:50:43,761 [INFO] PluginManager:220 - loadIPPluginJar : add i2c
2026-03-30 19:50:43,786 [INFO] IPUIPlugin:80 - create IPUIPlugin
2026-03-30 19:50:43,786 [INFO] PluginManager:220 - loadIPPluginJar : add i2s
2026-03-30 19:50:43,812 [INFO] IPUIPlugin:80 - create IPUIPlugin
2026-03-30 19:50:43,812 [INFO] PluginManager:220 - loadIPPluginJar : add i3c
2026-03-30 19:50:43,887 [INFO] IPUIPlugin:80 - create IPUIPlugin
2026-03-30 19:50:43,887 [INFO] PluginManager:220 - loadIPPluginJar : add ipddr
2026-03-30 19:50:43,943 [INFO] IPUIPlugin:80 - create IPUIPlugin
2026-03-30 19:50:43,943 [INFO] PluginManager:220 - loadIPPluginJar : add linkedlist
2026-03-30 19:50:43,964 [INFO] IPUIPlugin:80 - create IPUIPlugin
2026-03-30 19:50:43,964 [INFO] PluginManager:220 - loadIPPluginJar : add lorawan
2026-03-30 19:50:43,987 [INFO] IPUIPlugin:80 - create IPUIPlugin
2026-03-30 19:50:43,987 [INFO] PluginManager:220 - loadIPPluginJar : add ltdc
2026-03-30 19:50:43,995 [INFO] IPUIPlugin:80 - create IPUIPlugin
2026-03-30 19:50:43,995 [INFO] PluginManager:220 - loadIPPluginJar : add mdma
2026-03-30 19:50:44,003 [INFO] IPUIPlugin:80 - create IPUIPlugin
2026-03-30 19:50:44,003 [INFO] PluginManager:220 - loadIPPluginJar : add nvic
2026-03-30 19:50:44,029 [INFO] IPUIPlugin:80 - create IPUIPlugin
2026-03-30 19:50:44,029 [INFO] PluginManager:220 - loadIPPluginJar : add opamp
2026-03-30 19:50:44,066 [INFO] IPUIPlugin:80 - create IPUIPlugin
2026-03-30 19:50:44,066 [INFO] PluginManager:220 - loadIPPluginJar : add openamp
2026-03-30 19:50:44,093 [INFO] IPUIPlugin:80 - create IPUIPlugin
2026-03-30 19:50:44,093 [INFO] PluginManager:220 - loadIPPluginJar : add pdm2pcm
2026-03-30 19:50:44,101 [INFO] IPUIPlugin:80 - create IPUIPlugin
2026-03-30 19:50:44,102 [INFO] PluginManager:220 - loadIPPluginJar : add plateformsettings
2026-03-30 19:50:44,116 [INFO] IPUIPlugin:80 - create IPUIPlugin
2026-03-30 19:50:44,116 [INFO] PluginManager:220 - loadIPPluginJar : add quadspi
2026-03-30 19:50:44,124 [INFO] IPUIPlugin:80 - create IPUIPlugin
2026-03-30 19:50:44,124 [INFO] PluginManager:220 - loadIPPluginJar : add resmgrutility
2026-03-30 19:50:44,156 [INFO] IPUIPlugin:80 - create IPUIPlugin
2026-03-30 19:50:44,156 [INFO] PluginManager:220 - loadIPPluginJar : add sai
2026-03-30 19:50:44,180 [INFO] IPUIPlugin:80 - create IPUIPlugin
2026-03-30 19:50:44,180 [INFO] PluginManager:220 - loadIPPluginJar : add spi
2026-03-30 19:50:44,227 [INFO] IPUIPlugin:80 - create IPUIPlugin
2026-03-30 19:50:44,227 [INFO] PluginManager:220 - loadIPPluginJar : add stm32_wpan
2026-03-30 19:50:44,242 [INFO] IPUIPlugin:80 - create IPUIPlugin
2026-03-30 19:50:44,242 [INFO] PluginManager:220 - loadIPPluginJar : add tim
2026-03-30 19:50:44,279 [INFO] IPUIPlugin:80 - create IPUIPlugin
2026-03-30 19:50:44,279 [INFO] PluginManager:220 - loadIPPluginJar : add touchsensing
2026-03-30 19:50:44,293 [INFO] IPUIPlugin:80 - create IPUIPlugin
2026-03-30 19:50:44,293 [INFO] PluginManager:220 - loadIPPluginJar : add tracer_emb
2026-03-30 19:50:44,308 [INFO] IPUIPlugin:80 - create IPUIPlugin
2026-03-30 19:50:44,308 [INFO] PluginManager:220 - loadIPPluginJar : add ts
2026-03-30 19:50:44,322 [INFO] IPUIPlugin:80 - create IPUIPlugin
2026-03-30 19:50:44,322 [INFO] PluginManager:220 - loadIPPluginJar : add tsc
2026-03-30 19:50:44,335 [INFO] IPUIPlugin:80 - create IPUIPlugin
2026-03-30 19:50:44,335 [INFO] PluginManager:220 - loadIPPluginJar : add ucpd
2026-03-30 19:50:44,367 [INFO] IPUIPlugin:80 - create IPUIPlugin
2026-03-30 19:50:44,367 [INFO] PluginManager:220 - loadIPPluginJar : add usart
2026-03-30 19:50:44,398 [INFO] IPUIPlugin:80 - create IPUIPlugin
2026-03-30 19:50:44,398 [INFO] PluginManager:220 - loadIPPluginJar : add usbx
2026-03-30 19:50:44,504 [INFO] CADModel:165 - CPN selected for project level
2026-03-30 19:50:44,504 [INFO] CADModel:114 - Register for checkConnection events
2026-03-30 19:50:44,505 [FATAL] Updater:308 - Updater called before beeing initialized
2026-03-30 19:50:44,505 [ERROR] CADModel:125 - Updater not yet initialized, retry later 
2026-03-30 19:50:44,565 [INFO] CADModel:165 - CPN selected for project level
2026-03-30 19:50:44,566 [INFO] CADModel:114 - Register for checkConnection events
2026-03-30 19:50:44,566 [FATAL] Updater:308 - Updater called before beeing initialized
2026-03-30 19:50:44,566 [ERROR] CADModel:125 - Updater not yet initialized, retry later 
2026-03-30 19:50:44,567 [FATAL] Updater:308 - Updater called before beeing initialized
2026-03-30 19:50:44,626 [FATAL] Updater:308 - Updater called before beeing initialized
2026-03-30 19:50:44,634 [INFO] DbMcusAds:53 - JSON generation date=Thu Mar 05 15:32:52 CET 2026 (1772721172890)
2026-03-30 19:50:44,634 [FATAL] Updater:308 - Updater called before beeing initialized
2026-03-30 19:50:44,685 [WARN] DetailPanel:346 - Failed to get advertising image, set to default
2026-03-30 19:50:44,745 [FATAL] Updater:308 - Updater called before beeing initialized
2026-03-30 19:50:44,746 [FATAL] Updater:308 - Updater called before beeing initialized
2026-03-30 19:50:44,746 [FATAL] Updater:308 - Updater called before beeing initialized
2026-03-30 19:50:44,746 [WARN] DetailPanel:346 - Failed to get advertising image, set to default
2026-03-30 19:50:44,746 [FATAL] Updater:308 - Updater called before beeing initialized
2026-03-30 19:50:44,776 [ERROR] Updater:1120 - MainUpdater not yet initialized. External WinMGr cannot be set.
2026-03-30 19:50:44,782 [INFO] Updater:1056 - Updater Version found : 6.10.0
2026-03-30 19:50:44,790 [INFO] ApplicationProperties:184 - Using Application install path: C:\ST\STM32CubeIDE_1.13.0\STM32CubeIDE\plugins\com.st.stm32cube.common.mx_6.10.0.202311202037
2026-03-30 19:50:45,441 [INFO] MainUpdater:2873 - connection check result : 10
2026-03-30 19:50:45,441 [INFO] MainUpdater:290 - Updater Check For Update Now.
2026-03-30 19:50:45,442 [INFO] MicroXplorer:498 - Change Database Version : DB.6.0.100
2026-03-30 19:50:45,451 [INFO] McuFinderGlobals:63 - Set McuFinder mode to 2 (CubeIDE integrated)
2026-03-30 19:50:45,460 [INFO] UserAuth:404 - Internet connection configuration mode: 1
2026-03-30 19:50:45,482 [INFO] JxBrowserEngine:152 - Initiate JxBrowser Engine with user profile folder
2026-03-30 19:50:45,618 [INFO] CheckServerUpdateThread:120 - End of CheckServer Thread
2026-03-30 19:50:46,187 [WARN] PackLoader:240 - Cannot read IP mode file for STMicroelectronics.X-CUBE-AZRTOS-H7.3.5.0
2026-03-30 19:50:46,199 [WARN] PackLoader:240 - Cannot read IP mode file for STMicroelectronics.FP-SNS-MOTENVWB1.1.4.0
2026-03-30 19:50:46,216 [WARN] PackLoader:240 - Cannot read IP mode file for STMicroelectronics.FP-ATR-ASTRA1.2.0.2
2026-03-30 19:50:46,222 [WARN] PackLoader:240 - Cannot read IP mode file for STMicroelectronics.FP-ATR-ASTRA1.2.0.1
2026-03-30 19:50:46,230 [WARN] PackLoader:240 - Cannot read IP mode file for STMicroelectronics.X-CUBE-SMBUS.2.1.0
2026-03-30 19:50:46,239 [WARN] PackLoader:240 - Cannot read IP mode file for STMicroelectronics.X-CUBE-WB05N.1.1.0
2026-03-30 19:50:46,245 [ERROR] Engine:466 - C:\Users\Xavi\.stm32cubemx\thirdparties\pdsc\STMicroelectronics.X-CUBE-ST60.1.0.0.pdsc: PDSC version is not supported
2026-03-30 19:50:46,252 [WARN] PackLoader:240 - Cannot read IP mode file for STMicroelectronics.X-CUBE-TOUCHGFX.4.23.0
2026-03-30 19:50:46,269 [WARN] PackLoader:240 - Cannot read IP mode file for STMicroelectronics.X-CUBE-AZRTOS-F7.1.1.0
2026-03-30 19:50:46,279 [WARN] PackLoader:240 - Cannot read IP mode file for STMicroelectronics.FP-SNS-MOTENV1.4.3.2
2026-03-30 19:50:46,305 [WARN] PackLoader:240 - Cannot read IP mode file for STMicroelectronics.X-CUBE-MEMS1.11.0.0
2026-03-30 19:50:46,373 [WARN] PackLoader:240 - Cannot read IP mode file for STMicroelectronics.X-CUBE-BLE1.6.2.4
2026-03-30 19:50:46,380 [ERROR] Engine:466 - C:\Users\Xavi\.stm32cubemx\thirdparties\pdsc\STMicroelectronics.FP-SNS-MOTENV1.5.1.0.pdsc: PDSC version is not supported
2026-03-30 19:50:46,387 [WARN] PackLoader:240 - Cannot read IP mode file for STMicroelectronics.FP-SNS-FLIGHT1.5.0.2
2026-03-30 19:50:46,401 [WARN] PackLoader:240 - Cannot read IP mode file for STMicroelectronics.X-CUBE-AZRTOS-H7.3.4.0
2026-03-30 19:50:46,413 [WARN] PackLoader:240 - Cannot read IP mode file for STMicroelectronics.X-CUBE-DISPLAY.3.0.0
2026-03-30 19:50:46,421 [ERROR] Engine:466 - C:\Users\Xavi\.stm32cubemx\thirdparties\pdsc\STMicroelectronics.FP-SNS-MOTENVWB1.1.5.0.pdsc: PDSC version is not supported
2026-03-30 19:50:46,427 [WARN] PackLoader:240 - Cannot read IP mode file for STMicroelectronics.X-CUBE-BLE1.7.0.0
2026-03-30 19:50:46,436 [WARN] PackLoader:240 - Cannot read IP mode file for STMicroelectronics.X-CUBE-NFC10.1.0.0
2026-03-30 19:50:46,448 [WARN] PackLoader:240 - Cannot read IP mode file for STMicroelectronics.X-CUBE-BLEMGR.4.0.0
2026-03-30 19:50:46,458 [ERROR] Engine:466 - C:\Users\Xavi\.stm32cubemx\thirdparties\pdsc\STMicroelectronics.X-CUBE-ST60.1.1.0.pdsc: PDSC version is not supported
2026-03-30 19:50:46,466 [WARN] PackLoader:240 - Cannot read IP mode file for emotas.I-CUBE-CANOPEN.1.3.0
2026-03-30 19:50:46,473 [WARN] PackLoader:240 - Cannot read IP mode file for STMicroelectronics.X-CUBE-TOUCHGFX.4.22.0
2026-03-30 19:50:46,480 [WARN] PackLoader:240 - Cannot read IP mode file for STMicroelectronics.X-CUBE-GNSS1.7.1.0
2026-03-30 19:50:46,487 [WARN] PackLoader:240 - Cannot read IP mode file for STMicroelectronics.X-CUBE-TOUCHGFX.4.22.1
2026-03-30 19:50:46,497 [WARN] PackLoader:240 - Cannot read IP mode file for STMicroelectronics.X-CUBE-BLEMGR.3.1.0
2026-03-30 19:50:46,505 [WARN] PackLoader:240 - Cannot read IP mode file for STMicroelectronics.X-CUBE-AI.10.0.0
2026-03-30 19:50:46,511 [ERROR] Engine:466 - C:\Users\Xavi\.stm32cubemx\thirdparties\pdsc\STMicroelectronics.FP-SNS-STBOX1.2.1.0.pdsc: PDSC version is not supported
2026-03-30 19:50:46,518 [WARN] PackLoader:240 - Cannot read IP mode file for STMicroelectronics.FP-SNS-SMARTAG2.1.2.0
2026-03-30 19:50:46,524 [ERROR] Engine:466 - C:\Users\Xavi\.stm32cubemx\thirdparties\pdsc\STMicroelectronics.FP-SNS-FLIGHT1.5.1.0.pdsc: PDSC version is not supported
2026-03-30 19:50:46,556 [WARN] PackLoader:240 - Cannot read IP mode file for STMicroelectronics.X-CUBE-MEMS1.11.1.0
2026-03-30 19:50:46,620 [INFO] LogOutputStream:77 - [STDOUT_REDIRECT] 1 : Invalid condition id : UX_CORESTACK_Condition cause : null
2026-03-30 19:50:46,620 [INFO] LogOutputStream:77 - [STDOUT_REDIRECT] 1 : Invalid condition id : UX_CORESTACK_Condition cause : null
2026-03-30 19:50:46,621 [INFO] LogOutputStream:77 - [STDOUT_REDIRECT] 1 : Invalid condition id : UX_CORESTACK_Condition cause : null
2026-03-30 19:50:46,622 [INFO] LogOutputStream:77 - [STDOUT_REDIRECT] 1 : Invalid condition id : UX_CORESTACK_Condition cause : null
2026-03-30 19:50:46,623 [INFO] LogOutputStream:77 - [STDOUT_REDIRECT] 1 : Invalid condition id : UX_CORESTACK_Condition cause : null
2026-03-30 19:50:46,624 [WARN] PackLoader:240 - Cannot read IP mode file for STMicroelectronics.X-CUBE-AZRTOS-WL.2.0.0
2026-03-30 19:50:46,634 [WARN] PackLoader:240 - Cannot read IP mode file for STMicroelectronics.FP-SNS-MOTENV1.5.0.0
2026-03-30 19:50:46,653 [WARN] PackLoader:240 - Cannot read IP mode file for STMicroelectronics.X-CUBE-AZRTOS-H7RS.1.2.0
2026-03-30 19:50:46,662 [WARN] PackLoader:240 - Cannot read IP mode file for wolfSSL.I-CUBE-wolfMQTT.1.19.0
2026-03-30 19:50:46,673 [WARN] PackLoader:240 - Cannot read IP mode file for WES.I-CUBE-Cesium.1.3.0
2026-03-30 19:50:46,681 [WARN] PackLoader:240 - Cannot read IP mode file for STMicroelectronics.X-CUBE-BLE2.3.3.0
2026-03-30 19:50:46,687 [ERROR] Engine:466 - C:\Users\Xavi\.stm32cubemx\thirdparties\pdsc\Avnet-IOTCONNECT.X-CUBE-iotc-st67-sdk.1.0.0.pdsc: PDSC version is not supported
2026-03-30 19:50:46,696 [WARN] PackLoader:240 - Cannot read IP mode file for STMicroelectronics.X-CUBE-NFC9.1.0.0
2026-03-30 19:50:46,704 [WARN] PackLoader:240 - Cannot read IP mode file for STMicroelectronics.X-CUBE-BLE1.7.1.0
2026-03-30 19:50:46,712 [WARN] PackLoader:240 - Cannot read IP mode file for STMicroelectronics.X-CUBE-TCPP.4.1.0
2026-03-30 19:50:46,719 [ERROR] Engine:466 - C:\Users\Xavi\.stm32cubemx\thirdparties\pdsc\STMicroelectronics.X-CUBE-FREERTOS.1.4.0.pdsc: PDSC version is not supported
2026-03-30 19:50:46,728 [WARN] PackLoader:240 - Cannot read IP mode file for STMicroelectronics.X-CUBE-EEPRMA1.5.2.0
2026-03-30 19:50:46,735 [ERROR] Engine:466 - C:\Users\Xavi\.stm32cubemx\thirdparties\pdsc\STMicroelectronics.X-CUBE-ST67W61.1.1.0.pdsc: PDSC version is not supported
2026-03-30 19:50:46,742 [WARN] PackLoader:240 - Cannot read IP mode file for STMicroelectronics.X-CUBE-AI.10.1.0
2026-03-30 19:50:46,770 [WARN] PackLoader:240 - Cannot read IP mode file for STMicroelectronics.X-CUBE-MEMS1.12.0.0
2026-03-30 19:50:46,835 [WARN] PackLoader:240 - Cannot read IP mode file for STMicroelectronics.X-CUBE-ALGOBUILD.1.3.0
2026-03-30 19:50:46,854 [WARN] PackLoader:240 - Cannot read IP mode file for STMicroelectronics.X-CUBE-AZRTOS-G0.1.1.0
2026-03-30 19:50:46,867 [WARN] PackLoader:240 - Cannot read IP mode file for STMicroelectronics.X-CUBE-SAFEA1.1.2.2
2026-03-30 19:50:46,877 [WARN] PackLoader:240 - Cannot read IP mode file for STMicroelectronics.X-CUBE-NFC4.3.0.0
2026-03-30 19:50:46,888 [WARN] PackLoader:240 - Cannot read IP mode file for EmbeddedOffice.I-CUBE-FS-RTOS.1.0.1
2026-03-30 19:50:46,888 [ERROR] ConditionMgr:805 - Attr not supported : Dmpu
2026-03-30 19:50:46,888 [ERROR] ConditionMgr:805 - Attr not supported : Dmpu
2026-03-30 19:50:46,888 [ERROR] ConditionMgr:805 - Attr not supported : Dmpu
2026-03-30 19:50:46,888 [ERROR] ConditionMgr:805 - Attr not supported : Dmpu
2026-03-30 19:50:46,888 [ERROR] ConditionMgr:805 - Attr not supported : Dmpu
2026-03-30 19:50:46,888 [ERROR] ConditionMgr:805 - Attr not supported : Dmpu
2026-03-30 19:50:46,888 [ERROR] ConditionMgr:805 - Attr not supported : Dmpu
2026-03-30 19:50:46,888 [ERROR] ConditionMgr:805 - Attr not supported : Dmpu
2026-03-30 19:50:46,888 [ERROR] ConditionMgr:805 - Attr not supported : Dmpu
2026-03-30 19:50:46,888 [ERROR] ConditionMgr:805 - Attr not supported : Dmpu
2026-03-30 19:50:46,888 [ERROR] ConditionMgr:805 - Attr not supported : Dmpu
2026-03-30 19:50:46,888 [ERROR] ConditionMgr:805 - Attr not supported : Dmpu
2026-03-30 19:50:46,888 [ERROR] ConditionMgr:805 - Attr not supported : Dmpu
2026-03-30 19:50:46,888 [ERROR] ConditionMgr:805 - Attr not supported : Dmpu
2026-03-30 19:50:46,888 [ERROR] ConditionMgr:805 - Attr not supported : Dmpu
2026-03-30 19:50:46,888 [ERROR] ConditionMgr:805 - Attr not supported : Dmpu
2026-03-30 19:50:46,888 [ERROR] ConditionMgr:805 - Attr not supported : Dmpu
2026-03-30 19:50:46,888 [ERROR] ConditionMgr:805 - Attr not supported : Dmpu
2026-03-30 19:50:46,888 [ERROR] ConditionMgr:805 - Attr not supported : Dmpu
2026-03-30 19:50:46,888 [ERROR] ConditionMgr:805 - Attr not supported : Dmpu
2026-03-30 19:50:46,889 [ERROR] ConditionMgr:805 - Attr not supported : Dmpu
2026-03-30 19:50:46,889 [ERROR] ConditionMgr:805 - Attr not supported : Dmpu
2026-03-30 19:50:46,889 [ERROR] ConditionMgr:805 - Attr not supported : Dmpu
2026-03-30 19:50:46,889 [ERROR] ConditionMgr:805 - Attr not supported : Dmpu
2026-03-30 19:50:46,889 [ERROR] ConditionMgr:805 - Attr not supported : Dmpu
2026-03-30 19:50:46,889 [ERROR] ConditionMgr:805 - Attr not supported : Dmpu
2026-03-30 19:50:46,889 [ERROR] ConditionMgr:805 - Attr not supported : Dmpu
2026-03-30 19:50:46,889 [ERROR] ConditionMgr:805 - Attr not supported : Dmpu
2026-03-30 19:50:46,889 [ERROR] ConditionMgr:805 - Attr not supported : Dmpu
2026-03-30 19:50:46,889 [ERROR] ConditionMgr:805 - Attr not supported : Dmpu
2026-03-30 19:50:46,889 [ERROR] ConditionMgr:805 - Attr not supported : Dmpu
2026-03-30 19:50:46,889 [ERROR] ConditionMgr:805 - Attr not supported : Dmpu
2026-03-30 19:50:46,889 [ERROR] ConditionMgr:805 - Attr not supported : Dmpu
2026-03-30 19:50:46,889 [ERROR] ConditionMgr:805 - Attr not supported : Dmpu
2026-03-30 19:50:46,889 [ERROR] ConditionMgr:805 - Attr not supported : Dmpu
2026-03-30 19:50:46,889 [ERROR] ConditionMgr:805 - Attr not supported : Dmpu
2026-03-30 19:50:46,889 [ERROR] ConditionMgr:805 - Attr not supported : Dmpu
2026-03-30 19:50:46,889 [ERROR] ConditionMgr:805 - Attr not supported : Dmpu
2026-03-30 19:50:46,889 [ERROR] ConditionMgr:805 - Attr not supported : Dmpu
2026-03-30 19:50:46,889 [ERROR] ConditionMgr:805 - Attr not supported : Dmpu
2026-03-30 19:50:46,889 [ERROR] ConditionMgr:805 - Attr not supported : Dmpu
2026-03-30 19:50:46,889 [ERROR] ConditionMgr:805 - Attr not supported : Dmpu
2026-03-30 19:50:46,889 [ERROR] ConditionMgr:805 - Attr not supported : Dmpu
2026-03-30 19:50:46,889 [ERROR] ConditionMgr:805 - Attr not supported : Dmpu
2026-03-30 19:50:46,889 [ERROR] ConditionMgr:805 - Attr not supported : Dmpu
2026-03-30 19:50:46,889 [ERROR] ConditionMgr:805 - Attr not supported : Dmpu
2026-03-30 19:50:46,889 [ERROR] ConditionMgr:805 - Attr not supported : Dmpu
2026-03-30 19:50:46,889 [ERROR] ConditionMgr:805 - Attr not supported : Dmpu
2026-03-30 19:50:46,889 [ERROR] ConditionMgr:805 - Attr not supported : Dmpu
2026-03-30 19:50:46,889 [ERROR] ConditionMgr:805 - Attr not supported : Dmpu
2026-03-30 19:50:46,889 [ERROR] ConditionMgr:805 - Attr not supported : Dmpu
2026-03-30 19:50:46,889 [ERROR] ConditionMgr:805 - Attr not supported : Dmpu
2026-03-30 19:50:46,889 [ERROR] ConditionMgr:805 - Attr not supported : Dmpu
2026-03-30 19:50:46,889 [ERROR] ConditionMgr:805 - Attr not supported : Dmpu
2026-03-30 19:50:46,889 [ERROR] ConditionMgr:805 - Attr not supported : Dmpu
2026-03-30 19:50:46,889 [ERROR] ConditionMgr:805 - Attr not supported : Dmpu
2026-03-30 19:50:46,889 [ERROR] ConditionMgr:805 - Attr not supported : Dmpu
2026-03-30 19:50:46,889 [ERROR] ConditionMgr:805 - Attr not supported : Dmpu
2026-03-30 19:50:46,889 [ERROR] ConditionMgr:805 - Attr not supported : Dmpu
2026-03-30 19:50:46,889 [ERROR] ConditionMgr:805 - Attr not supported : Dmpu
2026-03-30 19:50:46,889 [ERROR] ConditionMgr:805 - Attr not supported : Dmpu
2026-03-30 19:50:46,889 [ERROR] ConditionMgr:805 - Attr not supported : Dmpu
2026-03-30 19:50:46,889 [ERROR] ConditionMgr:805 - Attr not supported : Dmpu
2026-03-30 19:50:46,889 [ERROR] ConditionMgr:805 - Attr not supported : Dmpu
2026-03-30 19:50:46,897 [WARN] PackLoader:240 - Cannot read IP mode file for STMicroelectronics.X-CUBE-WB05N.2.0.0
2026-03-30 19:50:46,906 [WARN] PackLoader:240 - Cannot read IP mode file for STMicroelectronics.X-CUBE-BLEMGR.3.0.0
2026-03-30 19:50:46,914 [ERROR] Engine:466 - C:\Users\Xavi\.stm32cubemx\thirdparties\pdsc\STMicroelectronics.X-CUBE-TCPP.4.2.0.pdsc: PDSC version is not supported
2026-03-30 19:50:46,922 [WARN] PackLoader:240 - Cannot read IP mode file for RealThread.X-CUBE-RT-Thread_Nano.4.1.1
2026-03-30 19:50:46,929 [WARN] PackLoader:240 - Cannot read IP mode file for STMicroelectronics.FP-ATR-SIGFOX1.3.2.0
2026-03-30 19:50:46,936 [WARN] ConditionMgr:438 - getConditionDescription Invalid condition id : Cortex-A Device cause : null
2026-03-30 19:50:46,950 [WARN] ConditionMgr:1039 - genDependencies : Invalid condition id : Cortex-A Device cause : null
2026-03-30 19:50:46,950 [WARN] ConditionMgr:1039 - genDependencies : Invalid condition id : Cortex-A Device cause : null
2026-03-30 19:50:46,950 [WARN] ConditionMgr:1039 - genDependencies : Invalid condition id : Cortex-A Device cause : null
2026-03-30 19:50:46,957 [WARN] PackLoader:240 - Cannot read IP mode file for STMicroelectronics.X-CUBE-EEPRMA1.5.1.0
2026-03-30 19:50:46,963 [ERROR] Engine:466 - C:\Users\Xavi\.stm32cubemx\thirdparties\pdsc\STMicroelectronics.X-CUBE-FREERTOS.1.5.0.pdsc: PDSC version is not supported
2026-03-30 19:50:46,970 [WARN] PackLoader:240 - Cannot read IP mode file for STMicroelectronics.X-CUBE-NFC6.3.2.0
2026-03-30 19:50:46,977 [ERROR] Engine:466 - C:\Users\Xavi\.stm32cubemx\thirdparties\pdsc\STMicroelectronics.X-CUBE-ST67W61.1.0.0.pdsc: PDSC version is not supported
2026-03-30 19:50:46,984 [WARN] PackLoader:240 - Cannot read IP mode file for STMicroelectronics.X-CUBE-AI.10.2.0
2026-03-30 19:50:47,002 [WARN] PackLoader:240 - Cannot read IP mode file for SEGGER.I-CUBE-embOS.1.3.1
2026-03-30 19:50:47,029 [WARN] PackLoader:240 - Cannot read IP mode file for STMicroelectronics.X-CUBE-ALGOBUILD.1.4.0
2026-03-30 19:50:47,053 [WARN] PackLoader:240 - Cannot read IP mode file for STMicroelectronics.X-CUBE-MEMS1.11.3.0
2026-03-30 19:50:47,111 [WARN] PackLoader:240 - Cannot read IP mode file for STMicroelectronics.X-CUBE-PM33A1.1.0.0
2026-03-30 19:50:47,119 [WARN] PackLoader:240 - Cannot read IP mode file for STMicroelectronics.X-CUBE-GNSS1.6.0.0
2026-03-30 19:50:47,133 [WARN] PackLoader:240 - Cannot read IP mode file for STMicroelectronics.X-CUBE-AZRTOS-F4.1.1.0
2026-03-30 19:50:47,141 [WARN] PackLoader:240 - Cannot read IP mode file for wolfSSL.I-CUBE-wolfSSL.5.6.3
2026-03-30 19:50:47,147 [ERROR] Engine:466 - C:\Users\Xavi\.stm32cubemx\thirdparties\pdsc\Avnet-IotConnect.X-CUBE-IoTC-DA16k-PMOD.1.0.0.pdsc: PDSC version is not supported
2026-03-30 19:50:47,153 [WARN] PackLoader:240 - Cannot read IP mode file for STMicroelectronics.X-CUBE-ISPU.2.1.0
2026-03-30 19:50:47,160 [ERROR] Engine:466 - C:\Users\Xavi\.stm32cubemx\thirdparties\pdsc\STMicroelectronics.X-CUBE-IPS.3.2.0.pdsc: PDSC version is not supported
2026-03-30 19:50:47,167 [WARN] PackLoader:240 - Cannot read IP mode file for STMicroelectronics.X-CUBE-FREERTOS.1.2.0
2026-03-30 19:50:47,174 [WARN] PackLoader:240 - Cannot read IP mode file for STMicroelectronics.X-CUBE-NFC12.1.0.0
2026-03-30 19:50:47,188 [WARN] PackLoader:240 - Cannot read IP mode file for STMicroelectronics.X-CUBE-AZRTOS-L5.2.0.0
2026-03-30 19:50:47,212 [WARN] PackLoader:240 - Cannot read IP mode file for STMicroelectronics.X-CUBE-MEMS1.9.6.0
2026-03-30 19:50:47,267 [INFO] WebApp:161 - Instantiating new browser for Auth
2026-03-30 19:50:47,276 [WARN] PackLoader:240 - Cannot read IP mode file for STMicroelectronics.X-CUBE-EEPRMA1.4.2.0
2026-03-30 19:50:47,286 [WARN] PackLoader:240 - Cannot read IP mode file for STMicroelectronics.X-CUBE-NFC6.3.1.0
2026-03-30 19:50:47,312 [WARN] PackLoader:240 - Cannot read IP mode file for ITTIA_DB.I-CUBE-ITTIADB.8.8.0
2026-03-30 19:50:47,323 [WARN] PackLoader:240 - Cannot read IP mode file for STMicroelectronics.X-CUBE-BLEMGR.2.0.0
2026-03-30 19:50:47,336 [WARN] PackLoader:240 - Cannot read IP mode file for STMicroelectronics.X-CUBE-DPower.1.2.0
2026-03-30 19:50:47,346 [WARN] PackLoader:240 - Cannot read IP mode file for STMicroelectronics.X-CUBE-AI.9.0.0
2026-03-30 19:50:47,360 [WARN] ConditionMgr:438 - getConditionDescription Invalid condition id : UX DEVICE CLASS RTOS Condition cause : null
2026-03-30 19:50:47,360 [WARN] ConditionMgr:438 - getConditionDescription Invalid condition id : UX DEVICE CLASS RTOS Condition cause : null
2026-03-30 19:50:47,360 [WARN] PackLoader:240 - Cannot read IP mode file for STMicroelectronics.X-CUBE-AZRTOS-H7.3.1.0
2026-03-30 19:50:47,361 [WARN] ConditionMgr:1039 - genDependencies : Invalid condition id : UX DEVICE CLASS RTOS Condition cause : null
2026-03-30 19:50:47,361 [WARN] ConditionMgr:1039 - genDependencies : Invalid condition id : UX DEVICE CLASS RTOS Condition cause : null
2026-03-30 19:50:47,361 [WARN] ConditionMgr:1039 - genDependencies : Invalid condition id : UX DEVICE CLASS RTOS Condition cause : null
2026-03-30 19:50:47,361 [WARN] ConditionMgr:1039 - genDependencies : Invalid condition id : UX DEVICE CLASS RTOS Condition cause : null
2026-03-30 19:50:47,361 [WARN] ConditionMgr:1039 - genDependencies : Invalid condition id : UX DEVICE CLASS RTOS Condition cause : null
2026-03-30 19:50:47,372 [WARN] PackLoader:240 - Cannot read IP mode file for STMicroelectronics.X-CUBE-FREERTOS.1.3.1
2026-03-30 19:50:47,380 [WARN] PackLoader:240 - Cannot read IP mode file for STMicroelectronics.X-CUBE-FREERTOS.1.3.0
2026-03-30 19:50:47,390 [WARN] PackLoader:240 - Cannot read IP mode file for STMicroelectronics.X-CUBE-NFC7.1.0.1
2026-03-30 19:50:47,398 [WARN] PackLoader:240 - Cannot read IP mode file for wolfSSL.I-CUBE-wolfTPM.3.2.0
2026-03-30 19:50:47,404 [WARN] PackLoader:240 - Cannot read IP mode file for STMicroelectronics.X-CUBE-TOUCHGFX.4.26.0
2026-03-30 19:50:47,414 [WARN] PackLoader:240 - Cannot read IP mode file for STMicroelectronics.X-CUBE-NFC6.3.0.0
2026-03-30 19:50:47,421 [WARN] PackLoader:240 - Cannot read IP mode file for STMicroelectronics.X-CUBE-TOUCHGFX.4.26.1
2026-03-30 19:50:47,427 [WARN] PackLoader:240 - Cannot read IP mode file for STMicroelectronics.X-CUBE-EEPRMA1.4.1.0
2026-03-30 19:50:47,434 [ERROR] Engine:466 - C:\Users\Xavi\.stm32cubemx\thirdparties\pdsc\STMicroelectronics.FP-SNS-STAIOTCFT.1.0.0.pdsc: PDSC version is not supported
2026-03-30 19:50:47,440 [WARN] PackLoader:240 - Cannot read IP mode file for STMicroelectronics.X-CUBE-DPower.1.3.0
2026-03-30 19:50:47,446 [WARN] PackLoader:240 - Cannot read IP mode file for STMicroelectronics.X-CUBE-AI.8.1.0
2026-03-30 19:50:47,460 [WARN] ConditionMgr:438 - getConditionDescription Invalid condition id : LAN8742 Phy interface Condition cause : null
2026-03-30 19:50:47,460 [WARN] PackLoader:240 - Cannot read IP mode file for STMicroelectronics.X-CUBE-AZRTOS-L4.2.0.0
2026-03-30 19:50:47,461 [WARN] ConditionMgr:1039 - genDependencies : Invalid condition id : LAN8742 Phy interface Condition cause : null
2026-03-30 19:50:47,461 [WARN] ConditionMgr:1039 - genDependencies : Invalid condition id : LAN8742 Phy interface Condition cause : null
2026-03-30 19:50:47,461 [WARN] ConditionMgr:1039 - genDependencies : Invalid condition id : LAN8742 Phy interface Condition cause : null
2026-03-30 19:50:47,469 [WARN] PackLoader:240 - Cannot read IP mode file for STMicroelectronics.X-CUBE-SFXS2LP1.4.0.0
2026-03-30 19:50:47,475 [ERROR] Engine:466 - C:\Users\Xavi\.stm32cubemx\thirdparties\pdsc\STMicroelectronics.X-CUBE-ST67W61.1.2.0.pdsc: PDSC version is not supported
2026-03-30 19:50:47,481 [WARN] PackLoader:240 - Cannot read IP mode file for STMicroelectronics.X-CUBE-ISPU.1.1.0
2026-03-30 19:50:47,501 [WARN] PackLoader:240 - Cannot read IP mode file for STMicroelectronics.X-CUBE-AZRTOS-H7.3.3.0
2026-03-30 19:50:47,510 [ERROR] Engine:466 - C:\Users\Xavi\.stm32cubemx\thirdparties\pdsc\STMicroelectronics.X-CUBE-BLEMGR.4.1.0.pdsc: PDSC version is not supported
2026-03-30 19:50:47,521 [WARN] ConditionMgr:438 - getConditionDescription Invalid condition id : UX DEVICE CLASS RTOS Condition cause : null
2026-03-30 19:50:47,521 [WARN] ConditionMgr:438 - getConditionDescription Invalid condition id : UX DEVICE CLASS RTOS Condition cause : null
2026-03-30 19:50:47,521 [WARN] PackLoader:240 - Cannot read IP mode file for STMicroelectronics.X-CUBE-AZRTOS-WB.2.0.0
2026-03-30 19:50:47,523 [WARN] ConditionMgr:1039 - genDependencies : Invalid condition id : UX DEVICE CLASS RTOS Condition cause : null
2026-03-30 19:50:47,523 [WARN] ConditionMgr:1039 - genDependencies : Invalid condition id : UX DEVICE CLASS RTOS Condition cause : null
2026-03-30 19:50:47,523 [WARN] ConditionMgr:1039 - genDependencies : Invalid condition id : UX DEVICE CLASS RTOS Condition cause : null
2026-03-30 19:50:47,523 [WARN] ConditionMgr:1039 - genDependencies : Invalid condition id : UX DEVICE CLASS RTOS Condition cause : null
2026-03-30 19:50:47,523 [WARN] ConditionMgr:1039 - genDependencies : Invalid condition id : UX DEVICE CLASS RTOS Condition cause : null
2026-03-30 19:50:47,529 [WARN] PackLoader:240 - Cannot read IP mode file for STMicroelectronics.X-CUBE-FREERTOS.1.0.1
2026-03-30 19:50:47,537 [WARN] PackLoader:240 - Cannot read IP mode file for STMicroelectronics.X-CUBE-GNSS1.7.0.0
2026-03-30 19:50:47,543 [WARN] PackLoader:240 - Cannot read IP mode file for STMicroelectronics.X-CUBE-GNSS1.7.0.1
2026-03-30 19:50:47,550 [WARN] PackLoader:240 - Cannot read IP mode file for STMicroelectronics.X-CUBE-TOUCHGFX.4.25.0
2026-03-30 19:50:47,558 [WARN] PackLoader:240 - Cannot read IP mode file for STMicroelectronics.FP-SNS-STBOX1.2.0.0
2026-03-30 19:50:47,567 [WARN] PackLoader:240 - Cannot read IP mode file for STMicroelectronics.X-CUBE-STSE01.2.0.0
2026-03-30 19:50:47,580 [WARN] PackLoader:240 - Cannot read IP mode file for STMicroelectronics.X-CUBE-AZRTOS-L5.1.1.0
2026-03-30 19:50:47,587 [WARN] PackLoader:240 - Cannot read IP mode file for STMicroelectronics.X-CUBE-AI.8.0.1
2026-03-30 19:50:47,597 [WARN] PackLoader:240 - Cannot read IP mode file for STMicroelectronics.X-CUBE-SUBG2.5.0.0
2026-03-30 19:50:47,612 [WARN] PackLoader:240 - Cannot read IP mode file for STMicroelectronics.X-CUBE-AZRTOS-H7RS.1.1.0
2026-03-30 19:50:47,621 [WARN] PackLoader:240 - Cannot read IP mode file for Cesanta.I-CUBE-Mongoose.7.13.0
2026-03-30 19:50:47,629 [WARN] PackLoader:240 - Cannot read IP mode file for STMicroelectronics.X-CUBE-TOF1.3.3.1
2026-03-30 19:50:47,643 [WARN] PackLoader:240 - Cannot read IP mode file for STMicroelectronics.X-CUBE-AZRTOS-G4.2.0.0
2026-03-30 19:50:47,655 [WARN] PackLoader:240 - Cannot read IP mode file for Infineon.AIROC-Wi-Fi-Bluetooth-STM32.1.5.1
2026-03-30 19:50:47,663 [WARN] PackLoader:240 - Cannot read IP mode file for STMicroelectronics.FP-SNS-MOTENVWB1.1.3.0
2026-03-30 19:50:47,669 [WARN] PackLoader:240 - Cannot read IP mode file for STMicroelectronics.X-CUBE-NFC7.2.0.0
2026-03-30 19:50:47,675 [WARN] PackLoader:240 - Cannot read IP mode file for STMicroelectronics.FP-SNS-MOTENVWB1.1.3.1
2026-03-30 19:50:47,681 [WARN] PackLoader:240 - Cannot read IP mode file for STMicroelectronics.X-CUBE-ISPU.2.0.0
2026-03-30 19:50:47,689 [ERROR] Engine:466 - C:\Users\Xavi\.stm32cubemx\thirdparties\pdsc\STMicroelectronics.X-CUBE-IPS.3.1.0.pdsc: PDSC version is not supported
2026-03-30 19:50:47,694 [WARN] PackLoader:240 - Cannot read IP mode file for STMicroelectronics.X-CUBE-ALS.1.0.2
2026-03-30 19:50:47,714 [WARN] PackLoader:240 - Cannot read IP mode file for STMicroelectronics.X-CUBE-MEMS1.10.0.0
2026-03-30 19:50:47,755 [WARN] PackLoader:240 - Cannot read IP mode file for STMicroelectronics.X-CUBE-FREERTOS.1.1.0
2026-03-30 19:50:47,763 [WARN] PackLoader:240 - Cannot read IP mode file for STMicroelectronics.X-CUBE-TOUCHGFX.4.24.0
2026-03-30 19:50:47,769 [WARN] PackLoader:240 - Cannot read IP mode file for STMicroelectronics.X-CUBE-TOUCHGFX.4.24.2
2026-03-30 19:50:47,775 [WARN] PackLoader:240 - Cannot read IP mode file for STMicroelectronics.X-CUBE-TOUCHGFX.4.24.1
2026-03-30 19:50:47,783 [WARN] PackLoader:240 - Cannot read IP mode file for STMicroelectronics.X-CUBE-STSE01.1.0.0
2026-03-30 19:50:47,791 [WARN] PackLoader:240 - Cannot read IP mode file for portGmbH.I-Cube-SoM-uGOAL.1.1.0
2026-03-30 19:50:47,797 [WARN] PackLoader:240 - Cannot read IP mode file for STMicroelectronics.X-CUBE-ALS.1.0.1
2026-03-30 19:50:47,808 [WARN] PackLoader:240 - Cannot read IP mode file for STMicroelectronics.X-CUBE-AZRTOS-WB.1.1.0
2026-03-30 19:50:47,823 [WARN] PackLoader:240 - Cannot read IP mode file for STMicroelectronics.X-CUBE-AZRTOS-H7RS.1.0.0
2026-03-30 19:50:47,831 [WARN] PackLoader:240 - Cannot read IP mode file for STMicroelectronics.FP-ATR-ASTRA1.2.0.0
2026-03-30 19:50:47,840 [WARN] PackLoader:240 - Cannot read IP mode file for STMicroelectronics.X-CUBE-TOF1.3.4.2
2026-03-30 19:50:47,849 [ERROR] Engine:466 - C:\Users\Xavi\.stm32cubemx\thirdparties\pdsc\STMicroelectronics.X-CUBE-TOF1.3.4.3.pdsc: PDSC version is not supported
2026-03-30 19:50:47,857 [WARN] PackLoader:240 - Cannot read IP mode file for STMicroelectronics.X-CUBE-TOF1.3.4.0
2026-03-30 19:50:47,869 [WARN] PackLoader:240 - Cannot read IP mode file for STMicroelectronics.X-CUBE-TOF1.3.4.1
2026-03-30 19:50:47,885 [WARN] PackLoader:240 - Cannot read IP mode file for STMicroelectronics.X-CUBE-AZRTOS-H7.3.2.0
2026-03-30 19:50:47,893 [WARN] PackLoader:240 - Cannot read IP mode file for wolfSSL.I-CUBE-wolfSSH.1.4.17
2026-03-30 19:50:47,893 [INFO] ThirdParty:978 - Integrity check success = true
2026-03-30 19:50:47,893 [INFO] IntegrityCheckThread:100 - exiting critical section [integrity check]
2026-03-30 19:50:47,893 [INFO] IntegrityCheckThread:103 - End integrity checks thread
2026-03-30 19:50:48,010 [INFO] WebApp:780 - Register for checkConnection events
2026-03-30 19:50:48,010 [INFO] WebApp:414 - Apply proxy settings
2026-03-30 19:50:48,010 [INFO] WebApp:499 - Chromium requires no authentication
2026-03-30 19:50:48,014 [INFO] WebApp:442 - Direct internet connection detected
2026-03-30 19:50:48,104 [INFO] WebApp:192 - Starting web application
2026-03-30 19:50:48,104 [INFO] WebApp:544 - Web application path used C:\ST\STM32CubeIDE_1.13.0\STM32CubeIDE\plugins\com.st.stm32cube.common.mx_6.10.0.202311202037\db\plugins\mcufinder\reactClient1\index.html
2026-03-30 19:51:08,682 [ERROR] LogOutputStream:75 - [STDERR_REDIRECT] SLF4J: Failed to load class "org.slf4j.impl.StaticLoggerBinder".
2026-03-30 19:51:08,682 [ERROR] LogOutputStream:75 - [STDERR_REDIRECT] SLF4J: Defaulting to no-operation (NOP) logger implementation
2026-03-30 19:51:08,683 [ERROR] LogOutputStream:75 - [STDERR_REDIRECT] SLF4J: See http://www.slf4j.org/codes.html#StaticLoggerBinder for further details.
2026-03-30 22:00:54,712 [ERROR] LogOutputStream:75 - [STDERR_REDIRECT] 
