2026-03-26 18:36:15,689 [INFO] Activator:176 - 


2026-03-26 18:36:15,693 [INFO] Activator:177 - !SESSION log4j initialized
2026-03-26 18:36:19,641 [INFO] LogOutputStream:77 - [STDOUT_REDIRECT] 
2026-03-26 18:36:20,516 [INFO] ApplicationProperties:184 - Using Application install path: C:\ST\STM32CubeIDE_1.13.0\STM32CubeIDE\plugins\com.st.stm32cube.common.mx_6.10.0.202311202037
2026-03-26 18:36:20,527 [INFO] DbMcusXml:78 - Set database path to: C:\ST\STM32CubeIDE_1.13.0\STM32CubeIDE\plugins\com.st.stm32cube.common.mx_6.10.0.202311202037\\db\/mcu/
2026-03-26 18:36:20,527 [INFO] ApiDb:274 - Set plugin database path to: C:\ST\STM32CubeIDE_1.13.0\STM32CubeIDE\plugins\com.st.stm32cube.common.mx_6.10.0.202311202037\\db\/plugins/boardmanager/
2026-03-26 18:36:20,527 [WARN] ApiDb:259 - Overriding images path with different value:  => C:\ST\STM32CubeIDE_1.13.0\STM32CubeIDE\plugins\com.st.stm32cube.common.mx_6.10.0.202311202037\\db\/plugins/mcufinder/images/
2026-03-26 18:36:20,537 [INFO] ApiDb:250 - Set database path to: C:\Users\Xavi\.stmcufinder\plugins\mcufinder//mcu/
2026-03-26 18:36:20,538 [INFO] DbMcusAds:125 - Set database path to: C:\Users\Xavi\.stmcufinder\plugins\mcufinder//mcu/
2026-03-26 18:36:20,539 [INFO] CrossReferenceDbSqlite:203 - Set database path to: C:\Users\Xavi\.stmcufinder\plugins\mcufinder//mcu/cs/
2026-03-26 18:36:20,620 [INFO] RulesReader:64 - Compatibility file has been processed (297 Rules)
2026-03-26 18:36:20,755 [INFO] DbMcusXml:78 - Set database path to: C:\ST\STM32CubeIDE_1.13.0\STM32CubeIDE\plugins\com.st.stm32cube.common.mx_6.10.0.202311202037\\db\/mcu/
2026-03-26 18:36:20,755 [INFO] ApiDb:274 - Set plugin database path to: C:\ST\STM32CubeIDE_1.13.0\STM32CubeIDE\plugins\com.st.stm32cube.common.mx_6.10.0.202311202037\\db\/plugins/boardmanager/
2026-03-26 18:36:20,755 [INFO] ApiDb:261 - Set plugin images path to: C:\ST\STM32CubeIDE_1.13.0\STM32CubeIDE\plugins\com.st.stm32cube.common.mx_6.10.0.202311202037\\db\/plugins/mcufinder/images/
2026-03-26 18:36:20,755 [WARN] DbFile:41 - Overriding database path with different value: C:\Users\Xavi\.stmcufinder\plugins\mcufinder/ => C:\Users\Xavi\.stmcufinder\plugins\mcufinder
2026-03-26 18:36:20,755 [INFO] ApiDb:250 - Set database path to: C:\Users\Xavi\.stmcufinder\plugins\mcufinder//mcu/
2026-03-26 18:36:20,755 [WARN] DbFile:41 - Overriding database path with different value: C:\Users\Xavi\.stmcufinder\plugins\mcufinder/ => C:\Users\Xavi\.stmcufinder\plugins\mcufinder
2026-03-26 18:36:20,755 [INFO] DbMcusAds:125 - Set database path to: C:\Users\Xavi\.stmcufinder\plugins\mcufinder//mcu/
2026-03-26 18:36:20,755 [WARN] DbFile:41 - Overriding database path with different value: C:\Users\Xavi\.stmcufinder\plugins\mcufinder/ => C:\Users\Xavi\.stmcufinder\plugins\mcufinder
2026-03-26 18:36:20,755 [WARN] DbFile:41 - Overriding database path with different value: C:\Users\Xavi\.stmcufinder\plugins\mcufinder/ => C:\Users\Xavi\.stmcufinder\plugins\mcufinder
2026-03-26 18:36:20,755 [INFO] CrossReferenceDbSqlite:203 - Set database path to: C:\Users\Xavi\.stmcufinder\plugins\mcufinder//mcu/cs/
2026-03-26 18:36:20,875 [INFO] MainPanel:264 - HeapMemory: 268435456
2026-03-26 18:36:21,015 [INFO] DbMcusXml:78 - Set database path to: C:\ST\STM32CubeIDE_1.13.0\STM32CubeIDE\plugins\com.st.stm32cube.common.mx_6.10.0.202311202037\\db\/mcu/
2026-03-26 18:36:21,015 [INFO] ApiDb:274 - Set plugin database path to: C:\ST\STM32CubeIDE_1.13.0\STM32CubeIDE\plugins\com.st.stm32cube.common.mx_6.10.0.202311202037\\db\/plugins/boardmanager/
2026-03-26 18:36:21,015 [INFO] ApiDb:261 - Set plugin images path to: C:\ST\STM32CubeIDE_1.13.0\STM32CubeIDE\plugins\com.st.stm32cube.common.mx_6.10.0.202311202037\\db\/plugins/mcufinder/images/
2026-03-26 18:36:21,016 [WARN] DbFile:41 - Overriding database path with different value: C:\Users\Xavi\.stmcufinder\plugins\mcufinder/ => C:\Users\Xavi\.stmcufinder\plugins\mcufinder
2026-03-26 18:36:21,016 [INFO] ApiDb:250 - Set database path to: C:\Users\Xavi\.stmcufinder\plugins\mcufinder//mcu/
2026-03-26 18:36:21,016 [WARN] DbFile:41 - Overriding database path with different value: C:\Users\Xavi\.stmcufinder\plugins\mcufinder/ => C:\Users\Xavi\.stmcufinder\plugins\mcufinder
2026-03-26 18:36:21,016 [INFO] DbMcusAds:125 - Set database path to: C:\Users\Xavi\.stmcufinder\plugins\mcufinder//mcu/
2026-03-26 18:36:21,016 [WARN] DbFile:41 - Overriding database path with different value: C:\Users\Xavi\.stmcufinder\plugins\mcufinder/ => C:\Users\Xavi\.stmcufinder\plugins\mcufinder
2026-03-26 18:36:21,016 [WARN] DbFile:41 - Overriding database path with different value: C:\Users\Xavi\.stmcufinder\plugins\mcufinder/ => C:\Users\Xavi\.stmcufinder\plugins\mcufinder
2026-03-26 18:36:21,016 [INFO] CrossReferenceDbSqlite:203 - Set database path to: C:\Users\Xavi\.stmcufinder\plugins\mcufinder//mcu/cs/
2026-03-26 18:36:21,031 [INFO] ApplicationProperties:184 - Using Application install path: C:\ST\STM32CubeIDE_1.13.0\STM32CubeIDE\plugins\com.st.stm32cube.common.mx_6.10.0.202311202037
2026-03-26 18:36:21,032 [INFO] PluginManage:196 - Search for loadable plugins [exclusion list=, ]
2026-03-26 18:36:21,033 [INFO] PluginManage:310 - Check plugin analytics
2026-03-26 18:36:21,152 [INFO] AnalyticsPlugin:253 - Accepted Software Licenses: STM32CubeMX.6.9.0
2026-03-26 18:36:21,152 [INFO] AnalyticsPlugin:255 - Accepted CMSIS Pack Licenses: 
2026-03-26 18:36:21,152 [INFO] AnalyticsPlugin:257 - Accepted Firmware Licenses: FW.F4.1.27.0,FW.H5.1.1.0
2026-03-26 18:36:21,154 [INFO] PluginManage:359 - Loaded plugin analytics (category:tool,tabindex:-1)
2026-03-26 18:36:21,154 [INFO] PluginManage:310 - Check plugin cadmodel
2026-03-26 18:36:21,165 [INFO] CADModel:105 - Init CAD model plugin
2026-03-26 18:36:21,166 [INFO] PluginManage:359 - Loaded plugin cadmodel (category:power,tabindex:5)
2026-03-26 18:36:21,166 [INFO] PluginManage:310 - Check plugin clock
2026-03-26 18:36:21,180 [INFO] PluginManage:359 - Loaded plugin clock (category:base,tabindex:2)
2026-03-26 18:36:21,180 [INFO] PluginManage:310 - Check plugin ddr
2026-03-26 18:36:21,181 [INFO] PluginManage:359 - Loaded plugin ddr (category:tool,tabindex:6)
2026-03-26 18:36:21,181 [INFO] PluginManage:310 - Check plugin filemanager
2026-03-26 18:36:21,284 [INFO] PluginManage:359 - Loaded plugin filemanager (category:base,tabindex:10)
2026-03-26 18:36:21,284 [INFO] PluginManage:310 - Check plugin ipmanager
2026-03-26 18:36:21,289 [INFO] PluginManage:359 - Loaded plugin ipmanager (category:base,tabindex:5)
2026-03-26 18:36:21,289 [INFO] PluginManage:310 - Check plugin lpbam
2026-03-26 18:36:21,301 [INFO] PluginManage:359 - Loaded plugin lpbam (category:base,tabindex:0)
2026-03-26 18:36:21,301 [INFO] PluginManage:310 - Check plugin memorymap
2026-03-26 18:36:21,317 [INFO] PluginManage:359 - Loaded plugin memorymap (category:base,tabindex:4)
2026-03-26 18:36:21,318 [INFO] PluginManage:310 - Check plugin pinoutandconfiguration
2026-03-26 18:36:21,330 [INFO] PluginManage:359 - Loaded plugin pinoutandconfiguration (category:base,tabindex:1)
2026-03-26 18:36:21,330 [INFO] PluginManage:310 - Check plugin pinoutconfig
2026-03-26 18:36:21,389 [WARN] SupportedApi:132 - Cannot load RTOS API schema: s4s-elt-must-match.1: The content of 'definitions' must match (annotation?, (simpleType | complexType)?, (unique | key | keyref)*)). A problem was found starting at: attribute.
2026-03-26 18:36:21,471 [INFO] PluginManage:359 - Loaded plugin pinoutconfig (category:base,tabindex:0)
2026-03-26 18:36:21,471 [INFO] PluginManage:310 - Check plugin power
2026-03-26 18:36:21,485 [INFO] PluginManage:359 - Loaded plugin power (category:power,tabindex:4)
2026-03-26 18:36:21,485 [INFO] PluginManage:310 - Check plugin projectmanager
2026-03-26 18:36:21,497 [INFO] PluginManage:359 - Loaded plugin projectmanager (category:projectmanager,tabindex:3)
2026-03-26 18:36:21,497 [INFO] PluginManage:310 - Check plugin thirdparty
2026-03-26 18:36:21,677 [INFO] PluginManage:359 - Loaded plugin thirdparty (category:base,tabindex:-1)
2026-03-26 18:36:21,677 [INFO] PluginManage:310 - Check plugin tools
2026-03-26 18:36:21,677 [WARN] IntegrityCheckThread:84 - waiting for thirdparty lock release [integrity check]
2026-03-26 18:36:21,677 [INFO] IntegrityCheckThread:86 - entering critical section [integrity check]
2026-03-26 18:36:21,677 [INFO] ThirdPartyUpdaterWithRetryManager:70 - Updater plugin not ready yet. [1/15]
2026-03-26 18:36:21,702 [INFO] PluginManage:359 - Loaded plugin tools (category:base,tabindex:7)
2026-03-26 18:36:21,702 [INFO] PluginManage:310 - Check plugin tutovideos
2026-03-26 18:36:21,818 [INFO] PluginManage:359 - Loaded plugin tutovideos (category:base,tabindex:-1)
2026-03-26 18:36:21,819 [INFO] PluginManage:310 - Check plugin updater
2026-03-26 18:36:21,826 [INFO] PluginManage:359 - Loaded plugin updater (category:base,tabindex:12)
2026-03-26 18:36:21,827 [INFO] PluginManage:310 - Check plugin userauth
2026-03-26 18:36:21,830 [INFO] UserAuth:114 - Init User Auth plugin
2026-03-26 18:36:21,830 [INFO] PluginManage:359 - Loaded plugin userauth (category:base,tabindex:14)
2026-03-26 18:36:21,830 [INFO] PluginManage:283 - PluginManage : Loaded plugins [17]
2026-03-26 18:36:21,962 [INFO] PinOutPanel:1499 - setPackage(No Configuration,No Configuration)
2026-03-26 18:36:22,010 [INFO] CADModel:165 - CPN selected for project level
2026-03-26 18:36:22,010 [INFO] CADModel:114 - Register for checkConnection events
2026-03-26 18:36:22,032 [INFO] IPUIPlugin:80 - create IPUIPlugin
2026-03-26 18:36:22,032 [INFO] PluginManager:220 - loadIPPluginJar : add adc
2026-03-26 18:36:22,061 [INFO] IPUIPlugin:80 - create IPUIPlugin
2026-03-26 18:36:22,061 [INFO] PluginManager:220 - loadIPPluginJar : add aes
2026-03-26 18:36:22,091 [INFO] IPUIPlugin:80 - create IPUIPlugin
2026-03-26 18:36:22,091 [INFO] PluginManager:220 - loadIPPluginJar : add can
2026-03-26 18:36:22,108 [INFO] IPUIPlugin:80 - create IPUIPlugin
2026-03-26 18:36:22,108 [INFO] PluginManager:220 - loadIPPluginJar : add comp
2026-03-26 18:36:22,130 [INFO] IPUIPlugin:80 - create IPUIPlugin
2026-03-26 18:36:22,130 [INFO] PluginManager:220 - loadIPPluginJar : add cryp
2026-03-26 18:36:22,149 [INFO] IPUIPlugin:80 - create IPUIPlugin
2026-03-26 18:36:22,149 [INFO] PluginManager:220 - loadIPPluginJar : add dfsdm
2026-03-26 18:36:22,158 [INFO] IPUIPlugin:80 - create IPUIPlugin
2026-03-26 18:36:22,158 [INFO] PluginManager:220 - loadIPPluginJar : add dma
2026-03-26 18:36:22,186 [INFO] IPUIPlugin:80 - create IPUIPlugin
2026-03-26 18:36:22,186 [INFO] PluginManager:220 - loadIPPluginJar : add dma3
2026-03-26 18:36:22,198 [INFO] IPUIPlugin:80 - create IPUIPlugin
2026-03-26 18:36:22,199 [INFO] PluginManager:220 - loadIPPluginJar : add fatfs
2026-03-26 18:36:22,233 [INFO] IPUIPlugin:80 - create IPUIPlugin
2026-03-26 18:36:22,233 [INFO] PluginManager:220 - loadIPPluginJar : add fmc
2026-03-26 18:36:22,243 [INFO] IPUIPlugin:80 - create IPUIPlugin
2026-03-26 18:36:22,244 [INFO] PluginManager:220 - loadIPPluginJar : add freertos
2026-03-26 18:36:22,256 [INFO] IPUIPlugin:80 - create IPUIPlugin
2026-03-26 18:36:22,256 [INFO] PluginManager:220 - loadIPPluginJar : add genericplugin
2026-03-26 18:36:22,317 [INFO] IPUIPlugin:80 - create IPUIPlugin
2026-03-26 18:36:22,317 [INFO] PluginManager:220 - loadIPPluginJar : add gfxmmu
2026-03-26 18:36:22,404 [INFO] IPUIPlugin:80 - create IPUIPlugin
2026-03-26 18:36:22,404 [INFO] PluginManager:220 - loadIPPluginJar : add gic
2026-03-26 18:36:22,413 [INFO] IPUIPlugin:80 - create IPUIPlugin
2026-03-26 18:36:22,413 [INFO] PluginManager:220 - loadIPPluginJar : add gpio
2026-03-26 18:36:22,483 [INFO] IPUIPlugin:80 - create IPUIPlugin
2026-03-26 18:36:22,484 [INFO] PluginManager:220 - loadIPPluginJar : add gtzc
2026-03-26 18:36:22,506 [INFO] IPUIPlugin:80 - create IPUIPlugin
2026-03-26 18:36:22,506 [INFO] PluginManager:220 - loadIPPluginJar : add hash
2026-03-26 18:36:22,541 [INFO] IPUIPlugin:80 - create IPUIPlugin
2026-03-26 18:36:22,541 [INFO] PluginManager:220 - loadIPPluginJar : add i2c
2026-03-26 18:36:22,568 [INFO] IPUIPlugin:80 - create IPUIPlugin
2026-03-26 18:36:22,568 [INFO] PluginManager:220 - loadIPPluginJar : add i2s
2026-03-26 18:36:22,597 [INFO] IPUIPlugin:80 - create IPUIPlugin
2026-03-26 18:36:22,597 [INFO] PluginManager:220 - loadIPPluginJar : add i3c
2026-03-26 18:36:22,689 [INFO] IPUIPlugin:80 - create IPUIPlugin
2026-03-26 18:36:22,689 [INFO] PluginManager:220 - loadIPPluginJar : add ipddr
2026-03-26 18:36:22,760 [INFO] IPUIPlugin:80 - create IPUIPlugin
2026-03-26 18:36:22,760 [INFO] PluginManager:220 - loadIPPluginJar : add linkedlist
2026-03-26 18:36:22,796 [INFO] IPUIPlugin:80 - create IPUIPlugin
2026-03-26 18:36:22,796 [INFO] PluginManager:220 - loadIPPluginJar : add lorawan
2026-03-26 18:36:22,823 [INFO] IPUIPlugin:80 - create IPUIPlugin
2026-03-26 18:36:22,823 [INFO] PluginManager:220 - loadIPPluginJar : add ltdc
2026-03-26 18:36:22,832 [INFO] IPUIPlugin:80 - create IPUIPlugin
2026-03-26 18:36:22,832 [INFO] PluginManager:220 - loadIPPluginJar : add mdma
2026-03-26 18:36:22,841 [INFO] IPUIPlugin:80 - create IPUIPlugin
2026-03-26 18:36:22,841 [INFO] PluginManager:220 - loadIPPluginJar : add nvic
2026-03-26 18:36:22,868 [INFO] IPUIPlugin:80 - create IPUIPlugin
2026-03-26 18:36:22,868 [INFO] PluginManager:220 - loadIPPluginJar : add opamp
2026-03-26 18:36:22,910 [INFO] IPUIPlugin:80 - create IPUIPlugin
2026-03-26 18:36:22,910 [INFO] PluginManager:220 - loadIPPluginJar : add openamp
2026-03-26 18:36:22,938 [INFO] IPUIPlugin:80 - create IPUIPlugin
2026-03-26 18:36:22,938 [INFO] PluginManager:220 - loadIPPluginJar : add pdm2pcm
2026-03-26 18:36:22,948 [INFO] IPUIPlugin:80 - create IPUIPlugin
2026-03-26 18:36:22,949 [INFO] PluginManager:220 - loadIPPluginJar : add plateformsettings
2026-03-26 18:36:22,965 [INFO] IPUIPlugin:80 - create IPUIPlugin
2026-03-26 18:36:22,965 [INFO] PluginManager:220 - loadIPPluginJar : add quadspi
2026-03-26 18:36:22,974 [INFO] IPUIPlugin:80 - create IPUIPlugin
2026-03-26 18:36:22,974 [INFO] PluginManager:220 - loadIPPluginJar : add resmgrutility
2026-03-26 18:36:23,007 [INFO] IPUIPlugin:80 - create IPUIPlugin
2026-03-26 18:36:23,007 [INFO] PluginManager:220 - loadIPPluginJar : add sai
2026-03-26 18:36:23,032 [INFO] IPUIPlugin:80 - create IPUIPlugin
2026-03-26 18:36:23,032 [INFO] PluginManager:220 - loadIPPluginJar : add spi
2026-03-26 18:36:23,081 [INFO] IPUIPlugin:80 - create IPUIPlugin
2026-03-26 18:36:23,081 [INFO] PluginManager:220 - loadIPPluginJar : add stm32_wpan
2026-03-26 18:36:23,098 [INFO] IPUIPlugin:80 - create IPUIPlugin
2026-03-26 18:36:23,098 [INFO] PluginManager:220 - loadIPPluginJar : add tim
2026-03-26 18:36:23,139 [INFO] IPUIPlugin:80 - create IPUIPlugin
2026-03-26 18:36:23,139 [INFO] PluginManager:220 - loadIPPluginJar : add touchsensing
2026-03-26 18:36:23,153 [INFO] IPUIPlugin:80 - create IPUIPlugin
2026-03-26 18:36:23,154 [INFO] PluginManager:220 - loadIPPluginJar : add tracer_emb
2026-03-26 18:36:23,170 [INFO] IPUIPlugin:80 - create IPUIPlugin
2026-03-26 18:36:23,170 [INFO] PluginManager:220 - loadIPPluginJar : add ts
2026-03-26 18:36:23,185 [INFO] IPUIPlugin:80 - create IPUIPlugin
2026-03-26 18:36:23,185 [INFO] PluginManager:220 - loadIPPluginJar : add tsc
2026-03-26 18:36:23,199 [INFO] IPUIPlugin:80 - create IPUIPlugin
2026-03-26 18:36:23,199 [INFO] PluginManager:220 - loadIPPluginJar : add ucpd
2026-03-26 18:36:23,228 [INFO] IPUIPlugin:80 - create IPUIPlugin
2026-03-26 18:36:23,228 [INFO] PluginManager:220 - loadIPPluginJar : add usart
2026-03-26 18:36:23,258 [INFO] IPUIPlugin:80 - create IPUIPlugin
2026-03-26 18:36:23,258 [INFO] PluginManager:220 - loadIPPluginJar : add usbx
2026-03-26 18:36:23,360 [INFO] CADModel:165 - CPN selected for project level
2026-03-26 18:36:23,360 [INFO] CADModel:114 - Register for checkConnection events
2026-03-26 18:36:23,360 [FATAL] Updater:308 - Updater called before beeing initialized
2026-03-26 18:36:23,360 [ERROR] CADModel:125 - Updater not yet initialized, retry later 
2026-03-26 18:36:23,441 [INFO] CADModel:165 - CPN selected for project level
2026-03-26 18:36:23,442 [INFO] CADModel:114 - Register for checkConnection events
2026-03-26 18:36:23,442 [FATAL] Updater:308 - Updater called before beeing initialized
2026-03-26 18:36:23,442 [ERROR] CADModel:125 - Updater not yet initialized, retry later 
2026-03-26 18:36:23,443 [FATAL] Updater:308 - Updater called before beeing initialized
2026-03-26 18:36:23,502 [FATAL] Updater:308 - Updater called before beeing initialized
2026-03-26 18:36:23,515 [INFO] DbMcusAds:53 - JSON generation date=Thu Mar 05 15:32:52 CET 2026 (1772721172890)
2026-03-26 18:36:23,515 [FATAL] Updater:308 - Updater called before beeing initialized
2026-03-26 18:36:23,569 [WARN] DetailPanel:346 - Failed to get advertising image, set to default
2026-03-26 18:36:23,636 [FATAL] Updater:308 - Updater called before beeing initialized
2026-03-26 18:36:23,637 [FATAL] Updater:308 - Updater called before beeing initialized
2026-03-26 18:36:23,637 [FATAL] Updater:308 - Updater called before beeing initialized
2026-03-26 18:36:23,637 [WARN] DetailPanel:346 - Failed to get advertising image, set to default
2026-03-26 18:36:23,637 [FATAL] Updater:308 - Updater called before beeing initialized
2026-03-26 18:36:23,672 [ERROR] Updater:1120 - MainUpdater not yet initialized. External WinMGr cannot be set.
2026-03-26 18:36:23,680 [INFO] Updater:1056 - Updater Version found : 6.10.0
2026-03-26 18:36:23,691 [INFO] ApplicationProperties:184 - Using Application install path: C:\ST\STM32CubeIDE_1.13.0\STM32CubeIDE\plugins\com.st.stm32cube.common.mx_6.10.0.202311202037
2026-03-26 18:36:23,730 [INFO] MainUpdater:526 - Copy updater definitions from MX database
2026-03-26 18:36:23,967 [INFO] MainUpdater:2873 - connection check result : 10
2026-03-26 18:36:23,967 [INFO] MainUpdater:3567 - Updater definition file requires update
2026-03-26 18:36:23,967 [INFO] MainUpdater:290 - Updater Check For Update Now.
2026-03-26 18:36:23,968 [INFO] MicroXplorer:498 - Change Database Version : DB.6.0.100
2026-03-26 18:36:23,980 [INFO] McuFinderGlobals:63 - Set McuFinder mode to 2 (CubeIDE integrated)
2026-03-26 18:36:23,988 [INFO] UserAuth:404 - Internet connection configuration mode: 1
2026-03-26 18:36:24,004 [INFO] JxBrowserEngine:152 - Initiate JxBrowser Engine with user profile folder
2026-03-26 18:36:24,076 [INFO] ServerAccessManage:473 - Download File updaters.zip
2026-03-26 18:36:24,189 [INFO] FileExtend:240 - Unzip File : updaters.zip
2026-03-26 18:36:24,189 [INFO] FileExtend:255 - Standard Zip Deflate
2026-03-26 18:36:24,511 [INFO] ServerAccessManage:473 - Download File PacksControlFlags.xml
2026-03-26 18:36:24,609 [INFO] ServerAccessManage:473 - Download File cubemx.pidx
2026-03-26 18:36:24,680 [WARN] MainUpdater:1194 - Updater busy. Cannot search thirdparties
2026-03-26 18:36:24,681 [INFO] ThirdPartyUpdaterWithRetryManager:96 - Updater plugin is busy. [1/15]
2026-03-26 18:36:24,723 [INFO] LoadServerUpdatesThread:375 - End of LoadServerUpdate Thread
2026-03-26 18:36:24,885 [INFO] CheckServerUpdateThread:120 - End of CheckServer Thread
2026-03-26 18:36:26,006 [INFO] WebApp:161 - Instantiating new browser for Auth
2026-03-26 18:36:26,345 [INFO] WebApp:780 - Register for checkConnection events
2026-03-26 18:36:26,346 [INFO] WebApp:414 - Apply proxy settings
2026-03-26 18:36:26,346 [INFO] WebApp:499 - Chromium requires no authentication
2026-03-26 18:36:26,350 [INFO] WebApp:442 - Direct internet connection detected
2026-03-26 18:36:26,458 [INFO] WebApp:192 - Starting web application
2026-03-26 18:36:26,458 [INFO] WebApp:544 - Web application path used C:\ST\STM32CubeIDE_1.13.0\STM32CubeIDE\plugins\com.st.stm32cube.common.mx_6.10.0.202311202037\db\plugins\mcufinder\reactClient1\index.html
2026-03-26 18:36:27,885 [WARN] PackLoader:240 - Cannot read IP mode file for STMicroelectronics.X-CUBE-AZRTOS-H7.3.5.0
2026-03-26 18:36:27,899 [WARN] PackLoader:240 - Cannot read IP mode file for STMicroelectronics.FP-SNS-MOTENVWB1.1.4.0
2026-03-26 18:36:27,908 [WARN] PackLoader:240 - Cannot read IP mode file for STMicroelectronics.FP-ATR-ASTRA1.2.0.2
2026-03-26 18:36:27,915 [WARN] PackLoader:240 - Cannot read IP mode file for STMicroelectronics.FP-ATR-ASTRA1.2.0.1
2026-03-26 18:36:27,929 [WARN] PackLoader:240 - Cannot read IP mode file for STMicroelectronics.X-CUBE-SMBUS.2.1.0
2026-03-26 18:36:27,940 [WARN] PackLoader:240 - Cannot read IP mode file for STMicroelectronics.X-CUBE-WB05N.1.1.0
2026-03-26 18:36:27,949 [ERROR] Engine:466 - C:\Users\Xavi\.stm32cubemx\thirdparties\pdsc\STMicroelectronics.X-CUBE-ST60.1.0.0.pdsc: PDSC version is not supported
2026-03-26 18:36:27,957 [WARN] PackLoader:240 - Cannot read IP mode file for STMicroelectronics.X-CUBE-TOUCHGFX.4.23.0
2026-03-26 18:36:27,983 [WARN] PackLoader:240 - Cannot read IP mode file for STMicroelectronics.X-CUBE-AZRTOS-F7.1.1.0
2026-03-26 18:36:27,996 [WARN] PackLoader:240 - Cannot read IP mode file for STMicroelectronics.FP-SNS-MOTENV1.4.3.2
2026-03-26 18:36:28,032 [WARN] PackLoader:240 - Cannot read IP mode file for STMicroelectronics.X-CUBE-MEMS1.11.0.0
2026-03-26 18:36:28,111 [WARN] PackLoader:240 - Cannot read IP mode file for STMicroelectronics.X-CUBE-BLE1.6.2.4
2026-03-26 18:36:28,120 [ERROR] Engine:466 - C:\Users\Xavi\.stm32cubemx\thirdparties\pdsc\STMicroelectronics.FP-SNS-MOTENV1.5.1.0.pdsc: PDSC version is not supported
2026-03-26 18:36:28,129 [WARN] PackLoader:240 - Cannot read IP mode file for STMicroelectronics.FP-SNS-FLIGHT1.5.0.2
2026-03-26 18:36:28,145 [WARN] PackLoader:240 - Cannot read IP mode file for STMicroelectronics.X-CUBE-AZRTOS-H7.3.4.0
2026-03-26 18:36:28,156 [WARN] PackLoader:240 - Cannot read IP mode file for STMicroelectronics.X-CUBE-DISPLAY.3.0.0
2026-03-26 18:36:28,165 [ERROR] Engine:466 - C:\Users\Xavi\.stm32cubemx\thirdparties\pdsc\STMicroelectronics.FP-SNS-MOTENVWB1.1.5.0.pdsc: PDSC version is not supported
2026-03-26 18:36:28,172 [WARN] PackLoader:240 - Cannot read IP mode file for STMicroelectronics.X-CUBE-BLE1.7.0.0
2026-03-26 18:36:28,182 [WARN] PackLoader:240 - Cannot read IP mode file for STMicroelectronics.X-CUBE-NFC10.1.0.0
2026-03-26 18:36:28,193 [WARN] PackLoader:240 - Cannot read IP mode file for STMicroelectronics.X-CUBE-BLEMGR.4.0.0
2026-03-26 18:36:28,201 [ERROR] Engine:466 - C:\Users\Xavi\.stm32cubemx\thirdparties\pdsc\STMicroelectronics.X-CUBE-ST60.1.1.0.pdsc: PDSC version is not supported
2026-03-26 18:36:28,209 [WARN] PackLoader:240 - Cannot read IP mode file for emotas.I-CUBE-CANOPEN.1.3.0
2026-03-26 18:36:28,217 [WARN] PackLoader:240 - Cannot read IP mode file for STMicroelectronics.X-CUBE-TOUCHGFX.4.22.0
2026-03-26 18:36:28,225 [WARN] PackLoader:240 - Cannot read IP mode file for STMicroelectronics.X-CUBE-GNSS1.7.1.0
2026-03-26 18:36:28,234 [WARN] PackLoader:240 - Cannot read IP mode file for STMicroelectronics.X-CUBE-TOUCHGFX.4.22.1
2026-03-26 18:36:28,245 [WARN] PackLoader:240 - Cannot read IP mode file for STMicroelectronics.X-CUBE-BLEMGR.3.1.0
2026-03-26 18:36:28,255 [WARN] PackLoader:240 - Cannot read IP mode file for STMicroelectronics.X-CUBE-AI.10.0.0
2026-03-26 18:36:28,264 [ERROR] Engine:466 - C:\Users\Xavi\.stm32cubemx\thirdparties\pdsc\STMicroelectronics.FP-SNS-STBOX1.2.1.0.pdsc: PDSC version is not supported
2026-03-26 18:36:28,276 [WARN] PackLoader:240 - Cannot read IP mode file for STMicroelectronics.FP-SNS-SMARTAG2.1.2.0
2026-03-26 18:36:28,285 [ERROR] Engine:466 - C:\Users\Xavi\.stm32cubemx\thirdparties\pdsc\STMicroelectronics.FP-SNS-FLIGHT1.5.1.0.pdsc: PDSC version is not supported
2026-03-26 18:36:28,318 [WARN] PackLoader:240 - Cannot read IP mode file for STMicroelectronics.X-CUBE-MEMS1.11.1.0
2026-03-26 18:36:28,383 [INFO] LogOutputStream:77 - [STDOUT_REDIRECT] 1 : Invalid condition id : UX_CORESTACK_Condition cause : null
2026-03-26 18:36:28,383 [INFO] LogOutputStream:77 - [STDOUT_REDIRECT] 1 : Invalid condition id : UX_CORESTACK_Condition cause : null
2026-03-26 18:36:28,384 [INFO] LogOutputStream:77 - [STDOUT_REDIRECT] 1 : Invalid condition id : UX_CORESTACK_Condition cause : null
2026-03-26 18:36:28,385 [INFO] LogOutputStream:77 - [STDOUT_REDIRECT] 1 : Invalid condition id : UX_CORESTACK_Condition cause : null
2026-03-26 18:36:28,386 [INFO] LogOutputStream:77 - [STDOUT_REDIRECT] 1 : Invalid condition id : UX_CORESTACK_Condition cause : null
2026-03-26 18:36:28,387 [WARN] PackLoader:240 - Cannot read IP mode file for STMicroelectronics.X-CUBE-AZRTOS-WL.2.0.0
2026-03-26 18:36:28,397 [WARN] PackLoader:240 - Cannot read IP mode file for STMicroelectronics.FP-SNS-MOTENV1.5.0.0
2026-03-26 18:36:28,417 [WARN] PackLoader:240 - Cannot read IP mode file for STMicroelectronics.X-CUBE-AZRTOS-H7RS.1.2.0
2026-03-26 18:36:28,427 [WARN] PackLoader:240 - Cannot read IP mode file for wolfSSL.I-CUBE-wolfMQTT.1.19.0
2026-03-26 18:36:28,439 [WARN] PackLoader:240 - Cannot read IP mode file for WES.I-CUBE-Cesium.1.3.0
2026-03-26 18:36:28,449 [WARN] PackLoader:240 - Cannot read IP mode file for STMicroelectronics.X-CUBE-BLE2.3.3.0
2026-03-26 18:36:28,456 [ERROR] Engine:466 - C:\Users\Xavi\.stm32cubemx\thirdparties\pdsc\Avnet-IOTCONNECT.X-CUBE-iotc-st67-sdk.1.0.0.pdsc: PDSC version is not supported
2026-03-26 18:36:28,464 [WARN] PackLoader:240 - Cannot read IP mode file for STMicroelectronics.X-CUBE-NFC9.1.0.0
2026-03-26 18:36:28,472 [WARN] PackLoader:240 - Cannot read IP mode file for STMicroelectronics.X-CUBE-BLE1.7.1.0
2026-03-26 18:36:28,481 [WARN] PackLoader:240 - Cannot read IP mode file for STMicroelectronics.X-CUBE-TCPP.4.1.0
2026-03-26 18:36:28,488 [ERROR] Engine:466 - C:\Users\Xavi\.stm32cubemx\thirdparties\pdsc\STMicroelectronics.X-CUBE-FREERTOS.1.4.0.pdsc: PDSC version is not supported
2026-03-26 18:36:28,496 [WARN] PackLoader:240 - Cannot read IP mode file for STMicroelectronics.X-CUBE-EEPRMA1.5.2.0
2026-03-26 18:36:28,503 [ERROR] Engine:466 - C:\Users\Xavi\.stm32cubemx\thirdparties\pdsc\STMicroelectronics.X-CUBE-ST67W61.1.1.0.pdsc: PDSC version is not supported
2026-03-26 18:36:28,510 [WARN] PackLoader:240 - Cannot read IP mode file for STMicroelectronics.X-CUBE-AI.10.1.0
2026-03-26 18:36:28,536 [WARN] PackLoader:240 - Cannot read IP mode file for STMicroelectronics.X-CUBE-MEMS1.12.0.0
2026-03-26 18:36:28,580 [WARN] PackLoader:240 - Cannot read IP mode file for STMicroelectronics.X-CUBE-ALGOBUILD.1.3.0
2026-03-26 18:36:28,597 [WARN] PackLoader:240 - Cannot read IP mode file for STMicroelectronics.X-CUBE-AZRTOS-G0.1.1.0
2026-03-26 18:36:28,609 [WARN] PackLoader:240 - Cannot read IP mode file for STMicroelectronics.X-CUBE-SAFEA1.1.2.2
2026-03-26 18:36:28,619 [WARN] PackLoader:240 - Cannot read IP mode file for STMicroelectronics.X-CUBE-NFC4.3.0.0
2026-03-26 18:36:28,633 [WARN] PackLoader:240 - Cannot read IP mode file for EmbeddedOffice.I-CUBE-FS-RTOS.1.0.1
2026-03-26 18:36:28,633 [ERROR] ConditionMgr:805 - Attr not supported : Dmpu
2026-03-26 18:36:28,633 [ERROR] ConditionMgr:805 - Attr not supported : Dmpu
2026-03-26 18:36:28,633 [ERROR] ConditionMgr:805 - Attr not supported : Dmpu
2026-03-26 18:36:28,633 [ERROR] ConditionMgr:805 - Attr not supported : Dmpu
2026-03-26 18:36:28,633 [ERROR] ConditionMgr:805 - Attr not supported : Dmpu
2026-03-26 18:36:28,633 [ERROR] ConditionMgr:805 - Attr not supported : Dmpu
2026-03-26 18:36:28,633 [ERROR] ConditionMgr:805 - Attr not supported : Dmpu
2026-03-26 18:36:28,633 [ERROR] ConditionMgr:805 - Attr not supported : Dmpu
2026-03-26 18:36:28,633 [ERROR] ConditionMgr:805 - Attr not supported : Dmpu
2026-03-26 18:36:28,633 [ERROR] ConditionMgr:805 - Attr not supported : Dmpu
2026-03-26 18:36:28,633 [ERROR] ConditionMgr:805 - Attr not supported : Dmpu
2026-03-26 18:36:28,633 [ERROR] ConditionMgr:805 - Attr not supported : Dmpu
2026-03-26 18:36:28,633 [ERROR] ConditionMgr:805 - Attr not supported : Dmpu
2026-03-26 18:36:28,633 [ERROR] ConditionMgr:805 - Attr not supported : Dmpu
2026-03-26 18:36:28,633 [ERROR] ConditionMgr:805 - Attr not supported : Dmpu
2026-03-26 18:36:28,633 [ERROR] ConditionMgr:805 - Attr not supported : Dmpu
2026-03-26 18:36:28,633 [ERROR] ConditionMgr:805 - Attr not supported : Dmpu
2026-03-26 18:36:28,633 [ERROR] ConditionMgr:805 - Attr not supported : Dmpu
2026-03-26 18:36:28,633 [ERROR] ConditionMgr:805 - Attr not supported : Dmpu
2026-03-26 18:36:28,633 [ERROR] ConditionMgr:805 - Attr not supported : Dmpu
2026-03-26 18:36:28,633 [ERROR] ConditionMgr:805 - Attr not supported : Dmpu
2026-03-26 18:36:28,633 [ERROR] ConditionMgr:805 - Attr not supported : Dmpu
2026-03-26 18:36:28,633 [ERROR] ConditionMgr:805 - Attr not supported : Dmpu
2026-03-26 18:36:28,634 [ERROR] ConditionMgr:805 - Attr not supported : Dmpu
2026-03-26 18:36:28,634 [ERROR] ConditionMgr:805 - Attr not supported : Dmpu
2026-03-26 18:36:28,634 [ERROR] ConditionMgr:805 - Attr not supported : Dmpu
2026-03-26 18:36:28,634 [ERROR] ConditionMgr:805 - Attr not supported : Dmpu
2026-03-26 18:36:28,634 [ERROR] ConditionMgr:805 - Attr not supported : Dmpu
2026-03-26 18:36:28,634 [ERROR] ConditionMgr:805 - Attr not supported : Dmpu
2026-03-26 18:36:28,634 [ERROR] ConditionMgr:805 - Attr not supported : Dmpu
2026-03-26 18:36:28,634 [ERROR] ConditionMgr:805 - Attr not supported : Dmpu
2026-03-26 18:36:28,634 [ERROR] ConditionMgr:805 - Attr not supported : Dmpu
2026-03-26 18:36:28,634 [ERROR] ConditionMgr:805 - Attr not supported : Dmpu
2026-03-26 18:36:28,634 [ERROR] ConditionMgr:805 - Attr not supported : Dmpu
2026-03-26 18:36:28,634 [ERROR] ConditionMgr:805 - Attr not supported : Dmpu
2026-03-26 18:36:28,634 [ERROR] ConditionMgr:805 - Attr not supported : Dmpu
2026-03-26 18:36:28,634 [ERROR] ConditionMgr:805 - Attr not supported : Dmpu
2026-03-26 18:36:28,634 [ERROR] ConditionMgr:805 - Attr not supported : Dmpu
2026-03-26 18:36:28,634 [ERROR] ConditionMgr:805 - Attr not supported : Dmpu
2026-03-26 18:36:28,634 [ERROR] ConditionMgr:805 - Attr not supported : Dmpu
2026-03-26 18:36:28,634 [ERROR] ConditionMgr:805 - Attr not supported : Dmpu
2026-03-26 18:36:28,634 [ERROR] ConditionMgr:805 - Attr not supported : Dmpu
2026-03-26 18:36:28,634 [ERROR] ConditionMgr:805 - Attr not supported : Dmpu
2026-03-26 18:36:28,634 [ERROR] ConditionMgr:805 - Attr not supported : Dmpu
2026-03-26 18:36:28,634 [ERROR] ConditionMgr:805 - Attr not supported : Dmpu
2026-03-26 18:36:28,634 [ERROR] ConditionMgr:805 - Attr not supported : Dmpu
2026-03-26 18:36:28,634 [ERROR] ConditionMgr:805 - Attr not supported : Dmpu
2026-03-26 18:36:28,634 [ERROR] ConditionMgr:805 - Attr not supported : Dmpu
2026-03-26 18:36:28,634 [ERROR] ConditionMgr:805 - Attr not supported : Dmpu
2026-03-26 18:36:28,634 [ERROR] ConditionMgr:805 - Attr not supported : Dmpu
2026-03-26 18:36:28,634 [ERROR] ConditionMgr:805 - Attr not supported : Dmpu
2026-03-26 18:36:28,634 [ERROR] ConditionMgr:805 - Attr not supported : Dmpu
2026-03-26 18:36:28,634 [ERROR] ConditionMgr:805 - Attr not supported : Dmpu
2026-03-26 18:36:28,634 [ERROR] ConditionMgr:805 - Attr not supported : Dmpu
2026-03-26 18:36:28,634 [ERROR] ConditionMgr:805 - Attr not supported : Dmpu
2026-03-26 18:36:28,634 [ERROR] ConditionMgr:805 - Attr not supported : Dmpu
2026-03-26 18:36:28,634 [ERROR] ConditionMgr:805 - Attr not supported : Dmpu
2026-03-26 18:36:28,634 [ERROR] ConditionMgr:805 - Attr not supported : Dmpu
2026-03-26 18:36:28,634 [ERROR] ConditionMgr:805 - Attr not supported : Dmpu
2026-03-26 18:36:28,634 [ERROR] ConditionMgr:805 - Attr not supported : Dmpu
2026-03-26 18:36:28,634 [ERROR] ConditionMgr:805 - Attr not supported : Dmpu
2026-03-26 18:36:28,634 [ERROR] ConditionMgr:805 - Attr not supported : Dmpu
2026-03-26 18:36:28,635 [ERROR] ConditionMgr:805 - Attr not supported : Dmpu
2026-03-26 18:36:28,635 [ERROR] ConditionMgr:805 - Attr not supported : Dmpu
2026-03-26 18:36:28,643 [WARN] PackLoader:240 - Cannot read IP mode file for STMicroelectronics.X-CUBE-WB05N.2.0.0
2026-03-26 18:36:28,653 [WARN] PackLoader:240 - Cannot read IP mode file for STMicroelectronics.X-CUBE-BLEMGR.3.0.0
2026-03-26 18:36:28,660 [ERROR] Engine:466 - C:\Users\Xavi\.stm32cubemx\thirdparties\pdsc\STMicroelectronics.X-CUBE-TCPP.4.2.0.pdsc: PDSC version is not supported
2026-03-26 18:36:28,670 [WARN] PackLoader:240 - Cannot read IP mode file for RealThread.X-CUBE-RT-Thread_Nano.4.1.1
2026-03-26 18:36:28,678 [WARN] PackLoader:240 - Cannot read IP mode file for STMicroelectronics.FP-ATR-SIGFOX1.3.2.0
2026-03-26 18:36:28,686 [WARN] ConditionMgr:438 - getConditionDescription Invalid condition id : Cortex-A Device cause : null
2026-03-26 18:36:28,699 [WARN] ConditionMgr:1039 - genDependencies : Invalid condition id : Cortex-A Device cause : null
2026-03-26 18:36:28,699 [WARN] ConditionMgr:1039 - genDependencies : Invalid condition id : Cortex-A Device cause : null
2026-03-26 18:36:28,700 [WARN] ConditionMgr:1039 - genDependencies : Invalid condition id : Cortex-A Device cause : null
2026-03-26 18:36:28,706 [WARN] PackLoader:240 - Cannot read IP mode file for STMicroelectronics.X-CUBE-EEPRMA1.5.1.0
2026-03-26 18:36:28,714 [ERROR] Engine:466 - C:\Users\Xavi\.stm32cubemx\thirdparties\pdsc\STMicroelectronics.X-CUBE-FREERTOS.1.5.0.pdsc: PDSC version is not supported
2026-03-26 18:36:28,724 [WARN] PackLoader:240 - Cannot read IP mode file for STMicroelectronics.X-CUBE-NFC6.3.2.0
2026-03-26 18:36:28,733 [ERROR] Engine:466 - C:\Users\Xavi\.stm32cubemx\thirdparties\pdsc\STMicroelectronics.X-CUBE-ST67W61.1.0.0.pdsc: PDSC version is not supported
2026-03-26 18:36:28,739 [WARN] PackLoader:240 - Cannot read IP mode file for STMicroelectronics.X-CUBE-AI.10.2.0
2026-03-26 18:36:28,759 [WARN] PackLoader:240 - Cannot read IP mode file for SEGGER.I-CUBE-embOS.1.3.1
2026-03-26 18:36:28,780 [WARN] PackLoader:240 - Cannot read IP mode file for STMicroelectronics.X-CUBE-ALGOBUILD.1.4.0
2026-03-26 18:36:28,807 [WARN] PackLoader:240 - Cannot read IP mode file for STMicroelectronics.X-CUBE-MEMS1.11.3.0
2026-03-26 18:36:28,870 [WARN] PackLoader:240 - Cannot read IP mode file for STMicroelectronics.X-CUBE-PM33A1.1.0.0
2026-03-26 18:36:28,878 [WARN] PackLoader:240 - Cannot read IP mode file for STMicroelectronics.X-CUBE-GNSS1.6.0.0
2026-03-26 18:36:28,894 [WARN] PackLoader:240 - Cannot read IP mode file for STMicroelectronics.X-CUBE-AZRTOS-F4.1.1.0
2026-03-26 18:36:28,903 [WARN] PackLoader:240 - Cannot read IP mode file for wolfSSL.I-CUBE-wolfSSL.5.6.3
2026-03-26 18:36:28,910 [ERROR] Engine:466 - C:\Users\Xavi\.stm32cubemx\thirdparties\pdsc\Avnet-IotConnect.X-CUBE-IoTC-DA16k-PMOD.1.0.0.pdsc: PDSC version is not supported
2026-03-26 18:36:28,918 [WARN] PackLoader:240 - Cannot read IP mode file for STMicroelectronics.X-CUBE-ISPU.2.1.0
2026-03-26 18:36:28,926 [ERROR] Engine:466 - C:\Users\Xavi\.stm32cubemx\thirdparties\pdsc\STMicroelectronics.X-CUBE-IPS.3.2.0.pdsc: PDSC version is not supported
2026-03-26 18:36:28,933 [WARN] PackLoader:240 - Cannot read IP mode file for STMicroelectronics.X-CUBE-FREERTOS.1.2.0
2026-03-26 18:36:28,942 [WARN] PackLoader:240 - Cannot read IP mode file for STMicroelectronics.X-CUBE-NFC12.1.0.0
2026-03-26 18:36:28,961 [WARN] PackLoader:240 - Cannot read IP mode file for STMicroelectronics.X-CUBE-AZRTOS-L5.2.0.0
2026-03-26 18:36:28,987 [WARN] PackLoader:240 - Cannot read IP mode file for STMicroelectronics.X-CUBE-MEMS1.9.6.0
2026-03-26 18:36:29,067 [WARN] PackLoader:240 - Cannot read IP mode file for STMicroelectronics.X-CUBE-EEPRMA1.4.2.0
2026-03-26 18:36:29,077 [WARN] PackLoader:240 - Cannot read IP mode file for STMicroelectronics.X-CUBE-NFC6.3.1.0
2026-03-26 18:36:29,087 [WARN] PackLoader:240 - Cannot read IP mode file for ITTIA_DB.I-CUBE-ITTIADB.8.8.0
2026-03-26 18:36:29,096 [WARN] PackLoader:240 - Cannot read IP mode file for STMicroelectronics.X-CUBE-BLEMGR.2.0.0
2026-03-26 18:36:29,103 [WARN] PackLoader:240 - Cannot read IP mode file for STMicroelectronics.X-CUBE-DPower.1.2.0
2026-03-26 18:36:29,111 [WARN] PackLoader:240 - Cannot read IP mode file for STMicroelectronics.X-CUBE-AI.9.0.0
2026-03-26 18:36:29,132 [WARN] ConditionMgr:438 - getConditionDescription Invalid condition id : UX DEVICE CLASS RTOS Condition cause : null
2026-03-26 18:36:29,132 [WARN] ConditionMgr:438 - getConditionDescription Invalid condition id : UX DEVICE CLASS RTOS Condition cause : null
2026-03-26 18:36:29,132 [WARN] PackLoader:240 - Cannot read IP mode file for STMicroelectronics.X-CUBE-AZRTOS-H7.3.1.0
2026-03-26 18:36:29,132 [WARN] ConditionMgr:1039 - genDependencies : Invalid condition id : UX DEVICE CLASS RTOS Condition cause : null
2026-03-26 18:36:29,133 [WARN] ConditionMgr:1039 - genDependencies : Invalid condition id : UX DEVICE CLASS RTOS Condition cause : null
2026-03-26 18:36:29,133 [WARN] ConditionMgr:1039 - genDependencies : Invalid condition id : UX DEVICE CLASS RTOS Condition cause : null
2026-03-26 18:36:29,133 [WARN] ConditionMgr:1039 - genDependencies : Invalid condition id : UX DEVICE CLASS RTOS Condition cause : null
2026-03-26 18:36:29,133 [WARN] ConditionMgr:1039 - genDependencies : Invalid condition id : UX DEVICE CLASS RTOS Condition cause : null
2026-03-26 18:36:29,143 [WARN] PackLoader:240 - Cannot read IP mode file for STMicroelectronics.X-CUBE-FREERTOS.1.3.1
2026-03-26 18:36:29,151 [WARN] PackLoader:240 - Cannot read IP mode file for STMicroelectronics.X-CUBE-FREERTOS.1.3.0
2026-03-26 18:36:29,159 [WARN] PackLoader:240 - Cannot read IP mode file for STMicroelectronics.X-CUBE-NFC7.1.0.1
2026-03-26 18:36:29,165 [WARN] PackLoader:240 - Cannot read IP mode file for wolfSSL.I-CUBE-wolfTPM.3.2.0
2026-03-26 18:36:29,172 [WARN] PackLoader:240 - Cannot read IP mode file for STMicroelectronics.X-CUBE-TOUCHGFX.4.26.0
2026-03-26 18:36:29,180 [WARN] PackLoader:240 - Cannot read IP mode file for STMicroelectronics.X-CUBE-NFC6.3.0.0
2026-03-26 18:36:29,188 [WARN] PackLoader:240 - Cannot read IP mode file for STMicroelectronics.X-CUBE-TOUCHGFX.4.26.1
2026-03-26 18:36:29,194 [WARN] PackLoader:240 - Cannot read IP mode file for STMicroelectronics.X-CUBE-EEPRMA1.4.1.0
2026-03-26 18:36:29,202 [ERROR] Engine:466 - C:\Users\Xavi\.stm32cubemx\thirdparties\pdsc\STMicroelectronics.FP-SNS-STAIOTCFT.1.0.0.pdsc: PDSC version is not supported
2026-03-26 18:36:29,208 [WARN] PackLoader:240 - Cannot read IP mode file for STMicroelectronics.X-CUBE-DPower.1.3.0
2026-03-26 18:36:29,214 [WARN] PackLoader:240 - Cannot read IP mode file for STMicroelectronics.X-CUBE-AI.8.1.0
2026-03-26 18:36:29,230 [WARN] ConditionMgr:438 - getConditionDescription Invalid condition id : LAN8742 Phy interface Condition cause : null
2026-03-26 18:36:29,232 [WARN] PackLoader:240 - Cannot read IP mode file for STMicroelectronics.X-CUBE-AZRTOS-L4.2.0.0
2026-03-26 18:36:29,232 [WARN] ConditionMgr:1039 - genDependencies : Invalid condition id : LAN8742 Phy interface Condition cause : null
2026-03-26 18:36:29,232 [WARN] ConditionMgr:1039 - genDependencies : Invalid condition id : LAN8742 Phy interface Condition cause : null
2026-03-26 18:36:29,232 [WARN] ConditionMgr:1039 - genDependencies : Invalid condition id : LAN8742 Phy interface Condition cause : null
2026-03-26 18:36:29,241 [WARN] PackLoader:240 - Cannot read IP mode file for STMicroelectronics.X-CUBE-SFXS2LP1.4.0.0
2026-03-26 18:36:29,249 [ERROR] Engine:466 - C:\Users\Xavi\.stm32cubemx\thirdparties\pdsc\STMicroelectronics.X-CUBE-ST67W61.1.2.0.pdsc: PDSC version is not supported
2026-03-26 18:36:29,270 [WARN] PackLoader:240 - Cannot read IP mode file for STMicroelectronics.X-CUBE-ISPU.1.1.0
2026-03-26 18:36:29,285 [WARN] PackLoader:240 - Cannot read IP mode file for STMicroelectronics.X-CUBE-AZRTOS-H7.3.3.0
2026-03-26 18:36:29,292 [ERROR] Engine:466 - C:\Users\Xavi\.stm32cubemx\thirdparties\pdsc\STMicroelectronics.X-CUBE-BLEMGR.4.1.0.pdsc: PDSC version is not supported
2026-03-26 18:36:29,303 [WARN] ConditionMgr:438 - getConditionDescription Invalid condition id : UX DEVICE CLASS RTOS Condition cause : null
2026-03-26 18:36:29,303 [WARN] ConditionMgr:438 - getConditionDescription Invalid condition id : UX DEVICE CLASS RTOS Condition cause : null
2026-03-26 18:36:29,303 [WARN] PackLoader:240 - Cannot read IP mode file for STMicroelectronics.X-CUBE-AZRTOS-WB.2.0.0
2026-03-26 18:36:29,303 [WARN] ConditionMgr:1039 - genDependencies : Invalid condition id : UX DEVICE CLASS RTOS Condition cause : null
2026-03-26 18:36:29,303 [WARN] ConditionMgr:1039 - genDependencies : Invalid condition id : UX DEVICE CLASS RTOS Condition cause : null
2026-03-26 18:36:29,303 [WARN] ConditionMgr:1039 - genDependencies : Invalid condition id : UX DEVICE CLASS RTOS Condition cause : null
2026-03-26 18:36:29,303 [WARN] ConditionMgr:1039 - genDependencies : Invalid condition id : UX DEVICE CLASS RTOS Condition cause : null
2026-03-26 18:36:29,303 [WARN] ConditionMgr:1039 - genDependencies : Invalid condition id : UX DEVICE CLASS RTOS Condition cause : null
2026-03-26 18:36:29,311 [WARN] PackLoader:240 - Cannot read IP mode file for STMicroelectronics.X-CUBE-FREERTOS.1.0.1
2026-03-26 18:36:29,317 [WARN] PackLoader:240 - Cannot read IP mode file for STMicroelectronics.X-CUBE-GNSS1.7.0.0
2026-03-26 18:36:29,323 [WARN] PackLoader:240 - Cannot read IP mode file for STMicroelectronics.X-CUBE-GNSS1.7.0.1
2026-03-26 18:36:29,330 [WARN] PackLoader:240 - Cannot read IP mode file for STMicroelectronics.X-CUBE-TOUCHGFX.4.25.0
2026-03-26 18:36:29,337 [WARN] PackLoader:240 - Cannot read IP mode file for STMicroelectronics.FP-SNS-STBOX1.2.0.0
2026-03-26 18:36:29,344 [WARN] PackLoader:240 - Cannot read IP mode file for STMicroelectronics.X-CUBE-STSE01.2.0.0
2026-03-26 18:36:29,357 [WARN] PackLoader:240 - Cannot read IP mode file for STMicroelectronics.X-CUBE-AZRTOS-L5.1.1.0
2026-03-26 18:36:29,363 [WARN] PackLoader:240 - Cannot read IP mode file for STMicroelectronics.X-CUBE-AI.8.0.1
2026-03-26 18:36:29,372 [WARN] PackLoader:240 - Cannot read IP mode file for STMicroelectronics.X-CUBE-SUBG2.5.0.0
2026-03-26 18:36:29,386 [WARN] PackLoader:240 - Cannot read IP mode file for STMicroelectronics.X-CUBE-AZRTOS-H7RS.1.1.0
2026-03-26 18:36:29,394 [WARN] PackLoader:240 - Cannot read IP mode file for Cesanta.I-CUBE-Mongoose.7.13.0
2026-03-26 18:36:29,403 [WARN] PackLoader:240 - Cannot read IP mode file for STMicroelectronics.X-CUBE-TOF1.3.3.1
2026-03-26 18:36:29,417 [WARN] PackLoader:240 - Cannot read IP mode file for STMicroelectronics.X-CUBE-AZRTOS-G4.2.0.0
2026-03-26 18:36:29,428 [WARN] PackLoader:240 - Cannot read IP mode file for Infineon.AIROC-Wi-Fi-Bluetooth-STM32.1.5.1
2026-03-26 18:36:29,435 [WARN] PackLoader:240 - Cannot read IP mode file for STMicroelectronics.FP-SNS-MOTENVWB1.1.3.0
2026-03-26 18:36:29,444 [WARN] PackLoader:240 - Cannot read IP mode file for STMicroelectronics.X-CUBE-NFC7.2.0.0
2026-03-26 18:36:29,451 [WARN] PackLoader:240 - Cannot read IP mode file for STMicroelectronics.FP-SNS-MOTENVWB1.1.3.1
2026-03-26 18:36:29,457 [WARN] PackLoader:240 - Cannot read IP mode file for STMicroelectronics.X-CUBE-ISPU.2.0.0
2026-03-26 18:36:29,464 [ERROR] Engine:466 - C:\Users\Xavi\.stm32cubemx\thirdparties\pdsc\STMicroelectronics.X-CUBE-IPS.3.1.0.pdsc: PDSC version is not supported
2026-03-26 18:36:29,470 [WARN] PackLoader:240 - Cannot read IP mode file for STMicroelectronics.X-CUBE-ALS.1.0.2
2026-03-26 18:36:29,490 [WARN] PackLoader:240 - Cannot read IP mode file for STMicroelectronics.X-CUBE-MEMS1.10.0.0
2026-03-26 18:36:29,535 [WARN] PackLoader:240 - Cannot read IP mode file for STMicroelectronics.X-CUBE-FREERTOS.1.1.0
2026-03-26 18:36:29,542 [WARN] PackLoader:240 - Cannot read IP mode file for STMicroelectronics.X-CUBE-TOUCHGFX.4.24.0
2026-03-26 18:36:29,549 [WARN] PackLoader:240 - Cannot read IP mode file for STMicroelectronics.X-CUBE-TOUCHGFX.4.24.2
2026-03-26 18:36:29,555 [WARN] PackLoader:240 - Cannot read IP mode file for STMicroelectronics.X-CUBE-TOUCHGFX.4.24.1
2026-03-26 18:36:29,562 [WARN] PackLoader:240 - Cannot read IP mode file for STMicroelectronics.X-CUBE-STSE01.1.0.0
2026-03-26 18:36:29,570 [WARN] PackLoader:240 - Cannot read IP mode file for portGmbH.I-Cube-SoM-uGOAL.1.1.0
2026-03-26 18:36:29,577 [WARN] PackLoader:240 - Cannot read IP mode file for STMicroelectronics.X-CUBE-ALS.1.0.1
2026-03-26 18:36:29,587 [WARN] PackLoader:240 - Cannot read IP mode file for STMicroelectronics.X-CUBE-AZRTOS-WB.1.1.0
2026-03-26 18:36:29,601 [WARN] PackLoader:240 - Cannot read IP mode file for STMicroelectronics.X-CUBE-AZRTOS-H7RS.1.0.0
2026-03-26 18:36:29,609 [WARN] PackLoader:240 - Cannot read IP mode file for STMicroelectronics.FP-ATR-ASTRA1.2.0.0
2026-03-26 18:36:29,618 [WARN] PackLoader:240 - Cannot read IP mode file for STMicroelectronics.X-CUBE-TOF1.3.4.2
2026-03-26 18:36:29,629 [ERROR] Engine:466 - C:\Users\Xavi\.stm32cubemx\thirdparties\pdsc\STMicroelectronics.X-CUBE-TOF1.3.4.3.pdsc: PDSC version is not supported
2026-03-26 18:36:29,638 [WARN] PackLoader:240 - Cannot read IP mode file for STMicroelectronics.X-CUBE-TOF1.3.4.0
2026-03-26 18:36:29,649 [WARN] PackLoader:240 - Cannot read IP mode file for STMicroelectronics.X-CUBE-TOF1.3.4.1
2026-03-26 18:36:29,666 [WARN] PackLoader:240 - Cannot read IP mode file for STMicroelectronics.X-CUBE-AZRTOS-H7.3.2.0
2026-03-26 18:36:29,673 [WARN] PackLoader:240 - Cannot read IP mode file for wolfSSL.I-CUBE-wolfSSH.1.4.17
2026-03-26 18:36:29,673 [INFO] ThirdParty:978 - Integrity check success = true
2026-03-26 18:36:29,673 [INFO] IntegrityCheckThread:100 - exiting critical section [integrity check]
2026-03-26 18:36:29,673 [INFO] IntegrityCheckThread:103 - End integrity checks thread
2026-03-26 18:36:47,103 [ERROR] LogOutputStream:75 - [STDERR_REDIRECT] SLF4J: Failed to load class "org.slf4j.impl.StaticLoggerBinder".
2026-03-26 18:36:47,103 [ERROR] LogOutputStream:75 - [STDERR_REDIRECT] SLF4J: Defaulting to no-operation (NOP) logger implementation
2026-03-26 18:36:47,104 [ERROR] LogOutputStream:75 - [STDERR_REDIRECT] SLF4J: See http://www.slf4j.org/codes.html#StaticLoggerBinder for further details.
2026-03-26 22:26:44,495 [ERROR] LogOutputStream:75 - [STDERR_REDIRECT] 
