2026-04-28 20:14:53,108 [INFO] Activator:176 - 


2026-04-28 20:14:53,111 [INFO] Activator:177 - !SESSION log4j initialized
2026-04-28 20:14:57,143 [INFO] LogOutputStream:77 - [STDOUT_REDIRECT] 
2026-04-28 20:14:57,911 [INFO] ApplicationProperties:184 - Using Application install path: C:\ST\STM32CubeIDE_1.13.0\STM32CubeIDE\plugins\com.st.stm32cube.common.mx_6.10.0.202311202037
2026-04-28 20:14:57,924 [INFO] DbMcusXml:78 - Set database path to: C:\ST\STM32CubeIDE_1.13.0\STM32CubeIDE\plugins\com.st.stm32cube.common.mx_6.10.0.202311202037\\db\/mcu/
2026-04-28 20:14:57,924 [INFO] ApiDb:274 - Set plugin database path to: C:\ST\STM32CubeIDE_1.13.0\STM32CubeIDE\plugins\com.st.stm32cube.common.mx_6.10.0.202311202037\\db\/plugins/boardmanager/
2026-04-28 20:14:57,924 [WARN] ApiDb:259 - Overriding images path with different value:  => C:\ST\STM32CubeIDE_1.13.0\STM32CubeIDE\plugins\com.st.stm32cube.common.mx_6.10.0.202311202037\\db\/plugins/mcufinder/images/
2026-04-28 20:14:57,934 [INFO] ApiDb:250 - Set database path to: C:\Users\Xavi\.stmcufinder\plugins\mcufinder//mcu/
2026-04-28 20:14:57,935 [INFO] DbMcusAds:125 - Set database path to: C:\Users\Xavi\.stmcufinder\plugins\mcufinder//mcu/
2026-04-28 20:14:57,937 [INFO] CrossReferenceDbSqlite:203 - Set database path to: C:\Users\Xavi\.stmcufinder\plugins\mcufinder//mcu/cs/
2026-04-28 20:14:58,032 [INFO] RulesReader:64 - Compatibility file has been processed (297 Rules)
2026-04-28 20:14:58,102 [INFO] DbMcusXml:78 - Set database path to: C:\ST\STM32CubeIDE_1.13.0\STM32CubeIDE\plugins\com.st.stm32cube.common.mx_6.10.0.202311202037\\db\/mcu/
2026-04-28 20:14:58,102 [INFO] ApiDb:274 - Set plugin database path to: C:\ST\STM32CubeIDE_1.13.0\STM32CubeIDE\plugins\com.st.stm32cube.common.mx_6.10.0.202311202037\\db\/plugins/boardmanager/
2026-04-28 20:14:58,102 [INFO] ApiDb:261 - Set plugin images path to: C:\ST\STM32CubeIDE_1.13.0\STM32CubeIDE\plugins\com.st.stm32cube.common.mx_6.10.0.202311202037\\db\/plugins/mcufinder/images/
2026-04-28 20:14:58,102 [WARN] DbFile:41 - Overriding database path with different value: C:\Users\Xavi\.stmcufinder\plugins\mcufinder/ => C:\Users\Xavi\.stmcufinder\plugins\mcufinder
2026-04-28 20:14:58,102 [INFO] ApiDb:250 - Set database path to: C:\Users\Xavi\.stmcufinder\plugins\mcufinder//mcu/
2026-04-28 20:14:58,103 [WARN] DbFile:41 - Overriding database path with different value: C:\Users\Xavi\.stmcufinder\plugins\mcufinder/ => C:\Users\Xavi\.stmcufinder\plugins\mcufinder
2026-04-28 20:14:58,103 [INFO] DbMcusAds:125 - Set database path to: C:\Users\Xavi\.stmcufinder\plugins\mcufinder//mcu/
2026-04-28 20:14:58,103 [WARN] DbFile:41 - Overriding database path with different value: C:\Users\Xavi\.stmcufinder\plugins\mcufinder/ => C:\Users\Xavi\.stmcufinder\plugins\mcufinder
2026-04-28 20:14:58,103 [WARN] DbFile:41 - Overriding database path with different value: C:\Users\Xavi\.stmcufinder\plugins\mcufinder/ => C:\Users\Xavi\.stmcufinder\plugins\mcufinder
2026-04-28 20:14:58,103 [INFO] CrossReferenceDbSqlite:203 - Set database path to: C:\Users\Xavi\.stmcufinder\plugins\mcufinder//mcu/cs/
2026-04-28 20:14:58,149 [INFO] MainPanel:264 - HeapMemory: 268435456
2026-04-28 20:14:58,200 [INFO] DbMcusXml:78 - Set database path to: C:\ST\STM32CubeIDE_1.13.0\STM32CubeIDE\plugins\com.st.stm32cube.common.mx_6.10.0.202311202037\\db\/mcu/
2026-04-28 20:14:58,201 [INFO] ApiDb:274 - Set plugin database path to: C:\ST\STM32CubeIDE_1.13.0\STM32CubeIDE\plugins\com.st.stm32cube.common.mx_6.10.0.202311202037\\db\/plugins/boardmanager/
2026-04-28 20:14:58,201 [INFO] ApiDb:261 - Set plugin images path to: C:\ST\STM32CubeIDE_1.13.0\STM32CubeIDE\plugins\com.st.stm32cube.common.mx_6.10.0.202311202037\\db\/plugins/mcufinder/images/
2026-04-28 20:14:58,201 [WARN] DbFile:41 - Overriding database path with different value: C:\Users\Xavi\.stmcufinder\plugins\mcufinder/ => C:\Users\Xavi\.stmcufinder\plugins\mcufinder
2026-04-28 20:14:58,201 [INFO] ApiDb:250 - Set database path to: C:\Users\Xavi\.stmcufinder\plugins\mcufinder//mcu/
2026-04-28 20:14:58,201 [WARN] DbFile:41 - Overriding database path with different value: C:\Users\Xavi\.stmcufinder\plugins\mcufinder/ => C:\Users\Xavi\.stmcufinder\plugins\mcufinder
2026-04-28 20:14:58,201 [INFO] DbMcusAds:125 - Set database path to: C:\Users\Xavi\.stmcufinder\plugins\mcufinder//mcu/
2026-04-28 20:14:58,201 [WARN] DbFile:41 - Overriding database path with different value: C:\Users\Xavi\.stmcufinder\plugins\mcufinder/ => C:\Users\Xavi\.stmcufinder\plugins\mcufinder
2026-04-28 20:14:58,201 [WARN] DbFile:41 - Overriding database path with different value: C:\Users\Xavi\.stmcufinder\plugins\mcufinder/ => C:\Users\Xavi\.stmcufinder\plugins\mcufinder
2026-04-28 20:14:58,201 [INFO] CrossReferenceDbSqlite:203 - Set database path to: C:\Users\Xavi\.stmcufinder\plugins\mcufinder//mcu/cs/
2026-04-28 20:14:58,212 [INFO] ApplicationProperties:184 - Using Application install path: C:\ST\STM32CubeIDE_1.13.0\STM32CubeIDE\plugins\com.st.stm32cube.common.mx_6.10.0.202311202037
2026-04-28 20:14:58,212 [INFO] PluginManage:196 - Search for loadable plugins [exclusion list=, ]
2026-04-28 20:14:58,213 [INFO] PluginManage:310 - Check plugin analytics
2026-04-28 20:14:58,320 [INFO] AnalyticsPlugin:253 - Accepted Software Licenses: STM32CubeMX.6.9.0
2026-04-28 20:14:58,320 [INFO] AnalyticsPlugin:255 - Accepted CMSIS Pack Licenses: 
2026-04-28 20:14:58,321 [INFO] AnalyticsPlugin:257 - Accepted Firmware Licenses: FW.F4.1.27.0,FW.H5.1.1.0
2026-04-28 20:14:58,323 [INFO] PluginManage:359 - Loaded plugin analytics (category:tool,tabindex:-1)
2026-04-28 20:14:58,323 [INFO] PluginManage:310 - Check plugin cadmodel
2026-04-28 20:14:58,333 [INFO] CADModel:105 - Init CAD model plugin
2026-04-28 20:14:58,333 [INFO] PluginManage:359 - Loaded plugin cadmodel (category:power,tabindex:5)
2026-04-28 20:14:58,333 [INFO] PluginManage:310 - Check plugin clock
2026-04-28 20:14:58,345 [INFO] PluginManage:359 - Loaded plugin clock (category:base,tabindex:2)
2026-04-28 20:14:58,345 [INFO] PluginManage:310 - Check plugin ddr
2026-04-28 20:14:58,347 [INFO] PluginManage:359 - Loaded plugin ddr (category:tool,tabindex:6)
2026-04-28 20:14:58,347 [INFO] PluginManage:310 - Check plugin filemanager
2026-04-28 20:14:58,429 [INFO] PluginManage:359 - Loaded plugin filemanager (category:base,tabindex:10)
2026-04-28 20:14:58,429 [INFO] PluginManage:310 - Check plugin ipmanager
2026-04-28 20:14:58,433 [INFO] PluginManage:359 - Loaded plugin ipmanager (category:base,tabindex:5)
2026-04-28 20:14:58,433 [INFO] PluginManage:310 - Check plugin lpbam
2026-04-28 20:14:58,444 [INFO] PluginManage:359 - Loaded plugin lpbam (category:base,tabindex:0)
2026-04-28 20:14:58,444 [INFO] PluginManage:310 - Check plugin memorymap
2026-04-28 20:14:58,459 [INFO] PluginManage:359 - Loaded plugin memorymap (category:base,tabindex:4)
2026-04-28 20:14:58,459 [INFO] PluginManage:310 - Check plugin pinoutandconfiguration
2026-04-28 20:14:58,472 [INFO] PluginManage:359 - Loaded plugin pinoutandconfiguration (category:base,tabindex:1)
2026-04-28 20:14:58,472 [INFO] PluginManage:310 - Check plugin pinoutconfig
2026-04-28 20:14:58,524 [WARN] SupportedApi:132 - Cannot load RTOS API schema: s4s-elt-must-match.1: The content of 'definitions' must match (annotation?, (simpleType | complexType)?, (unique | key | keyref)*)). A problem was found starting at: attribute.
2026-04-28 20:14:58,602 [INFO] PluginManage:359 - Loaded plugin pinoutconfig (category:base,tabindex:0)
2026-04-28 20:14:58,602 [INFO] PluginManage:310 - Check plugin power
2026-04-28 20:14:58,613 [INFO] PluginManage:359 - Loaded plugin power (category:power,tabindex:4)
2026-04-28 20:14:58,613 [INFO] PluginManage:310 - Check plugin projectmanager
2026-04-28 20:14:58,624 [INFO] PluginManage:359 - Loaded plugin projectmanager (category:projectmanager,tabindex:3)
2026-04-28 20:14:58,624 [INFO] PluginManage:310 - Check plugin thirdparty
2026-04-28 20:14:58,797 [INFO] PluginManage:359 - Loaded plugin thirdparty (category:base,tabindex:-1)
2026-04-28 20:14:58,797 [INFO] PluginManage:310 - Check plugin tools
2026-04-28 20:14:58,797 [WARN] IntegrityCheckThread:84 - waiting for thirdparty lock release [integrity check]
2026-04-28 20:14:58,797 [INFO] IntegrityCheckThread:86 - entering critical section [integrity check]
2026-04-28 20:14:58,798 [INFO] ThirdPartyUpdaterWithRetryManager:70 - Updater plugin not ready yet. [1/15]
2026-04-28 20:14:58,819 [INFO] PluginManage:359 - Loaded plugin tools (category:base,tabindex:7)
2026-04-28 20:14:58,819 [INFO] PluginManage:310 - Check plugin tutovideos
2026-04-28 20:14:58,949 [INFO] PluginManage:359 - Loaded plugin tutovideos (category:base,tabindex:-1)
2026-04-28 20:14:58,949 [INFO] PluginManage:310 - Check plugin updater
2026-04-28 20:14:58,957 [INFO] PluginManage:359 - Loaded plugin updater (category:base,tabindex:12)
2026-04-28 20:14:58,957 [INFO] PluginManage:310 - Check plugin userauth
2026-04-28 20:14:58,960 [INFO] UserAuth:114 - Init User Auth plugin
2026-04-28 20:14:58,960 [INFO] PluginManage:359 - Loaded plugin userauth (category:base,tabindex:14)
2026-04-28 20:14:58,960 [INFO] PluginManage:283 - PluginManage : Loaded plugins [17]
2026-04-28 20:14:59,074 [INFO] PinOutPanel:1499 - setPackage(No Configuration,No Configuration)
2026-04-28 20:14:59,113 [INFO] CADModel:165 - CPN selected for project level
2026-04-28 20:14:59,114 [INFO] CADModel:114 - Register for checkConnection events
2026-04-28 20:14:59,129 [INFO] IPUIPlugin:80 - create IPUIPlugin
2026-04-28 20:14:59,129 [INFO] PluginManager:220 - loadIPPluginJar : add adc
2026-04-28 20:14:59,153 [INFO] IPUIPlugin:80 - create IPUIPlugin
2026-04-28 20:14:59,153 [INFO] PluginManager:220 - loadIPPluginJar : add aes
2026-04-28 20:14:59,178 [INFO] IPUIPlugin:80 - create IPUIPlugin
2026-04-28 20:14:59,178 [INFO] PluginManager:220 - loadIPPluginJar : add can
2026-04-28 20:14:59,193 [INFO] IPUIPlugin:80 - create IPUIPlugin
2026-04-28 20:14:59,193 [INFO] PluginManager:220 - loadIPPluginJar : add comp
2026-04-28 20:14:59,213 [INFO] IPUIPlugin:80 - create IPUIPlugin
2026-04-28 20:14:59,213 [INFO] PluginManager:220 - loadIPPluginJar : add cryp
2026-04-28 20:14:59,231 [INFO] IPUIPlugin:80 - create IPUIPlugin
2026-04-28 20:14:59,231 [INFO] PluginManager:220 - loadIPPluginJar : add dfsdm
2026-04-28 20:14:59,238 [INFO] IPUIPlugin:80 - create IPUIPlugin
2026-04-28 20:14:59,239 [INFO] PluginManager:220 - loadIPPluginJar : add dma
2026-04-28 20:14:59,266 [INFO] IPUIPlugin:80 - create IPUIPlugin
2026-04-28 20:14:59,266 [INFO] PluginManager:220 - loadIPPluginJar : add dma3
2026-04-28 20:14:59,278 [INFO] IPUIPlugin:80 - create IPUIPlugin
2026-04-28 20:14:59,278 [INFO] PluginManager:220 - loadIPPluginJar : add fatfs
2026-04-28 20:14:59,307 [INFO] IPUIPlugin:80 - create IPUIPlugin
2026-04-28 20:14:59,307 [INFO] PluginManager:220 - loadIPPluginJar : add fmc
2026-04-28 20:14:59,315 [INFO] IPUIPlugin:80 - create IPUIPlugin
2026-04-28 20:14:59,315 [INFO] PluginManager:220 - loadIPPluginJar : add freertos
2026-04-28 20:14:59,327 [INFO] IPUIPlugin:80 - create IPUIPlugin
2026-04-28 20:14:59,327 [INFO] PluginManager:220 - loadIPPluginJar : add genericplugin
2026-04-28 20:14:59,383 [INFO] IPUIPlugin:80 - create IPUIPlugin
2026-04-28 20:14:59,383 [INFO] PluginManager:220 - loadIPPluginJar : add gfxmmu
2026-04-28 20:14:59,463 [INFO] IPUIPlugin:80 - create IPUIPlugin
2026-04-28 20:14:59,463 [INFO] PluginManager:220 - loadIPPluginJar : add gic
2026-04-28 20:14:59,470 [INFO] IPUIPlugin:80 - create IPUIPlugin
2026-04-28 20:14:59,470 [INFO] PluginManager:220 - loadIPPluginJar : add gpio
2026-04-28 20:14:59,526 [INFO] IPUIPlugin:80 - create IPUIPlugin
2026-04-28 20:14:59,526 [INFO] PluginManager:220 - loadIPPluginJar : add gtzc
2026-04-28 20:14:59,546 [INFO] IPUIPlugin:80 - create IPUIPlugin
2026-04-28 20:14:59,546 [INFO] PluginManager:220 - loadIPPluginJar : add hash
2026-04-28 20:14:59,578 [INFO] IPUIPlugin:80 - create IPUIPlugin
2026-04-28 20:14:59,578 [INFO] PluginManager:220 - loadIPPluginJar : add i2c
2026-04-28 20:14:59,601 [INFO] IPUIPlugin:80 - create IPUIPlugin
2026-04-28 20:14:59,601 [INFO] PluginManager:220 - loadIPPluginJar : add i2s
2026-04-28 20:14:59,627 [INFO] IPUIPlugin:80 - create IPUIPlugin
2026-04-28 20:14:59,627 [INFO] PluginManager:220 - loadIPPluginJar : add i3c
2026-04-28 20:14:59,692 [INFO] IPUIPlugin:80 - create IPUIPlugin
2026-04-28 20:14:59,692 [INFO] PluginManager:220 - loadIPPluginJar : add ipddr
2026-04-28 20:14:59,748 [INFO] IPUIPlugin:80 - create IPUIPlugin
2026-04-28 20:14:59,748 [INFO] PluginManager:220 - loadIPPluginJar : add linkedlist
2026-04-28 20:14:59,770 [INFO] IPUIPlugin:80 - create IPUIPlugin
2026-04-28 20:14:59,770 [INFO] PluginManager:220 - loadIPPluginJar : add lorawan
2026-04-28 20:14:59,793 [INFO] IPUIPlugin:80 - create IPUIPlugin
2026-04-28 20:14:59,793 [INFO] PluginManager:220 - loadIPPluginJar : add ltdc
2026-04-28 20:14:59,801 [INFO] IPUIPlugin:80 - create IPUIPlugin
2026-04-28 20:14:59,801 [INFO] PluginManager:220 - loadIPPluginJar : add mdma
2026-04-28 20:14:59,808 [INFO] IPUIPlugin:80 - create IPUIPlugin
2026-04-28 20:14:59,808 [INFO] PluginManager:220 - loadIPPluginJar : add nvic
2026-04-28 20:14:59,830 [INFO] IPUIPlugin:80 - create IPUIPlugin
2026-04-28 20:14:59,830 [INFO] PluginManager:220 - loadIPPluginJar : add opamp
2026-04-28 20:14:59,869 [INFO] IPUIPlugin:80 - create IPUIPlugin
2026-04-28 20:14:59,869 [INFO] PluginManager:220 - loadIPPluginJar : add openamp
2026-04-28 20:14:59,897 [INFO] IPUIPlugin:80 - create IPUIPlugin
2026-04-28 20:14:59,897 [INFO] PluginManager:220 - loadIPPluginJar : add pdm2pcm
2026-04-28 20:14:59,905 [INFO] IPUIPlugin:80 - create IPUIPlugin
2026-04-28 20:14:59,906 [INFO] PluginManager:220 - loadIPPluginJar : add plateformsettings
2026-04-28 20:14:59,919 [INFO] IPUIPlugin:80 - create IPUIPlugin
2026-04-28 20:14:59,919 [INFO] PluginManager:220 - loadIPPluginJar : add quadspi
2026-04-28 20:14:59,926 [INFO] IPUIPlugin:80 - create IPUIPlugin
2026-04-28 20:14:59,926 [INFO] PluginManager:220 - loadIPPluginJar : add resmgrutility
2026-04-28 20:14:59,956 [INFO] IPUIPlugin:80 - create IPUIPlugin
2026-04-28 20:14:59,956 [INFO] PluginManager:220 - loadIPPluginJar : add sai
2026-04-28 20:14:59,977 [INFO] IPUIPlugin:80 - create IPUIPlugin
2026-04-28 20:14:59,977 [INFO] PluginManager:220 - loadIPPluginJar : add spi
2026-04-28 20:15:00,022 [INFO] IPUIPlugin:80 - create IPUIPlugin
2026-04-28 20:15:00,023 [INFO] PluginManager:220 - loadIPPluginJar : add stm32_wpan
2026-04-28 20:15:00,037 [INFO] IPUIPlugin:80 - create IPUIPlugin
2026-04-28 20:15:00,037 [INFO] PluginManager:220 - loadIPPluginJar : add tim
2026-04-28 20:15:00,071 [INFO] IPUIPlugin:80 - create IPUIPlugin
2026-04-28 20:15:00,071 [INFO] PluginManager:220 - loadIPPluginJar : add touchsensing
2026-04-28 20:15:00,084 [INFO] IPUIPlugin:80 - create IPUIPlugin
2026-04-28 20:15:00,084 [INFO] PluginManager:220 - loadIPPluginJar : add tracer_emb
2026-04-28 20:15:00,097 [INFO] IPUIPlugin:80 - create IPUIPlugin
2026-04-28 20:15:00,097 [INFO] PluginManager:220 - loadIPPluginJar : add ts
2026-04-28 20:15:00,110 [INFO] IPUIPlugin:80 - create IPUIPlugin
2026-04-28 20:15:00,110 [INFO] PluginManager:220 - loadIPPluginJar : add tsc
2026-04-28 20:15:00,122 [INFO] IPUIPlugin:80 - create IPUIPlugin
2026-04-28 20:15:00,122 [INFO] PluginManager:220 - loadIPPluginJar : add ucpd
2026-04-28 20:15:00,149 [INFO] IPUIPlugin:80 - create IPUIPlugin
2026-04-28 20:15:00,149 [INFO] PluginManager:220 - loadIPPluginJar : add usart
2026-04-28 20:15:00,175 [INFO] IPUIPlugin:80 - create IPUIPlugin
2026-04-28 20:15:00,175 [INFO] PluginManager:220 - loadIPPluginJar : add usbx
2026-04-28 20:15:00,276 [INFO] CADModel:165 - CPN selected for project level
2026-04-28 20:15:00,276 [INFO] CADModel:114 - Register for checkConnection events
2026-04-28 20:15:00,277 [FATAL] Updater:308 - Updater called before beeing initialized
2026-04-28 20:15:00,277 [ERROR] CADModel:125 - Updater not yet initialized, retry later 
2026-04-28 20:15:00,352 [INFO] CADModel:165 - CPN selected for project level
2026-04-28 20:15:00,353 [INFO] CADModel:114 - Register for checkConnection events
2026-04-28 20:15:00,353 [FATAL] Updater:308 - Updater called before beeing initialized
2026-04-28 20:15:00,353 [ERROR] CADModel:125 - Updater not yet initialized, retry later 
2026-04-28 20:15:00,354 [FATAL] Updater:308 - Updater called before beeing initialized
2026-04-28 20:15:00,406 [FATAL] Updater:308 - Updater called before beeing initialized
2026-04-28 20:15:00,416 [INFO] DbMcusAds:53 - JSON generation date=Thu Mar 05 15:32:52 CET 2026 (1772721172890)
2026-04-28 20:15:00,416 [FATAL] Updater:308 - Updater called before beeing initialized
2026-04-28 20:15:00,464 [WARN] DetailPanel:346 - Failed to get advertising image, set to default
2026-04-28 20:15:00,526 [FATAL] Updater:308 - Updater called before beeing initialized
2026-04-28 20:15:00,527 [FATAL] Updater:308 - Updater called before beeing initialized
2026-04-28 20:15:00,527 [FATAL] Updater:308 - Updater called before beeing initialized
2026-04-28 20:15:00,527 [WARN] DetailPanel:346 - Failed to get advertising image, set to default
2026-04-28 20:15:00,527 [FATAL] Updater:308 - Updater called before beeing initialized
2026-04-28 20:15:00,561 [ERROR] Updater:1120 - MainUpdater not yet initialized. External WinMGr cannot be set.
2026-04-28 20:15:00,569 [INFO] Updater:1056 - Updater Version found : 6.10.0
2026-04-28 20:15:00,580 [INFO] ApplicationProperties:184 - Using Application install path: C:\ST\STM32CubeIDE_1.13.0\STM32CubeIDE\plugins\com.st.stm32cube.common.mx_6.10.0.202311202037
2026-04-28 20:15:01,021 [INFO] MainUpdater:2873 - connection check result : 10
2026-04-28 20:15:01,021 [INFO] MainUpdater:290 - Updater Check For Update Now.
2026-04-28 20:15:01,021 [INFO] MicroXplorer:498 - Change Database Version : DB.6.0.100
2026-04-28 20:15:01,031 [INFO] McuFinderGlobals:63 - Set McuFinder mode to 2 (CubeIDE integrated)
2026-04-28 20:15:01,039 [INFO] UserAuth:404 - Internet connection configuration mode: 1
2026-04-28 20:15:01,063 [INFO] JxBrowserEngine:152 - Initiate JxBrowser Engine with user profile folder
2026-04-28 20:15:01,196 [INFO] CheckServerUpdateThread:120 - End of CheckServer Thread
2026-04-28 20:15:02,058 [WARN] PackLoader:240 - Cannot read IP mode file for STMicroelectronics.X-CUBE-AZRTOS-H7.3.5.0
2026-04-28 20:15:02,070 [WARN] PackLoader:240 - Cannot read IP mode file for STMicroelectronics.FP-SNS-MOTENVWB1.1.4.0
2026-04-28 20:15:02,081 [WARN] PackLoader:240 - Cannot read IP mode file for STMicroelectronics.FP-ATR-ASTRA1.2.0.2
2026-04-28 20:15:02,087 [WARN] PackLoader:240 - Cannot read IP mode file for STMicroelectronics.FP-ATR-ASTRA1.2.0.1
2026-04-28 20:15:02,105 [WARN] PackLoader:240 - Cannot read IP mode file for STMicroelectronics.X-CUBE-SMBUS.2.1.0
2026-04-28 20:15:02,118 [WARN] PackLoader:240 - Cannot read IP mode file for STMicroelectronics.X-CUBE-WB05N.1.1.0
2026-04-28 20:15:02,126 [ERROR] Engine:466 - C:\Users\Xavi\.stm32cubemx\thirdparties\pdsc\STMicroelectronics.X-CUBE-ST60.1.0.0.pdsc: PDSC version is not supported
2026-04-28 20:15:02,135 [WARN] PackLoader:240 - Cannot read IP mode file for STMicroelectronics.X-CUBE-TOUCHGFX.4.23.0
2026-04-28 20:15:02,155 [WARN] PackLoader:240 - Cannot read IP mode file for STMicroelectronics.X-CUBE-AZRTOS-F7.1.1.0
2026-04-28 20:15:02,166 [WARN] PackLoader:240 - Cannot read IP mode file for STMicroelectronics.FP-SNS-MOTENV1.4.3.2
2026-04-28 20:15:02,199 [WARN] PackLoader:240 - Cannot read IP mode file for STMicroelectronics.X-CUBE-MEMS1.11.0.0
2026-04-28 20:15:02,306 [WARN] PackLoader:240 - Cannot read IP mode file for STMicroelectronics.X-CUBE-BLE1.6.2.4
2026-04-28 20:15:02,314 [ERROR] Engine:466 - C:\Users\Xavi\.stm32cubemx\thirdparties\pdsc\STMicroelectronics.FP-SNS-MOTENV1.5.1.0.pdsc: PDSC version is not supported
2026-04-28 20:15:02,321 [WARN] PackLoader:240 - Cannot read IP mode file for STMicroelectronics.FP-SNS-FLIGHT1.5.0.2
2026-04-28 20:15:02,338 [WARN] PackLoader:240 - Cannot read IP mode file for STMicroelectronics.X-CUBE-AZRTOS-H7.3.4.0
2026-04-28 20:15:02,350 [WARN] PackLoader:240 - Cannot read IP mode file for STMicroelectronics.X-CUBE-DISPLAY.3.0.0
2026-04-28 20:15:02,358 [ERROR] Engine:466 - C:\Users\Xavi\.stm32cubemx\thirdparties\pdsc\STMicroelectronics.FP-SNS-MOTENVWB1.1.5.0.pdsc: PDSC version is not supported
2026-04-28 20:15:02,365 [WARN] PackLoader:240 - Cannot read IP mode file for STMicroelectronics.X-CUBE-BLE1.7.0.0
2026-04-28 20:15:02,376 [WARN] PackLoader:240 - Cannot read IP mode file for STMicroelectronics.X-CUBE-NFC10.1.0.0
2026-04-28 20:15:02,385 [WARN] PackLoader:240 - Cannot read IP mode file for STMicroelectronics.X-CUBE-BLEMGR.4.0.0
2026-04-28 20:15:02,392 [ERROR] Engine:466 - C:\Users\Xavi\.stm32cubemx\thirdparties\pdsc\STMicroelectronics.X-CUBE-ST60.1.1.0.pdsc: PDSC version is not supported
2026-04-28 20:15:02,401 [WARN] PackLoader:240 - Cannot read IP mode file for emotas.I-CUBE-CANOPEN.1.3.0
2026-04-28 20:15:02,409 [WARN] PackLoader:240 - Cannot read IP mode file for STMicroelectronics.X-CUBE-TOUCHGFX.4.22.0
2026-04-28 20:15:02,417 [WARN] PackLoader:240 - Cannot read IP mode file for STMicroelectronics.X-CUBE-GNSS1.7.1.0
2026-04-28 20:15:02,425 [WARN] PackLoader:240 - Cannot read IP mode file for STMicroelectronics.X-CUBE-TOUCHGFX.4.22.1
2026-04-28 20:15:02,435 [WARN] PackLoader:240 - Cannot read IP mode file for STMicroelectronics.X-CUBE-BLEMGR.3.1.0
2026-04-28 20:15:02,443 [WARN] PackLoader:240 - Cannot read IP mode file for STMicroelectronics.X-CUBE-AI.10.0.0
2026-04-28 20:15:02,450 [ERROR] Engine:466 - C:\Users\Xavi\.stm32cubemx\thirdparties\pdsc\STMicroelectronics.FP-SNS-STBOX1.2.1.0.pdsc: PDSC version is not supported
2026-04-28 20:15:02,459 [WARN] PackLoader:240 - Cannot read IP mode file for STMicroelectronics.FP-SNS-SMARTAG2.1.2.0
2026-04-28 20:15:02,467 [ERROR] Engine:466 - C:\Users\Xavi\.stm32cubemx\thirdparties\pdsc\STMicroelectronics.FP-SNS-FLIGHT1.5.1.0.pdsc: PDSC version is not supported
2026-04-28 20:15:02,495 [WARN] PackLoader:240 - Cannot read IP mode file for STMicroelectronics.X-CUBE-MEMS1.11.1.0
2026-04-28 20:15:02,563 [INFO] LogOutputStream:77 - [STDOUT_REDIRECT] 1 : Invalid condition id : UX_CORESTACK_Condition cause : null
2026-04-28 20:15:02,564 [INFO] LogOutputStream:77 - [STDOUT_REDIRECT] 1 : Invalid condition id : UX_CORESTACK_Condition cause : null
2026-04-28 20:15:02,564 [INFO] LogOutputStream:77 - [STDOUT_REDIRECT] 1 : Invalid condition id : UX_CORESTACK_Condition cause : null
2026-04-28 20:15:02,566 [INFO] LogOutputStream:77 - [STDOUT_REDIRECT] 1 : Invalid condition id : UX_CORESTACK_Condition cause : null
2026-04-28 20:15:02,567 [INFO] LogOutputStream:77 - [STDOUT_REDIRECT] 1 : Invalid condition id : UX_CORESTACK_Condition cause : null
2026-04-28 20:15:02,568 [WARN] PackLoader:240 - Cannot read IP mode file for STMicroelectronics.X-CUBE-AZRTOS-WL.2.0.0
2026-04-28 20:15:02,584 [WARN] PackLoader:240 - Cannot read IP mode file for STMicroelectronics.FP-SNS-MOTENV1.5.0.0
2026-04-28 20:15:02,606 [WARN] PackLoader:240 - Cannot read IP mode file for STMicroelectronics.X-CUBE-AZRTOS-H7RS.1.2.0
2026-04-28 20:15:02,615 [WARN] PackLoader:240 - Cannot read IP mode file for wolfSSL.I-CUBE-wolfMQTT.1.19.0
2026-04-28 20:15:02,628 [WARN] PackLoader:240 - Cannot read IP mode file for WES.I-CUBE-Cesium.1.3.0
2026-04-28 20:15:02,636 [WARN] PackLoader:240 - Cannot read IP mode file for STMicroelectronics.X-CUBE-BLE2.3.3.0
2026-04-28 20:15:02,642 [ERROR] Engine:466 - C:\Users\Xavi\.stm32cubemx\thirdparties\pdsc\Avnet-IOTCONNECT.X-CUBE-iotc-st67-sdk.1.0.0.pdsc: PDSC version is not supported
2026-04-28 20:15:02,651 [WARN] PackLoader:240 - Cannot read IP mode file for STMicroelectronics.X-CUBE-NFC9.1.0.0
2026-04-28 20:15:02,659 [WARN] PackLoader:240 - Cannot read IP mode file for STMicroelectronics.X-CUBE-BLE1.7.1.0
2026-04-28 20:15:02,668 [WARN] PackLoader:240 - Cannot read IP mode file for STMicroelectronics.X-CUBE-TCPP.4.1.0
2026-04-28 20:15:02,676 [ERROR] Engine:466 - C:\Users\Xavi\.stm32cubemx\thirdparties\pdsc\STMicroelectronics.X-CUBE-FREERTOS.1.4.0.pdsc: PDSC version is not supported
2026-04-28 20:15:02,684 [WARN] PackLoader:240 - Cannot read IP mode file for STMicroelectronics.X-CUBE-EEPRMA1.5.2.0
2026-04-28 20:15:02,693 [ERROR] Engine:466 - C:\Users\Xavi\.stm32cubemx\thirdparties\pdsc\STMicroelectronics.X-CUBE-ST67W61.1.1.0.pdsc: PDSC version is not supported
2026-04-28 20:15:02,702 [WARN] PackLoader:240 - Cannot read IP mode file for STMicroelectronics.X-CUBE-AI.10.1.0
2026-04-28 20:15:02,711 [ERROR] Engine:466 - C:\Users\Xavi\.stm32cubemx\thirdparties\pdsc\STMicroelectronics.FP-SNS-STAIOTCFT.1.1.0.pdsc: PDSC version is not supported
2026-04-28 20:15:02,737 [WARN] PackLoader:240 - Cannot read IP mode file for STMicroelectronics.X-CUBE-MEMS1.12.0.0
2026-04-28 20:15:02,797 [WARN] PackLoader:240 - Cannot read IP mode file for STMicroelectronics.X-CUBE-ALGOBUILD.1.3.0
2026-04-28 20:15:02,823 [WARN] PackLoader:240 - Cannot read IP mode file for STMicroelectronics.X-CUBE-AZRTOS-G0.1.1.0
2026-04-28 20:15:02,834 [WARN] PackLoader:240 - Cannot read IP mode file for STMicroelectronics.X-CUBE-SAFEA1.1.2.2
2026-04-28 20:15:02,844 [WARN] PackLoader:240 - Cannot read IP mode file for STMicroelectronics.X-CUBE-NFC4.3.0.0
2026-04-28 20:15:02,855 [WARN] PackLoader:240 - Cannot read IP mode file for EmbeddedOffice.I-CUBE-FS-RTOS.1.0.1
2026-04-28 20:15:02,855 [ERROR] ConditionMgr:805 - Attr not supported : Dmpu
2026-04-28 20:15:02,855 [ERROR] ConditionMgr:805 - Attr not supported : Dmpu
2026-04-28 20:15:02,855 [ERROR] ConditionMgr:805 - Attr not supported : Dmpu
2026-04-28 20:15:02,855 [ERROR] ConditionMgr:805 - Attr not supported : Dmpu
2026-04-28 20:15:02,855 [ERROR] ConditionMgr:805 - Attr not supported : Dmpu
2026-04-28 20:15:02,855 [ERROR] ConditionMgr:805 - Attr not supported : Dmpu
2026-04-28 20:15:02,855 [ERROR] ConditionMgr:805 - Attr not supported : Dmpu
2026-04-28 20:15:02,855 [ERROR] ConditionMgr:805 - Attr not supported : Dmpu
2026-04-28 20:15:02,855 [ERROR] ConditionMgr:805 - Attr not supported : Dmpu
2026-04-28 20:15:02,855 [ERROR] ConditionMgr:805 - Attr not supported : Dmpu
2026-04-28 20:15:02,855 [ERROR] ConditionMgr:805 - Attr not supported : Dmpu
2026-04-28 20:15:02,855 [ERROR] ConditionMgr:805 - Attr not supported : Dmpu
2026-04-28 20:15:02,855 [ERROR] ConditionMgr:805 - Attr not supported : Dmpu
2026-04-28 20:15:02,855 [ERROR] ConditionMgr:805 - Attr not supported : Dmpu
2026-04-28 20:15:02,855 [ERROR] ConditionMgr:805 - Attr not supported : Dmpu
2026-04-28 20:15:02,855 [ERROR] ConditionMgr:805 - Attr not supported : Dmpu
2026-04-28 20:15:02,855 [ERROR] ConditionMgr:805 - Attr not supported : Dmpu
2026-04-28 20:15:02,855 [ERROR] ConditionMgr:805 - Attr not supported : Dmpu
2026-04-28 20:15:02,855 [ERROR] ConditionMgr:805 - Attr not supported : Dmpu
2026-04-28 20:15:02,855 [ERROR] ConditionMgr:805 - Attr not supported : Dmpu
2026-04-28 20:15:02,855 [ERROR] ConditionMgr:805 - Attr not supported : Dmpu
2026-04-28 20:15:02,855 [ERROR] ConditionMgr:805 - Attr not supported : Dmpu
2026-04-28 20:15:02,855 [ERROR] ConditionMgr:805 - Attr not supported : Dmpu
2026-04-28 20:15:02,855 [ERROR] ConditionMgr:805 - Attr not supported : Dmpu
2026-04-28 20:15:02,855 [ERROR] ConditionMgr:805 - Attr not supported : Dmpu
2026-04-28 20:15:02,855 [ERROR] ConditionMgr:805 - Attr not supported : Dmpu
2026-04-28 20:15:02,855 [ERROR] ConditionMgr:805 - Attr not supported : Dmpu
2026-04-28 20:15:02,855 [ERROR] ConditionMgr:805 - Attr not supported : Dmpu
2026-04-28 20:15:02,855 [ERROR] ConditionMgr:805 - Attr not supported : Dmpu
2026-04-28 20:15:02,855 [ERROR] ConditionMgr:805 - Attr not supported : Dmpu
2026-04-28 20:15:02,855 [ERROR] ConditionMgr:805 - Attr not supported : Dmpu
2026-04-28 20:15:02,856 [ERROR] ConditionMgr:805 - Attr not supported : Dmpu
2026-04-28 20:15:02,856 [ERROR] ConditionMgr:805 - Attr not supported : Dmpu
2026-04-28 20:15:02,856 [ERROR] ConditionMgr:805 - Attr not supported : Dmpu
2026-04-28 20:15:02,856 [ERROR] ConditionMgr:805 - Attr not supported : Dmpu
2026-04-28 20:15:02,856 [ERROR] ConditionMgr:805 - Attr not supported : Dmpu
2026-04-28 20:15:02,856 [ERROR] ConditionMgr:805 - Attr not supported : Dmpu
2026-04-28 20:15:02,856 [ERROR] ConditionMgr:805 - Attr not supported : Dmpu
2026-04-28 20:15:02,856 [ERROR] ConditionMgr:805 - Attr not supported : Dmpu
2026-04-28 20:15:02,856 [ERROR] ConditionMgr:805 - Attr not supported : Dmpu
2026-04-28 20:15:02,856 [ERROR] ConditionMgr:805 - Attr not supported : Dmpu
2026-04-28 20:15:02,856 [ERROR] ConditionMgr:805 - Attr not supported : Dmpu
2026-04-28 20:15:02,856 [ERROR] ConditionMgr:805 - Attr not supported : Dmpu
2026-04-28 20:15:02,856 [ERROR] ConditionMgr:805 - Attr not supported : Dmpu
2026-04-28 20:15:02,856 [ERROR] ConditionMgr:805 - Attr not supported : Dmpu
2026-04-28 20:15:02,856 [ERROR] ConditionMgr:805 - Attr not supported : Dmpu
2026-04-28 20:15:02,856 [ERROR] ConditionMgr:805 - Attr not supported : Dmpu
2026-04-28 20:15:02,856 [ERROR] ConditionMgr:805 - Attr not supported : Dmpu
2026-04-28 20:15:02,856 [ERROR] ConditionMgr:805 - Attr not supported : Dmpu
2026-04-28 20:15:02,856 [ERROR] ConditionMgr:805 - Attr not supported : Dmpu
2026-04-28 20:15:02,856 [ERROR] ConditionMgr:805 - Attr not supported : Dmpu
2026-04-28 20:15:02,856 [ERROR] ConditionMgr:805 - Attr not supported : Dmpu
2026-04-28 20:15:02,856 [ERROR] ConditionMgr:805 - Attr not supported : Dmpu
2026-04-28 20:15:02,856 [ERROR] ConditionMgr:805 - Attr not supported : Dmpu
2026-04-28 20:15:02,856 [ERROR] ConditionMgr:805 - Attr not supported : Dmpu
2026-04-28 20:15:02,856 [ERROR] ConditionMgr:805 - Attr not supported : Dmpu
2026-04-28 20:15:02,856 [ERROR] ConditionMgr:805 - Attr not supported : Dmpu
2026-04-28 20:15:02,856 [ERROR] ConditionMgr:805 - Attr not supported : Dmpu
2026-04-28 20:15:02,856 [ERROR] ConditionMgr:805 - Attr not supported : Dmpu
2026-04-28 20:15:02,856 [ERROR] ConditionMgr:805 - Attr not supported : Dmpu
2026-04-28 20:15:02,856 [ERROR] ConditionMgr:805 - Attr not supported : Dmpu
2026-04-28 20:15:02,856 [ERROR] ConditionMgr:805 - Attr not supported : Dmpu
2026-04-28 20:15:02,856 [ERROR] ConditionMgr:805 - Attr not supported : Dmpu
2026-04-28 20:15:02,856 [ERROR] ConditionMgr:805 - Attr not supported : Dmpu
2026-04-28 20:15:02,865 [WARN] PackLoader:240 - Cannot read IP mode file for STMicroelectronics.X-CUBE-WB05N.2.0.0
2026-04-28 20:15:02,876 [WARN] PackLoader:240 - Cannot read IP mode file for STMicroelectronics.X-CUBE-BLEMGR.3.0.0
2026-04-28 20:15:02,884 [ERROR] Engine:466 - C:\Users\Xavi\.stm32cubemx\thirdparties\pdsc\STMicroelectronics.X-CUBE-TCPP.4.2.0.pdsc: PDSC version is not supported
2026-04-28 20:15:02,893 [WARN] PackLoader:240 - Cannot read IP mode file for RealThread.X-CUBE-RT-Thread_Nano.4.1.1
2026-04-28 20:15:02,903 [WARN] PackLoader:240 - Cannot read IP mode file for STMicroelectronics.FP-ATR-SIGFOX1.3.2.0
2026-04-28 20:15:02,914 [WARN] ConditionMgr:438 - getConditionDescription Invalid condition id : Cortex-A Device cause : null
2026-04-28 20:15:02,930 [WARN] ConditionMgr:1039 - genDependencies : Invalid condition id : Cortex-A Device cause : null
2026-04-28 20:15:02,931 [WARN] ConditionMgr:1039 - genDependencies : Invalid condition id : Cortex-A Device cause : null
2026-04-28 20:15:02,931 [WARN] ConditionMgr:1039 - genDependencies : Invalid condition id : Cortex-A Device cause : null
2026-04-28 20:15:02,942 [WARN] PackLoader:240 - Cannot read IP mode file for STMicroelectronics.X-CUBE-EEPRMA1.5.1.0
2026-04-28 20:15:02,952 [ERROR] Engine:466 - C:\Users\Xavi\.stm32cubemx\thirdparties\pdsc\STMicroelectronics.X-CUBE-FREERTOS.1.5.0.pdsc: PDSC version is not supported
2026-04-28 20:15:02,963 [WARN] PackLoader:240 - Cannot read IP mode file for STMicroelectronics.X-CUBE-NFC6.3.2.0
2026-04-28 20:15:02,974 [ERROR] Engine:466 - C:\Users\Xavi\.stm32cubemx\thirdparties\pdsc\STMicroelectronics.X-CUBE-ST67W61.1.0.0.pdsc: PDSC version is not supported
2026-04-28 20:15:02,982 [WARN] PackLoader:240 - Cannot read IP mode file for STMicroelectronics.X-CUBE-AI.10.2.0
2026-04-28 20:15:03,012 [WARN] PackLoader:240 - Cannot read IP mode file for STMicroelectronics.X-CUBE-MEMS1.12.1.0
2026-04-28 20:15:03,079 [WARN] PackLoader:240 - Cannot read IP mode file for SEGGER.I-CUBE-embOS.1.3.1
2026-04-28 20:15:03,100 [WARN] PackLoader:240 - Cannot read IP mode file for STMicroelectronics.X-CUBE-ALGOBUILD.1.4.0
2026-04-28 20:15:03,132 [WARN] PackLoader:240 - Cannot read IP mode file for STMicroelectronics.X-CUBE-MEMS1.11.3.0
2026-04-28 20:15:03,219 [WARN] PackLoader:240 - Cannot read IP mode file for STMicroelectronics.X-CUBE-PM33A1.1.0.0
2026-04-28 20:15:03,226 [WARN] PackLoader:240 - Cannot read IP mode file for STMicroelectronics.X-CUBE-GNSS1.6.0.0
2026-04-28 20:15:03,241 [WARN] PackLoader:240 - Cannot read IP mode file for STMicroelectronics.X-CUBE-AZRTOS-F4.1.1.0
2026-04-28 20:15:03,249 [WARN] PackLoader:240 - Cannot read IP mode file for wolfSSL.I-CUBE-wolfSSL.5.6.3
2026-04-28 20:15:03,256 [ERROR] Engine:466 - C:\Users\Xavi\.stm32cubemx\thirdparties\pdsc\Avnet-IotConnect.X-CUBE-IoTC-DA16k-PMOD.1.0.0.pdsc: PDSC version is not supported
2026-04-28 20:15:03,264 [WARN] PackLoader:240 - Cannot read IP mode file for STMicroelectronics.X-CUBE-ISPU.2.1.0
2026-04-28 20:15:03,272 [ERROR] Engine:466 - C:\Users\Xavi\.stm32cubemx\thirdparties\pdsc\STMicroelectronics.X-CUBE-IPS.3.2.0.pdsc: PDSC version is not supported
2026-04-28 20:15:03,279 [ERROR] Engine:466 - C:\Users\Xavi\.stm32cubemx\thirdparties\pdsc\STMicroelectronics.eDS-WB_DPC_TT-BIDIR.2.1.1.pdsc: PDSC version is not supported
2026-04-28 20:15:03,287 [WARN] PackLoader:240 - Cannot read IP mode file for STMicroelectronics.X-CUBE-FREERTOS.1.2.0
2026-04-28 20:15:03,296 [WARN] PackLoader:240 - Cannot read IP mode file for STMicroelectronics.X-CUBE-NFC12.1.0.0
2026-04-28 20:15:03,310 [WARN] PackLoader:240 - Cannot read IP mode file for STMicroelectronics.X-CUBE-AZRTOS-L5.2.0.0
2026-04-28 20:15:03,348 [WARN] PackLoader:240 - Cannot read IP mode file for STMicroelectronics.X-CUBE-MEMS1.9.6.0
2026-04-28 20:15:03,404 [WARN] PackLoader:240 - Cannot read IP mode file for STMicroelectronics.X-CUBE-EEPRMA1.4.2.0
2026-04-28 20:15:03,414 [WARN] PackLoader:240 - Cannot read IP mode file for STMicroelectronics.X-CUBE-NFC6.3.1.0
2026-04-28 20:15:03,422 [WARN] PackLoader:240 - Cannot read IP mode file for ITTIA_DB.I-CUBE-ITTIADB.8.8.0
2026-04-28 20:15:03,432 [WARN] PackLoader:240 - Cannot read IP mode file for STMicroelectronics.X-CUBE-BLEMGR.2.0.0
2026-04-28 20:15:03,437 [INFO] WebApp:161 - Instantiating new browser for Auth
2026-04-28 20:15:03,440 [WARN] PackLoader:240 - Cannot read IP mode file for STMicroelectronics.X-CUBE-DPower.1.2.0
2026-04-28 20:15:03,448 [ERROR] Engine:466 - C:\Users\Xavi\.stm32cubemx\thirdparties\pdsc\STMicroelectronics.eDS-WB_DPC_VIENNA.1.2.0.pdsc: PDSC version is not supported
2026-04-28 20:15:03,455 [ERROR] Engine:466 - C:\Users\Xavi\.stm32cubemx\thirdparties\pdsc\STMicroelectronics.eDS-WB_DPC_3PH2L-BIDIR.1.1.1.pdsc: PDSC version is not supported
2026-04-28 20:15:03,464 [WARN] PackLoader:240 - Cannot read IP mode file for STMicroelectronics.X-CUBE-AI.9.0.0
2026-04-28 20:15:03,495 [WARN] ConditionMgr:438 - getConditionDescription Invalid condition id : UX DEVICE CLASS RTOS Condition cause : null
2026-04-28 20:15:03,495 [WARN] ConditionMgr:438 - getConditionDescription Invalid condition id : UX DEVICE CLASS RTOS Condition cause : null
2026-04-28 20:15:03,496 [WARN] PackLoader:240 - Cannot read IP mode file for STMicroelectronics.X-CUBE-AZRTOS-H7.3.1.0
2026-04-28 20:15:03,496 [WARN] ConditionMgr:1039 - genDependencies : Invalid condition id : UX DEVICE CLASS RTOS Condition cause : null
2026-04-28 20:15:03,496 [WARN] ConditionMgr:1039 - genDependencies : Invalid condition id : UX DEVICE CLASS RTOS Condition cause : null
2026-04-28 20:15:03,496 [WARN] ConditionMgr:1039 - genDependencies : Invalid condition id : UX DEVICE CLASS RTOS Condition cause : null
2026-04-28 20:15:03,496 [WARN] ConditionMgr:1039 - genDependencies : Invalid condition id : UX DEVICE CLASS RTOS Condition cause : null
2026-04-28 20:15:03,496 [WARN] ConditionMgr:1039 - genDependencies : Invalid condition id : UX DEVICE CLASS RTOS Condition cause : null
2026-04-28 20:15:03,507 [ERROR] Engine:466 - C:\Users\Xavi\.stm32cubemx\thirdparties\pdsc\STMicroelectronics.X-CUBE-ST67W61.1.3.0.pdsc: PDSC version is not supported
2026-04-28 20:15:03,516 [WARN] PackLoader:240 - Cannot read IP mode file for STMicroelectronics.X-CUBE-FREERTOS.1.3.1
2026-04-28 20:15:03,523 [WARN] PackLoader:240 - Cannot read IP mode file for STMicroelectronics.X-CUBE-FREERTOS.1.3.0
2026-04-28 20:15:03,532 [WARN] PackLoader:240 - Cannot read IP mode file for STMicroelectronics.X-CUBE-NFC7.1.0.1
2026-04-28 20:15:03,541 [WARN] PackLoader:240 - Cannot read IP mode file for wolfSSL.I-CUBE-wolfTPM.3.2.0
2026-04-28 20:15:03,548 [WARN] PackLoader:240 - Cannot read IP mode file for STMicroelectronics.X-CUBE-TOUCHGFX.4.26.0
2026-04-28 20:15:03,555 [WARN] PackLoader:240 - Cannot read IP mode file for STMicroelectronics.X-CUBE-NFC6.3.0.0
2026-04-28 20:15:03,564 [WARN] PackLoader:240 - Cannot read IP mode file for STMicroelectronics.X-CUBE-TOUCHGFX.4.26.1
2026-04-28 20:15:03,571 [WARN] PackLoader:240 - Cannot read IP mode file for STMicroelectronics.X-CUBE-EEPRMA1.4.1.0
2026-04-28 20:15:03,579 [ERROR] Engine:466 - C:\Users\Xavi\.stm32cubemx\thirdparties\pdsc\STMicroelectronics.FP-SNS-STAIOTCFT.1.0.0.pdsc: PDSC version is not supported
2026-04-28 20:15:03,585 [WARN] PackLoader:240 - Cannot read IP mode file for STMicroelectronics.X-CUBE-DPower.1.3.0
2026-04-28 20:15:03,592 [WARN] PackLoader:240 - Cannot read IP mode file for STMicroelectronics.X-CUBE-AI.8.1.0
2026-04-28 20:15:03,606 [WARN] ConditionMgr:438 - getConditionDescription Invalid condition id : LAN8742 Phy interface Condition cause : null
2026-04-28 20:15:03,606 [WARN] PackLoader:240 - Cannot read IP mode file for STMicroelectronics.X-CUBE-AZRTOS-L4.2.0.0
2026-04-28 20:15:03,607 [WARN] ConditionMgr:1039 - genDependencies : Invalid condition id : LAN8742 Phy interface Condition cause : null
2026-04-28 20:15:03,607 [WARN] ConditionMgr:1039 - genDependencies : Invalid condition id : LAN8742 Phy interface Condition cause : null
2026-04-28 20:15:03,607 [WARN] ConditionMgr:1039 - genDependencies : Invalid condition id : LAN8742 Phy interface Condition cause : null
2026-04-28 20:15:03,615 [WARN] PackLoader:240 - Cannot read IP mode file for STMicroelectronics.X-CUBE-SFXS2LP1.4.0.0
2026-04-28 20:15:03,623 [WARN] PackLoader:240 - Cannot read IP mode file for STMicroelectronics.X-CUBE-WB05N.2.1.0
2026-04-28 20:15:03,630 [ERROR] Engine:466 - C:\Users\Xavi\.stm32cubemx\thirdparties\pdsc\STMicroelectronics.X-CUBE-ST67W61.1.2.0.pdsc: PDSC version is not supported
2026-04-28 20:15:03,637 [WARN] PackLoader:240 - Cannot read IP mode file for STMicroelectronics.X-CUBE-ISPU.1.1.0
2026-04-28 20:15:03,651 [WARN] PackLoader:240 - Cannot read IP mode file for STMicroelectronics.X-CUBE-AZRTOS-H7.3.3.0
2026-04-28 20:15:03,661 [ERROR] Engine:466 - C:\Users\Xavi\.stm32cubemx\thirdparties\pdsc\STMicroelectronics.X-CUBE-BLEMGR.4.1.0.pdsc: PDSC version is not supported
2026-04-28 20:15:03,672 [WARN] ConditionMgr:438 - getConditionDescription Invalid condition id : UX DEVICE CLASS RTOS Condition cause : null
2026-04-28 20:15:03,672 [WARN] ConditionMgr:438 - getConditionDescription Invalid condition id : UX DEVICE CLASS RTOS Condition cause : null
2026-04-28 20:15:03,673 [WARN] PackLoader:240 - Cannot read IP mode file for STMicroelectronics.X-CUBE-AZRTOS-WB.2.0.0
2026-04-28 20:15:03,673 [WARN] ConditionMgr:1039 - genDependencies : Invalid condition id : UX DEVICE CLASS RTOS Condition cause : null
2026-04-28 20:15:03,673 [WARN] ConditionMgr:1039 - genDependencies : Invalid condition id : UX DEVICE CLASS RTOS Condition cause : null
2026-04-28 20:15:03,673 [WARN] ConditionMgr:1039 - genDependencies : Invalid condition id : UX DEVICE CLASS RTOS Condition cause : null
2026-04-28 20:15:03,674 [WARN] ConditionMgr:1039 - genDependencies : Invalid condition id : UX DEVICE CLASS RTOS Condition cause : null
2026-04-28 20:15:03,674 [WARN] ConditionMgr:1039 - genDependencies : Invalid condition id : UX DEVICE CLASS RTOS Condition cause : null
2026-04-28 20:15:03,681 [WARN] PackLoader:240 - Cannot read IP mode file for STMicroelectronics.X-CUBE-FREERTOS.1.0.1
2026-04-28 20:15:03,688 [WARN] PackLoader:240 - Cannot read IP mode file for STMicroelectronics.X-CUBE-GNSS1.7.0.0
2026-04-28 20:15:03,695 [WARN] PackLoader:240 - Cannot read IP mode file for STMicroelectronics.X-CUBE-GNSS1.7.0.1
2026-04-28 20:15:03,702 [WARN] PackLoader:240 - Cannot read IP mode file for STMicroelectronics.X-CUBE-TOUCHGFX.4.25.0
2026-04-28 20:15:03,710 [WARN] PackLoader:240 - Cannot read IP mode file for STMicroelectronics.FP-SNS-STBOX1.2.0.0
2026-04-28 20:15:03,720 [WARN] PackLoader:240 - Cannot read IP mode file for STMicroelectronics.X-CUBE-STSE01.2.0.0
2026-04-28 20:15:03,732 [WARN] PackLoader:240 - Cannot read IP mode file for STMicroelectronics.X-CUBE-AZRTOS-L5.1.1.0
2026-04-28 20:15:03,739 [WARN] PackLoader:240 - Cannot read IP mode file for STMicroelectronics.X-CUBE-AI.8.0.1
2026-04-28 20:15:03,748 [WARN] PackLoader:240 - Cannot read IP mode file for STMicroelectronics.X-CUBE-SUBG2.5.0.0
2026-04-28 20:15:03,764 [WARN] PackLoader:240 - Cannot read IP mode file for STMicroelectronics.X-CUBE-AZRTOS-H7RS.1.1.0
2026-04-28 20:15:03,773 [WARN] PackLoader:240 - Cannot read IP mode file for Cesanta.I-CUBE-Mongoose.7.13.0
2026-04-28 20:15:03,782 [WARN] PackLoader:240 - Cannot read IP mode file for STMicroelectronics.X-CUBE-TOF1.3.3.1
2026-04-28 20:15:03,797 [WARN] PackLoader:240 - Cannot read IP mode file for STMicroelectronics.X-CUBE-AZRTOS-G4.2.0.0
2026-04-28 20:15:03,810 [WARN] PackLoader:240 - Cannot read IP mode file for Infineon.AIROC-Wi-Fi-Bluetooth-STM32.1.5.1
2026-04-28 20:15:03,818 [WARN] PackLoader:240 - Cannot read IP mode file for STMicroelectronics.FP-SNS-MOTENVWB1.1.3.0
2026-04-28 20:15:03,825 [WARN] PackLoader:240 - Cannot read IP mode file for STMicroelectronics.X-CUBE-NFC7.2.0.0
2026-04-28 20:15:03,832 [WARN] PackLoader:240 - Cannot read IP mode file for STMicroelectronics.FP-SNS-MOTENVWB1.1.3.1
2026-04-28 20:15:03,838 [WARN] PackLoader:240 - Cannot read IP mode file for STMicroelectronics.X-CUBE-ISPU.2.0.0
2026-04-28 20:15:03,847 [ERROR] Engine:466 - C:\Users\Xavi\.stm32cubemx\thirdparties\pdsc\STMicroelectronics.X-CUBE-IPS.3.1.0.pdsc: PDSC version is not supported
2026-04-28 20:15:03,854 [WARN] PackLoader:240 - Cannot read IP mode file for STMicroelectronics.X-CUBE-ALS.1.0.2
2026-04-28 20:15:03,875 [WARN] PackLoader:240 - Cannot read IP mode file for STMicroelectronics.X-CUBE-MEMS1.10.0.0
2026-04-28 20:15:03,933 [WARN] PackLoader:240 - Cannot read IP mode file for STMicroelectronics.X-CUBE-FREERTOS.1.1.0
2026-04-28 20:15:03,942 [WARN] PackLoader:240 - Cannot read IP mode file for STMicroelectronics.X-CUBE-TOUCHGFX.4.24.0
2026-04-28 20:15:03,949 [WARN] PackLoader:240 - Cannot read IP mode file for STMicroelectronics.X-CUBE-TOUCHGFX.4.24.2
2026-04-28 20:15:03,956 [WARN] PackLoader:240 - Cannot read IP mode file for STMicroelectronics.X-CUBE-TOUCHGFX.4.24.1
2026-04-28 20:15:03,964 [WARN] PackLoader:240 - Cannot read IP mode file for STMicroelectronics.X-CUBE-STSE01.1.0.0
2026-04-28 20:15:03,973 [WARN] PackLoader:240 - Cannot read IP mode file for portGmbH.I-Cube-SoM-uGOAL.1.1.0
2026-04-28 20:15:03,979 [WARN] PackLoader:240 - Cannot read IP mode file for STMicroelectronics.X-CUBE-ALS.1.0.1
2026-04-28 20:15:03,991 [WARN] PackLoader:240 - Cannot read IP mode file for STMicroelectronics.X-CUBE-AZRTOS-WB.1.1.0
2026-04-28 20:15:04,005 [WARN] PackLoader:240 - Cannot read IP mode file for STMicroelectronics.X-CUBE-AZRTOS-H7RS.1.0.0
2026-04-28 20:15:04,012 [WARN] PackLoader:240 - Cannot read IP mode file for STMicroelectronics.FP-ATR-ASTRA1.2.0.0
2026-04-28 20:15:04,021 [WARN] PackLoader:240 - Cannot read IP mode file for STMicroelectronics.X-CUBE-TOF1.3.4.2
2026-04-28 20:15:04,033 [ERROR] Engine:466 - C:\Users\Xavi\.stm32cubemx\thirdparties\pdsc\STMicroelectronics.X-CUBE-TOF1.3.4.3.pdsc: PDSC version is not supported
2026-04-28 20:15:04,042 [WARN] PackLoader:240 - Cannot read IP mode file for STMicroelectronics.X-CUBE-TOF1.3.4.0
2026-04-28 20:15:04,054 [WARN] PackLoader:240 - Cannot read IP mode file for STMicroelectronics.X-CUBE-TOF1.3.4.1
2026-04-28 20:15:04,071 [WARN] PackLoader:240 - Cannot read IP mode file for STMicroelectronics.X-CUBE-AZRTOS-H7.3.2.0
2026-04-28 20:15:04,081 [WARN] PackLoader:240 - Cannot read IP mode file for wolfSSL.I-CUBE-wolfSSH.1.4.17
2026-04-28 20:15:04,081 [INFO] ThirdParty:978 - Integrity check success = true
2026-04-28 20:15:04,081 [INFO] IntegrityCheckThread:100 - exiting critical section [integrity check]
2026-04-28 20:15:04,081 [INFO] IntegrityCheckThread:103 - End integrity checks thread
2026-04-28 20:15:04,097 [INFO] WebApp:780 - Register for checkConnection events
2026-04-28 20:15:04,097 [INFO] WebApp:414 - Apply proxy settings
2026-04-28 20:15:04,097 [INFO] WebApp:499 - Chromium requires no authentication
2026-04-28 20:15:04,102 [INFO] WebApp:442 - Direct internet connection detected
2026-04-28 20:15:04,230 [INFO] WebApp:192 - Starting web application
2026-04-28 20:15:04,230 [INFO] WebApp:544 - Web application path used C:\ST\STM32CubeIDE_1.13.0\STM32CubeIDE\plugins\com.st.stm32cube.common.mx_6.10.0.202311202037\db\plugins\mcufinder\reactClient1\index.html
2026-04-28 20:15:24,755 [ERROR] LogOutputStream:75 - [STDERR_REDIRECT] SLF4J: Failed to load class "org.slf4j.impl.StaticLoggerBinder".
2026-04-28 20:15:24,755 [ERROR] LogOutputStream:75 - [STDERR_REDIRECT] SLF4J: Defaulting to no-operation (NOP) logger implementation
2026-04-28 20:15:24,756 [ERROR] LogOutputStream:75 - [STDERR_REDIRECT] SLF4J: See http://www.slf4j.org/codes.html#StaticLoggerBinder for further details.
2026-04-28 21:43:57,749 [ERROR] LogOutputStream:75 - [STDERR_REDIRECT] 
2026-04-28 21:44:49,732 [INFO] Activator:176 - 


2026-04-28 21:44:49,733 [INFO] Activator:177 - !SESSION log4j initialized
2026-04-28 21:44:53,681 [INFO] LogOutputStream:77 - [STDOUT_REDIRECT] 
2026-04-28 21:44:54,353 [INFO] ApplicationProperties:184 - Using Application install path: C:\ST\STM32CubeIDE_1.13.0\STM32CubeIDE\plugins\com.st.stm32cube.common.mx_6.10.0.202311202037
2026-04-28 21:44:54,365 [INFO] DbMcusXml:78 - Set database path to: C:\ST\STM32CubeIDE_1.13.0\STM32CubeIDE\plugins\com.st.stm32cube.common.mx_6.10.0.202311202037\\db\/mcu/
2026-04-28 21:44:54,365 [INFO] ApiDb:274 - Set plugin database path to: C:\ST\STM32CubeIDE_1.13.0\STM32CubeIDE\plugins\com.st.stm32cube.common.mx_6.10.0.202311202037\\db\/plugins/boardmanager/
2026-04-28 21:44:54,365 [WARN] ApiDb:259 - Overriding images path with different value:  => C:\ST\STM32CubeIDE_1.13.0\STM32CubeIDE\plugins\com.st.stm32cube.common.mx_6.10.0.202311202037\\db\/plugins/mcufinder/images/
2026-04-28 21:44:54,373 [INFO] ApiDb:250 - Set database path to: C:\Users\Xavi\.stmcufinder\plugins\mcufinder//mcu/
2026-04-28 21:44:54,374 [INFO] DbMcusAds:125 - Set database path to: C:\Users\Xavi\.stmcufinder\plugins\mcufinder//mcu/
2026-04-28 21:44:54,375 [INFO] CrossReferenceDbSqlite:203 - Set database path to: C:\Users\Xavi\.stmcufinder\plugins\mcufinder//mcu/cs/
2026-04-28 21:44:54,463 [INFO] RulesReader:64 - Compatibility file has been processed (297 Rules)
2026-04-28 21:44:54,524 [INFO] DbMcusXml:78 - Set database path to: C:\ST\STM32CubeIDE_1.13.0\STM32CubeIDE\plugins\com.st.stm32cube.common.mx_6.10.0.202311202037\\db\/mcu/
2026-04-28 21:44:54,524 [INFO] ApiDb:274 - Set plugin database path to: C:\ST\STM32CubeIDE_1.13.0\STM32CubeIDE\plugins\com.st.stm32cube.common.mx_6.10.0.202311202037\\db\/plugins/boardmanager/
2026-04-28 21:44:54,525 [INFO] ApiDb:261 - Set plugin images path to: C:\ST\STM32CubeIDE_1.13.0\STM32CubeIDE\plugins\com.st.stm32cube.common.mx_6.10.0.202311202037\\db\/plugins/mcufinder/images/
2026-04-28 21:44:54,525 [WARN] DbFile:41 - Overriding database path with different value: C:\Users\Xavi\.stmcufinder\plugins\mcufinder/ => C:\Users\Xavi\.stmcufinder\plugins\mcufinder
2026-04-28 21:44:54,525 [INFO] ApiDb:250 - Set database path to: C:\Users\Xavi\.stmcufinder\plugins\mcufinder//mcu/
2026-04-28 21:44:54,525 [WARN] DbFile:41 - Overriding database path with different value: C:\Users\Xavi\.stmcufinder\plugins\mcufinder/ => C:\Users\Xavi\.stmcufinder\plugins\mcufinder
2026-04-28 21:44:54,525 [INFO] DbMcusAds:125 - Set database path to: C:\Users\Xavi\.stmcufinder\plugins\mcufinder//mcu/
2026-04-28 21:44:54,525 [WARN] DbFile:41 - Overriding database path with different value: C:\Users\Xavi\.stmcufinder\plugins\mcufinder/ => C:\Users\Xavi\.stmcufinder\plugins\mcufinder
2026-04-28 21:44:54,525 [WARN] DbFile:41 - Overriding database path with different value: C:\Users\Xavi\.stmcufinder\plugins\mcufinder/ => C:\Users\Xavi\.stmcufinder\plugins\mcufinder
2026-04-28 21:44:54,525 [INFO] CrossReferenceDbSqlite:203 - Set database path to: C:\Users\Xavi\.stmcufinder\plugins\mcufinder//mcu/cs/
2026-04-28 21:44:54,572 [INFO] MainPanel:264 - HeapMemory: 268435456
2026-04-28 21:44:54,605 [INFO] DbMcusXml:78 - Set database path to: C:\ST\STM32CubeIDE_1.13.0\STM32CubeIDE\plugins\com.st.stm32cube.common.mx_6.10.0.202311202037\\db\/mcu/
2026-04-28 21:44:54,605 [INFO] ApiDb:274 - Set plugin database path to: C:\ST\STM32CubeIDE_1.13.0\STM32CubeIDE\plugins\com.st.stm32cube.common.mx_6.10.0.202311202037\\db\/plugins/boardmanager/
2026-04-28 21:44:54,605 [INFO] ApiDb:261 - Set plugin images path to: C:\ST\STM32CubeIDE_1.13.0\STM32CubeIDE\plugins\com.st.stm32cube.common.mx_6.10.0.202311202037\\db\/plugins/mcufinder/images/
2026-04-28 21:44:54,605 [WARN] DbFile:41 - Overriding database path with different value: C:\Users\Xavi\.stmcufinder\plugins\mcufinder/ => C:\Users\Xavi\.stmcufinder\plugins\mcufinder
2026-04-28 21:44:54,606 [INFO] ApiDb:250 - Set database path to: C:\Users\Xavi\.stmcufinder\plugins\mcufinder//mcu/
2026-04-28 21:44:54,606 [WARN] DbFile:41 - Overriding database path with different value: C:\Users\Xavi\.stmcufinder\plugins\mcufinder/ => C:\Users\Xavi\.stmcufinder\plugins\mcufinder
2026-04-28 21:44:54,606 [INFO] DbMcusAds:125 - Set database path to: C:\Users\Xavi\.stmcufinder\plugins\mcufinder//mcu/
2026-04-28 21:44:54,606 [WARN] DbFile:41 - Overriding database path with different value: C:\Users\Xavi\.stmcufinder\plugins\mcufinder/ => C:\Users\Xavi\.stmcufinder\plugins\mcufinder
2026-04-28 21:44:54,606 [WARN] DbFile:41 - Overriding database path with different value: C:\Users\Xavi\.stmcufinder\plugins\mcufinder/ => C:\Users\Xavi\.stmcufinder\plugins\mcufinder
2026-04-28 21:44:54,606 [INFO] CrossReferenceDbSqlite:203 - Set database path to: C:\Users\Xavi\.stmcufinder\plugins\mcufinder//mcu/cs/
2026-04-28 21:44:54,614 [INFO] ApplicationProperties:184 - Using Application install path: C:\ST\STM32CubeIDE_1.13.0\STM32CubeIDE\plugins\com.st.stm32cube.common.mx_6.10.0.202311202037
2026-04-28 21:44:54,614 [INFO] PluginManage:196 - Search for loadable plugins [exclusion list=, ]
2026-04-28 21:44:54,615 [INFO] PluginManage:310 - Check plugin analytics
2026-04-28 21:44:54,725 [INFO] AnalyticsPlugin:253 - Accepted Software Licenses: STM32CubeMX.6.9.0
2026-04-28 21:44:54,725 [INFO] AnalyticsPlugin:255 - Accepted CMSIS Pack Licenses: 
2026-04-28 21:44:54,725 [INFO] AnalyticsPlugin:257 - Accepted Firmware Licenses: FW.F4.1.27.0,FW.H5.1.1.0
2026-04-28 21:44:54,728 [INFO] PluginManage:359 - Loaded plugin analytics (category:tool,tabindex:-1)
2026-04-28 21:44:54,728 [INFO] PluginManage:310 - Check plugin cadmodel
2026-04-28 21:44:54,738 [INFO] CADModel:105 - Init CAD model plugin
2026-04-28 21:44:54,738 [INFO] PluginManage:359 - Loaded plugin cadmodel (category:power,tabindex:5)
2026-04-28 21:44:54,738 [INFO] PluginManage:310 - Check plugin clock
2026-04-28 21:44:54,748 [INFO] PluginManage:359 - Loaded plugin clock (category:base,tabindex:2)
2026-04-28 21:44:54,748 [INFO] PluginManage:310 - Check plugin ddr
2026-04-28 21:44:54,749 [INFO] PluginManage:359 - Loaded plugin ddr (category:tool,tabindex:6)
2026-04-28 21:44:54,750 [INFO] PluginManage:310 - Check plugin filemanager
2026-04-28 21:44:54,823 [INFO] PluginManage:359 - Loaded plugin filemanager (category:base,tabindex:10)
2026-04-28 21:44:54,823 [INFO] PluginManage:310 - Check plugin ipmanager
2026-04-28 21:44:54,827 [INFO] PluginManage:359 - Loaded plugin ipmanager (category:base,tabindex:5)
2026-04-28 21:44:54,827 [INFO] PluginManage:310 - Check plugin lpbam
2026-04-28 21:44:54,837 [INFO] PluginManage:359 - Loaded plugin lpbam (category:base,tabindex:0)
2026-04-28 21:44:54,837 [INFO] PluginManage:310 - Check plugin memorymap
2026-04-28 21:44:54,849 [INFO] PluginManage:359 - Loaded plugin memorymap (category:base,tabindex:4)
2026-04-28 21:44:54,849 [INFO] PluginManage:310 - Check plugin pinoutandconfiguration
2026-04-28 21:44:54,857 [INFO] PluginManage:359 - Loaded plugin pinoutandconfiguration (category:base,tabindex:1)
2026-04-28 21:44:54,858 [INFO] PluginManage:310 - Check plugin pinoutconfig
2026-04-28 21:44:54,914 [WARN] SupportedApi:132 - Cannot load RTOS API schema: s4s-elt-must-match.1: The content of 'definitions' must match (annotation?, (simpleType | complexType)?, (unique | key | keyref)*)). A problem was found starting at: attribute.
2026-04-28 21:44:54,980 [INFO] PluginManage:359 - Loaded plugin pinoutconfig (category:base,tabindex:0)
2026-04-28 21:44:54,980 [INFO] PluginManage:310 - Check plugin power
2026-04-28 21:44:54,990 [INFO] PluginManage:359 - Loaded plugin power (category:power,tabindex:4)
2026-04-28 21:44:54,990 [INFO] PluginManage:310 - Check plugin projectmanager
2026-04-28 21:44:55,000 [INFO] PluginManage:359 - Loaded plugin projectmanager (category:projectmanager,tabindex:3)
2026-04-28 21:44:55,000 [INFO] PluginManage:310 - Check plugin thirdparty
2026-04-28 21:44:55,176 [WARN] IntegrityCheckThread:84 - waiting for thirdparty lock release [integrity check]
2026-04-28 21:44:55,176 [INFO] IntegrityCheckThread:86 - entering critical section [integrity check]
2026-04-28 21:44:55,176 [INFO] PluginManage:359 - Loaded plugin thirdparty (category:base,tabindex:-1)
2026-04-28 21:44:55,176 [INFO] PluginManage:310 - Check plugin tools
2026-04-28 21:44:55,177 [INFO] ThirdPartyUpdaterWithRetryManager:70 - Updater plugin not ready yet. [1/15]
2026-04-28 21:44:55,180 [INFO] PluginManage:359 - Loaded plugin tools (category:base,tabindex:7)
2026-04-28 21:44:55,180 [INFO] PluginManage:310 - Check plugin tutovideos
2026-04-28 21:44:55,324 [INFO] PluginManage:359 - Loaded plugin tutovideos (category:base,tabindex:-1)
2026-04-28 21:44:55,324 [INFO] PluginManage:310 - Check plugin updater
2026-04-28 21:44:55,336 [INFO] PluginManage:359 - Loaded plugin updater (category:base,tabindex:12)
2026-04-28 21:44:55,336 [INFO] PluginManage:310 - Check plugin userauth
2026-04-28 21:44:55,340 [INFO] UserAuth:114 - Init User Auth plugin
2026-04-28 21:44:55,340 [INFO] PluginManage:359 - Loaded plugin userauth (category:base,tabindex:14)
2026-04-28 21:44:55,340 [INFO] PluginManage:283 - PluginManage : Loaded plugins [17]
2026-04-28 21:44:55,461 [INFO] PinOutPanel:1499 - setPackage(No Configuration,No Configuration)
2026-04-28 21:44:55,529 [INFO] CADModel:165 - CPN selected for project level
2026-04-28 21:44:55,529 [INFO] CADModel:114 - Register for checkConnection events
2026-04-28 21:44:55,546 [INFO] IPUIPlugin:80 - create IPUIPlugin
2026-04-28 21:44:55,546 [INFO] PluginManager:220 - loadIPPluginJar : add adc
2026-04-28 21:44:55,571 [INFO] IPUIPlugin:80 - create IPUIPlugin
2026-04-28 21:44:55,571 [INFO] PluginManager:220 - loadIPPluginJar : add aes
2026-04-28 21:44:55,603 [INFO] IPUIPlugin:80 - create IPUIPlugin
2026-04-28 21:44:55,603 [INFO] PluginManager:220 - loadIPPluginJar : add can
2026-04-28 21:44:55,606 [INFO] IPUIPlugin:80 - create IPUIPlugin
2026-04-28 21:44:55,606 [INFO] PluginManager:220 - loadIPPluginJar : add comp
2026-04-28 21:44:55,629 [INFO] IPUIPlugin:80 - create IPUIPlugin
2026-04-28 21:44:55,629 [INFO] PluginManager:220 - loadIPPluginJar : add cryp
2026-04-28 21:44:55,633 [INFO] IPUIPlugin:80 - create IPUIPlugin
2026-04-28 21:44:55,633 [INFO] PluginManager:220 - loadIPPluginJar : add dfsdm
2026-04-28 21:44:55,648 [INFO] IPUIPlugin:80 - create IPUIPlugin
2026-04-28 21:44:55,649 [INFO] PluginManager:220 - loadIPPluginJar : add dma
2026-04-28 21:44:55,682 [INFO] IPUIPlugin:80 - create IPUIPlugin
2026-04-28 21:44:55,682 [INFO] PluginManager:220 - loadIPPluginJar : add dma3
2026-04-28 21:44:55,695 [INFO] IPUIPlugin:80 - create IPUIPlugin
2026-04-28 21:44:55,695 [INFO] PluginManager:220 - loadIPPluginJar : add fatfs
2026-04-28 21:44:55,727 [INFO] IPUIPlugin:80 - create IPUIPlugin
2026-04-28 21:44:55,728 [INFO] PluginManager:220 - loadIPPluginJar : add fmc
2026-04-28 21:44:55,736 [INFO] IPUIPlugin:80 - create IPUIPlugin
2026-04-28 21:44:55,736 [INFO] PluginManager:220 - loadIPPluginJar : add freertos
2026-04-28 21:44:55,737 [INFO] IPUIPlugin:80 - create IPUIPlugin
2026-04-28 21:44:55,737 [INFO] PluginManager:220 - loadIPPluginJar : add genericplugin
2026-04-28 21:44:55,797 [INFO] IPUIPlugin:80 - create IPUIPlugin
2026-04-28 21:44:55,797 [INFO] PluginManager:220 - loadIPPluginJar : add gfxmmu
2026-04-28 21:44:55,879 [INFO] IPUIPlugin:80 - create IPUIPlugin
2026-04-28 21:44:55,879 [INFO] PluginManager:220 - loadIPPluginJar : add gic
2026-04-28 21:44:55,887 [INFO] IPUIPlugin:80 - create IPUIPlugin
2026-04-28 21:44:55,887 [INFO] PluginManager:220 - loadIPPluginJar : add gpio
2026-04-28 21:44:55,946 [INFO] IPUIPlugin:80 - create IPUIPlugin
2026-04-28 21:44:55,946 [INFO] PluginManager:220 - loadIPPluginJar : add gtzc
2026-04-28 21:44:55,948 [INFO] IPUIPlugin:80 - create IPUIPlugin
2026-04-28 21:44:55,948 [INFO] PluginManager:220 - loadIPPluginJar : add hash
2026-04-28 21:44:55,981 [INFO] IPUIPlugin:80 - create IPUIPlugin
2026-04-28 21:44:55,981 [INFO] PluginManager:220 - loadIPPluginJar : add i2c
2026-04-28 21:44:56,005 [INFO] IPUIPlugin:80 - create IPUIPlugin
2026-04-28 21:44:56,005 [INFO] PluginManager:220 - loadIPPluginJar : add i2s
2026-04-28 21:44:56,029 [INFO] IPUIPlugin:80 - create IPUIPlugin
2026-04-28 21:44:56,029 [INFO] PluginManager:220 - loadIPPluginJar : add i3c
2026-04-28 21:44:56,094 [INFO] IPUIPlugin:80 - create IPUIPlugin
2026-04-28 21:44:56,094 [INFO] PluginManager:220 - loadIPPluginJar : add ipddr
2026-04-28 21:44:56,152 [INFO] IPUIPlugin:80 - create IPUIPlugin
2026-04-28 21:44:56,152 [INFO] PluginManager:220 - loadIPPluginJar : add linkedlist
2026-04-28 21:44:56,153 [INFO] IPUIPlugin:80 - create IPUIPlugin
2026-04-28 21:44:56,154 [INFO] PluginManager:220 - loadIPPluginJar : add lorawan
2026-04-28 21:44:56,176 [INFO] IPUIPlugin:80 - create IPUIPlugin
2026-04-28 21:44:56,176 [INFO] PluginManager:220 - loadIPPluginJar : add ltdc
2026-04-28 21:44:56,183 [INFO] IPUIPlugin:80 - create IPUIPlugin
2026-04-28 21:44:56,183 [INFO] PluginManager:220 - loadIPPluginJar : add mdma
2026-04-28 21:44:56,190 [INFO] IPUIPlugin:80 - create IPUIPlugin
2026-04-28 21:44:56,190 [INFO] PluginManager:220 - loadIPPluginJar : add nvic
2026-04-28 21:44:56,212 [INFO] IPUIPlugin:80 - create IPUIPlugin
2026-04-28 21:44:56,212 [INFO] PluginManager:220 - loadIPPluginJar : add opamp
2026-04-28 21:44:56,249 [INFO] IPUIPlugin:80 - create IPUIPlugin
2026-04-28 21:44:56,249 [INFO] PluginManager:220 - loadIPPluginJar : add openamp
2026-04-28 21:44:56,275 [INFO] IPUIPlugin:80 - create IPUIPlugin
2026-04-28 21:44:56,275 [INFO] PluginManager:220 - loadIPPluginJar : add pdm2pcm
2026-04-28 21:44:56,283 [INFO] IPUIPlugin:80 - create IPUIPlugin
2026-04-28 21:44:56,284 [INFO] PluginManager:220 - loadIPPluginJar : add plateformsettings
2026-04-28 21:44:56,286 [INFO] IPUIPlugin:80 - create IPUIPlugin
2026-04-28 21:44:56,286 [INFO] PluginManager:220 - loadIPPluginJar : add quadspi
2026-04-28 21:44:56,292 [INFO] IPUIPlugin:80 - create IPUIPlugin
2026-04-28 21:44:56,292 [INFO] PluginManager:220 - loadIPPluginJar : add resmgrutility
2026-04-28 21:44:56,323 [INFO] IPUIPlugin:80 - create IPUIPlugin
2026-04-28 21:44:56,323 [INFO] PluginManager:220 - loadIPPluginJar : add sai
2026-04-28 21:44:56,345 [INFO] IPUIPlugin:80 - create IPUIPlugin
2026-04-28 21:44:56,345 [INFO] PluginManager:220 - loadIPPluginJar : add spi
2026-04-28 21:44:56,389 [INFO] IPUIPlugin:80 - create IPUIPlugin
2026-04-28 21:44:56,389 [INFO] PluginManager:220 - loadIPPluginJar : add stm32_wpan
2026-04-28 21:44:56,390 [INFO] IPUIPlugin:80 - create IPUIPlugin
2026-04-28 21:44:56,390 [INFO] PluginManager:220 - loadIPPluginJar : add tim
2026-04-28 21:44:56,425 [INFO] IPUIPlugin:80 - create IPUIPlugin
2026-04-28 21:44:56,425 [INFO] PluginManager:220 - loadIPPluginJar : add touchsensing
2026-04-28 21:44:56,426 [INFO] IPUIPlugin:80 - create IPUIPlugin
2026-04-28 21:44:56,426 [INFO] PluginManager:220 - loadIPPluginJar : add tracer_emb
2026-04-28 21:44:56,427 [INFO] IPUIPlugin:80 - create IPUIPlugin
2026-04-28 21:44:56,427 [INFO] PluginManager:220 - loadIPPluginJar : add ts
2026-04-28 21:44:56,429 [INFO] IPUIPlugin:80 - create IPUIPlugin
2026-04-28 21:44:56,429 [INFO] PluginManager:220 - loadIPPluginJar : add tsc
2026-04-28 21:44:56,430 [INFO] IPUIPlugin:80 - create IPUIPlugin
2026-04-28 21:44:56,430 [INFO] PluginManager:220 - loadIPPluginJar : add ucpd
2026-04-28 21:44:56,457 [INFO] IPUIPlugin:80 - create IPUIPlugin
2026-04-28 21:44:56,457 [INFO] PluginManager:220 - loadIPPluginJar : add usart
2026-04-28 21:44:56,484 [INFO] IPUIPlugin:80 - create IPUIPlugin
2026-04-28 21:44:56,484 [INFO] PluginManager:220 - loadIPPluginJar : add usbx
2026-04-28 21:44:56,584 [INFO] CADModel:165 - CPN selected for project level
2026-04-28 21:44:56,584 [INFO] CADModel:114 - Register for checkConnection events
2026-04-28 21:44:56,584 [FATAL] Updater:308 - Updater called before beeing initialized
2026-04-28 21:44:56,584 [ERROR] CADModel:125 - Updater not yet initialized, retry later 
2026-04-28 21:44:56,647 [INFO] CADModel:165 - CPN selected for project level
2026-04-28 21:44:56,647 [INFO] CADModel:114 - Register for checkConnection events
2026-04-28 21:44:56,647 [FATAL] Updater:308 - Updater called before beeing initialized
2026-04-28 21:44:56,647 [ERROR] CADModel:125 - Updater not yet initialized, retry later 
2026-04-28 21:44:56,649 [FATAL] Updater:308 - Updater called before beeing initialized
2026-04-28 21:44:56,701 [FATAL] Updater:308 - Updater called before beeing initialized
2026-04-28 21:44:56,711 [INFO] DbMcusAds:53 - JSON generation date=Mon Apr 27 10:14:29 CEST 2026 (1777277669683)
2026-04-28 21:44:56,711 [FATAL] Updater:308 - Updater called before beeing initialized
2026-04-28 21:44:56,760 [WARN] DetailPanel:346 - Failed to get advertising image, set to default
2026-04-28 21:44:56,829 [FATAL] Updater:308 - Updater called before beeing initialized
2026-04-28 21:44:56,830 [FATAL] Updater:308 - Updater called before beeing initialized
2026-04-28 21:44:56,830 [FATAL] Updater:308 - Updater called before beeing initialized
2026-04-28 21:44:56,830 [WARN] DetailPanel:346 - Failed to get advertising image, set to default
2026-04-28 21:44:56,830 [FATAL] Updater:308 - Updater called before beeing initialized
2026-04-28 21:44:56,889 [ERROR] Updater:1120 - MainUpdater not yet initialized. External WinMGr cannot be set.
2026-04-28 21:44:56,895 [INFO] Updater:1056 - Updater Version found : 6.10.0
2026-04-28 21:44:56,903 [INFO] ApplicationProperties:184 - Using Application install path: C:\ST\STM32CubeIDE_1.13.0\STM32CubeIDE\plugins\com.st.stm32cube.common.mx_6.10.0.202311202037
2026-04-28 21:44:56,932 [INFO] MainUpdater:526 - Copy updater definitions from MX database
2026-04-28 21:44:57,369 [INFO] MainUpdater:2873 - connection check result : 10
2026-04-28 21:44:57,369 [INFO] MainUpdater:3567 - Updater definition file requires update
2026-04-28 21:44:57,370 [INFO] MainUpdater:290 - Updater Check For Update Now.
2026-04-28 21:44:57,370 [INFO] MicroXplorer:498 - Change Database Version : DB.6.0.100
2026-04-28 21:44:57,375 [INFO] McuFinderGlobals:63 - Set McuFinder mode to 2 (CubeIDE integrated)
2026-04-28 21:44:57,379 [INFO] UserAuth:404 - Internet connection configuration mode: 1
2026-04-28 21:44:57,385 [INFO] JxBrowserEngine:152 - Initiate JxBrowser Engine with user profile folder
2026-04-28 21:44:57,497 [INFO] ServerAccessManage:473 - Download File updaters.zip
2026-04-28 21:44:57,630 [INFO] FileExtend:240 - Unzip File : updaters.zip
2026-04-28 21:44:57,631 [INFO] FileExtend:255 - Standard Zip Deflate
2026-04-28 21:44:58,034 [INFO] ServerAccessManage:473 - Download File PacksControlFlags.xml
2026-04-28 21:44:58,129 [INFO] ServerAccessManage:473 - Download File cubemx.pidx
2026-04-28 21:44:58,177 [WARN] MainUpdater:1194 - Updater busy. Cannot search thirdparties
2026-04-28 21:44:58,177 [INFO] ThirdPartyUpdaterWithRetryManager:96 - Updater plugin is busy. [1/15]
2026-04-28 21:44:58,201 [INFO] LoadServerUpdatesThread:375 - End of LoadServerUpdate Thread
2026-04-28 21:44:58,350 [INFO] CheckServerUpdateThread:120 - End of CheckServer Thread
2026-04-28 21:44:59,120 [INFO] WebApp:161 - Instantiating new browser for Auth
2026-04-28 21:44:59,375 [INFO] WebApp:780 - Register for checkConnection events
2026-04-28 21:44:59,375 [INFO] WebApp:414 - Apply proxy settings
2026-04-28 21:44:59,375 [INFO] WebApp:499 - Chromium requires no authentication
2026-04-28 21:44:59,378 [INFO] WebApp:442 - Direct internet connection detected
2026-04-28 21:44:59,450 [INFO] WebApp:192 - Starting web application
2026-04-28 21:44:59,450 [INFO] WebApp:544 - Web application path used C:\ST\STM32CubeIDE_1.13.0\STM32CubeIDE\plugins\com.st.stm32cube.common.mx_6.10.0.202311202037\db\plugins\mcufinder\reactClient1\index.html
2026-04-28 21:45:01,343 [WARN] PackLoader:240 - Cannot read IP mode file for STMicroelectronics.X-CUBE-AZRTOS-H7.3.5.0
2026-04-28 21:45:01,357 [WARN] PackLoader:240 - Cannot read IP mode file for STMicroelectronics.FP-SNS-MOTENVWB1.1.4.0
2026-04-28 21:45:01,362 [WARN] PackLoader:240 - Cannot read IP mode file for STMicroelectronics.FP-ATR-ASTRA1.2.0.2
2026-04-28 21:45:01,369 [WARN] PackLoader:240 - Cannot read IP mode file for STMicroelectronics.FP-ATR-ASTRA1.2.0.1
2026-04-28 21:45:01,378 [WARN] PackLoader:240 - Cannot read IP mode file for STMicroelectronics.X-CUBE-SMBUS.2.1.0
2026-04-28 21:45:01,388 [WARN] PackLoader:240 - Cannot read IP mode file for STMicroelectronics.X-CUBE-WB05N.1.1.0
2026-04-28 21:45:01,395 [ERROR] Engine:466 - C:\Users\Xavi\.stm32cubemx\thirdparties\pdsc\STMicroelectronics.X-CUBE-ST60.1.0.0.pdsc: PDSC version is not supported
2026-04-28 21:45:01,402 [WARN] PackLoader:240 - Cannot read IP mode file for STMicroelectronics.X-CUBE-TOUCHGFX.4.23.0
2026-04-28 21:45:01,421 [WARN] PackLoader:240 - Cannot read IP mode file for STMicroelectronics.X-CUBE-AZRTOS-F7.1.1.0
2026-04-28 21:45:01,433 [WARN] PackLoader:240 - Cannot read IP mode file for STMicroelectronics.FP-SNS-MOTENV1.4.3.2
2026-04-28 21:45:01,466 [WARN] PackLoader:240 - Cannot read IP mode file for STMicroelectronics.X-CUBE-MEMS1.11.0.0
2026-04-28 21:45:01,539 [WARN] PackLoader:240 - Cannot read IP mode file for STMicroelectronics.X-CUBE-BLE1.6.2.4
2026-04-28 21:45:01,547 [ERROR] Engine:466 - C:\Users\Xavi\.stm32cubemx\thirdparties\pdsc\STMicroelectronics.FP-SNS-MOTENV1.5.1.0.pdsc: PDSC version is not supported
2026-04-28 21:45:01,549 [WARN] PackLoader:240 - Cannot read IP mode file for STMicroelectronics.FP-SNS-FLIGHT1.5.0.2
2026-04-28 21:45:01,565 [WARN] PackLoader:240 - Cannot read IP mode file for STMicroelectronics.X-CUBE-AZRTOS-H7.3.4.0
2026-04-28 21:45:01,576 [WARN] PackLoader:240 - Cannot read IP mode file for STMicroelectronics.X-CUBE-DISPLAY.3.0.0
2026-04-28 21:45:01,587 [WARN] PackLoader:240 - Cannot read IP mode file for STMicroelectronics.X-CUBE-GNSS1.7.1.1
2026-04-28 21:45:01,589 [ERROR] Engine:466 - C:\Users\Xavi\.stm32cubemx\thirdparties\pdsc\STMicroelectronics.FP-SNS-MOTENVWB1.1.5.0.pdsc: PDSC version is not supported
2026-04-28 21:45:01,596 [WARN] PackLoader:240 - Cannot read IP mode file for STMicroelectronics.X-CUBE-BLE1.7.0.0
2026-04-28 21:45:01,606 [WARN] PackLoader:240 - Cannot read IP mode file for STMicroelectronics.X-CUBE-NFC10.1.0.0
2026-04-28 21:45:01,617 [WARN] PackLoader:240 - Cannot read IP mode file for STMicroelectronics.X-CUBE-BLEMGR.4.0.0
2026-04-28 21:45:01,626 [ERROR] Engine:466 - C:\Users\Xavi\.stm32cubemx\thirdparties\pdsc\STMicroelectronics.X-CUBE-ST60.1.1.0.pdsc: PDSC version is not supported
2026-04-28 21:45:01,636 [WARN] PackLoader:240 - Cannot read IP mode file for emotas.I-CUBE-CANOPEN.1.3.0
2026-04-28 21:45:01,646 [WARN] PackLoader:240 - Cannot read IP mode file for STMicroelectronics.X-CUBE-TOUCHGFX.4.22.0
2026-04-28 21:45:01,653 [WARN] PackLoader:240 - Cannot read IP mode file for STMicroelectronics.X-CUBE-GNSS1.7.1.0
2026-04-28 21:45:01,661 [WARN] PackLoader:240 - Cannot read IP mode file for STMicroelectronics.X-CUBE-TOUCHGFX.4.22.1
2026-04-28 21:45:01,671 [WARN] PackLoader:240 - Cannot read IP mode file for STMicroelectronics.X-CUBE-BLEMGR.3.1.0
2026-04-28 21:45:01,684 [WARN] PackLoader:240 - Cannot read IP mode file for STMicroelectronics.X-CUBE-AI.10.0.0
2026-04-28 21:45:01,695 [ERROR] Engine:466 - C:\Users\Xavi\.stm32cubemx\thirdparties\pdsc\STMicroelectronics.FP-SNS-STBOX1.2.1.0.pdsc: PDSC version is not supported
2026-04-28 21:45:01,703 [WARN] PackLoader:240 - Cannot read IP mode file for STMicroelectronics.FP-SNS-SMARTAG2.1.2.0
2026-04-28 21:45:01,712 [ERROR] Engine:466 - C:\Users\Xavi\.stm32cubemx\thirdparties\pdsc\STMicroelectronics.FP-SNS-FLIGHT1.5.1.0.pdsc: PDSC version is not supported
2026-04-28 21:45:01,744 [WARN] PackLoader:240 - Cannot read IP mode file for STMicroelectronics.X-CUBE-MEMS1.11.1.0
2026-04-28 21:45:01,802 [INFO] LogOutputStream:77 - [STDOUT_REDIRECT] 1 : Invalid condition id : UX_CORESTACK_Condition cause : null
2026-04-28 21:45:01,803 [INFO] LogOutputStream:77 - [STDOUT_REDIRECT] 1 : Invalid condition id : UX_CORESTACK_Condition cause : null
2026-04-28 21:45:01,803 [INFO] LogOutputStream:77 - [STDOUT_REDIRECT] 1 : Invalid condition id : UX_CORESTACK_Condition cause : null
2026-04-28 21:45:01,804 [INFO] LogOutputStream:77 - [STDOUT_REDIRECT] 1 : Invalid condition id : UX_CORESTACK_Condition cause : null
2026-04-28 21:45:01,805 [INFO] LogOutputStream:77 - [STDOUT_REDIRECT] 1 : Invalid condition id : UX_CORESTACK_Condition cause : null
2026-04-28 21:45:01,806 [WARN] PackLoader:240 - Cannot read IP mode file for STMicroelectronics.X-CUBE-AZRTOS-WL.2.0.0
2026-04-28 21:45:01,815 [WARN] PackLoader:240 - Cannot read IP mode file for STMicroelectronics.FP-SNS-MOTENV1.5.0.0
2026-04-28 21:45:01,831 [WARN] PackLoader:240 - Cannot read IP mode file for STMicroelectronics.X-CUBE-AZRTOS-H7RS.1.2.0
2026-04-28 21:45:01,840 [WARN] PackLoader:240 - Cannot read IP mode file for wolfSSL.I-CUBE-wolfMQTT.1.19.0
2026-04-28 21:45:01,851 [WARN] PackLoader:240 - Cannot read IP mode file for WES.I-CUBE-Cesium.1.3.0
2026-04-28 21:45:01,860 [WARN] PackLoader:240 - Cannot read IP mode file for STMicroelectronics.X-CUBE-BLE2.3.3.0
2026-04-28 21:45:01,866 [ERROR] Engine:466 - C:\Users\Xavi\.stm32cubemx\thirdparties\pdsc\Avnet-IOTCONNECT.X-CUBE-iotc-st67-sdk.1.0.0.pdsc: PDSC version is not supported
2026-04-28 21:45:01,876 [WARN] PackLoader:240 - Cannot read IP mode file for STMicroelectronics.X-CUBE-NFC9.1.0.0
2026-04-28 21:45:01,883 [WARN] PackLoader:240 - Cannot read IP mode file for STMicroelectronics.X-CUBE-BLE1.7.1.0
2026-04-28 21:45:01,894 [WARN] PackLoader:240 - Cannot read IP mode file for STMicroelectronics.X-CUBE-TCPP.4.1.0
2026-04-28 21:45:01,900 [ERROR] Engine:466 - C:\Users\Xavi\.stm32cubemx\thirdparties\pdsc\STMicroelectronics.X-CUBE-FREERTOS.1.4.0.pdsc: PDSC version is not supported
2026-04-28 21:45:01,910 [WARN] PackLoader:240 - Cannot read IP mode file for STMicroelectronics.X-CUBE-EEPRMA1.5.2.0
2026-04-28 21:45:01,921 [ERROR] Engine:466 - C:\Users\Xavi\.stm32cubemx\thirdparties\pdsc\STMicroelectronics.X-CUBE-ST67W61.1.1.0.pdsc: PDSC version is not supported
2026-04-28 21:45:01,930 [WARN] PackLoader:240 - Cannot read IP mode file for STMicroelectronics.X-CUBE-AI.10.1.0
2026-04-28 21:45:01,938 [ERROR] Engine:466 - C:\Users\Xavi\.stm32cubemx\thirdparties\pdsc\STMicroelectronics.FP-SNS-STAIOTCFT.1.1.0.pdsc: PDSC version is not supported
2026-04-28 21:45:01,966 [WARN] PackLoader:240 - Cannot read IP mode file for STMicroelectronics.X-CUBE-MEMS1.12.0.0
2026-04-28 21:45:02,010 [WARN] PackLoader:240 - Cannot read IP mode file for STMicroelectronics.X-CUBE-ALGOBUILD.1.3.0
2026-04-28 21:45:02,024 [WARN] PackLoader:240 - Cannot read IP mode file for STMicroelectronics.X-CUBE-AZRTOS-G0.1.1.0
2026-04-28 21:45:02,033 [WARN] PackLoader:240 - Cannot read IP mode file for STMicroelectronics.X-CUBE-SAFEA1.1.2.2
2026-04-28 21:45:02,040 [WARN] PackLoader:240 - Cannot read IP mode file for STMicroelectronics.X-CUBE-NFC4.3.0.0
2026-04-28 21:45:02,052 [WARN] PackLoader:240 - Cannot read IP mode file for EmbeddedOffice.I-CUBE-FS-RTOS.1.0.1
2026-04-28 21:45:02,052 [ERROR] ConditionMgr:805 - Attr not supported : Dmpu
2026-04-28 21:45:02,052 [ERROR] ConditionMgr:805 - Attr not supported : Dmpu
2026-04-28 21:45:02,052 [ERROR] ConditionMgr:805 - Attr not supported : Dmpu
2026-04-28 21:45:02,052 [ERROR] ConditionMgr:805 - Attr not supported : Dmpu
2026-04-28 21:45:02,052 [ERROR] ConditionMgr:805 - Attr not supported : Dmpu
2026-04-28 21:45:02,052 [ERROR] ConditionMgr:805 - Attr not supported : Dmpu
2026-04-28 21:45:02,052 [ERROR] ConditionMgr:805 - Attr not supported : Dmpu
2026-04-28 21:45:02,052 [ERROR] ConditionMgr:805 - Attr not supported : Dmpu
2026-04-28 21:45:02,052 [ERROR] ConditionMgr:805 - Attr not supported : Dmpu
2026-04-28 21:45:02,052 [ERROR] ConditionMgr:805 - Attr not supported : Dmpu
2026-04-28 21:45:02,052 [ERROR] ConditionMgr:805 - Attr not supported : Dmpu
2026-04-28 21:45:02,052 [ERROR] ConditionMgr:805 - Attr not supported : Dmpu
2026-04-28 21:45:02,052 [ERROR] ConditionMgr:805 - Attr not supported : Dmpu
2026-04-28 21:45:02,052 [ERROR] ConditionMgr:805 - Attr not supported : Dmpu
2026-04-28 21:45:02,052 [ERROR] ConditionMgr:805 - Attr not supported : Dmpu
2026-04-28 21:45:02,052 [ERROR] ConditionMgr:805 - Attr not supported : Dmpu
2026-04-28 21:45:02,052 [ERROR] ConditionMgr:805 - Attr not supported : Dmpu
2026-04-28 21:45:02,052 [ERROR] ConditionMgr:805 - Attr not supported : Dmpu
2026-04-28 21:45:02,052 [ERROR] ConditionMgr:805 - Attr not supported : Dmpu
2026-04-28 21:45:02,052 [ERROR] ConditionMgr:805 - Attr not supported : Dmpu
2026-04-28 21:45:02,052 [ERROR] ConditionMgr:805 - Attr not supported : Dmpu
2026-04-28 21:45:02,052 [ERROR] ConditionMgr:805 - Attr not supported : Dmpu
2026-04-28 21:45:02,052 [ERROR] ConditionMgr:805 - Attr not supported : Dmpu
2026-04-28 21:45:02,052 [ERROR] ConditionMgr:805 - Attr not supported : Dmpu
2026-04-28 21:45:02,052 [ERROR] ConditionMgr:805 - Attr not supported : Dmpu
2026-04-28 21:45:02,052 [ERROR] ConditionMgr:805 - Attr not supported : Dmpu
2026-04-28 21:45:02,052 [ERROR] ConditionMgr:805 - Attr not supported : Dmpu
2026-04-28 21:45:02,052 [ERROR] ConditionMgr:805 - Attr not supported : Dmpu
2026-04-28 21:45:02,052 [ERROR] ConditionMgr:805 - Attr not supported : Dmpu
2026-04-28 21:45:02,052 [ERROR] ConditionMgr:805 - Attr not supported : Dmpu
2026-04-28 21:45:02,052 [ERROR] ConditionMgr:805 - Attr not supported : Dmpu
2026-04-28 21:45:02,052 [ERROR] ConditionMgr:805 - Attr not supported : Dmpu
2026-04-28 21:45:02,052 [ERROR] ConditionMgr:805 - Attr not supported : Dmpu
2026-04-28 21:45:02,052 [ERROR] ConditionMgr:805 - Attr not supported : Dmpu
2026-04-28 21:45:02,052 [ERROR] ConditionMgr:805 - Attr not supported : Dmpu
2026-04-28 21:45:02,052 [ERROR] ConditionMgr:805 - Attr not supported : Dmpu
2026-04-28 21:45:02,052 [ERROR] ConditionMgr:805 - Attr not supported : Dmpu
2026-04-28 21:45:02,052 [ERROR] ConditionMgr:805 - Attr not supported : Dmpu
2026-04-28 21:45:02,052 [ERROR] ConditionMgr:805 - Attr not supported : Dmpu
2026-04-28 21:45:02,052 [ERROR] ConditionMgr:805 - Attr not supported : Dmpu
2026-04-28 21:45:02,052 [ERROR] ConditionMgr:805 - Attr not supported : Dmpu
2026-04-28 21:45:02,052 [ERROR] ConditionMgr:805 - Attr not supported : Dmpu
2026-04-28 21:45:02,052 [ERROR] ConditionMgr:805 - Attr not supported : Dmpu
2026-04-28 21:45:02,052 [ERROR] ConditionMgr:805 - Attr not supported : Dmpu
2026-04-28 21:45:02,053 [ERROR] ConditionMgr:805 - Attr not supported : Dmpu
2026-04-28 21:45:02,053 [ERROR] ConditionMgr:805 - Attr not supported : Dmpu
2026-04-28 21:45:02,053 [ERROR] ConditionMgr:805 - Attr not supported : Dmpu
2026-04-28 21:45:02,053 [ERROR] ConditionMgr:805 - Attr not supported : Dmpu
2026-04-28 21:45:02,053 [ERROR] ConditionMgr:805 - Attr not supported : Dmpu
2026-04-28 21:45:02,053 [ERROR] ConditionMgr:805 - Attr not supported : Dmpu
2026-04-28 21:45:02,053 [ERROR] ConditionMgr:805 - Attr not supported : Dmpu
2026-04-28 21:45:02,053 [ERROR] ConditionMgr:805 - Attr not supported : Dmpu
2026-04-28 21:45:02,053 [ERROR] ConditionMgr:805 - Attr not supported : Dmpu
2026-04-28 21:45:02,053 [ERROR] ConditionMgr:805 - Attr not supported : Dmpu
2026-04-28 21:45:02,053 [ERROR] ConditionMgr:805 - Attr not supported : Dmpu
2026-04-28 21:45:02,053 [ERROR] ConditionMgr:805 - Attr not supported : Dmpu
2026-04-28 21:45:02,053 [ERROR] ConditionMgr:805 - Attr not supported : Dmpu
2026-04-28 21:45:02,053 [ERROR] ConditionMgr:805 - Attr not supported : Dmpu
2026-04-28 21:45:02,053 [ERROR] ConditionMgr:805 - Attr not supported : Dmpu
2026-04-28 21:45:02,053 [ERROR] ConditionMgr:805 - Attr not supported : Dmpu
2026-04-28 21:45:02,053 [ERROR] ConditionMgr:805 - Attr not supported : Dmpu
2026-04-28 21:45:02,053 [ERROR] ConditionMgr:805 - Attr not supported : Dmpu
2026-04-28 21:45:02,053 [ERROR] ConditionMgr:805 - Attr not supported : Dmpu
2026-04-28 21:45:02,053 [ERROR] ConditionMgr:805 - Attr not supported : Dmpu
2026-04-28 21:45:02,061 [WARN] PackLoader:240 - Cannot read IP mode file for STMicroelectronics.X-CUBE-WB05N.2.0.0
2026-04-28 21:45:02,070 [WARN] PackLoader:240 - Cannot read IP mode file for STMicroelectronics.X-CUBE-BLEMGR.3.0.0
2026-04-28 21:45:02,079 [ERROR] Engine:466 - C:\Users\Xavi\.stm32cubemx\thirdparties\pdsc\STMicroelectronics.X-CUBE-TCPP.4.2.0.pdsc: PDSC version is not supported
2026-04-28 21:45:02,086 [WARN] PackLoader:240 - Cannot read IP mode file for RealThread.X-CUBE-RT-Thread_Nano.4.1.1
2026-04-28 21:45:02,089 [WARN] PackLoader:240 - Cannot read IP mode file for STMicroelectronics.FP-ATR-SIGFOX1.3.2.0
2026-04-28 21:45:02,093 [WARN] ConditionMgr:438 - getConditionDescription Invalid condition id : Cortex-A Device cause : null
2026-04-28 21:45:02,103 [WARN] ConditionMgr:1039 - genDependencies : Invalid condition id : Cortex-A Device cause : null
2026-04-28 21:45:02,103 [WARN] ConditionMgr:1039 - genDependencies : Invalid condition id : Cortex-A Device cause : null
2026-04-28 21:45:02,103 [WARN] ConditionMgr:1039 - genDependencies : Invalid condition id : Cortex-A Device cause : null
2026-04-28 21:45:02,112 [WARN] PackLoader:240 - Cannot read IP mode file for STMicroelectronics.X-CUBE-EEPRMA1.5.1.0
2026-04-28 21:45:02,117 [ERROR] Engine:466 - C:\Users\Xavi\.stm32cubemx\thirdparties\pdsc\STMicroelectronics.X-CUBE-FREERTOS.1.5.0.pdsc: PDSC version is not supported
2026-04-28 21:45:02,125 [WARN] PackLoader:240 - Cannot read IP mode file for STMicroelectronics.X-CUBE-NFC6.3.2.0
2026-04-28 21:45:02,134 [ERROR] Engine:466 - C:\Users\Xavi\.stm32cubemx\thirdparties\pdsc\STMicroelectronics.X-CUBE-ST67W61.1.0.0.pdsc: PDSC version is not supported
2026-04-28 21:45:02,139 [WARN] PackLoader:240 - Cannot read IP mode file for STMicroelectronics.X-CUBE-AI.10.2.0
2026-04-28 21:45:02,161 [WARN] PackLoader:240 - Cannot read IP mode file for STMicroelectronics.X-CUBE-MEMS1.12.1.0
2026-04-28 21:45:02,204 [WARN] PackLoader:240 - Cannot read IP mode file for SEGGER.I-CUBE-embOS.1.3.1
2026-04-28 21:45:02,230 [WARN] PackLoader:240 - Cannot read IP mode file for STMicroelectronics.X-CUBE-ALGOBUILD.1.4.0
2026-04-28 21:45:02,252 [WARN] PackLoader:240 - Cannot read IP mode file for STMicroelectronics.X-CUBE-MEMS1.11.3.0
2026-04-28 21:45:02,314 [WARN] PackLoader:240 - Cannot read IP mode file for STMicroelectronics.X-CUBE-PM33A1.1.0.0
2026-04-28 21:45:02,323 [WARN] PackLoader:240 - Cannot read IP mode file for STMicroelectronics.X-CUBE-GNSS1.6.0.0
2026-04-28 21:45:02,336 [WARN] PackLoader:240 - Cannot read IP mode file for STMicroelectronics.X-CUBE-AZRTOS-F4.1.1.0
2026-04-28 21:45:02,344 [WARN] PackLoader:240 - Cannot read IP mode file for wolfSSL.I-CUBE-wolfSSL.5.6.3
2026-04-28 21:45:02,345 [ERROR] Engine:466 - C:\Users\Xavi\.stm32cubemx\thirdparties\pdsc\Avnet-IotConnect.X-CUBE-IoTC-DA16k-PMOD.1.0.0.pdsc: PDSC version is not supported
2026-04-28 21:45:02,354 [WARN] PackLoader:240 - Cannot read IP mode file for STMicroelectronics.X-CUBE-ISPU.2.1.0
2026-04-28 21:45:02,361 [ERROR] Engine:466 - C:\Users\Xavi\.stm32cubemx\thirdparties\pdsc\STMicroelectronics.X-CUBE-IPS.3.2.0.pdsc: PDSC version is not supported
2026-04-28 21:45:02,367 [ERROR] Engine:466 - C:\Users\Xavi\.stm32cubemx\thirdparties\pdsc\STMicroelectronics.eDS-WB_DPC_TT-BIDIR.2.1.1.pdsc: PDSC version is not supported
2026-04-28 21:45:02,375 [WARN] PackLoader:240 - Cannot read IP mode file for STMicroelectronics.X-CUBE-FREERTOS.1.2.0
2026-04-28 21:45:02,383 [WARN] PackLoader:240 - Cannot read IP mode file for STMicroelectronics.X-CUBE-NFC12.1.0.0
2026-04-28 21:45:02,397 [WARN] PackLoader:240 - Cannot read IP mode file for STMicroelectronics.X-CUBE-AZRTOS-L5.2.0.0
2026-04-28 21:45:02,416 [WARN] PackLoader:240 - Cannot read IP mode file for STMicroelectronics.X-CUBE-MEMS1.9.6.0
2026-04-28 21:45:02,477 [WARN] PackLoader:240 - Cannot read IP mode file for STMicroelectronics.X-CUBE-EEPRMA1.4.2.0
2026-04-28 21:45:02,485 [WARN] PackLoader:240 - Cannot read IP mode file for STMicroelectronics.X-CUBE-NFC6.3.1.0
2026-04-28 21:45:02,493 [WARN] PackLoader:240 - Cannot read IP mode file for ITTIA_DB.I-CUBE-ITTIADB.8.8.0
2026-04-28 21:45:02,501 [WARN] PackLoader:240 - Cannot read IP mode file for STMicroelectronics.X-CUBE-BLEMGR.2.0.0
2026-04-28 21:45:02,509 [WARN] PackLoader:240 - Cannot read IP mode file for STMicroelectronics.X-CUBE-DPower.1.2.0
2026-04-28 21:45:02,510 [ERROR] Engine:466 - C:\Users\Xavi\.stm32cubemx\thirdparties\pdsc\STMicroelectronics.eDS-WB_DPC_VIENNA.1.2.0.pdsc: PDSC version is not supported
2026-04-28 21:45:02,515 [ERROR] Engine:466 - C:\Users\Xavi\.stm32cubemx\thirdparties\pdsc\STMicroelectronics.eDS-WB_DPC_3PH2L-BIDIR.1.1.1.pdsc: PDSC version is not supported
2026-04-28 21:45:02,521 [WARN] PackLoader:240 - Cannot read IP mode file for STMicroelectronics.X-CUBE-AI.9.0.0
2026-04-28 21:45:02,533 [WARN] ConditionMgr:438 - getConditionDescription Invalid condition id : UX DEVICE CLASS RTOS Condition cause : null
2026-04-28 21:45:02,533 [WARN] ConditionMgr:438 - getConditionDescription Invalid condition id : UX DEVICE CLASS RTOS Condition cause : null
2026-04-28 21:45:02,534 [WARN] PackLoader:240 - Cannot read IP mode file for STMicroelectronics.X-CUBE-AZRTOS-H7.3.1.0
2026-04-28 21:45:02,534 [WARN] ConditionMgr:1039 - genDependencies : Invalid condition id : UX DEVICE CLASS RTOS Condition cause : null
2026-04-28 21:45:02,534 [WARN] ConditionMgr:1039 - genDependencies : Invalid condition id : UX DEVICE CLASS RTOS Condition cause : null
2026-04-28 21:45:02,534 [WARN] ConditionMgr:1039 - genDependencies : Invalid condition id : UX DEVICE CLASS RTOS Condition cause : null
2026-04-28 21:45:02,534 [WARN] ConditionMgr:1039 - genDependencies : Invalid condition id : UX DEVICE CLASS RTOS Condition cause : null
2026-04-28 21:45:02,534 [WARN] ConditionMgr:1039 - genDependencies : Invalid condition id : UX DEVICE CLASS RTOS Condition cause : null
2026-04-28 21:45:02,545 [ERROR] Engine:466 - C:\Users\Xavi\.stm32cubemx\thirdparties\pdsc\STMicroelectronics.X-CUBE-ST67W61.1.3.0.pdsc: PDSC version is not supported
2026-04-28 21:45:02,552 [WARN] PackLoader:240 - Cannot read IP mode file for STMicroelectronics.X-CUBE-FREERTOS.1.3.1
2026-04-28 21:45:02,558 [WARN] PackLoader:240 - Cannot read IP mode file for STMicroelectronics.X-CUBE-FREERTOS.1.3.0
2026-04-28 21:45:02,566 [WARN] PackLoader:240 - Cannot read IP mode file for STMicroelectronics.X-CUBE-NFC7.1.0.1
2026-04-28 21:45:02,574 [WARN] PackLoader:240 - Cannot read IP mode file for wolfSSL.I-CUBE-wolfTPM.3.2.0
2026-04-28 21:45:02,580 [WARN] PackLoader:240 - Cannot read IP mode file for STMicroelectronics.X-CUBE-TOUCHGFX.4.26.0
2026-04-28 21:45:02,587 [WARN] PackLoader:240 - Cannot read IP mode file for STMicroelectronics.X-CUBE-NFC6.3.0.0
2026-04-28 21:45:02,594 [WARN] PackLoader:240 - Cannot read IP mode file for STMicroelectronics.X-CUBE-TOUCHGFX.4.26.1
2026-04-28 21:45:02,601 [WARN] PackLoader:240 - Cannot read IP mode file for STMicroelectronics.X-CUBE-EEPRMA1.4.1.0
2026-04-28 21:45:02,607 [ERROR] Engine:466 - C:\Users\Xavi\.stm32cubemx\thirdparties\pdsc\STMicroelectronics.FP-SNS-STAIOTCFT.1.0.0.pdsc: PDSC version is not supported
2026-04-28 21:45:02,614 [WARN] PackLoader:240 - Cannot read IP mode file for STMicroelectronics.X-CUBE-DPower.1.3.0
2026-04-28 21:45:02,620 [WARN] PackLoader:240 - Cannot read IP mode file for STMicroelectronics.X-CUBE-AI.8.1.0
2026-04-28 21:45:02,633 [WARN] ConditionMgr:438 - getConditionDescription Invalid condition id : LAN8742 Phy interface Condition cause : null
2026-04-28 21:45:02,633 [WARN] PackLoader:240 - Cannot read IP mode file for STMicroelectronics.X-CUBE-AZRTOS-L4.2.0.0
2026-04-28 21:45:02,634 [WARN] ConditionMgr:1039 - genDependencies : Invalid condition id : LAN8742 Phy interface Condition cause : null
2026-04-28 21:45:02,634 [WARN] ConditionMgr:1039 - genDependencies : Invalid condition id : LAN8742 Phy interface Condition cause : null
2026-04-28 21:45:02,634 [WARN] ConditionMgr:1039 - genDependencies : Invalid condition id : LAN8742 Phy interface Condition cause : null
2026-04-28 21:45:02,641 [WARN] PackLoader:240 - Cannot read IP mode file for STMicroelectronics.X-CUBE-SFXS2LP1.4.0.0
2026-04-28 21:45:02,648 [WARN] PackLoader:240 - Cannot read IP mode file for STMicroelectronics.X-CUBE-WB05N.2.1.0
2026-04-28 21:45:02,655 [ERROR] Engine:466 - C:\Users\Xavi\.stm32cubemx\thirdparties\pdsc\STMicroelectronics.X-CUBE-ST67W61.1.2.0.pdsc: PDSC version is not supported
2026-04-28 21:45:02,661 [WARN] PackLoader:240 - Cannot read IP mode file for STMicroelectronics.X-CUBE-ISPU.1.1.0
2026-04-28 21:45:02,673 [WARN] PackLoader:240 - Cannot read IP mode file for STMicroelectronics.X-CUBE-AZRTOS-H7.3.3.0
2026-04-28 21:45:02,680 [ERROR] Engine:466 - C:\Users\Xavi\.stm32cubemx\thirdparties\pdsc\STMicroelectronics.X-CUBE-BLEMGR.4.1.0.pdsc: PDSC version is not supported
2026-04-28 21:45:02,692 [WARN] ConditionMgr:438 - getConditionDescription Invalid condition id : UX DEVICE CLASS RTOS Condition cause : null
2026-04-28 21:45:02,692 [WARN] ConditionMgr:438 - getConditionDescription Invalid condition id : UX DEVICE CLASS RTOS Condition cause : null
2026-04-28 21:45:02,692 [WARN] PackLoader:240 - Cannot read IP mode file for STMicroelectronics.X-CUBE-AZRTOS-WB.2.0.0
2026-04-28 21:45:02,693 [WARN] ConditionMgr:1039 - genDependencies : Invalid condition id : UX DEVICE CLASS RTOS Condition cause : null
2026-04-28 21:45:02,693 [WARN] ConditionMgr:1039 - genDependencies : Invalid condition id : UX DEVICE CLASS RTOS Condition cause : null
2026-04-28 21:45:02,693 [WARN] ConditionMgr:1039 - genDependencies : Invalid condition id : UX DEVICE CLASS RTOS Condition cause : null
2026-04-28 21:45:02,693 [WARN] ConditionMgr:1039 - genDependencies : Invalid condition id : UX DEVICE CLASS RTOS Condition cause : null
2026-04-28 21:45:02,693 [WARN] ConditionMgr:1039 - genDependencies : Invalid condition id : UX DEVICE CLASS RTOS Condition cause : null
2026-04-28 21:45:02,700 [WARN] PackLoader:240 - Cannot read IP mode file for STMicroelectronics.X-CUBE-FREERTOS.1.0.1
2026-04-28 21:45:02,707 [WARN] PackLoader:240 - Cannot read IP mode file for STMicroelectronics.X-CUBE-GNSS1.7.0.0
2026-04-28 21:45:02,713 [WARN] PackLoader:240 - Cannot read IP mode file for STMicroelectronics.X-CUBE-GNSS1.7.0.1
2026-04-28 21:45:02,720 [WARN] PackLoader:240 - Cannot read IP mode file for STMicroelectronics.X-CUBE-TOUCHGFX.4.25.0
2026-04-28 21:45:02,727 [WARN] PackLoader:240 - Cannot read IP mode file for STMicroelectronics.FP-SNS-STBOX1.2.0.0
2026-04-28 21:45:02,736 [WARN] PackLoader:240 - Cannot read IP mode file for STMicroelectronics.X-CUBE-STSE01.2.0.0
2026-04-28 21:45:02,747 [WARN] PackLoader:240 - Cannot read IP mode file for STMicroelectronics.X-CUBE-AZRTOS-L5.1.1.0
2026-04-28 21:45:02,754 [WARN] PackLoader:240 - Cannot read IP mode file for STMicroelectronics.X-CUBE-AI.8.0.1
2026-04-28 21:45:02,763 [WARN] PackLoader:240 - Cannot read IP mode file for STMicroelectronics.X-CUBE-SUBG2.5.0.0
2026-04-28 21:45:02,777 [WARN] PackLoader:240 - Cannot read IP mode file for STMicroelectronics.X-CUBE-AZRTOS-H7RS.1.1.0
2026-04-28 21:45:02,780 [WARN] PackLoader:240 - Cannot read IP mode file for Cesanta.I-CUBE-Mongoose.7.13.0
2026-04-28 21:45:02,790 [WARN] PackLoader:240 - Cannot read IP mode file for STMicroelectronics.X-CUBE-TOF1.3.3.1
2026-04-28 21:45:02,804 [WARN] PackLoader:240 - Cannot read IP mode file for STMicroelectronics.X-CUBE-AZRTOS-G4.2.0.0
2026-04-28 21:45:02,815 [WARN] PackLoader:240 - Cannot read IP mode file for Infineon.AIROC-Wi-Fi-Bluetooth-STM32.1.5.1
2026-04-28 21:45:02,818 [WARN] PackLoader:240 - Cannot read IP mode file for STMicroelectronics.FP-SNS-MOTENVWB1.1.3.0
2026-04-28 21:45:02,824 [WARN] PackLoader:240 - Cannot read IP mode file for STMicroelectronics.X-CUBE-NFC7.2.0.0
2026-04-28 21:45:02,831 [WARN] PackLoader:240 - Cannot read IP mode file for STMicroelectronics.FP-SNS-MOTENVWB1.1.3.1
2026-04-28 21:45:02,839 [WARN] PackLoader:240 - Cannot read IP mode file for STMicroelectronics.X-CUBE-ISPU.2.0.0
2026-04-28 21:45:02,847 [ERROR] Engine:466 - C:\Users\Xavi\.stm32cubemx\thirdparties\pdsc\STMicroelectronics.X-CUBE-IPS.3.1.0.pdsc: PDSC version is not supported
2026-04-28 21:45:02,854 [WARN] PackLoader:240 - Cannot read IP mode file for STMicroelectronics.X-CUBE-ALS.1.0.2
2026-04-28 21:45:02,871 [WARN] PackLoader:240 - Cannot read IP mode file for STMicroelectronics.X-CUBE-MEMS1.10.0.0
2026-04-28 21:45:02,911 [WARN] PackLoader:240 - Cannot read IP mode file for STMicroelectronics.X-CUBE-FREERTOS.1.1.0
2026-04-28 21:45:02,919 [WARN] PackLoader:240 - Cannot read IP mode file for STMicroelectronics.X-CUBE-TOUCHGFX.4.24.0
2026-04-28 21:45:02,926 [WARN] PackLoader:240 - Cannot read IP mode file for STMicroelectronics.X-CUBE-TOUCHGFX.4.24.2
2026-04-28 21:45:02,932 [WARN] PackLoader:240 - Cannot read IP mode file for STMicroelectronics.X-CUBE-TOUCHGFX.4.24.1
2026-04-28 21:45:02,940 [WARN] PackLoader:240 - Cannot read IP mode file for STMicroelectronics.X-CUBE-STSE01.1.0.0
2026-04-28 21:45:02,948 [WARN] PackLoader:240 - Cannot read IP mode file for portGmbH.I-Cube-SoM-uGOAL.1.1.0
2026-04-28 21:45:02,954 [WARN] PackLoader:240 - Cannot read IP mode file for STMicroelectronics.X-CUBE-ALS.1.0.1
2026-04-28 21:45:02,964 [WARN] PackLoader:240 - Cannot read IP mode file for STMicroelectronics.X-CUBE-AZRTOS-WB.1.1.0
2026-04-28 21:45:02,977 [WARN] PackLoader:240 - Cannot read IP mode file for STMicroelectronics.X-CUBE-AZRTOS-H7RS.1.0.0
2026-04-28 21:45:02,979 [WARN] PackLoader:240 - Cannot read IP mode file for STMicroelectronics.FP-ATR-ASTRA1.2.0.0
2026-04-28 21:45:02,988 [WARN] PackLoader:240 - Cannot read IP mode file for STMicroelectronics.X-CUBE-TOF1.3.4.2
2026-04-28 21:45:02,998 [ERROR] Engine:466 - C:\Users\Xavi\.stm32cubemx\thirdparties\pdsc\STMicroelectronics.X-CUBE-TOF1.3.4.3.pdsc: PDSC version is not supported
2026-04-28 21:45:03,007 [WARN] PackLoader:240 - Cannot read IP mode file for STMicroelectronics.X-CUBE-TOF1.3.4.0
2026-04-28 21:45:03,019 [WARN] PackLoader:240 - Cannot read IP mode file for STMicroelectronics.X-CUBE-TOF1.3.4.1
2026-04-28 21:45:03,033 [WARN] PackLoader:240 - Cannot read IP mode file for STMicroelectronics.X-CUBE-AZRTOS-H7.3.2.0
2026-04-28 21:45:03,035 [WARN] PackLoader:240 - Cannot read IP mode file for wolfSSL.I-CUBE-wolfSSH.1.4.17
2026-04-28 21:45:03,036 [INFO] ThirdParty:978 - Integrity check success = true
2026-04-28 21:45:03,036 [INFO] IntegrityCheckThread:100 - exiting critical section [integrity check]
2026-04-28 21:45:03,036 [INFO] IntegrityCheckThread:103 - End integrity checks thread
2026-04-28 21:45:20,188 [ERROR] LogOutputStream:75 - [STDERR_REDIRECT] SLF4J: Failed to load class "org.slf4j.impl.StaticLoggerBinder".
2026-04-28 21:45:20,188 [ERROR] LogOutputStream:75 - [STDERR_REDIRECT] SLF4J: Defaulting to no-operation (NOP) logger implementation
2026-04-28 21:45:20,189 [ERROR] LogOutputStream:75 - [STDERR_REDIRECT] SLF4J: See http://www.slf4j.org/codes.html#StaticLoggerBinder for further details.
2026-04-28 22:28:39,795 [INFO] WebApp:354 - JxBrowser engine has been closed 
2026-04-28 22:30:11,542 [ERROR] LogOutputStream:75 - [STDERR_REDIRECT] 
