2026-03-24 18:16:47,483 [INFO] Activator:176 - 


2026-03-24 18:16:47,487 [INFO] Activator:177 - !SESSION log4j initialized
2026-03-24 18:16:51,089 [INFO] LogOutputStream:77 - [STDOUT_REDIRECT] 
2026-03-24 18:16:57,186 [INFO] ApplicationProperties:184 - Using Application install path: C:\ST\STM32CubeIDE_1.13.0\STM32CubeIDE\plugins\com.st.stm32cube.common.mx_6.10.0.202311202037
2026-03-24 18:16:57,196 [INFO] DbMcusXml:78 - Set database path to: C:\ST\STM32CubeIDE_1.13.0\STM32CubeIDE\plugins\com.st.stm32cube.common.mx_6.10.0.202311202037\\db\/mcu/
2026-03-24 18:16:57,196 [INFO] ApiDb:274 - Set plugin database path to: C:\ST\STM32CubeIDE_1.13.0\STM32CubeIDE\plugins\com.st.stm32cube.common.mx_6.10.0.202311202037\\db\/plugins/boardmanager/
2026-03-24 18:16:57,197 [WARN] ApiDb:259 - Overriding images path with different value:  => C:\ST\STM32CubeIDE_1.13.0\STM32CubeIDE\plugins\com.st.stm32cube.common.mx_6.10.0.202311202037\\db\/plugins/mcufinder/images/
2026-03-24 18:16:57,207 [INFO] ApiDb:250 - Set database path to: C:\Users\Xavi\.stmcufinder\plugins\mcufinder//mcu/
2026-03-24 18:16:57,208 [INFO] DbMcusAds:125 - Set database path to: C:\Users\Xavi\.stmcufinder\plugins\mcufinder//mcu/
2026-03-24 18:16:57,209 [INFO] CrossReferenceDbSqlite:203 - Set database path to: C:\Users\Xavi\.stmcufinder\plugins\mcufinder//mcu/cs/
2026-03-24 18:16:57,288 [INFO] RulesReader:64 - Compatibility file has been processed (297 Rules)
2026-03-24 18:16:57,406 [INFO] DbMcusXml:78 - Set database path to: C:\ST\STM32CubeIDE_1.13.0\STM32CubeIDE\plugins\com.st.stm32cube.common.mx_6.10.0.202311202037\\db\/mcu/
2026-03-24 18:16:57,406 [INFO] ApiDb:274 - Set plugin database path to: C:\ST\STM32CubeIDE_1.13.0\STM32CubeIDE\plugins\com.st.stm32cube.common.mx_6.10.0.202311202037\\db\/plugins/boardmanager/
2026-03-24 18:16:57,406 [INFO] ApiDb:261 - Set plugin images path to: C:\ST\STM32CubeIDE_1.13.0\STM32CubeIDE\plugins\com.st.stm32cube.common.mx_6.10.0.202311202037\\db\/plugins/mcufinder/images/
2026-03-24 18:16:57,406 [WARN] DbFile:41 - Overriding database path with different value: C:\Users\Xavi\.stmcufinder\plugins\mcufinder/ => C:\Users\Xavi\.stmcufinder\plugins\mcufinder
2026-03-24 18:16:57,406 [INFO] ApiDb:250 - Set database path to: C:\Users\Xavi\.stmcufinder\plugins\mcufinder//mcu/
2026-03-24 18:16:57,406 [WARN] DbFile:41 - Overriding database path with different value: C:\Users\Xavi\.stmcufinder\plugins\mcufinder/ => C:\Users\Xavi\.stmcufinder\plugins\mcufinder
2026-03-24 18:16:57,406 [INFO] DbMcusAds:125 - Set database path to: C:\Users\Xavi\.stmcufinder\plugins\mcufinder//mcu/
2026-03-24 18:16:57,406 [WARN] DbFile:41 - Overriding database path with different value: C:\Users\Xavi\.stmcufinder\plugins\mcufinder/ => C:\Users\Xavi\.stmcufinder\plugins\mcufinder
2026-03-24 18:16:57,407 [WARN] DbFile:41 - Overriding database path with different value: C:\Users\Xavi\.stmcufinder\plugins\mcufinder/ => C:\Users\Xavi\.stmcufinder\plugins\mcufinder
2026-03-24 18:16:57,407 [INFO] CrossReferenceDbSqlite:203 - Set database path to: C:\Users\Xavi\.stmcufinder\plugins\mcufinder//mcu/cs/
2026-03-24 18:16:57,490 [INFO] MainPanel:264 - HeapMemory: 268435456
2026-03-24 18:16:57,565 [INFO] DbMcusXml:78 - Set database path to: C:\ST\STM32CubeIDE_1.13.0\STM32CubeIDE\plugins\com.st.stm32cube.common.mx_6.10.0.202311202037\\db\/mcu/
2026-03-24 18:16:57,565 [INFO] ApiDb:274 - Set plugin database path to: C:\ST\STM32CubeIDE_1.13.0\STM32CubeIDE\plugins\com.st.stm32cube.common.mx_6.10.0.202311202037\\db\/plugins/boardmanager/
2026-03-24 18:16:57,565 [INFO] ApiDb:261 - Set plugin images path to: C:\ST\STM32CubeIDE_1.13.0\STM32CubeIDE\plugins\com.st.stm32cube.common.mx_6.10.0.202311202037\\db\/plugins/mcufinder/images/
2026-03-24 18:16:57,565 [WARN] DbFile:41 - Overriding database path with different value: C:\Users\Xavi\.stmcufinder\plugins\mcufinder/ => C:\Users\Xavi\.stmcufinder\plugins\mcufinder
2026-03-24 18:16:57,565 [INFO] ApiDb:250 - Set database path to: C:\Users\Xavi\.stmcufinder\plugins\mcufinder//mcu/
2026-03-24 18:16:57,565 [WARN] DbFile:41 - Overriding database path with different value: C:\Users\Xavi\.stmcufinder\plugins\mcufinder/ => C:\Users\Xavi\.stmcufinder\plugins\mcufinder
2026-03-24 18:16:57,565 [INFO] DbMcusAds:125 - Set database path to: C:\Users\Xavi\.stmcufinder\plugins\mcufinder//mcu/
2026-03-24 18:16:57,565 [WARN] DbFile:41 - Overriding database path with different value: C:\Users\Xavi\.stmcufinder\plugins\mcufinder/ => C:\Users\Xavi\.stmcufinder\plugins\mcufinder
2026-03-24 18:16:57,565 [WARN] DbFile:41 - Overriding database path with different value: C:\Users\Xavi\.stmcufinder\plugins\mcufinder/ => C:\Users\Xavi\.stmcufinder\plugins\mcufinder
2026-03-24 18:16:57,566 [INFO] CrossReferenceDbSqlite:203 - Set database path to: C:\Users\Xavi\.stmcufinder\plugins\mcufinder//mcu/cs/
2026-03-24 18:16:57,577 [INFO] ApplicationProperties:184 - Using Application install path: C:\ST\STM32CubeIDE_1.13.0\STM32CubeIDE\plugins\com.st.stm32cube.common.mx_6.10.0.202311202037
2026-03-24 18:16:57,578 [INFO] PluginManage:196 - Search for loadable plugins [exclusion list=, ]
2026-03-24 18:16:57,579 [INFO] PluginManage:310 - Check plugin analytics
2026-03-24 18:17:02,646 [INFO] AnalyticsPlugin:253 - Accepted Software Licenses: STM32CubeMX.6.9.0
2026-03-24 18:17:02,646 [INFO] AnalyticsPlugin:255 - Accepted CMSIS Pack Licenses: 
2026-03-24 18:17:02,646 [INFO] AnalyticsPlugin:257 - Accepted Firmware Licenses: FW.F4.1.27.0,FW.H5.1.1.0
2026-03-24 18:17:02,647 [INFO] PluginManage:359 - Loaded plugin analytics (category:tool,tabindex:-1)
2026-03-24 18:17:02,647 [INFO] PluginManage:310 - Check plugin cadmodel
2026-03-24 18:17:02,659 [INFO] CADModel:105 - Init CAD model plugin
2026-03-24 18:17:02,660 [INFO] PluginManage:359 - Loaded plugin cadmodel (category:power,tabindex:5)
2026-03-24 18:17:02,660 [INFO] PluginManage:310 - Check plugin clock
2026-03-24 18:17:02,673 [INFO] PluginManage:359 - Loaded plugin clock (category:base,tabindex:2)
2026-03-24 18:17:02,673 [INFO] PluginManage:310 - Check plugin ddr
2026-03-24 18:17:02,674 [INFO] PluginManage:359 - Loaded plugin ddr (category:tool,tabindex:6)
2026-03-24 18:17:02,674 [INFO] PluginManage:310 - Check plugin filemanager
2026-03-24 18:17:02,744 [INFO] PluginManage:359 - Loaded plugin filemanager (category:base,tabindex:10)
2026-03-24 18:17:02,744 [INFO] PluginManage:310 - Check plugin ipmanager
2026-03-24 18:17:02,748 [INFO] PluginManage:359 - Loaded plugin ipmanager (category:base,tabindex:5)
2026-03-24 18:17:02,748 [INFO] PluginManage:310 - Check plugin lpbam
2026-03-24 18:17:02,759 [INFO] PluginManage:359 - Loaded plugin lpbam (category:base,tabindex:0)
2026-03-24 18:17:02,759 [INFO] PluginManage:310 - Check plugin memorymap
2026-03-24 18:17:02,773 [INFO] PluginManage:359 - Loaded plugin memorymap (category:base,tabindex:4)
2026-03-24 18:17:02,773 [INFO] PluginManage:310 - Check plugin pinoutandconfiguration
2026-03-24 18:17:02,783 [INFO] PluginManage:359 - Loaded plugin pinoutandconfiguration (category:base,tabindex:1)
2026-03-24 18:17:02,783 [INFO] PluginManage:310 - Check plugin pinoutconfig
2026-03-24 18:17:02,833 [WARN] SupportedApi:132 - Cannot load RTOS API schema: s4s-elt-must-match.1: The content of 'definitions' must match (annotation?, (simpleType | complexType)?, (unique | key | keyref)*)). A problem was found starting at: attribute.
2026-03-24 18:17:02,897 [INFO] PluginManage:359 - Loaded plugin pinoutconfig (category:base,tabindex:0)
2026-03-24 18:17:02,897 [INFO] PluginManage:310 - Check plugin power
2026-03-24 18:17:02,910 [INFO] PluginManage:359 - Loaded plugin power (category:power,tabindex:4)
2026-03-24 18:17:02,910 [INFO] PluginManage:310 - Check plugin projectmanager
2026-03-24 18:17:02,919 [INFO] PluginManage:359 - Loaded plugin projectmanager (category:projectmanager,tabindex:3)
2026-03-24 18:17:02,920 [INFO] PluginManage:310 - Check plugin thirdparty
2026-03-24 18:17:03,087 [INFO] PluginManage:359 - Loaded plugin thirdparty (category:base,tabindex:-1)
2026-03-24 18:17:03,087 [INFO] PluginManage:310 - Check plugin tools
2026-03-24 18:17:03,087 [WARN] IntegrityCheckThread:84 - waiting for thirdparty lock release [integrity check]
2026-03-24 18:17:03,087 [INFO] IntegrityCheckThread:86 - entering critical section [integrity check]
2026-03-24 18:17:03,087 [INFO] ThirdPartyUpdaterWithRetryManager:70 - Updater plugin not ready yet. [1/15]
2026-03-24 18:17:03,110 [INFO] PluginManage:359 - Loaded plugin tools (category:base,tabindex:7)
2026-03-24 18:17:03,110 [INFO] PluginManage:310 - Check plugin tutovideos
2026-03-24 18:17:03,217 [INFO] PluginManage:359 - Loaded plugin tutovideos (category:base,tabindex:-1)
2026-03-24 18:17:03,217 [INFO] PluginManage:310 - Check plugin updater
2026-03-24 18:17:03,223 [INFO] PluginManage:359 - Loaded plugin updater (category:base,tabindex:12)
2026-03-24 18:17:03,223 [INFO] PluginManage:310 - Check plugin userauth
2026-03-24 18:17:03,225 [INFO] UserAuth:114 - Init User Auth plugin
2026-03-24 18:17:03,225 [INFO] PluginManage:359 - Loaded plugin userauth (category:base,tabindex:14)
2026-03-24 18:17:03,226 [INFO] PluginManage:283 - PluginManage : Loaded plugins [17]
2026-03-24 18:17:03,345 [INFO] PinOutPanel:1499 - setPackage(No Configuration,No Configuration)
2026-03-24 18:17:03,387 [INFO] CADModel:165 - CPN selected for project level
2026-03-24 18:17:03,387 [INFO] CADModel:114 - Register for checkConnection events
2026-03-24 18:17:03,406 [INFO] IPUIPlugin:80 - create IPUIPlugin
2026-03-24 18:17:03,406 [INFO] PluginManager:220 - loadIPPluginJar : add adc
2026-03-24 18:17:03,430 [INFO] IPUIPlugin:80 - create IPUIPlugin
2026-03-24 18:17:03,430 [INFO] PluginManager:220 - loadIPPluginJar : add aes
2026-03-24 18:17:03,456 [INFO] IPUIPlugin:80 - create IPUIPlugin
2026-03-24 18:17:03,456 [INFO] PluginManager:220 - loadIPPluginJar : add can
2026-03-24 18:17:03,472 [INFO] IPUIPlugin:80 - create IPUIPlugin
2026-03-24 18:17:03,472 [INFO] PluginManager:220 - loadIPPluginJar : add comp
2026-03-24 18:17:03,492 [INFO] IPUIPlugin:80 - create IPUIPlugin
2026-03-24 18:17:03,492 [INFO] PluginManager:220 - loadIPPluginJar : add cryp
2026-03-24 18:17:03,511 [INFO] IPUIPlugin:80 - create IPUIPlugin
2026-03-24 18:17:03,511 [INFO] PluginManager:220 - loadIPPluginJar : add dfsdm
2026-03-24 18:17:03,520 [INFO] IPUIPlugin:80 - create IPUIPlugin
2026-03-24 18:17:03,520 [INFO] PluginManager:220 - loadIPPluginJar : add dma
2026-03-24 18:17:03,547 [INFO] IPUIPlugin:80 - create IPUIPlugin
2026-03-24 18:17:03,548 [INFO] PluginManager:220 - loadIPPluginJar : add dma3
2026-03-24 18:17:03,560 [INFO] IPUIPlugin:80 - create IPUIPlugin
2026-03-24 18:17:03,560 [INFO] PluginManager:220 - loadIPPluginJar : add fatfs
2026-03-24 18:17:03,590 [INFO] IPUIPlugin:80 - create IPUIPlugin
2026-03-24 18:17:03,590 [INFO] PluginManager:220 - loadIPPluginJar : add fmc
2026-03-24 18:17:03,600 [INFO] IPUIPlugin:80 - create IPUIPlugin
2026-03-24 18:17:03,600 [INFO] PluginManager:220 - loadIPPluginJar : add freertos
2026-03-24 18:17:03,612 [INFO] IPUIPlugin:80 - create IPUIPlugin
2026-03-24 18:17:03,612 [INFO] PluginManager:220 - loadIPPluginJar : add genericplugin
2026-03-24 18:17:03,670 [INFO] IPUIPlugin:80 - create IPUIPlugin
2026-03-24 18:17:03,670 [INFO] PluginManager:220 - loadIPPluginJar : add gfxmmu
2026-03-24 18:17:03,750 [INFO] IPUIPlugin:80 - create IPUIPlugin
2026-03-24 18:17:03,750 [INFO] PluginManager:220 - loadIPPluginJar : add gic
2026-03-24 18:17:03,758 [INFO] IPUIPlugin:80 - create IPUIPlugin
2026-03-24 18:17:03,758 [INFO] PluginManager:220 - loadIPPluginJar : add gpio
2026-03-24 18:17:03,818 [INFO] IPUIPlugin:80 - create IPUIPlugin
2026-03-24 18:17:03,818 [INFO] PluginManager:220 - loadIPPluginJar : add gtzc
2026-03-24 18:17:03,837 [INFO] IPUIPlugin:80 - create IPUIPlugin
2026-03-24 18:17:03,837 [INFO] PluginManager:220 - loadIPPluginJar : add hash
2026-03-24 18:17:03,869 [INFO] IPUIPlugin:80 - create IPUIPlugin
2026-03-24 18:17:03,869 [INFO] PluginManager:220 - loadIPPluginJar : add i2c
2026-03-24 18:17:03,894 [INFO] IPUIPlugin:80 - create IPUIPlugin
2026-03-24 18:17:03,894 [INFO] PluginManager:220 - loadIPPluginJar : add i2s
2026-03-24 18:17:03,919 [INFO] IPUIPlugin:80 - create IPUIPlugin
2026-03-24 18:17:03,919 [INFO] PluginManager:220 - loadIPPluginJar : add i3c
2026-03-24 18:17:03,986 [INFO] IPUIPlugin:80 - create IPUIPlugin
2026-03-24 18:17:03,986 [INFO] PluginManager:220 - loadIPPluginJar : add ipddr
2026-03-24 18:17:04,043 [INFO] IPUIPlugin:80 - create IPUIPlugin
2026-03-24 18:17:04,043 [INFO] PluginManager:220 - loadIPPluginJar : add linkedlist
2026-03-24 18:17:04,064 [INFO] IPUIPlugin:80 - create IPUIPlugin
2026-03-24 18:17:04,064 [INFO] PluginManager:220 - loadIPPluginJar : add lorawan
2026-03-24 18:17:04,089 [INFO] IPUIPlugin:80 - create IPUIPlugin
2026-03-24 18:17:04,089 [INFO] PluginManager:220 - loadIPPluginJar : add ltdc
2026-03-24 18:17:04,097 [INFO] IPUIPlugin:80 - create IPUIPlugin
2026-03-24 18:17:04,097 [INFO] PluginManager:220 - loadIPPluginJar : add mdma
2026-03-24 18:17:04,105 [INFO] IPUIPlugin:80 - create IPUIPlugin
2026-03-24 18:17:04,105 [INFO] PluginManager:220 - loadIPPluginJar : add nvic
2026-03-24 18:17:04,129 [INFO] IPUIPlugin:80 - create IPUIPlugin
2026-03-24 18:17:04,129 [INFO] PluginManager:220 - loadIPPluginJar : add opamp
2026-03-24 18:17:04,168 [INFO] IPUIPlugin:80 - create IPUIPlugin
2026-03-24 18:17:04,168 [INFO] PluginManager:220 - loadIPPluginJar : add openamp
2026-03-24 18:17:04,195 [INFO] IPUIPlugin:80 - create IPUIPlugin
2026-03-24 18:17:04,195 [INFO] PluginManager:220 - loadIPPluginJar : add pdm2pcm
2026-03-24 18:17:04,204 [INFO] IPUIPlugin:80 - create IPUIPlugin
2026-03-24 18:17:04,205 [INFO] PluginManager:220 - loadIPPluginJar : add plateformsettings
2026-03-24 18:17:04,219 [INFO] IPUIPlugin:80 - create IPUIPlugin
2026-03-24 18:17:04,219 [INFO] PluginManager:220 - loadIPPluginJar : add quadspi
2026-03-24 18:17:04,227 [INFO] IPUIPlugin:80 - create IPUIPlugin
2026-03-24 18:17:04,227 [INFO] PluginManager:220 - loadIPPluginJar : add resmgrutility
2026-03-24 18:17:04,256 [INFO] IPUIPlugin:80 - create IPUIPlugin
2026-03-24 18:17:04,257 [INFO] PluginManager:220 - loadIPPluginJar : add sai
2026-03-24 18:17:04,279 [INFO] IPUIPlugin:80 - create IPUIPlugin
2026-03-24 18:17:04,279 [INFO] PluginManager:220 - loadIPPluginJar : add spi
2026-03-24 18:17:04,322 [INFO] IPUIPlugin:80 - create IPUIPlugin
2026-03-24 18:17:04,322 [INFO] PluginManager:220 - loadIPPluginJar : add stm32_wpan
2026-03-24 18:17:04,337 [INFO] IPUIPlugin:80 - create IPUIPlugin
2026-03-24 18:17:04,337 [INFO] PluginManager:220 - loadIPPluginJar : add tim
2026-03-24 18:17:04,370 [INFO] IPUIPlugin:80 - create IPUIPlugin
2026-03-24 18:17:04,371 [INFO] PluginManager:220 - loadIPPluginJar : add touchsensing
2026-03-24 18:17:04,384 [INFO] IPUIPlugin:80 - create IPUIPlugin
2026-03-24 18:17:04,384 [INFO] PluginManager:220 - loadIPPluginJar : add tracer_emb
2026-03-24 18:17:04,399 [INFO] IPUIPlugin:80 - create IPUIPlugin
2026-03-24 18:17:04,399 [INFO] PluginManager:220 - loadIPPluginJar : add ts
2026-03-24 18:17:04,413 [INFO] IPUIPlugin:80 - create IPUIPlugin
2026-03-24 18:17:04,413 [INFO] PluginManager:220 - loadIPPluginJar : add tsc
2026-03-24 18:17:04,425 [INFO] IPUIPlugin:80 - create IPUIPlugin
2026-03-24 18:17:04,426 [INFO] PluginManager:220 - loadIPPluginJar : add ucpd
2026-03-24 18:17:04,452 [INFO] IPUIPlugin:80 - create IPUIPlugin
2026-03-24 18:17:04,453 [INFO] PluginManager:220 - loadIPPluginJar : add usart
2026-03-24 18:17:04,479 [INFO] IPUIPlugin:80 - create IPUIPlugin
2026-03-24 18:17:04,479 [INFO] PluginManager:220 - loadIPPluginJar : add usbx
2026-03-24 18:17:04,578 [INFO] CADModel:165 - CPN selected for project level
2026-03-24 18:17:04,578 [INFO] CADModel:114 - Register for checkConnection events
2026-03-24 18:17:04,578 [FATAL] Updater:308 - Updater called before beeing initialized
2026-03-24 18:17:04,578 [ERROR] CADModel:125 - Updater not yet initialized, retry later 
2026-03-24 18:17:04,651 [INFO] CADModel:165 - CPN selected for project level
2026-03-24 18:17:04,651 [INFO] CADModel:114 - Register for checkConnection events
2026-03-24 18:17:04,651 [FATAL] Updater:308 - Updater called before beeing initialized
2026-03-24 18:17:04,651 [ERROR] CADModel:125 - Updater not yet initialized, retry later 
2026-03-24 18:17:04,652 [FATAL] Updater:308 - Updater called before beeing initialized
2026-03-24 18:17:04,706 [FATAL] Updater:308 - Updater called before beeing initialized
2026-03-24 18:17:04,715 [INFO] DbMcusAds:53 - JSON generation date=Thu Mar 05 15:32:52 CET 2026 (1772721172610)
2026-03-24 18:17:04,715 [FATAL] Updater:308 - Updater called before beeing initialized
2026-03-24 18:17:04,767 [WARN] DetailPanel:346 - Failed to get advertising image, set to default
2026-03-24 18:17:04,847 [FATAL] Updater:308 - Updater called before beeing initialized
2026-03-24 18:17:04,849 [FATAL] Updater:308 - Updater called before beeing initialized
2026-03-24 18:17:04,849 [FATAL] Updater:308 - Updater called before beeing initialized
2026-03-24 18:17:04,849 [WARN] DetailPanel:346 - Failed to get advertising image, set to default
2026-03-24 18:17:04,849 [FATAL] Updater:308 - Updater called before beeing initialized
2026-03-24 18:17:04,883 [ERROR] Updater:1120 - MainUpdater not yet initialized. External WinMGr cannot be set.
2026-03-24 18:17:04,890 [INFO] Updater:1056 - Updater Version found : 6.10.0
2026-03-24 18:17:04,899 [INFO] ApplicationProperties:184 - Using Application install path: C:\ST\STM32CubeIDE_1.13.0\STM32CubeIDE\plugins\com.st.stm32cube.common.mx_6.10.0.202311202037
2026-03-24 18:17:05,603 [INFO] MainUpdater:2873 - connection check result : 10
2026-03-24 18:17:05,604 [INFO] MainUpdater:290 - Updater Check For Update Now.
2026-03-24 18:17:05,604 [INFO] MicroXplorer:498 - Change Database Version : DB.6.0.100
2026-03-24 18:17:05,613 [INFO] McuFinderGlobals:63 - Set McuFinder mode to 2 (CubeIDE integrated)
2026-03-24 18:17:05,619 [INFO] UserAuth:404 - Internet connection configuration mode: 1
2026-03-24 18:17:05,643 [INFO] JxBrowserEngine:152 - Initiate JxBrowser Engine with user profile folder
2026-03-24 18:17:05,776 [INFO] CheckServerUpdateThread:120 - End of CheckServer Thread
2026-03-24 18:17:06,285 [WARN] PackLoader:240 - Cannot read IP mode file for STMicroelectronics.X-CUBE-AZRTOS-H7.3.5.0
2026-03-24 18:17:06,296 [WARN] PackLoader:240 - Cannot read IP mode file for STMicroelectronics.FP-SNS-MOTENVWB1.1.4.0
2026-03-24 18:17:06,304 [WARN] PackLoader:240 - Cannot read IP mode file for STMicroelectronics.FP-ATR-ASTRA1.2.0.2
2026-03-24 18:17:06,310 [WARN] PackLoader:240 - Cannot read IP mode file for STMicroelectronics.FP-ATR-ASTRA1.2.0.1
2026-03-24 18:17:06,320 [WARN] PackLoader:240 - Cannot read IP mode file for STMicroelectronics.X-CUBE-SMBUS.2.1.0
2026-03-24 18:17:06,328 [WARN] PackLoader:240 - Cannot read IP mode file for STMicroelectronics.X-CUBE-WB05N.1.1.0
2026-03-24 18:17:06,335 [ERROR] Engine:466 - C:\Users\Xavi\.stm32cubemx\thirdparties\pdsc\STMicroelectronics.X-CUBE-ST60.1.0.0.pdsc: PDSC version is not supported
2026-03-24 18:17:06,342 [WARN] PackLoader:240 - Cannot read IP mode file for STMicroelectronics.X-CUBE-TOUCHGFX.4.23.0
2026-03-24 18:17:06,360 [WARN] PackLoader:240 - Cannot read IP mode file for STMicroelectronics.X-CUBE-AZRTOS-F7.1.1.0
2026-03-24 18:17:06,370 [WARN] PackLoader:240 - Cannot read IP mode file for STMicroelectronics.FP-SNS-MOTENV1.4.3.2
2026-03-24 18:17:06,397 [WARN] PackLoader:240 - Cannot read IP mode file for STMicroelectronics.X-CUBE-MEMS1.11.0.0
2026-03-24 18:17:06,463 [WARN] PackLoader:240 - Cannot read IP mode file for STMicroelectronics.X-CUBE-BLE1.6.2.4
2026-03-24 18:17:06,469 [ERROR] Engine:466 - C:\Users\Xavi\.stm32cubemx\thirdparties\pdsc\STMicroelectronics.FP-SNS-MOTENV1.5.1.0.pdsc: PDSC version is not supported
2026-03-24 18:17:06,475 [WARN] PackLoader:240 - Cannot read IP mode file for STMicroelectronics.FP-SNS-FLIGHT1.5.0.2
2026-03-24 18:17:06,490 [WARN] PackLoader:240 - Cannot read IP mode file for STMicroelectronics.X-CUBE-AZRTOS-H7.3.4.0
2026-03-24 18:17:06,500 [WARN] PackLoader:240 - Cannot read IP mode file for STMicroelectronics.X-CUBE-DISPLAY.3.0.0
2026-03-24 18:17:06,506 [ERROR] Engine:466 - C:\Users\Xavi\.stm32cubemx\thirdparties\pdsc\STMicroelectronics.FP-SNS-MOTENVWB1.1.5.0.pdsc: PDSC version is not supported
2026-03-24 18:17:06,512 [WARN] PackLoader:240 - Cannot read IP mode file for STMicroelectronics.X-CUBE-BLE1.7.0.0
2026-03-24 18:17:06,519 [WARN] PackLoader:240 - Cannot read IP mode file for STMicroelectronics.X-CUBE-NFC10.1.0.0
2026-03-24 18:17:06,528 [WARN] PackLoader:240 - Cannot read IP mode file for STMicroelectronics.X-CUBE-BLEMGR.4.0.0
2026-03-24 18:17:06,535 [ERROR] Engine:466 - C:\Users\Xavi\.stm32cubemx\thirdparties\pdsc\STMicroelectronics.X-CUBE-ST60.1.1.0.pdsc: PDSC version is not supported
2026-03-24 18:17:06,543 [WARN] PackLoader:240 - Cannot read IP mode file for emotas.I-CUBE-CANOPEN.1.3.0
2026-03-24 18:17:06,550 [WARN] PackLoader:240 - Cannot read IP mode file for STMicroelectronics.X-CUBE-TOUCHGFX.4.22.0
2026-03-24 18:17:06,557 [WARN] PackLoader:240 - Cannot read IP mode file for STMicroelectronics.X-CUBE-GNSS1.7.1.0
2026-03-24 18:17:06,564 [WARN] PackLoader:240 - Cannot read IP mode file for STMicroelectronics.X-CUBE-TOUCHGFX.4.22.1
2026-03-24 18:17:06,573 [WARN] PackLoader:240 - Cannot read IP mode file for STMicroelectronics.X-CUBE-BLEMGR.3.1.0
2026-03-24 18:17:06,580 [WARN] PackLoader:240 - Cannot read IP mode file for STMicroelectronics.X-CUBE-AI.10.0.0
2026-03-24 18:17:06,593 [ERROR] Engine:466 - C:\Users\Xavi\.stm32cubemx\thirdparties\pdsc\STMicroelectronics.FP-SNS-STBOX1.2.1.0.pdsc: PDSC version is not supported
2026-03-24 18:17:06,602 [WARN] PackLoader:240 - Cannot read IP mode file for STMicroelectronics.FP-SNS-SMARTAG2.1.2.0
2026-03-24 18:17:06,610 [ERROR] Engine:466 - C:\Users\Xavi\.stm32cubemx\thirdparties\pdsc\STMicroelectronics.FP-SNS-FLIGHT1.5.1.0.pdsc: PDSC version is not supported
2026-03-24 18:17:06,649 [WARN] PackLoader:240 - Cannot read IP mode file for STMicroelectronics.X-CUBE-MEMS1.11.1.0
2026-03-24 18:17:06,713 [INFO] LogOutputStream:77 - [STDOUT_REDIRECT] 1 : Invalid condition id : UX_CORESTACK_Condition cause : null
2026-03-24 18:17:06,714 [INFO] LogOutputStream:77 - [STDOUT_REDIRECT] 1 : Invalid condition id : UX_CORESTACK_Condition cause : null
2026-03-24 18:17:06,715 [INFO] LogOutputStream:77 - [STDOUT_REDIRECT] 1 : Invalid condition id : UX_CORESTACK_Condition cause : null
2026-03-24 18:17:06,715 [INFO] LogOutputStream:77 - [STDOUT_REDIRECT] 1 : Invalid condition id : UX_CORESTACK_Condition cause : null
2026-03-24 18:17:06,716 [INFO] LogOutputStream:77 - [STDOUT_REDIRECT] 1 : Invalid condition id : UX_CORESTACK_Condition cause : null
2026-03-24 18:17:06,717 [WARN] PackLoader:240 - Cannot read IP mode file for STMicroelectronics.X-CUBE-AZRTOS-WL.2.0.0
2026-03-24 18:17:06,725 [WARN] PackLoader:240 - Cannot read IP mode file for STMicroelectronics.FP-SNS-MOTENV1.5.0.0
2026-03-24 18:17:06,743 [WARN] PackLoader:240 - Cannot read IP mode file for STMicroelectronics.X-CUBE-AZRTOS-H7RS.1.2.0
2026-03-24 18:17:06,753 [WARN] PackLoader:240 - Cannot read IP mode file for wolfSSL.I-CUBE-wolfMQTT.1.19.0
2026-03-24 18:17:06,763 [WARN] PackLoader:240 - Cannot read IP mode file for WES.I-CUBE-Cesium.1.3.0
2026-03-24 18:17:06,771 [WARN] PackLoader:240 - Cannot read IP mode file for STMicroelectronics.X-CUBE-BLE2.3.3.0
2026-03-24 18:17:06,777 [ERROR] Engine:466 - C:\Users\Xavi\.stm32cubemx\thirdparties\pdsc\Avnet-IOTCONNECT.X-CUBE-iotc-st67-sdk.1.0.0.pdsc: PDSC version is not supported
2026-03-24 18:17:06,785 [WARN] PackLoader:240 - Cannot read IP mode file for STMicroelectronics.X-CUBE-NFC9.1.0.0
2026-03-24 18:17:06,793 [WARN] PackLoader:240 - Cannot read IP mode file for STMicroelectronics.X-CUBE-BLE1.7.1.0
2026-03-24 18:17:06,802 [WARN] PackLoader:240 - Cannot read IP mode file for STMicroelectronics.X-CUBE-TCPP.4.1.0
2026-03-24 18:17:06,808 [ERROR] Engine:466 - C:\Users\Xavi\.stm32cubemx\thirdparties\pdsc\STMicroelectronics.X-CUBE-FREERTOS.1.4.0.pdsc: PDSC version is not supported
2026-03-24 18:17:06,816 [WARN] PackLoader:240 - Cannot read IP mode file for STMicroelectronics.X-CUBE-EEPRMA1.5.2.0
2026-03-24 18:17:06,824 [ERROR] Engine:466 - C:\Users\Xavi\.stm32cubemx\thirdparties\pdsc\STMicroelectronics.X-CUBE-ST67W61.1.1.0.pdsc: PDSC version is not supported
2026-03-24 18:17:06,830 [WARN] PackLoader:240 - Cannot read IP mode file for STMicroelectronics.X-CUBE-AI.10.1.0
2026-03-24 18:17:06,859 [WARN] PackLoader:240 - Cannot read IP mode file for STMicroelectronics.X-CUBE-MEMS1.12.0.0
2026-03-24 18:17:06,901 [WARN] PackLoader:240 - Cannot read IP mode file for STMicroelectronics.X-CUBE-ALGOBUILD.1.3.0
2026-03-24 18:17:06,916 [WARN] PackLoader:240 - Cannot read IP mode file for STMicroelectronics.X-CUBE-AZRTOS-G0.1.1.0
2026-03-24 18:17:06,924 [WARN] PackLoader:240 - Cannot read IP mode file for STMicroelectronics.X-CUBE-SAFEA1.1.2.2
2026-03-24 18:17:06,933 [WARN] PackLoader:240 - Cannot read IP mode file for STMicroelectronics.X-CUBE-NFC4.3.0.0
2026-03-24 18:17:06,943 [WARN] PackLoader:240 - Cannot read IP mode file for EmbeddedOffice.I-CUBE-FS-RTOS.1.0.1
2026-03-24 18:17:06,943 [ERROR] ConditionMgr:805 - Attr not supported : Dmpu
2026-03-24 18:17:06,943 [ERROR] ConditionMgr:805 - Attr not supported : Dmpu
2026-03-24 18:17:06,943 [ERROR] ConditionMgr:805 - Attr not supported : Dmpu
2026-03-24 18:17:06,943 [ERROR] ConditionMgr:805 - Attr not supported : Dmpu
2026-03-24 18:17:06,943 [ERROR] ConditionMgr:805 - Attr not supported : Dmpu
2026-03-24 18:17:06,943 [ERROR] ConditionMgr:805 - Attr not supported : Dmpu
2026-03-24 18:17:06,943 [ERROR] ConditionMgr:805 - Attr not supported : Dmpu
2026-03-24 18:17:06,943 [ERROR] ConditionMgr:805 - Attr not supported : Dmpu
2026-03-24 18:17:06,943 [ERROR] ConditionMgr:805 - Attr not supported : Dmpu
2026-03-24 18:17:06,943 [ERROR] ConditionMgr:805 - Attr not supported : Dmpu
2026-03-24 18:17:06,943 [ERROR] ConditionMgr:805 - Attr not supported : Dmpu
2026-03-24 18:17:06,943 [ERROR] ConditionMgr:805 - Attr not supported : Dmpu
2026-03-24 18:17:06,943 [ERROR] ConditionMgr:805 - Attr not supported : Dmpu
2026-03-24 18:17:06,943 [ERROR] ConditionMgr:805 - Attr not supported : Dmpu
2026-03-24 18:17:06,943 [ERROR] ConditionMgr:805 - Attr not supported : Dmpu
2026-03-24 18:17:06,943 [ERROR] ConditionMgr:805 - Attr not supported : Dmpu
2026-03-24 18:17:06,943 [ERROR] ConditionMgr:805 - Attr not supported : Dmpu
2026-03-24 18:17:06,943 [ERROR] ConditionMgr:805 - Attr not supported : Dmpu
2026-03-24 18:17:06,943 [ERROR] ConditionMgr:805 - Attr not supported : Dmpu
2026-03-24 18:17:06,944 [ERROR] ConditionMgr:805 - Attr not supported : Dmpu
2026-03-24 18:17:06,944 [ERROR] ConditionMgr:805 - Attr not supported : Dmpu
2026-03-24 18:17:06,944 [ERROR] ConditionMgr:805 - Attr not supported : Dmpu
2026-03-24 18:17:06,944 [ERROR] ConditionMgr:805 - Attr not supported : Dmpu
2026-03-24 18:17:06,944 [ERROR] ConditionMgr:805 - Attr not supported : Dmpu
2026-03-24 18:17:06,944 [ERROR] ConditionMgr:805 - Attr not supported : Dmpu
2026-03-24 18:17:06,944 [ERROR] ConditionMgr:805 - Attr not supported : Dmpu
2026-03-24 18:17:06,944 [ERROR] ConditionMgr:805 - Attr not supported : Dmpu
2026-03-24 18:17:06,944 [ERROR] ConditionMgr:805 - Attr not supported : Dmpu
2026-03-24 18:17:06,944 [ERROR] ConditionMgr:805 - Attr not supported : Dmpu
2026-03-24 18:17:06,944 [ERROR] ConditionMgr:805 - Attr not supported : Dmpu
2026-03-24 18:17:06,944 [ERROR] ConditionMgr:805 - Attr not supported : Dmpu
2026-03-24 18:17:06,944 [ERROR] ConditionMgr:805 - Attr not supported : Dmpu
2026-03-24 18:17:06,944 [ERROR] ConditionMgr:805 - Attr not supported : Dmpu
2026-03-24 18:17:06,944 [ERROR] ConditionMgr:805 - Attr not supported : Dmpu
2026-03-24 18:17:06,944 [ERROR] ConditionMgr:805 - Attr not supported : Dmpu
2026-03-24 18:17:06,944 [ERROR] ConditionMgr:805 - Attr not supported : Dmpu
2026-03-24 18:17:06,944 [ERROR] ConditionMgr:805 - Attr not supported : Dmpu
2026-03-24 18:17:06,945 [ERROR] ConditionMgr:805 - Attr not supported : Dmpu
2026-03-24 18:17:06,945 [ERROR] ConditionMgr:805 - Attr not supported : Dmpu
2026-03-24 18:17:06,945 [ERROR] ConditionMgr:805 - Attr not supported : Dmpu
2026-03-24 18:17:06,945 [ERROR] ConditionMgr:805 - Attr not supported : Dmpu
2026-03-24 18:17:06,945 [ERROR] ConditionMgr:805 - Attr not supported : Dmpu
2026-03-24 18:17:06,945 [ERROR] ConditionMgr:805 - Attr not supported : Dmpu
2026-03-24 18:17:06,945 [ERROR] ConditionMgr:805 - Attr not supported : Dmpu
2026-03-24 18:17:06,946 [ERROR] ConditionMgr:805 - Attr not supported : Dmpu
2026-03-24 18:17:06,946 [ERROR] ConditionMgr:805 - Attr not supported : Dmpu
2026-03-24 18:17:06,946 [ERROR] ConditionMgr:805 - Attr not supported : Dmpu
2026-03-24 18:17:06,946 [ERROR] ConditionMgr:805 - Attr not supported : Dmpu
2026-03-24 18:17:06,946 [ERROR] ConditionMgr:805 - Attr not supported : Dmpu
2026-03-24 18:17:06,946 [ERROR] ConditionMgr:805 - Attr not supported : Dmpu
2026-03-24 18:17:06,946 [ERROR] ConditionMgr:805 - Attr not supported : Dmpu
2026-03-24 18:17:06,946 [ERROR] ConditionMgr:805 - Attr not supported : Dmpu
2026-03-24 18:17:06,946 [ERROR] ConditionMgr:805 - Attr not supported : Dmpu
2026-03-24 18:17:06,946 [ERROR] ConditionMgr:805 - Attr not supported : Dmpu
2026-03-24 18:17:06,946 [ERROR] ConditionMgr:805 - Attr not supported : Dmpu
2026-03-24 18:17:06,946 [ERROR] ConditionMgr:805 - Attr not supported : Dmpu
2026-03-24 18:17:06,946 [ERROR] ConditionMgr:805 - Attr not supported : Dmpu
2026-03-24 18:17:06,946 [ERROR] ConditionMgr:805 - Attr not supported : Dmpu
2026-03-24 18:17:06,946 [ERROR] ConditionMgr:805 - Attr not supported : Dmpu
2026-03-24 18:17:06,946 [ERROR] ConditionMgr:805 - Attr not supported : Dmpu
2026-03-24 18:17:06,946 [ERROR] ConditionMgr:805 - Attr not supported : Dmpu
2026-03-24 18:17:06,946 [ERROR] ConditionMgr:805 - Attr not supported : Dmpu
2026-03-24 18:17:06,946 [ERROR] ConditionMgr:805 - Attr not supported : Dmpu
2026-03-24 18:17:06,946 [ERROR] ConditionMgr:805 - Attr not supported : Dmpu
2026-03-24 18:17:06,953 [WARN] PackLoader:240 - Cannot read IP mode file for STMicroelectronics.X-CUBE-WB05N.2.0.0
2026-03-24 18:17:06,962 [WARN] PackLoader:240 - Cannot read IP mode file for STMicroelectronics.X-CUBE-BLEMGR.3.0.0
2026-03-24 18:17:06,970 [ERROR] Engine:466 - C:\Users\Xavi\.stm32cubemx\thirdparties\pdsc\STMicroelectronics.X-CUBE-TCPP.4.2.0.pdsc: PDSC version is not supported
2026-03-24 18:17:06,977 [WARN] PackLoader:240 - Cannot read IP mode file for RealThread.X-CUBE-RT-Thread_Nano.4.1.1
2026-03-24 18:17:06,984 [WARN] PackLoader:240 - Cannot read IP mode file for STMicroelectronics.FP-ATR-SIGFOX1.3.2.0
2026-03-24 18:17:06,991 [WARN] ConditionMgr:438 - getConditionDescription Invalid condition id : Cortex-A Device cause : null
2026-03-24 18:17:07,003 [WARN] ConditionMgr:1039 - genDependencies : Invalid condition id : Cortex-A Device cause : null
2026-03-24 18:17:07,004 [WARN] ConditionMgr:1039 - genDependencies : Invalid condition id : Cortex-A Device cause : null
2026-03-24 18:17:07,004 [WARN] ConditionMgr:1039 - genDependencies : Invalid condition id : Cortex-A Device cause : null
2026-03-24 18:17:07,010 [WARN] PackLoader:240 - Cannot read IP mode file for STMicroelectronics.X-CUBE-EEPRMA1.5.1.0
2026-03-24 18:17:07,017 [ERROR] Engine:466 - C:\Users\Xavi\.stm32cubemx\thirdparties\pdsc\STMicroelectronics.X-CUBE-FREERTOS.1.5.0.pdsc: PDSC version is not supported
2026-03-24 18:17:07,024 [WARN] PackLoader:240 - Cannot read IP mode file for STMicroelectronics.X-CUBE-NFC6.3.2.0
2026-03-24 18:17:07,031 [ERROR] Engine:466 - C:\Users\Xavi\.stm32cubemx\thirdparties\pdsc\STMicroelectronics.X-CUBE-ST67W61.1.0.0.pdsc: PDSC version is not supported
2026-03-24 18:17:07,037 [WARN] PackLoader:240 - Cannot read IP mode file for STMicroelectronics.X-CUBE-AI.10.2.0
2026-03-24 18:17:07,055 [WARN] PackLoader:240 - Cannot read IP mode file for SEGGER.I-CUBE-embOS.1.3.1
2026-03-24 18:17:07,075 [WARN] PackLoader:240 - Cannot read IP mode file for STMicroelectronics.X-CUBE-ALGOBUILD.1.4.0
2026-03-24 18:17:07,102 [WARN] PackLoader:240 - Cannot read IP mode file for STMicroelectronics.X-CUBE-MEMS1.11.3.0
2026-03-24 18:17:07,167 [WARN] PackLoader:240 - Cannot read IP mode file for STMicroelectronics.X-CUBE-PM33A1.1.0.0
2026-03-24 18:17:07,175 [WARN] PackLoader:240 - Cannot read IP mode file for STMicroelectronics.X-CUBE-GNSS1.6.0.0
2026-03-24 18:17:07,188 [WARN] PackLoader:240 - Cannot read IP mode file for STMicroelectronics.X-CUBE-AZRTOS-F4.1.1.0
2026-03-24 18:17:07,196 [WARN] PackLoader:240 - Cannot read IP mode file for wolfSSL.I-CUBE-wolfSSL.5.6.3
2026-03-24 18:17:07,202 [ERROR] Engine:466 - C:\Users\Xavi\.stm32cubemx\thirdparties\pdsc\Avnet-IotConnect.X-CUBE-IoTC-DA16k-PMOD.1.0.0.pdsc: PDSC version is not supported
2026-03-24 18:17:07,209 [WARN] PackLoader:240 - Cannot read IP mode file for STMicroelectronics.X-CUBE-ISPU.2.1.0
2026-03-24 18:17:07,216 [ERROR] Engine:466 - C:\Users\Xavi\.stm32cubemx\thirdparties\pdsc\STMicroelectronics.X-CUBE-IPS.3.2.0.pdsc: PDSC version is not supported
2026-03-24 18:17:07,222 [WARN] PackLoader:240 - Cannot read IP mode file for STMicroelectronics.X-CUBE-FREERTOS.1.2.0
2026-03-24 18:17:07,230 [WARN] PackLoader:240 - Cannot read IP mode file for STMicroelectronics.X-CUBE-NFC12.1.0.0
2026-03-24 18:17:07,245 [WARN] PackLoader:240 - Cannot read IP mode file for STMicroelectronics.X-CUBE-AZRTOS-L5.2.0.0
2026-03-24 18:17:07,271 [WARN] PackLoader:240 - Cannot read IP mode file for STMicroelectronics.X-CUBE-MEMS1.9.6.0
2026-03-24 18:17:07,342 [WARN] PackLoader:240 - Cannot read IP mode file for STMicroelectronics.X-CUBE-EEPRMA1.4.2.0
2026-03-24 18:17:07,360 [WARN] PackLoader:240 - Cannot read IP mode file for STMicroelectronics.X-CUBE-NFC6.3.1.0
2026-03-24 18:17:07,368 [WARN] PackLoader:240 - Cannot read IP mode file for ITTIA_DB.I-CUBE-ITTIADB.8.8.0
2026-03-24 18:17:07,376 [WARN] PackLoader:240 - Cannot read IP mode file for STMicroelectronics.X-CUBE-BLEMGR.2.0.0
2026-03-24 18:17:07,385 [WARN] PackLoader:240 - Cannot read IP mode file for STMicroelectronics.X-CUBE-DPower.1.2.0
2026-03-24 18:17:07,391 [WARN] PackLoader:240 - Cannot read IP mode file for STMicroelectronics.X-CUBE-AI.9.0.0
2026-03-24 18:17:07,411 [WARN] ConditionMgr:438 - getConditionDescription Invalid condition id : UX DEVICE CLASS RTOS Condition cause : null
2026-03-24 18:17:07,411 [WARN] ConditionMgr:438 - getConditionDescription Invalid condition id : UX DEVICE CLASS RTOS Condition cause : null
2026-03-24 18:17:07,411 [WARN] PackLoader:240 - Cannot read IP mode file for STMicroelectronics.X-CUBE-AZRTOS-H7.3.1.0
2026-03-24 18:17:07,412 [WARN] ConditionMgr:1039 - genDependencies : Invalid condition id : UX DEVICE CLASS RTOS Condition cause : null
2026-03-24 18:17:07,412 [WARN] ConditionMgr:1039 - genDependencies : Invalid condition id : UX DEVICE CLASS RTOS Condition cause : null
2026-03-24 18:17:07,412 [WARN] ConditionMgr:1039 - genDependencies : Invalid condition id : UX DEVICE CLASS RTOS Condition cause : null
2026-03-24 18:17:07,412 [WARN] ConditionMgr:1039 - genDependencies : Invalid condition id : UX DEVICE CLASS RTOS Condition cause : null
2026-03-24 18:17:07,412 [WARN] ConditionMgr:1039 - genDependencies : Invalid condition id : UX DEVICE CLASS RTOS Condition cause : null
2026-03-24 18:17:07,419 [WARN] PackLoader:240 - Cannot read IP mode file for STMicroelectronics.X-CUBE-FREERTOS.1.3.1
2026-03-24 18:17:07,427 [WARN] PackLoader:240 - Cannot read IP mode file for STMicroelectronics.X-CUBE-FREERTOS.1.3.0
2026-03-24 18:17:07,434 [WARN] PackLoader:240 - Cannot read IP mode file for STMicroelectronics.X-CUBE-NFC7.1.0.1
2026-03-24 18:17:07,445 [WARN] PackLoader:240 - Cannot read IP mode file for wolfSSL.I-CUBE-wolfTPM.3.2.0
2026-03-24 18:17:07,454 [WARN] PackLoader:240 - Cannot read IP mode file for STMicroelectronics.X-CUBE-TOUCHGFX.4.26.0
2026-03-24 18:17:07,465 [WARN] PackLoader:240 - Cannot read IP mode file for STMicroelectronics.X-CUBE-NFC6.3.0.0
2026-03-24 18:17:07,476 [WARN] PackLoader:240 - Cannot read IP mode file for STMicroelectronics.X-CUBE-TOUCHGFX.4.26.1
2026-03-24 18:17:07,485 [WARN] PackLoader:240 - Cannot read IP mode file for STMicroelectronics.X-CUBE-EEPRMA1.4.1.0
2026-03-24 18:17:07,494 [ERROR] Engine:466 - C:\Users\Xavi\.stm32cubemx\thirdparties\pdsc\STMicroelectronics.FP-SNS-STAIOTCFT.1.0.0.pdsc: PDSC version is not supported
2026-03-24 18:17:07,502 [WARN] PackLoader:240 - Cannot read IP mode file for STMicroelectronics.X-CUBE-DPower.1.3.0
2026-03-24 18:17:07,510 [WARN] PackLoader:240 - Cannot read IP mode file for STMicroelectronics.X-CUBE-AI.8.1.0
2026-03-24 18:17:07,527 [WARN] ConditionMgr:438 - getConditionDescription Invalid condition id : LAN8742 Phy interface Condition cause : null
2026-03-24 18:17:07,527 [WARN] PackLoader:240 - Cannot read IP mode file for STMicroelectronics.X-CUBE-AZRTOS-L4.2.0.0
2026-03-24 18:17:07,528 [WARN] ConditionMgr:1039 - genDependencies : Invalid condition id : LAN8742 Phy interface Condition cause : null
2026-03-24 18:17:07,528 [WARN] ConditionMgr:1039 - genDependencies : Invalid condition id : LAN8742 Phy interface Condition cause : null
2026-03-24 18:17:07,528 [WARN] ConditionMgr:1039 - genDependencies : Invalid condition id : LAN8742 Phy interface Condition cause : null
2026-03-24 18:17:07,537 [WARN] PackLoader:240 - Cannot read IP mode file for STMicroelectronics.X-CUBE-SFXS2LP1.4.0.0
2026-03-24 18:17:07,544 [ERROR] Engine:466 - C:\Users\Xavi\.stm32cubemx\thirdparties\pdsc\STMicroelectronics.X-CUBE-ST67W61.1.2.0.pdsc: PDSC version is not supported
2026-03-24 18:17:07,551 [WARN] PackLoader:240 - Cannot read IP mode file for STMicroelectronics.X-CUBE-ISPU.1.1.0
2026-03-24 18:17:07,564 [WARN] PackLoader:240 - Cannot read IP mode file for STMicroelectronics.X-CUBE-AZRTOS-H7.3.3.0
2026-03-24 18:17:07,572 [ERROR] Engine:466 - C:\Users\Xavi\.stm32cubemx\thirdparties\pdsc\STMicroelectronics.X-CUBE-BLEMGR.4.1.0.pdsc: PDSC version is not supported
2026-03-24 18:17:07,581 [INFO] WebApp:161 - Instantiating new browser for Auth
2026-03-24 18:17:07,584 [WARN] ConditionMgr:438 - getConditionDescription Invalid condition id : UX DEVICE CLASS RTOS Condition cause : null
2026-03-24 18:17:07,584 [WARN] ConditionMgr:438 - getConditionDescription Invalid condition id : UX DEVICE CLASS RTOS Condition cause : null
2026-03-24 18:17:07,584 [WARN] PackLoader:240 - Cannot read IP mode file for STMicroelectronics.X-CUBE-AZRTOS-WB.2.0.0
2026-03-24 18:17:07,584 [WARN] ConditionMgr:1039 - genDependencies : Invalid condition id : UX DEVICE CLASS RTOS Condition cause : null
2026-03-24 18:17:07,584 [WARN] ConditionMgr:1039 - genDependencies : Invalid condition id : UX DEVICE CLASS RTOS Condition cause : null
2026-03-24 18:17:07,584 [WARN] ConditionMgr:1039 - genDependencies : Invalid condition id : UX DEVICE CLASS RTOS Condition cause : null
2026-03-24 18:17:07,585 [WARN] ConditionMgr:1039 - genDependencies : Invalid condition id : UX DEVICE CLASS RTOS Condition cause : null
2026-03-24 18:17:07,585 [WARN] ConditionMgr:1039 - genDependencies : Invalid condition id : UX DEVICE CLASS RTOS Condition cause : null
2026-03-24 18:17:07,592 [WARN] PackLoader:240 - Cannot read IP mode file for STMicroelectronics.X-CUBE-FREERTOS.1.0.1
2026-03-24 18:17:07,599 [WARN] PackLoader:240 - Cannot read IP mode file for STMicroelectronics.X-CUBE-GNSS1.7.0.0
2026-03-24 18:17:07,606 [WARN] PackLoader:240 - Cannot read IP mode file for STMicroelectronics.X-CUBE-GNSS1.7.0.1
2026-03-24 18:17:07,613 [WARN] PackLoader:240 - Cannot read IP mode file for STMicroelectronics.X-CUBE-TOUCHGFX.4.25.0
2026-03-24 18:17:07,621 [WARN] PackLoader:240 - Cannot read IP mode file for STMicroelectronics.FP-SNS-STBOX1.2.0.0
2026-03-24 18:17:07,631 [WARN] PackLoader:240 - Cannot read IP mode file for STMicroelectronics.X-CUBE-STSE01.2.0.0
2026-03-24 18:17:07,650 [WARN] PackLoader:240 - Cannot read IP mode file for STMicroelectronics.X-CUBE-AZRTOS-L5.1.1.0
2026-03-24 18:17:07,662 [WARN] PackLoader:240 - Cannot read IP mode file for STMicroelectronics.X-CUBE-AI.8.0.1
2026-03-24 18:17:07,676 [WARN] PackLoader:240 - Cannot read IP mode file for STMicroelectronics.X-CUBE-SUBG2.5.0.0
2026-03-24 18:17:07,701 [WARN] PackLoader:240 - Cannot read IP mode file for STMicroelectronics.X-CUBE-AZRTOS-H7RS.1.1.0
2026-03-24 18:17:07,713 [WARN] PackLoader:240 - Cannot read IP mode file for Cesanta.I-CUBE-Mongoose.7.13.0
2026-03-24 18:17:07,725 [WARN] PackLoader:240 - Cannot read IP mode file for STMicroelectronics.X-CUBE-TOF1.3.3.1
2026-03-24 18:17:07,746 [WARN] PackLoader:240 - Cannot read IP mode file for STMicroelectronics.X-CUBE-AZRTOS-G4.2.0.0
2026-03-24 18:17:07,764 [WARN] PackLoader:240 - Cannot read IP mode file for Infineon.AIROC-Wi-Fi-Bluetooth-STM32.1.5.1
2026-03-24 18:17:07,776 [WARN] PackLoader:240 - Cannot read IP mode file for STMicroelectronics.FP-SNS-MOTENVWB1.1.3.0
2026-03-24 18:17:07,784 [WARN] PackLoader:240 - Cannot read IP mode file for STMicroelectronics.X-CUBE-NFC7.2.0.0
2026-03-24 18:17:07,791 [WARN] PackLoader:240 - Cannot read IP mode file for STMicroelectronics.FP-SNS-MOTENVWB1.1.3.1
2026-03-24 18:17:07,798 [WARN] PackLoader:240 - Cannot read IP mode file for STMicroelectronics.X-CUBE-ISPU.2.0.0
2026-03-24 18:17:07,805 [ERROR] Engine:466 - C:\Users\Xavi\.stm32cubemx\thirdparties\pdsc\STMicroelectronics.X-CUBE-IPS.3.1.0.pdsc: PDSC version is not supported
2026-03-24 18:17:07,812 [WARN] PackLoader:240 - Cannot read IP mode file for STMicroelectronics.X-CUBE-ALS.1.0.2
2026-03-24 18:17:07,830 [WARN] PackLoader:240 - Cannot read IP mode file for STMicroelectronics.X-CUBE-MEMS1.10.0.0
2026-03-24 18:17:07,873 [WARN] PackLoader:240 - Cannot read IP mode file for STMicroelectronics.X-CUBE-FREERTOS.1.1.0
2026-03-24 18:17:07,880 [WARN] PackLoader:240 - Cannot read IP mode file for STMicroelectronics.X-CUBE-TOUCHGFX.4.24.0
2026-03-24 18:17:07,887 [WARN] PackLoader:240 - Cannot read IP mode file for STMicroelectronics.X-CUBE-TOUCHGFX.4.24.2
2026-03-24 18:17:07,893 [WARN] PackLoader:240 - Cannot read IP mode file for STMicroelectronics.X-CUBE-TOUCHGFX.4.24.1
2026-03-24 18:17:07,901 [WARN] PackLoader:240 - Cannot read IP mode file for STMicroelectronics.X-CUBE-STSE01.1.0.0
2026-03-24 18:17:07,908 [WARN] PackLoader:240 - Cannot read IP mode file for portGmbH.I-Cube-SoM-uGOAL.1.1.0
2026-03-24 18:17:07,914 [WARN] PackLoader:240 - Cannot read IP mode file for STMicroelectronics.X-CUBE-ALS.1.0.1
2026-03-24 18:17:07,925 [WARN] PackLoader:240 - Cannot read IP mode file for STMicroelectronics.X-CUBE-AZRTOS-WB.1.1.0
2026-03-24 18:17:07,939 [WARN] PackLoader:240 - Cannot read IP mode file for STMicroelectronics.X-CUBE-AZRTOS-H7RS.1.0.0
2026-03-24 18:17:07,948 [WARN] PackLoader:240 - Cannot read IP mode file for STMicroelectronics.FP-ATR-ASTRA1.2.0.0
2026-03-24 18:17:07,958 [WARN] PackLoader:240 - Cannot read IP mode file for STMicroelectronics.X-CUBE-TOF1.3.4.2
2026-03-24 18:17:07,969 [ERROR] Engine:466 - C:\Users\Xavi\.stm32cubemx\thirdparties\pdsc\STMicroelectronics.X-CUBE-TOF1.3.4.3.pdsc: PDSC version is not supported
2026-03-24 18:17:07,978 [WARN] PackLoader:240 - Cannot read IP mode file for STMicroelectronics.X-CUBE-TOF1.3.4.0
2026-03-24 18:17:07,991 [WARN] PackLoader:240 - Cannot read IP mode file for STMicroelectronics.X-CUBE-TOF1.3.4.1
2026-03-24 18:17:08,008 [WARN] PackLoader:240 - Cannot read IP mode file for STMicroelectronics.X-CUBE-AZRTOS-H7.3.2.0
2026-03-24 18:17:08,016 [WARN] PackLoader:240 - Cannot read IP mode file for wolfSSL.I-CUBE-wolfSSH.1.4.17
2026-03-24 18:17:08,016 [INFO] ThirdParty:978 - Integrity check success = true
2026-03-24 18:17:08,016 [INFO] IntegrityCheckThread:100 - exiting critical section [integrity check]
2026-03-24 18:17:08,016 [INFO] IntegrityCheckThread:103 - End integrity checks thread
2026-03-24 18:17:08,142 [INFO] WebApp:780 - Register for checkConnection events
2026-03-24 18:17:08,143 [INFO] WebApp:414 - Apply proxy settings
2026-03-24 18:17:08,143 [INFO] WebApp:499 - Chromium requires no authentication
2026-03-24 18:17:08,147 [INFO] WebApp:442 - Direct internet connection detected
2026-03-24 18:17:08,239 [INFO] WebApp:192 - Starting web application
2026-03-24 18:17:08,239 [INFO] WebApp:544 - Web application path used C:\ST\STM32CubeIDE_1.13.0\STM32CubeIDE\plugins\com.st.stm32cube.common.mx_6.10.0.202311202037\db\plugins\mcufinder\reactClient1\index.html
2026-03-24 18:17:28,827 [ERROR] LogOutputStream:75 - [STDERR_REDIRECT] SLF4J: Failed to load class "org.slf4j.impl.StaticLoggerBinder".
2026-03-24 18:17:28,827 [ERROR] LogOutputStream:75 - [STDERR_REDIRECT] SLF4J: Defaulting to no-operation (NOP) logger implementation
2026-03-24 18:17:28,827 [ERROR] LogOutputStream:75 - [STDERR_REDIRECT] SLF4J: See http://www.slf4j.org/codes.html#StaticLoggerBinder for further details.
2026-03-24 22:20:04,166 [ERROR] LogOutputStream:75 - [STDERR_REDIRECT] 
