2026-03-27 18:09:08,535 [INFO] Activator:176 - 


2026-03-27 18:09:08,539 [INFO] Activator:177 - !SESSION log4j initialized
2026-03-27 18:09:12,683 [INFO] LogOutputStream:77 - [STDOUT_REDIRECT] 
2026-03-27 18:09:18,540 [INFO] ApplicationProperties:184 - Using Application install path: C:\ST\STM32CubeIDE_1.13.0\STM32CubeIDE\plugins\com.st.stm32cube.common.mx_6.10.0.202311202037
2026-03-27 18:09:18,553 [INFO] DbMcusXml:78 - Set database path to: C:\ST\STM32CubeIDE_1.13.0\STM32CubeIDE\plugins\com.st.stm32cube.common.mx_6.10.0.202311202037\\db\/mcu/
2026-03-27 18:09:18,554 [INFO] ApiDb:274 - Set plugin database path to: C:\ST\STM32CubeIDE_1.13.0\STM32CubeIDE\plugins\com.st.stm32cube.common.mx_6.10.0.202311202037\\db\/plugins/boardmanager/
2026-03-27 18:09:18,554 [WARN] ApiDb:259 - Overriding images path with different value:  => C:\ST\STM32CubeIDE_1.13.0\STM32CubeIDE\plugins\com.st.stm32cube.common.mx_6.10.0.202311202037\\db\/plugins/mcufinder/images/
2026-03-27 18:09:18,563 [INFO] ApiDb:250 - Set database path to: C:\Users\Xavi\.stmcufinder\plugins\mcufinder//mcu/
2026-03-27 18:09:18,564 [INFO] DbMcusAds:125 - Set database path to: C:\Users\Xavi\.stmcufinder\plugins\mcufinder//mcu/
2026-03-27 18:09:18,566 [INFO] CrossReferenceDbSqlite:203 - Set database path to: C:\Users\Xavi\.stmcufinder\plugins\mcufinder//mcu/cs/
2026-03-27 18:09:18,663 [INFO] RulesReader:64 - Compatibility file has been processed (297 Rules)
2026-03-27 18:09:18,753 [INFO] DbMcusXml:78 - Set database path to: C:\ST\STM32CubeIDE_1.13.0\STM32CubeIDE\plugins\com.st.stm32cube.common.mx_6.10.0.202311202037\\db\/mcu/
2026-03-27 18:09:18,753 [INFO] ApiDb:274 - Set plugin database path to: C:\ST\STM32CubeIDE_1.13.0\STM32CubeIDE\plugins\com.st.stm32cube.common.mx_6.10.0.202311202037\\db\/plugins/boardmanager/
2026-03-27 18:09:18,753 [INFO] ApiDb:261 - Set plugin images path to: C:\ST\STM32CubeIDE_1.13.0\STM32CubeIDE\plugins\com.st.stm32cube.common.mx_6.10.0.202311202037\\db\/plugins/mcufinder/images/
2026-03-27 18:09:18,753 [WARN] DbFile:41 - Overriding database path with different value: C:\Users\Xavi\.stmcufinder\plugins\mcufinder/ => C:\Users\Xavi\.stmcufinder\plugins\mcufinder
2026-03-27 18:09:18,753 [INFO] ApiDb:250 - Set database path to: C:\Users\Xavi\.stmcufinder\plugins\mcufinder//mcu/
2026-03-27 18:09:18,753 [WARN] DbFile:41 - Overriding database path with different value: C:\Users\Xavi\.stmcufinder\plugins\mcufinder/ => C:\Users\Xavi\.stmcufinder\plugins\mcufinder
2026-03-27 18:09:18,753 [INFO] DbMcusAds:125 - Set database path to: C:\Users\Xavi\.stmcufinder\plugins\mcufinder//mcu/
2026-03-27 18:09:18,753 [WARN] DbFile:41 - Overriding database path with different value: C:\Users\Xavi\.stmcufinder\plugins\mcufinder/ => C:\Users\Xavi\.stmcufinder\plugins\mcufinder
2026-03-27 18:09:18,753 [WARN] DbFile:41 - Overriding database path with different value: C:\Users\Xavi\.stmcufinder\plugins\mcufinder/ => C:\Users\Xavi\.stmcufinder\plugins\mcufinder
2026-03-27 18:09:18,753 [INFO] CrossReferenceDbSqlite:203 - Set database path to: C:\Users\Xavi\.stmcufinder\plugins\mcufinder//mcu/cs/
2026-03-27 18:09:18,807 [INFO] MainPanel:264 - HeapMemory: 268435456
2026-03-27 18:09:18,867 [INFO] DbMcusXml:78 - Set database path to: C:\ST\STM32CubeIDE_1.13.0\STM32CubeIDE\plugins\com.st.stm32cube.common.mx_6.10.0.202311202037\\db\/mcu/
2026-03-27 18:09:18,867 [INFO] ApiDb:274 - Set plugin database path to: C:\ST\STM32CubeIDE_1.13.0\STM32CubeIDE\plugins\com.st.stm32cube.common.mx_6.10.0.202311202037\\db\/plugins/boardmanager/
2026-03-27 18:09:18,867 [INFO] ApiDb:261 - Set plugin images path to: C:\ST\STM32CubeIDE_1.13.0\STM32CubeIDE\plugins\com.st.stm32cube.common.mx_6.10.0.202311202037\\db\/plugins/mcufinder/images/
2026-03-27 18:09:18,867 [WARN] DbFile:41 - Overriding database path with different value: C:\Users\Xavi\.stmcufinder\plugins\mcufinder/ => C:\Users\Xavi\.stmcufinder\plugins\mcufinder
2026-03-27 18:09:18,867 [INFO] ApiDb:250 - Set database path to: C:\Users\Xavi\.stmcufinder\plugins\mcufinder//mcu/
2026-03-27 18:09:18,867 [WARN] DbFile:41 - Overriding database path with different value: C:\Users\Xavi\.stmcufinder\plugins\mcufinder/ => C:\Users\Xavi\.stmcufinder\plugins\mcufinder
2026-03-27 18:09:18,868 [INFO] DbMcusAds:125 - Set database path to: C:\Users\Xavi\.stmcufinder\plugins\mcufinder//mcu/
2026-03-27 18:09:18,868 [WARN] DbFile:41 - Overriding database path with different value: C:\Users\Xavi\.stmcufinder\plugins\mcufinder/ => C:\Users\Xavi\.stmcufinder\plugins\mcufinder
2026-03-27 18:09:18,868 [WARN] DbFile:41 - Overriding database path with different value: C:\Users\Xavi\.stmcufinder\plugins\mcufinder/ => C:\Users\Xavi\.stmcufinder\plugins\mcufinder
2026-03-27 18:09:18,868 [INFO] CrossReferenceDbSqlite:203 - Set database path to: C:\Users\Xavi\.stmcufinder\plugins\mcufinder//mcu/cs/
2026-03-27 18:09:18,879 [INFO] ApplicationProperties:184 - Using Application install path: C:\ST\STM32CubeIDE_1.13.0\STM32CubeIDE\plugins\com.st.stm32cube.common.mx_6.10.0.202311202037
2026-03-27 18:09:18,880 [INFO] PluginManage:196 - Search for loadable plugins [exclusion list=, ]
2026-03-27 18:09:18,881 [INFO] PluginManage:310 - Check plugin analytics
2026-03-27 18:09:23,591 [INFO] AnalyticsPlugin:253 - Accepted Software Licenses: STM32CubeMX.6.9.0
2026-03-27 18:09:23,591 [INFO] AnalyticsPlugin:255 - Accepted CMSIS Pack Licenses: 
2026-03-27 18:09:23,592 [INFO] AnalyticsPlugin:257 - Accepted Firmware Licenses: FW.F4.1.27.0,FW.H5.1.1.0
2026-03-27 18:09:23,595 [INFO] PluginManage:359 - Loaded plugin analytics (category:tool,tabindex:-1)
2026-03-27 18:09:23,596 [INFO] PluginManage:310 - Check plugin cadmodel
2026-03-27 18:09:23,610 [INFO] CADModel:105 - Init CAD model plugin
2026-03-27 18:09:23,610 [INFO] PluginManage:359 - Loaded plugin cadmodel (category:power,tabindex:5)
2026-03-27 18:09:23,611 [INFO] PluginManage:310 - Check plugin clock
2026-03-27 18:09:23,635 [INFO] PluginManage:359 - Loaded plugin clock (category:base,tabindex:2)
2026-03-27 18:09:23,635 [INFO] PluginManage:310 - Check plugin ddr
2026-03-27 18:09:23,640 [INFO] PluginManage:359 - Loaded plugin ddr (category:tool,tabindex:6)
2026-03-27 18:09:23,640 [INFO] PluginManage:310 - Check plugin filemanager
2026-03-27 18:09:23,764 [INFO] PluginManage:359 - Loaded plugin filemanager (category:base,tabindex:10)
2026-03-27 18:09:23,764 [INFO] PluginManage:310 - Check plugin ipmanager
2026-03-27 18:09:23,769 [INFO] PluginManage:359 - Loaded plugin ipmanager (category:base,tabindex:5)
2026-03-27 18:09:23,769 [INFO] PluginManage:310 - Check plugin lpbam
2026-03-27 18:09:23,781 [INFO] PluginManage:359 - Loaded plugin lpbam (category:base,tabindex:0)
2026-03-27 18:09:23,781 [INFO] PluginManage:310 - Check plugin memorymap
2026-03-27 18:09:23,796 [INFO] PluginManage:359 - Loaded plugin memorymap (category:base,tabindex:4)
2026-03-27 18:09:23,796 [INFO] PluginManage:310 - Check plugin pinoutandconfiguration
2026-03-27 18:09:23,807 [INFO] PluginManage:359 - Loaded plugin pinoutandconfiguration (category:base,tabindex:1)
2026-03-27 18:09:23,807 [INFO] PluginManage:310 - Check plugin pinoutconfig
2026-03-27 18:09:23,883 [WARN] SupportedApi:132 - Cannot load RTOS API schema: s4s-elt-must-match.1: The content of 'definitions' must match (annotation?, (simpleType | complexType)?, (unique | key | keyref)*)). A problem was found starting at: attribute.
2026-03-27 18:09:23,960 [INFO] PluginManage:359 - Loaded plugin pinoutconfig (category:base,tabindex:0)
2026-03-27 18:09:23,961 [INFO] PluginManage:310 - Check plugin power
2026-03-27 18:09:23,975 [INFO] PluginManage:359 - Loaded plugin power (category:power,tabindex:4)
2026-03-27 18:09:23,975 [INFO] PluginManage:310 - Check plugin projectmanager
2026-03-27 18:09:23,985 [INFO] PluginManage:359 - Loaded plugin projectmanager (category:projectmanager,tabindex:3)
2026-03-27 18:09:23,985 [INFO] PluginManage:310 - Check plugin thirdparty
2026-03-27 18:09:24,155 [INFO] PluginManage:359 - Loaded plugin thirdparty (category:base,tabindex:-1)
2026-03-27 18:09:24,155 [INFO] PluginManage:310 - Check plugin tools
2026-03-27 18:09:24,155 [WARN] IntegrityCheckThread:84 - waiting for thirdparty lock release [integrity check]
2026-03-27 18:09:24,155 [INFO] IntegrityCheckThread:86 - entering critical section [integrity check]
2026-03-27 18:09:24,155 [INFO] ThirdPartyUpdaterWithRetryManager:70 - Updater plugin not ready yet. [1/15]
2026-03-27 18:09:24,179 [INFO] PluginManage:359 - Loaded plugin tools (category:base,tabindex:7)
2026-03-27 18:09:24,179 [INFO] PluginManage:310 - Check plugin tutovideos
2026-03-27 18:09:24,298 [INFO] PluginManage:359 - Loaded plugin tutovideos (category:base,tabindex:-1)
2026-03-27 18:09:24,298 [INFO] PluginManage:310 - Check plugin updater
2026-03-27 18:09:24,305 [INFO] PluginManage:359 - Loaded plugin updater (category:base,tabindex:12)
2026-03-27 18:09:24,305 [INFO] PluginManage:310 - Check plugin userauth
2026-03-27 18:09:24,308 [INFO] UserAuth:114 - Init User Auth plugin
2026-03-27 18:09:24,308 [INFO] PluginManage:359 - Loaded plugin userauth (category:base,tabindex:14)
2026-03-27 18:09:24,309 [INFO] PluginManage:283 - PluginManage : Loaded plugins [17]
2026-03-27 18:09:24,431 [INFO] PinOutPanel:1499 - setPackage(No Configuration,No Configuration)
2026-03-27 18:09:24,472 [INFO] CADModel:165 - CPN selected for project level
2026-03-27 18:09:24,472 [INFO] CADModel:114 - Register for checkConnection events
2026-03-27 18:09:24,491 [INFO] IPUIPlugin:80 - create IPUIPlugin
2026-03-27 18:09:24,491 [INFO] PluginManager:220 - loadIPPluginJar : add adc
2026-03-27 18:09:24,517 [INFO] IPUIPlugin:80 - create IPUIPlugin
2026-03-27 18:09:24,517 [INFO] PluginManager:220 - loadIPPluginJar : add aes
2026-03-27 18:09:24,546 [INFO] IPUIPlugin:80 - create IPUIPlugin
2026-03-27 18:09:24,546 [INFO] PluginManager:220 - loadIPPluginJar : add can
2026-03-27 18:09:24,563 [INFO] IPUIPlugin:80 - create IPUIPlugin
2026-03-27 18:09:24,563 [INFO] PluginManager:220 - loadIPPluginJar : add comp
2026-03-27 18:09:24,585 [INFO] IPUIPlugin:80 - create IPUIPlugin
2026-03-27 18:09:24,585 [INFO] PluginManager:220 - loadIPPluginJar : add cryp
2026-03-27 18:09:24,604 [INFO] IPUIPlugin:80 - create IPUIPlugin
2026-03-27 18:09:24,604 [INFO] PluginManager:220 - loadIPPluginJar : add dfsdm
2026-03-27 18:09:24,614 [INFO] IPUIPlugin:80 - create IPUIPlugin
2026-03-27 18:09:24,614 [INFO] PluginManager:220 - loadIPPluginJar : add dma
2026-03-27 18:09:24,644 [INFO] IPUIPlugin:80 - create IPUIPlugin
2026-03-27 18:09:24,645 [INFO] PluginManager:220 - loadIPPluginJar : add dma3
2026-03-27 18:09:24,659 [INFO] IPUIPlugin:80 - create IPUIPlugin
2026-03-27 18:09:24,659 [INFO] PluginManager:220 - loadIPPluginJar : add fatfs
2026-03-27 18:09:24,697 [INFO] IPUIPlugin:80 - create IPUIPlugin
2026-03-27 18:09:24,697 [INFO] PluginManager:220 - loadIPPluginJar : add fmc
2026-03-27 18:09:24,708 [INFO] IPUIPlugin:80 - create IPUIPlugin
2026-03-27 18:09:24,708 [INFO] PluginManager:220 - loadIPPluginJar : add freertos
2026-03-27 18:09:24,722 [INFO] IPUIPlugin:80 - create IPUIPlugin
2026-03-27 18:09:24,722 [INFO] PluginManager:220 - loadIPPluginJar : add genericplugin
2026-03-27 18:09:24,785 [INFO] IPUIPlugin:80 - create IPUIPlugin
2026-03-27 18:09:24,785 [INFO] PluginManager:220 - loadIPPluginJar : add gfxmmu
2026-03-27 18:09:24,873 [INFO] IPUIPlugin:80 - create IPUIPlugin
2026-03-27 18:09:24,873 [INFO] PluginManager:220 - loadIPPluginJar : add gic
2026-03-27 18:09:24,882 [INFO] IPUIPlugin:80 - create IPUIPlugin
2026-03-27 18:09:24,882 [INFO] PluginManager:220 - loadIPPluginJar : add gpio
2026-03-27 18:09:24,950 [INFO] IPUIPlugin:80 - create IPUIPlugin
2026-03-27 18:09:24,950 [INFO] PluginManager:220 - loadIPPluginJar : add gtzc
2026-03-27 18:09:24,971 [INFO] IPUIPlugin:80 - create IPUIPlugin
2026-03-27 18:09:24,971 [INFO] PluginManager:220 - loadIPPluginJar : add hash
2026-03-27 18:09:25,004 [INFO] IPUIPlugin:80 - create IPUIPlugin
2026-03-27 18:09:25,004 [INFO] PluginManager:220 - loadIPPluginJar : add i2c
2026-03-27 18:09:25,031 [INFO] IPUIPlugin:80 - create IPUIPlugin
2026-03-27 18:09:25,032 [INFO] PluginManager:220 - loadIPPluginJar : add i2s
2026-03-27 18:09:25,059 [INFO] IPUIPlugin:80 - create IPUIPlugin
2026-03-27 18:09:25,059 [INFO] PluginManager:220 - loadIPPluginJar : add i3c
2026-03-27 18:09:25,141 [INFO] IPUIPlugin:80 - create IPUIPlugin
2026-03-27 18:09:25,141 [INFO] PluginManager:220 - loadIPPluginJar : add ipddr
2026-03-27 18:09:25,205 [INFO] IPUIPlugin:80 - create IPUIPlugin
2026-03-27 18:09:25,205 [INFO] PluginManager:220 - loadIPPluginJar : add linkedlist
2026-03-27 18:09:25,233 [INFO] IPUIPlugin:80 - create IPUIPlugin
2026-03-27 18:09:25,233 [INFO] PluginManager:220 - loadIPPluginJar : add lorawan
2026-03-27 18:09:25,264 [INFO] IPUIPlugin:80 - create IPUIPlugin
2026-03-27 18:09:25,264 [INFO] PluginManager:220 - loadIPPluginJar : add ltdc
2026-03-27 18:09:25,273 [INFO] IPUIPlugin:80 - create IPUIPlugin
2026-03-27 18:09:25,274 [INFO] PluginManager:220 - loadIPPluginJar : add mdma
2026-03-27 18:09:25,282 [INFO] IPUIPlugin:80 - create IPUIPlugin
2026-03-27 18:09:25,282 [INFO] PluginManager:220 - loadIPPluginJar : add nvic
2026-03-27 18:09:25,307 [INFO] IPUIPlugin:80 - create IPUIPlugin
2026-03-27 18:09:25,308 [INFO] PluginManager:220 - loadIPPluginJar : add opamp
2026-03-27 18:09:25,346 [INFO] IPUIPlugin:80 - create IPUIPlugin
2026-03-27 18:09:25,346 [INFO] PluginManager:220 - loadIPPluginJar : add openamp
2026-03-27 18:09:25,372 [INFO] IPUIPlugin:80 - create IPUIPlugin
2026-03-27 18:09:25,372 [INFO] PluginManager:220 - loadIPPluginJar : add pdm2pcm
2026-03-27 18:09:25,381 [INFO] IPUIPlugin:80 - create IPUIPlugin
2026-03-27 18:09:25,382 [INFO] PluginManager:220 - loadIPPluginJar : add plateformsettings
2026-03-27 18:09:25,396 [INFO] IPUIPlugin:80 - create IPUIPlugin
2026-03-27 18:09:25,396 [INFO] PluginManager:220 - loadIPPluginJar : add quadspi
2026-03-27 18:09:25,404 [INFO] IPUIPlugin:80 - create IPUIPlugin
2026-03-27 18:09:25,404 [INFO] PluginManager:220 - loadIPPluginJar : add resmgrutility
2026-03-27 18:09:25,436 [INFO] IPUIPlugin:80 - create IPUIPlugin
2026-03-27 18:09:25,436 [INFO] PluginManager:220 - loadIPPluginJar : add sai
2026-03-27 18:09:25,460 [INFO] IPUIPlugin:80 - create IPUIPlugin
2026-03-27 18:09:25,460 [INFO] PluginManager:220 - loadIPPluginJar : add spi
2026-03-27 18:09:25,508 [INFO] IPUIPlugin:80 - create IPUIPlugin
2026-03-27 18:09:25,508 [INFO] PluginManager:220 - loadIPPluginJar : add stm32_wpan
2026-03-27 18:09:25,523 [INFO] IPUIPlugin:80 - create IPUIPlugin
2026-03-27 18:09:25,523 [INFO] PluginManager:220 - loadIPPluginJar : add tim
2026-03-27 18:09:25,559 [INFO] IPUIPlugin:80 - create IPUIPlugin
2026-03-27 18:09:25,559 [INFO] PluginManager:220 - loadIPPluginJar : add touchsensing
2026-03-27 18:09:25,572 [INFO] IPUIPlugin:80 - create IPUIPlugin
2026-03-27 18:09:25,572 [INFO] PluginManager:220 - loadIPPluginJar : add tracer_emb
2026-03-27 18:09:25,587 [INFO] IPUIPlugin:80 - create IPUIPlugin
2026-03-27 18:09:25,587 [INFO] PluginManager:220 - loadIPPluginJar : add ts
2026-03-27 18:09:25,602 [INFO] IPUIPlugin:80 - create IPUIPlugin
2026-03-27 18:09:25,602 [INFO] PluginManager:220 - loadIPPluginJar : add tsc
2026-03-27 18:09:25,616 [INFO] IPUIPlugin:80 - create IPUIPlugin
2026-03-27 18:09:25,616 [INFO] PluginManager:220 - loadIPPluginJar : add ucpd
2026-03-27 18:09:25,644 [INFO] IPUIPlugin:80 - create IPUIPlugin
2026-03-27 18:09:25,644 [INFO] PluginManager:220 - loadIPPluginJar : add usart
2026-03-27 18:09:25,672 [INFO] IPUIPlugin:80 - create IPUIPlugin
2026-03-27 18:09:25,672 [INFO] PluginManager:220 - loadIPPluginJar : add usbx
2026-03-27 18:09:25,769 [INFO] CADModel:165 - CPN selected for project level
2026-03-27 18:09:25,769 [INFO] CADModel:114 - Register for checkConnection events
2026-03-27 18:09:25,770 [FATAL] Updater:308 - Updater called before beeing initialized
2026-03-27 18:09:25,770 [ERROR] CADModel:125 - Updater not yet initialized, retry later 
2026-03-27 18:09:25,845 [INFO] CADModel:165 - CPN selected for project level
2026-03-27 18:09:25,845 [INFO] CADModel:114 - Register for checkConnection events
2026-03-27 18:09:25,845 [FATAL] Updater:308 - Updater called before beeing initialized
2026-03-27 18:09:25,845 [ERROR] CADModel:125 - Updater not yet initialized, retry later 
2026-03-27 18:09:25,847 [FATAL] Updater:308 - Updater called before beeing initialized
2026-03-27 18:09:25,896 [FATAL] Updater:308 - Updater called before beeing initialized
2026-03-27 18:09:25,904 [INFO] DbMcusAds:53 - JSON generation date=Thu Mar 05 15:32:52 CET 2026 (1772721172890)
2026-03-27 18:09:25,904 [FATAL] Updater:308 - Updater called before beeing initialized
2026-03-27 18:09:25,953 [WARN] DetailPanel:346 - Failed to get advertising image, set to default
2026-03-27 18:09:26,013 [FATAL] Updater:308 - Updater called before beeing initialized
2026-03-27 18:09:26,014 [FATAL] Updater:308 - Updater called before beeing initialized
2026-03-27 18:09:26,015 [FATAL] Updater:308 - Updater called before beeing initialized
2026-03-27 18:09:26,015 [WARN] DetailPanel:346 - Failed to get advertising image, set to default
2026-03-27 18:09:26,015 [FATAL] Updater:308 - Updater called before beeing initialized
2026-03-27 18:09:26,048 [ERROR] Updater:1120 - MainUpdater not yet initialized. External WinMGr cannot be set.
2026-03-27 18:09:26,055 [INFO] Updater:1056 - Updater Version found : 6.10.0
2026-03-27 18:09:26,067 [INFO] ApplicationProperties:184 - Using Application install path: C:\ST\STM32CubeIDE_1.13.0\STM32CubeIDE\plugins\com.st.stm32cube.common.mx_6.10.0.202311202037
2026-03-27 18:09:26,098 [INFO] MainUpdater:526 - Copy updater definitions from MX database
2026-03-27 18:09:26,268 [INFO] MainUpdater:2873 - connection check result : 10
2026-03-27 18:09:26,269 [INFO] MainUpdater:3567 - Updater definition file requires update
2026-03-27 18:09:26,269 [INFO] MainUpdater:290 - Updater Check For Update Now.
2026-03-27 18:09:26,269 [INFO] MicroXplorer:498 - Change Database Version : DB.6.0.100
2026-03-27 18:09:26,282 [INFO] McuFinderGlobals:63 - Set McuFinder mode to 2 (CubeIDE integrated)
2026-03-27 18:09:26,288 [INFO] UserAuth:404 - Internet connection configuration mode: 1
2026-03-27 18:09:26,304 [INFO] JxBrowserEngine:152 - Initiate JxBrowser Engine with user profile folder
2026-03-27 18:09:26,364 [INFO] ServerAccessManage:473 - Download File updaters.zip
2026-03-27 18:09:26,441 [INFO] FileExtend:240 - Unzip File : updaters.zip
2026-03-27 18:09:26,441 [INFO] FileExtend:255 - Standard Zip Deflate
2026-03-27 18:09:26,814 [INFO] ServerAccessManage:473 - Download File PacksControlFlags.xml
2026-03-27 18:09:26,864 [INFO] ServerAccessManage:473 - Download File cubemx.pidx
2026-03-27 18:09:26,926 [INFO] LoadServerUpdatesThread:375 - End of LoadServerUpdate Thread
2026-03-27 18:09:27,069 [INFO] CheckServerUpdateThread:120 - End of CheckServer Thread
2026-03-27 18:09:27,313 [WARN] PackLoader:240 - Cannot read IP mode file for STMicroelectronics.X-CUBE-AZRTOS-H7.3.5.0
2026-03-27 18:09:27,324 [WARN] PackLoader:240 - Cannot read IP mode file for STMicroelectronics.FP-SNS-MOTENVWB1.1.4.0
2026-03-27 18:09:27,332 [WARN] PackLoader:240 - Cannot read IP mode file for STMicroelectronics.FP-ATR-ASTRA1.2.0.2
2026-03-27 18:09:27,338 [WARN] PackLoader:240 - Cannot read IP mode file for STMicroelectronics.FP-ATR-ASTRA1.2.0.1
2026-03-27 18:09:27,348 [WARN] PackLoader:240 - Cannot read IP mode file for STMicroelectronics.X-CUBE-SMBUS.2.1.0
2026-03-27 18:09:27,357 [WARN] PackLoader:240 - Cannot read IP mode file for STMicroelectronics.X-CUBE-WB05N.1.1.0
2026-03-27 18:09:27,363 [ERROR] Engine:466 - C:\Users\Xavi\.stm32cubemx\thirdparties\pdsc\STMicroelectronics.X-CUBE-ST60.1.0.0.pdsc: PDSC version is not supported
2026-03-27 18:09:27,370 [WARN] PackLoader:240 - Cannot read IP mode file for STMicroelectronics.X-CUBE-TOUCHGFX.4.23.0
2026-03-27 18:09:27,385 [WARN] PackLoader:240 - Cannot read IP mode file for STMicroelectronics.X-CUBE-AZRTOS-F7.1.1.0
2026-03-27 18:09:27,394 [WARN] PackLoader:240 - Cannot read IP mode file for STMicroelectronics.FP-SNS-MOTENV1.4.3.2
2026-03-27 18:09:27,420 [WARN] PackLoader:240 - Cannot read IP mode file for STMicroelectronics.X-CUBE-MEMS1.11.0.0
2026-03-27 18:09:27,486 [WARN] PackLoader:240 - Cannot read IP mode file for STMicroelectronics.X-CUBE-BLE1.6.2.4
2026-03-27 18:09:27,493 [ERROR] Engine:466 - C:\Users\Xavi\.stm32cubemx\thirdparties\pdsc\STMicroelectronics.FP-SNS-MOTENV1.5.1.0.pdsc: PDSC version is not supported
2026-03-27 18:09:27,501 [WARN] PackLoader:240 - Cannot read IP mode file for STMicroelectronics.FP-SNS-FLIGHT1.5.0.2
2026-03-27 18:09:27,515 [WARN] PackLoader:240 - Cannot read IP mode file for STMicroelectronics.X-CUBE-AZRTOS-H7.3.4.0
2026-03-27 18:09:27,525 [WARN] PackLoader:240 - Cannot read IP mode file for STMicroelectronics.X-CUBE-DISPLAY.3.0.0
2026-03-27 18:09:27,533 [ERROR] Engine:466 - C:\Users\Xavi\.stm32cubemx\thirdparties\pdsc\STMicroelectronics.FP-SNS-MOTENVWB1.1.5.0.pdsc: PDSC version is not supported
2026-03-27 18:09:27,539 [WARN] PackLoader:240 - Cannot read IP mode file for STMicroelectronics.X-CUBE-BLE1.7.0.0
2026-03-27 18:09:27,547 [WARN] PackLoader:240 - Cannot read IP mode file for STMicroelectronics.X-CUBE-NFC10.1.0.0
2026-03-27 18:09:27,555 [WARN] PackLoader:240 - Cannot read IP mode file for STMicroelectronics.X-CUBE-BLEMGR.4.0.0
2026-03-27 18:09:27,567 [ERROR] Engine:466 - C:\Users\Xavi\.stm32cubemx\thirdparties\pdsc\STMicroelectronics.X-CUBE-ST60.1.1.0.pdsc: PDSC version is not supported
2026-03-27 18:09:27,577 [WARN] PackLoader:240 - Cannot read IP mode file for emotas.I-CUBE-CANOPEN.1.3.0
2026-03-27 18:09:27,586 [WARN] PackLoader:240 - Cannot read IP mode file for STMicroelectronics.X-CUBE-TOUCHGFX.4.22.0
2026-03-27 18:09:27,594 [WARN] PackLoader:240 - Cannot read IP mode file for STMicroelectronics.X-CUBE-GNSS1.7.1.0
2026-03-27 18:09:27,607 [WARN] PackLoader:240 - Cannot read IP mode file for STMicroelectronics.X-CUBE-TOUCHGFX.4.22.1
2026-03-27 18:09:27,618 [WARN] PackLoader:240 - Cannot read IP mode file for STMicroelectronics.X-CUBE-BLEMGR.3.1.0
2026-03-27 18:09:27,627 [WARN] PackLoader:240 - Cannot read IP mode file for STMicroelectronics.X-CUBE-AI.10.0.0
2026-03-27 18:09:27,635 [ERROR] Engine:466 - C:\Users\Xavi\.stm32cubemx\thirdparties\pdsc\STMicroelectronics.FP-SNS-STBOX1.2.1.0.pdsc: PDSC version is not supported
2026-03-27 18:09:27,643 [WARN] PackLoader:240 - Cannot read IP mode file for STMicroelectronics.FP-SNS-SMARTAG2.1.2.0
2026-03-27 18:09:27,649 [ERROR] Engine:466 - C:\Users\Xavi\.stm32cubemx\thirdparties\pdsc\STMicroelectronics.FP-SNS-FLIGHT1.5.1.0.pdsc: PDSC version is not supported
2026-03-27 18:09:27,674 [WARN] PackLoader:240 - Cannot read IP mode file for STMicroelectronics.X-CUBE-MEMS1.11.1.0
2026-03-27 18:09:27,724 [INFO] LogOutputStream:77 - [STDOUT_REDIRECT] 1 : Invalid condition id : UX_CORESTACK_Condition cause : null
2026-03-27 18:09:27,724 [INFO] LogOutputStream:77 - [STDOUT_REDIRECT] 1 : Invalid condition id : UX_CORESTACK_Condition cause : null
2026-03-27 18:09:27,725 [INFO] LogOutputStream:77 - [STDOUT_REDIRECT] 1 : Invalid condition id : UX_CORESTACK_Condition cause : null
2026-03-27 18:09:27,726 [INFO] LogOutputStream:77 - [STDOUT_REDIRECT] 1 : Invalid condition id : UX_CORESTACK_Condition cause : null
2026-03-27 18:09:27,726 [INFO] LogOutputStream:77 - [STDOUT_REDIRECT] 1 : Invalid condition id : UX_CORESTACK_Condition cause : null
2026-03-27 18:09:27,727 [WARN] PackLoader:240 - Cannot read IP mode file for STMicroelectronics.X-CUBE-AZRTOS-WL.2.0.0
2026-03-27 18:09:27,735 [WARN] PackLoader:240 - Cannot read IP mode file for STMicroelectronics.FP-SNS-MOTENV1.5.0.0
2026-03-27 18:09:27,750 [WARN] PackLoader:240 - Cannot read IP mode file for STMicroelectronics.X-CUBE-AZRTOS-H7RS.1.2.0
2026-03-27 18:09:27,758 [WARN] PackLoader:240 - Cannot read IP mode file for wolfSSL.I-CUBE-wolfMQTT.1.19.0
2026-03-27 18:09:27,767 [WARN] PackLoader:240 - Cannot read IP mode file for WES.I-CUBE-Cesium.1.3.0
2026-03-27 18:09:27,774 [WARN] PackLoader:240 - Cannot read IP mode file for STMicroelectronics.X-CUBE-BLE2.3.3.0
2026-03-27 18:09:27,780 [ERROR] Engine:466 - C:\Users\Xavi\.stm32cubemx\thirdparties\pdsc\Avnet-IOTCONNECT.X-CUBE-iotc-st67-sdk.1.0.0.pdsc: PDSC version is not supported
2026-03-27 18:09:27,787 [WARN] PackLoader:240 - Cannot read IP mode file for STMicroelectronics.X-CUBE-NFC9.1.0.0
2026-03-27 18:09:27,794 [WARN] PackLoader:240 - Cannot read IP mode file for STMicroelectronics.X-CUBE-BLE1.7.1.0
2026-03-27 18:09:27,801 [WARN] PackLoader:240 - Cannot read IP mode file for STMicroelectronics.X-CUBE-TCPP.4.1.0
2026-03-27 18:09:27,808 [ERROR] Engine:466 - C:\Users\Xavi\.stm32cubemx\thirdparties\pdsc\STMicroelectronics.X-CUBE-FREERTOS.1.4.0.pdsc: PDSC version is not supported
2026-03-27 18:09:27,815 [WARN] PackLoader:240 - Cannot read IP mode file for STMicroelectronics.X-CUBE-EEPRMA1.5.2.0
2026-03-27 18:09:27,822 [ERROR] Engine:466 - C:\Users\Xavi\.stm32cubemx\thirdparties\pdsc\STMicroelectronics.X-CUBE-ST67W61.1.1.0.pdsc: PDSC version is not supported
2026-03-27 18:09:27,828 [WARN] PackLoader:240 - Cannot read IP mode file for STMicroelectronics.X-CUBE-AI.10.1.0
2026-03-27 18:09:27,852 [WARN] PackLoader:240 - Cannot read IP mode file for STMicroelectronics.X-CUBE-MEMS1.12.0.0
2026-03-27 18:09:27,890 [WARN] PackLoader:240 - Cannot read IP mode file for STMicroelectronics.X-CUBE-ALGOBUILD.1.3.0
2026-03-27 18:09:27,903 [WARN] PackLoader:240 - Cannot read IP mode file for STMicroelectronics.X-CUBE-AZRTOS-G0.1.1.0
2026-03-27 18:09:27,913 [WARN] PackLoader:240 - Cannot read IP mode file for STMicroelectronics.X-CUBE-SAFEA1.1.2.2
2026-03-27 18:09:27,920 [WARN] PackLoader:240 - Cannot read IP mode file for STMicroelectronics.X-CUBE-NFC4.3.0.0
2026-03-27 18:09:27,932 [WARN] PackLoader:240 - Cannot read IP mode file for EmbeddedOffice.I-CUBE-FS-RTOS.1.0.1
2026-03-27 18:09:27,932 [ERROR] ConditionMgr:805 - Attr not supported : Dmpu
2026-03-27 18:09:27,932 [ERROR] ConditionMgr:805 - Attr not supported : Dmpu
2026-03-27 18:09:27,932 [ERROR] ConditionMgr:805 - Attr not supported : Dmpu
2026-03-27 18:09:27,932 [ERROR] ConditionMgr:805 - Attr not supported : Dmpu
2026-03-27 18:09:27,932 [ERROR] ConditionMgr:805 - Attr not supported : Dmpu
2026-03-27 18:09:27,933 [ERROR] ConditionMgr:805 - Attr not supported : Dmpu
2026-03-27 18:09:27,933 [ERROR] ConditionMgr:805 - Attr not supported : Dmpu
2026-03-27 18:09:27,933 [ERROR] ConditionMgr:805 - Attr not supported : Dmpu
2026-03-27 18:09:27,933 [ERROR] ConditionMgr:805 - Attr not supported : Dmpu
2026-03-27 18:09:27,933 [ERROR] ConditionMgr:805 - Attr not supported : Dmpu
2026-03-27 18:09:27,933 [ERROR] ConditionMgr:805 - Attr not supported : Dmpu
2026-03-27 18:09:27,933 [ERROR] ConditionMgr:805 - Attr not supported : Dmpu
2026-03-27 18:09:27,933 [ERROR] ConditionMgr:805 - Attr not supported : Dmpu
2026-03-27 18:09:27,933 [ERROR] ConditionMgr:805 - Attr not supported : Dmpu
2026-03-27 18:09:27,933 [ERROR] ConditionMgr:805 - Attr not supported : Dmpu
2026-03-27 18:09:27,933 [ERROR] ConditionMgr:805 - Attr not supported : Dmpu
2026-03-27 18:09:27,933 [ERROR] ConditionMgr:805 - Attr not supported : Dmpu
2026-03-27 18:09:27,933 [ERROR] ConditionMgr:805 - Attr not supported : Dmpu
2026-03-27 18:09:27,933 [ERROR] ConditionMgr:805 - Attr not supported : Dmpu
2026-03-27 18:09:27,933 [ERROR] ConditionMgr:805 - Attr not supported : Dmpu
2026-03-27 18:09:27,933 [ERROR] ConditionMgr:805 - Attr not supported : Dmpu
2026-03-27 18:09:27,933 [ERROR] ConditionMgr:805 - Attr not supported : Dmpu
2026-03-27 18:09:27,933 [ERROR] ConditionMgr:805 - Attr not supported : Dmpu
2026-03-27 18:09:27,933 [ERROR] ConditionMgr:805 - Attr not supported : Dmpu
2026-03-27 18:09:27,933 [ERROR] ConditionMgr:805 - Attr not supported : Dmpu
2026-03-27 18:09:27,933 [ERROR] ConditionMgr:805 - Attr not supported : Dmpu
2026-03-27 18:09:27,933 [ERROR] ConditionMgr:805 - Attr not supported : Dmpu
2026-03-27 18:09:27,933 [ERROR] ConditionMgr:805 - Attr not supported : Dmpu
2026-03-27 18:09:27,933 [ERROR] ConditionMgr:805 - Attr not supported : Dmpu
2026-03-27 18:09:27,933 [ERROR] ConditionMgr:805 - Attr not supported : Dmpu
2026-03-27 18:09:27,933 [ERROR] ConditionMgr:805 - Attr not supported : Dmpu
2026-03-27 18:09:27,933 [ERROR] ConditionMgr:805 - Attr not supported : Dmpu
2026-03-27 18:09:27,933 [ERROR] ConditionMgr:805 - Attr not supported : Dmpu
2026-03-27 18:09:27,933 [ERROR] ConditionMgr:805 - Attr not supported : Dmpu
2026-03-27 18:09:27,933 [ERROR] ConditionMgr:805 - Attr not supported : Dmpu
2026-03-27 18:09:27,933 [ERROR] ConditionMgr:805 - Attr not supported : Dmpu
2026-03-27 18:09:27,933 [ERROR] ConditionMgr:805 - Attr not supported : Dmpu
2026-03-27 18:09:27,933 [ERROR] ConditionMgr:805 - Attr not supported : Dmpu
2026-03-27 18:09:27,933 [ERROR] ConditionMgr:805 - Attr not supported : Dmpu
2026-03-27 18:09:27,933 [ERROR] ConditionMgr:805 - Attr not supported : Dmpu
2026-03-27 18:09:27,934 [ERROR] ConditionMgr:805 - Attr not supported : Dmpu
2026-03-27 18:09:27,934 [ERROR] ConditionMgr:805 - Attr not supported : Dmpu
2026-03-27 18:09:27,934 [ERROR] ConditionMgr:805 - Attr not supported : Dmpu
2026-03-27 18:09:27,934 [ERROR] ConditionMgr:805 - Attr not supported : Dmpu
2026-03-27 18:09:27,934 [ERROR] ConditionMgr:805 - Attr not supported : Dmpu
2026-03-27 18:09:27,934 [ERROR] ConditionMgr:805 - Attr not supported : Dmpu
2026-03-27 18:09:27,934 [ERROR] ConditionMgr:805 - Attr not supported : Dmpu
2026-03-27 18:09:27,934 [ERROR] ConditionMgr:805 - Attr not supported : Dmpu
2026-03-27 18:09:27,934 [ERROR] ConditionMgr:805 - Attr not supported : Dmpu
2026-03-27 18:09:27,934 [ERROR] ConditionMgr:805 - Attr not supported : Dmpu
2026-03-27 18:09:27,934 [ERROR] ConditionMgr:805 - Attr not supported : Dmpu
2026-03-27 18:09:27,934 [ERROR] ConditionMgr:805 - Attr not supported : Dmpu
2026-03-27 18:09:27,934 [ERROR] ConditionMgr:805 - Attr not supported : Dmpu
2026-03-27 18:09:27,934 [ERROR] ConditionMgr:805 - Attr not supported : Dmpu
2026-03-27 18:09:27,934 [ERROR] ConditionMgr:805 - Attr not supported : Dmpu
2026-03-27 18:09:27,934 [ERROR] ConditionMgr:805 - Attr not supported : Dmpu
2026-03-27 18:09:27,934 [ERROR] ConditionMgr:805 - Attr not supported : Dmpu
2026-03-27 18:09:27,934 [ERROR] ConditionMgr:805 - Attr not supported : Dmpu
2026-03-27 18:09:27,934 [ERROR] ConditionMgr:805 - Attr not supported : Dmpu
2026-03-27 18:09:27,934 [ERROR] ConditionMgr:805 - Attr not supported : Dmpu
2026-03-27 18:09:27,934 [ERROR] ConditionMgr:805 - Attr not supported : Dmpu
2026-03-27 18:09:27,934 [ERROR] ConditionMgr:805 - Attr not supported : Dmpu
2026-03-27 18:09:27,934 [ERROR] ConditionMgr:805 - Attr not supported : Dmpu
2026-03-27 18:09:27,934 [ERROR] ConditionMgr:805 - Attr not supported : Dmpu
2026-03-27 18:09:27,942 [WARN] PackLoader:240 - Cannot read IP mode file for STMicroelectronics.X-CUBE-WB05N.2.0.0
2026-03-27 18:09:27,952 [WARN] PackLoader:240 - Cannot read IP mode file for STMicroelectronics.X-CUBE-BLEMGR.3.0.0
2026-03-27 18:09:27,962 [ERROR] Engine:466 - C:\Users\Xavi\.stm32cubemx\thirdparties\pdsc\STMicroelectronics.X-CUBE-TCPP.4.2.0.pdsc: PDSC version is not supported
2026-03-27 18:09:27,970 [WARN] PackLoader:240 - Cannot read IP mode file for RealThread.X-CUBE-RT-Thread_Nano.4.1.1
2026-03-27 18:09:27,980 [WARN] PackLoader:240 - Cannot read IP mode file for STMicroelectronics.FP-ATR-SIGFOX1.3.2.0
2026-03-27 18:09:27,987 [WARN] ConditionMgr:438 - getConditionDescription Invalid condition id : Cortex-A Device cause : null
2026-03-27 18:09:28,001 [WARN] ConditionMgr:1039 - genDependencies : Invalid condition id : Cortex-A Device cause : null
2026-03-27 18:09:28,001 [WARN] ConditionMgr:1039 - genDependencies : Invalid condition id : Cortex-A Device cause : null
2026-03-27 18:09:28,001 [WARN] ConditionMgr:1039 - genDependencies : Invalid condition id : Cortex-A Device cause : null
2026-03-27 18:09:28,008 [WARN] PackLoader:240 - Cannot read IP mode file for STMicroelectronics.X-CUBE-EEPRMA1.5.1.0
2026-03-27 18:09:28,015 [ERROR] Engine:466 - C:\Users\Xavi\.stm32cubemx\thirdparties\pdsc\STMicroelectronics.X-CUBE-FREERTOS.1.5.0.pdsc: PDSC version is not supported
2026-03-27 18:09:28,024 [WARN] PackLoader:240 - Cannot read IP mode file for STMicroelectronics.X-CUBE-NFC6.3.2.0
2026-03-27 18:09:28,032 [ERROR] Engine:466 - C:\Users\Xavi\.stm32cubemx\thirdparties\pdsc\STMicroelectronics.X-CUBE-ST67W61.1.0.0.pdsc: PDSC version is not supported
2026-03-27 18:09:28,039 [WARN] PackLoader:240 - Cannot read IP mode file for STMicroelectronics.X-CUBE-AI.10.2.0
2026-03-27 18:09:28,058 [WARN] PackLoader:240 - Cannot read IP mode file for SEGGER.I-CUBE-embOS.1.3.1
2026-03-27 18:09:28,082 [WARN] PackLoader:240 - Cannot read IP mode file for STMicroelectronics.X-CUBE-ALGOBUILD.1.4.0
2026-03-27 18:09:28,104 [WARN] PackLoader:240 - Cannot read IP mode file for STMicroelectronics.X-CUBE-MEMS1.11.3.0
2026-03-27 18:09:28,180 [WARN] PackLoader:240 - Cannot read IP mode file for STMicroelectronics.X-CUBE-PM33A1.1.0.0
2026-03-27 18:09:28,187 [WARN] PackLoader:240 - Cannot read IP mode file for STMicroelectronics.X-CUBE-GNSS1.6.0.0
2026-03-27 18:09:28,202 [WARN] PackLoader:240 - Cannot read IP mode file for STMicroelectronics.X-CUBE-AZRTOS-F4.1.1.0
2026-03-27 18:09:28,211 [WARN] PackLoader:240 - Cannot read IP mode file for wolfSSL.I-CUBE-wolfSSL.5.6.3
2026-03-27 18:09:28,218 [ERROR] Engine:466 - C:\Users\Xavi\.stm32cubemx\thirdparties\pdsc\Avnet-IotConnect.X-CUBE-IoTC-DA16k-PMOD.1.0.0.pdsc: PDSC version is not supported
2026-03-27 18:09:28,512 [WARN] PackLoader:240 - Cannot read IP mode file for STMicroelectronics.X-CUBE-ISPU.2.1.0
2026-03-27 18:09:28,523 [ERROR] Engine:466 - C:\Users\Xavi\.stm32cubemx\thirdparties\pdsc\STMicroelectronics.X-CUBE-IPS.3.2.0.pdsc: PDSC version is not supported
2026-03-27 18:09:28,530 [WARN] PackLoader:240 - Cannot read IP mode file for STMicroelectronics.X-CUBE-FREERTOS.1.2.0
2026-03-27 18:09:28,539 [WARN] PackLoader:240 - Cannot read IP mode file for STMicroelectronics.X-CUBE-NFC12.1.0.0
2026-03-27 18:09:28,554 [WARN] PackLoader:240 - Cannot read IP mode file for STMicroelectronics.X-CUBE-AZRTOS-L5.2.0.0
2026-03-27 18:09:28,572 [WARN] PackLoader:240 - Cannot read IP mode file for STMicroelectronics.X-CUBE-MEMS1.9.6.0
2026-03-27 18:09:28,625 [WARN] PackLoader:240 - Cannot read IP mode file for STMicroelectronics.X-CUBE-EEPRMA1.4.2.0
2026-03-27 18:09:28,632 [WARN] PackLoader:240 - Cannot read IP mode file for STMicroelectronics.X-CUBE-NFC6.3.1.0
2026-03-27 18:09:28,639 [WARN] PackLoader:240 - Cannot read IP mode file for ITTIA_DB.I-CUBE-ITTIADB.8.8.0
2026-03-27 18:09:28,646 [WARN] PackLoader:240 - Cannot read IP mode file for STMicroelectronics.X-CUBE-BLEMGR.2.0.0
2026-03-27 18:09:28,653 [WARN] PackLoader:240 - Cannot read IP mode file for STMicroelectronics.X-CUBE-DPower.1.2.0
2026-03-27 18:09:28,660 [WARN] PackLoader:240 - Cannot read IP mode file for STMicroelectronics.X-CUBE-AI.9.0.0
2026-03-27 18:09:28,673 [WARN] ConditionMgr:438 - getConditionDescription Invalid condition id : UX DEVICE CLASS RTOS Condition cause : null
2026-03-27 18:09:28,673 [WARN] ConditionMgr:438 - getConditionDescription Invalid condition id : UX DEVICE CLASS RTOS Condition cause : null
2026-03-27 18:09:28,673 [WARN] PackLoader:240 - Cannot read IP mode file for STMicroelectronics.X-CUBE-AZRTOS-H7.3.1.0
2026-03-27 18:09:28,674 [WARN] ConditionMgr:1039 - genDependencies : Invalid condition id : UX DEVICE CLASS RTOS Condition cause : null
2026-03-27 18:09:28,674 [WARN] ConditionMgr:1039 - genDependencies : Invalid condition id : UX DEVICE CLASS RTOS Condition cause : null
2026-03-27 18:09:28,674 [WARN] ConditionMgr:1039 - genDependencies : Invalid condition id : UX DEVICE CLASS RTOS Condition cause : null
2026-03-27 18:09:28,674 [WARN] ConditionMgr:1039 - genDependencies : Invalid condition id : UX DEVICE CLASS RTOS Condition cause : null
2026-03-27 18:09:28,674 [WARN] ConditionMgr:1039 - genDependencies : Invalid condition id : UX DEVICE CLASS RTOS Condition cause : null
2026-03-27 18:09:28,681 [WARN] PackLoader:240 - Cannot read IP mode file for STMicroelectronics.X-CUBE-FREERTOS.1.3.1
2026-03-27 18:09:28,694 [WARN] PackLoader:240 - Cannot read IP mode file for STMicroelectronics.X-CUBE-FREERTOS.1.3.0
2026-03-27 18:09:28,700 [WARN] PackLoader:240 - Cannot read IP mode file for STMicroelectronics.X-CUBE-NFC7.1.0.1
2026-03-27 18:09:28,707 [WARN] PackLoader:240 - Cannot read IP mode file for wolfSSL.I-CUBE-wolfTPM.3.2.0
2026-03-27 18:09:28,708 [INFO] WebApp:161 - Instantiating new browser for Auth
2026-03-27 18:09:28,713 [WARN] PackLoader:240 - Cannot read IP mode file for STMicroelectronics.X-CUBE-TOUCHGFX.4.26.0
2026-03-27 18:09:28,722 [WARN] PackLoader:240 - Cannot read IP mode file for STMicroelectronics.X-CUBE-NFC6.3.0.0
2026-03-27 18:09:28,729 [WARN] PackLoader:240 - Cannot read IP mode file for STMicroelectronics.X-CUBE-TOUCHGFX.4.26.1
2026-03-27 18:09:28,735 [WARN] PackLoader:240 - Cannot read IP mode file for STMicroelectronics.X-CUBE-EEPRMA1.4.1.0
2026-03-27 18:09:28,741 [ERROR] Engine:466 - C:\Users\Xavi\.stm32cubemx\thirdparties\pdsc\STMicroelectronics.FP-SNS-STAIOTCFT.1.0.0.pdsc: PDSC version is not supported
2026-03-27 18:09:28,747 [WARN] PackLoader:240 - Cannot read IP mode file for STMicroelectronics.X-CUBE-DPower.1.3.0
2026-03-27 18:09:28,753 [WARN] PackLoader:240 - Cannot read IP mode file for STMicroelectronics.X-CUBE-AI.8.1.0
2026-03-27 18:09:28,767 [WARN] ConditionMgr:438 - getConditionDescription Invalid condition id : LAN8742 Phy interface Condition cause : null
2026-03-27 18:09:28,767 [WARN] PackLoader:240 - Cannot read IP mode file for STMicroelectronics.X-CUBE-AZRTOS-L4.2.0.0
2026-03-27 18:09:28,768 [WARN] ConditionMgr:1039 - genDependencies : Invalid condition id : LAN8742 Phy interface Condition cause : null
2026-03-27 18:09:28,768 [WARN] ConditionMgr:1039 - genDependencies : Invalid condition id : LAN8742 Phy interface Condition cause : null
2026-03-27 18:09:28,768 [WARN] ConditionMgr:1039 - genDependencies : Invalid condition id : LAN8742 Phy interface Condition cause : null
2026-03-27 18:09:28,776 [WARN] PackLoader:240 - Cannot read IP mode file for STMicroelectronics.X-CUBE-SFXS2LP1.4.0.0
2026-03-27 18:09:28,782 [ERROR] Engine:466 - C:\Users\Xavi\.stm32cubemx\thirdparties\pdsc\STMicroelectronics.X-CUBE-ST67W61.1.2.0.pdsc: PDSC version is not supported
2026-03-27 18:09:28,788 [WARN] PackLoader:240 - Cannot read IP mode file for STMicroelectronics.X-CUBE-ISPU.1.1.0
2026-03-27 18:09:28,800 [WARN] PackLoader:240 - Cannot read IP mode file for STMicroelectronics.X-CUBE-AZRTOS-H7.3.3.0
2026-03-27 18:09:28,807 [ERROR] Engine:466 - C:\Users\Xavi\.stm32cubemx\thirdparties\pdsc\STMicroelectronics.X-CUBE-BLEMGR.4.1.0.pdsc: PDSC version is not supported
2026-03-27 18:09:28,818 [WARN] ConditionMgr:438 - getConditionDescription Invalid condition id : UX DEVICE CLASS RTOS Condition cause : null
2026-03-27 18:09:28,818 [WARN] ConditionMgr:438 - getConditionDescription Invalid condition id : UX DEVICE CLASS RTOS Condition cause : null
2026-03-27 18:09:28,820 [WARN] PackLoader:240 - Cannot read IP mode file for STMicroelectronics.X-CUBE-AZRTOS-WB.2.0.0
2026-03-27 18:09:28,821 [WARN] ConditionMgr:1039 - genDependencies : Invalid condition id : UX DEVICE CLASS RTOS Condition cause : null
2026-03-27 18:09:28,821 [WARN] ConditionMgr:1039 - genDependencies : Invalid condition id : UX DEVICE CLASS RTOS Condition cause : null
2026-03-27 18:09:28,821 [WARN] ConditionMgr:1039 - genDependencies : Invalid condition id : UX DEVICE CLASS RTOS Condition cause : null
2026-03-27 18:09:28,821 [WARN] ConditionMgr:1039 - genDependencies : Invalid condition id : UX DEVICE CLASS RTOS Condition cause : null
2026-03-27 18:09:28,821 [WARN] ConditionMgr:1039 - genDependencies : Invalid condition id : UX DEVICE CLASS RTOS Condition cause : null
2026-03-27 18:09:28,828 [WARN] PackLoader:240 - Cannot read IP mode file for STMicroelectronics.X-CUBE-FREERTOS.1.0.1
2026-03-27 18:09:28,837 [WARN] PackLoader:240 - Cannot read IP mode file for STMicroelectronics.X-CUBE-GNSS1.7.0.0
2026-03-27 18:09:28,843 [WARN] PackLoader:240 - Cannot read IP mode file for STMicroelectronics.X-CUBE-GNSS1.7.0.1
2026-03-27 18:09:28,854 [WARN] PackLoader:240 - Cannot read IP mode file for STMicroelectronics.X-CUBE-TOUCHGFX.4.25.0
2026-03-27 18:09:28,861 [WARN] PackLoader:240 - Cannot read IP mode file for STMicroelectronics.FP-SNS-STBOX1.2.0.0
2026-03-27 18:09:28,869 [WARN] PackLoader:240 - Cannot read IP mode file for STMicroelectronics.X-CUBE-STSE01.2.0.0
2026-03-27 18:09:28,881 [WARN] PackLoader:240 - Cannot read IP mode file for STMicroelectronics.X-CUBE-AZRTOS-L5.1.1.0
2026-03-27 18:09:28,888 [WARN] PackLoader:240 - Cannot read IP mode file for STMicroelectronics.X-CUBE-AI.8.0.1
2026-03-27 18:09:28,896 [WARN] PackLoader:240 - Cannot read IP mode file for STMicroelectronics.X-CUBE-SUBG2.5.0.0
2026-03-27 18:09:28,912 [WARN] PackLoader:240 - Cannot read IP mode file for STMicroelectronics.X-CUBE-AZRTOS-H7RS.1.1.0
2026-03-27 18:09:28,920 [WARN] PackLoader:240 - Cannot read IP mode file for Cesanta.I-CUBE-Mongoose.7.13.0
2026-03-27 18:09:28,928 [WARN] PackLoader:240 - Cannot read IP mode file for STMicroelectronics.X-CUBE-TOF1.3.3.1
2026-03-27 18:09:28,941 [WARN] PackLoader:240 - Cannot read IP mode file for STMicroelectronics.X-CUBE-AZRTOS-G4.2.0.0
2026-03-27 18:09:28,952 [WARN] PackLoader:240 - Cannot read IP mode file for Infineon.AIROC-Wi-Fi-Bluetooth-STM32.1.5.1
2026-03-27 18:09:28,959 [WARN] PackLoader:240 - Cannot read IP mode file for STMicroelectronics.FP-SNS-MOTENVWB1.1.3.0
2026-03-27 18:09:28,965 [WARN] PackLoader:240 - Cannot read IP mode file for STMicroelectronics.X-CUBE-NFC7.2.0.0
2026-03-27 18:09:28,971 [WARN] PackLoader:240 - Cannot read IP mode file for STMicroelectronics.FP-SNS-MOTENVWB1.1.3.1
2026-03-27 18:09:28,978 [WARN] PackLoader:240 - Cannot read IP mode file for STMicroelectronics.X-CUBE-ISPU.2.0.0
2026-03-27 18:09:28,986 [ERROR] Engine:466 - C:\Users\Xavi\.stm32cubemx\thirdparties\pdsc\STMicroelectronics.X-CUBE-IPS.3.1.0.pdsc: PDSC version is not supported
2026-03-27 18:09:28,993 [WARN] PackLoader:240 - Cannot read IP mode file for STMicroelectronics.X-CUBE-ALS.1.0.2
2026-03-27 18:09:29,011 [WARN] PackLoader:240 - Cannot read IP mode file for STMicroelectronics.X-CUBE-MEMS1.10.0.0
2026-03-27 18:09:29,058 [WARN] PackLoader:240 - Cannot read IP mode file for STMicroelectronics.X-CUBE-FREERTOS.1.1.0
2026-03-27 18:09:29,064 [WARN] PackLoader:240 - Cannot read IP mode file for STMicroelectronics.X-CUBE-TOUCHGFX.4.24.0
2026-03-27 18:09:29,071 [WARN] PackLoader:240 - Cannot read IP mode file for STMicroelectronics.X-CUBE-TOUCHGFX.4.24.2
2026-03-27 18:09:29,077 [WARN] PackLoader:240 - Cannot read IP mode file for STMicroelectronics.X-CUBE-TOUCHGFX.4.24.1
2026-03-27 18:09:29,083 [WARN] PackLoader:240 - Cannot read IP mode file for STMicroelectronics.X-CUBE-STSE01.1.0.0
2026-03-27 18:09:29,091 [WARN] PackLoader:240 - Cannot read IP mode file for portGmbH.I-Cube-SoM-uGOAL.1.1.0
2026-03-27 18:09:29,097 [WARN] PackLoader:240 - Cannot read IP mode file for STMicroelectronics.X-CUBE-ALS.1.0.1
2026-03-27 18:09:29,107 [WARN] PackLoader:240 - Cannot read IP mode file for STMicroelectronics.X-CUBE-AZRTOS-WB.1.1.0
2026-03-27 18:09:29,116 [INFO] WebApp:780 - Register for checkConnection events
2026-03-27 18:09:29,117 [INFO] WebApp:414 - Apply proxy settings
2026-03-27 18:09:29,117 [INFO] WebApp:499 - Chromium requires no authentication
2026-03-27 18:09:29,121 [WARN] PackLoader:240 - Cannot read IP mode file for STMicroelectronics.X-CUBE-AZRTOS-H7RS.1.0.0
2026-03-27 18:09:29,122 [INFO] WebApp:442 - Direct internet connection detected
2026-03-27 18:09:29,128 [WARN] PackLoader:240 - Cannot read IP mode file for STMicroelectronics.FP-ATR-ASTRA1.2.0.0
2026-03-27 18:09:29,136 [WARN] PackLoader:240 - Cannot read IP mode file for STMicroelectronics.X-CUBE-TOF1.3.4.2
2026-03-27 18:09:29,147 [ERROR] Engine:466 - C:\Users\Xavi\.stm32cubemx\thirdparties\pdsc\STMicroelectronics.X-CUBE-TOF1.3.4.3.pdsc: PDSC version is not supported
2026-03-27 18:09:29,156 [WARN] PackLoader:240 - Cannot read IP mode file for STMicroelectronics.X-CUBE-TOF1.3.4.0
2026-03-27 18:09:29,167 [WARN] PackLoader:240 - Cannot read IP mode file for STMicroelectronics.X-CUBE-TOF1.3.4.1
2026-03-27 18:09:29,184 [WARN] PackLoader:240 - Cannot read IP mode file for STMicroelectronics.X-CUBE-AZRTOS-H7.3.2.0
2026-03-27 18:09:29,191 [WARN] PackLoader:240 - Cannot read IP mode file for wolfSSL.I-CUBE-wolfSSH.1.4.17
2026-03-27 18:09:29,191 [INFO] ThirdParty:978 - Integrity check success = true
2026-03-27 18:09:29,191 [INFO] IntegrityCheckThread:100 - exiting critical section [integrity check]
2026-03-27 18:09:29,191 [INFO] IntegrityCheckThread:103 - End integrity checks thread
2026-03-27 18:09:29,231 [INFO] WebApp:192 - Starting web application
2026-03-27 18:09:29,231 [INFO] WebApp:544 - Web application path used C:\ST\STM32CubeIDE_1.13.0\STM32CubeIDE\plugins\com.st.stm32cube.common.mx_6.10.0.202311202037\db\plugins\mcufinder\reactClient1\index.html
2026-03-27 18:09:49,834 [ERROR] LogOutputStream:75 - [STDERR_REDIRECT] SLF4J: Failed to load class "org.slf4j.impl.StaticLoggerBinder".
2026-03-27 18:09:49,835 [ERROR] LogOutputStream:75 - [STDERR_REDIRECT] SLF4J: Defaulting to no-operation (NOP) logger implementation
2026-03-27 18:09:49,835 [ERROR] LogOutputStream:75 - [STDERR_REDIRECT] SLF4J: See http://www.slf4j.org/codes.html#StaticLoggerBinder for further details.
